Error	11/14/2021 3:40:33 PM	Application Error	1000	(100)	"Faulting application name: FOXITREADER.EXE, version: 10.1.0.37527, time stamp: 0x5f6cc9cd
Faulting module name: vrfcore.dll, version: 6.3.9600.17298, time stamp: 0x544af0e0
Exception code: 0x80000003
Fault offset: 0x000035d1
Faulting process id: 0x8cc
Faulting application start time: 0x01d6ae55afa760d8
Faulting application path: C:\PROGRAM FILES (X86)\FOXIT SOFTWARE\FOXIT READER\FOXITREADER.EXE
Faulting module path: C:\Windows\SYSTEM32\vrfcore.dll
Report Id: f2f19441-1a48-11eb-8278-080027972bba
Faulting package full name: 
Faulting package-relative application ID: "
Error	11/14/2021 3:41:19 PM	Application Error	1000	(100)	"Faulting application name: FOXITREADER.EXE, version: 10.1.0.37527, time stamp: 0x5f6cc9cd
Faulting module name: vrfcore.dll, version: 6.3.9600.17298, time stamp: 0x544af0e0
Exception code: 0x80000003
Fault offset: 0x000035d1
Faulting process id: 0x474
Faulting application start time: 0x01d6ae559c4d24a0
Faulting application path: C:\PROGRAM FILES (X86)\FOXIT SOFTWARE\FOXIT READER\FOXITREADER.EXE
Faulting module path: C:\Windows\SYSTEM32\vrfcore.dll
Report Id: da88b4aa-1a48-11eb-8278-080027972bba
Faulting package full name: 
Faulting package-relative application ID: "
Error	11/14/2021 3:45:24 PM	Application Error	1000	(100)	"Faulting application name: FOXITREADER.EXE, version: 10.1.0.37527, time stamp: 0x5f6cc9cd
Faulting module name: vrfcore.dll, version: 6.3.9600.17298, time stamp: 0x544af0e0
Exception code: 0x80000003
Fault offset: 0x000035d1
Faulting process id: 0x9ec
Faulting application start time: 0x01d6ae55939312ed
Faulting application path: C:\PROGRAM FILES (X86)\FOXIT SOFTWARE\FOXIT READER\FOXITREADER.EXE
Faulting module path: C:\Windows\SYSTEM32\vrfcore.dll
Report Id: d1c2d242-1a48-11eb-8278-080027972bba
Faulting package full name: 
Faulting package-relative application ID: "
Error	11/14/2021 3:45:31 PM	Application Error	1000	(100)	"Faulting application name: FOXITREADER.EXE, version: 10.1.0.37527, time stamp: 0x5f6cc9cd
Faulting module name: vrfcore.dll, version: 6.3.9600.17298, time stamp: 0x544af0e0
Exception code: 0x80000003
Fault offset: 0x000035d1
Faulting process id: 0x9f8
Faulting application start time: 0x01d6ae55924a36ef
Faulting application path: C:\PROGRAM FILES (X86)\FOXIT SOFTWARE\FOXIT READER\FOXITREADER.EXE
Faulting module path: C:\Windows\SYSTEM32\vrfcore.dll
Report Id: d080e56a-1a48-11eb-8278-080027972bba
Faulting package full name: 
Faulting package-relative application ID: "
Error	11/14/2021 3:47:27 PM	Application Error	1000	(100)	"Faulting application name: FOXITREADER.EXE, version: 10.1.0.37527, time stamp: 0x5f6cc9cd
Faulting module name: vrfcore.dll, version: 6.3.9600.17298, time stamp: 0x544af0e0
Exception code: 0x80000003
Fault offset: 0x000035d1
Faulting process id: 0x5dc
Faulting application start time: 0x01d6ae5591010e98
Faulting application path: C:\PROGRAM FILES (X86)\FOXIT SOFTWARE\FOXIT READER\FOXITREADER.EXE
Faulting module path: C:\Windows\SYSTEM32\vrfcore.dll
Report Id: cf332d1a-1a48-11eb-8278-080027972bba
Faulting package full name: 
Faulting package-relative application ID: "
Error	11/14/2021 3:48:45 PM	Application Error	1000	(100)	"Faulting application name: FOXITREADER.EXE, version: 10.1.0.37527, time stamp: 0x5f6cc9cd
Faulting module name: vrfcore.dll, version: 6.3.9600.17298, time stamp: 0x544af0e0
Exception code: 0x80000003
Fault offset: 0x000035d1
Faulting process id: 0x1d0
Faulting application start time: 0x01d6ae558fc19347
Faulting application path: C:\PROGRAM FILES (X86)\FOXIT SOFTWARE\FOXIT READER\FOXITREADER.EXE
Faulting module path: C:\Windows\SYSTEM32\vrfcore.dll
Report Id: cdf86d9c-1a48-11eb-8278-080027972bba
Faulting package full name: 
Faulting package-relative application ID: "
Error	11/14/2021 3:49:26 PM	Application Error	1000	(100)	"Faulting application name: FOXITREADER.EXE, version: 10.1.0.37527, time stamp: 0x5f6cc9cd
Faulting module name: vrfcore.dll, version: 6.3.9600.17298, time stamp: 0x544af0e0
Exception code: 0x80000003
Fault offset: 0x000035d1
Faulting process id: 0x2c4
Faulting application start time: 0x01d6ae558e8477f9
Faulting application path: C:\PROGRAM FILES (X86)\FOXIT SOFTWARE\FOXIT READER\FOXITREADER.EXE
Faulting module path: C:\Windows\SYSTEM32\vrfcore.dll
Report Id: ccb8ea24-1a48-11eb-8278-080027972bba
Faulting package full name: 
Faulting package-relative application ID: "
Error	11/14/2021 3:49:42 PM	Application Error	1000	(100)	"Faulting application name: FOXITREADER.EXE, version: 10.1.0.37527, time stamp: 0x5f6cc9cd
Faulting module name: vrfcore.dll, version: 6.3.9600.17298, time stamp: 0x544af0e0
Exception code: 0x80000003
Fault offset: 0x000035d1
Faulting process id: 0x638
Faulting application start time: 0x01d6ae558b683f71
Faulting application path: C:\PROGRAM FILES (X86)\FOXIT SOFTWARE\FOXIT READER\FOXITREADER.EXE
Faulting module path: C:\Windows\SYSTEM32\vrfcore.dll
Report Id: c99f0677-1a48-11eb-8278-080027972bba
Faulting package full name: 
Faulting package-relative application ID: "
Error	11/14/2021 3:50:05 PM	Application Error	1000	(100)	"Faulting application name: FOXITREADER.EXE, version: 10.1.0.37527, time stamp: 0x5f6cc9cd
Faulting module name: vrfcore.dll, version: 6.3.9600.17298, time stamp: 0x544af0e0
Exception code: 0x80000003
Fault offset: 0x000035d1
Faulting process id: 0xa7c
Faulting application start time: 0x01d6ae558a1f39f5
Faulting application path: C:\PROGRAM FILES (X86)\FOXIT SOFTWARE\FOXIT READER\FOXITREADER.EXE
Faulting module path: C:\Windows\SYSTEM32\vrfcore.dll
Report Id: c8513abd-1a48-11eb-8278-080027972bba
Faulting package full name: 
Faulting package-relative application ID: "
Error	11/14/2021 3:50:19 PM	Application Error	1000	(100)	"Faulting application name: FOXITREADER.EXE, version: 10.1.0.37527, time stamp: 0x5f6cc9cd
Faulting module name: vrfcore.dll, version: 6.3.9600.17298, time stamp: 0x544af0e0
Exception code: 0x80000003
Fault offset: 0x000035d1
Faulting process id: 0x9a4
Faulting application start time: 0x01d6ae5586f22a37
Faulting application path: C:\PROGRAM FILES (X86)\FOXIT SOFTWARE\FOXIT READER\FOXITREADER.EXE
Faulting module path: C:\Windows\SYSTEM32\vrfcore.dll
Report Id: c5290905-1a48-11eb-8278-080027972bba
Faulting package full name: 
Faulting package-relative application ID: "
Error	11/14/2021 3:51:54 PM	Application Error	1000	(100)	"Faulting application name: FOXITREADER.EXE, version: 10.1.0.37527, time stamp: 0x5f6cc9cd
Faulting module name: vrfcore.dll, version: 6.3.9600.17298, time stamp: 0x544af0e0
Exception code: 0x80000003
Fault offset: 0x000035d1
Faulting process id: 0x8c
Faulting application start time: 0x01d6ae5585ae0a90
Faulting application path: C:\PROGRAM FILES (X86)\FOXIT SOFTWARE\FOXIT READER\FOXITREADER.EXE
Faulting module path: C:\Windows\SYSTEM32\vrfcore.dll
Report Id: c3e4b90f-1a48-11eb-8278-080027972bba
Faulting package full name: 
Faulting package-relative application ID: "
