Level	Date and Time	Source	Event ID	Task Category
Error	11/14/2021 11:42:53 AM	Application Error	1000	(100)	"Faulting application name: FoxitReader.exe, version: 10.1.0.37527, time stamp: 0x5f6cc9cd
Faulting module name: vrfcore.dll, version: 6.3.9600.17298, time stamp: 0x544af0e0
Exception code: 0x80000003
Fault offset: 0x000035d1
Faulting process id: 0xbf4
Faulting application start time: 0x01d6b6a9fc3a4737
Faulting application path: C:\Program Files (x86)\Foxit Software\Foxit Reader\FoxitReader.exe
Faulting module path: C:\Windows\SYSTEM32\vrfcore.dll
Report Id: 4dd00d55-229d-11eb-827b-080027972bba
Faulting package full name: 
Faulting package-relative application ID: "
Error	11/14/2021 11:42:56 AM	Application Error	1000	(100)	"Faulting application name: FoxitReader.exe, version: 10.1.0.37527, time stamp: 0x5f6cc9cd
Faulting module name: vrfcore.dll, version: 6.3.9600.17298, time stamp: 0x544af0e0
Exception code: 0x80000003
Fault offset: 0x000035d1
Faulting process id: 0xbc4
Faulting application start time: 0x01d6b1e97e761462
Faulting application path: C:\Program Files (x86)\Foxit Software\Foxit Reader\FoxitReader.exe
Faulting module path: C:\Windows\SYSTEM32\vrfcore.dll
Report Id: bfb64a24-1ddc-11eb-827b-080027972bba
Faulting package full name: 
Faulting package-relative application ID: "
Error	11/14/2021 11:43:32 AM	Application Error	1000	(100)	"Faulting application name: FoxitReader.exe, version: 10.1.0.37527, time stamp: 0x5f6cc9cd
Faulting module name: vrfcore.dll, version: 6.3.9600.17298, time stamp: 0x544af0e0
Exception code: 0x80000003
Fault offset: 0x000035d1
Faulting process id: 0xbfc
Faulting application start time: 0x01d6b1e94936a330
Faulting application path: C:\Program Files (x86)\Foxit Software\Foxit Reader\FoxitReader.exe
Faulting module path: C:\Windows\SYSTEM32\vrfcore.dll
Report Id: 8c9d6394-1ddc-11eb-827b-080027972bba
Faulting package full name: 
Faulting package-relative application ID: "
Error	11/14/2021 11:43:37 AM	Application Error	1000	(100)	"Faulting application name: FoxitReader.exe, version: 10.1.0.37527, time stamp: 0x5f6cc9cd
Faulting module name: vrfcore.dll, version: 6.3.9600.17298, time stamp: 0x544af0e0
Exception code: 0x80000003
Fault offset: 0x000035d1
Faulting process id: 0xa40
Faulting application start time: 0x01d6b1e9379a4715
Faulting application path: C:\Program Files (x86)\Foxit Software\Foxit Reader\FoxitReader.exe
Faulting module path: C:\Windows\SYSTEM32\vrfcore.dll
Report Id: 81a4fe3a-1ddc-11eb-827b-080027972bba
Faulting package full name: 
Faulting package-relative application ID: "
Error	11/14/2021 11:43:44 AM	Application Error	1000	(100)	"Faulting application name: FoxitReader.exe, version: 10.1.0.37527, time stamp: 0x5f6cc9cd
Faulting module name: unknown, version: 0.0.0.0, time stamp: 0x00000000
Exception code: 0xc0000005
Fault offset: 0x9603f3c0
Faulting process id: 0xad0
Faulting application start time: 0x01d6b1bc32836326
Faulting application path: C:\Program Files (x86)\Foxit Software\Foxit Reader\FoxitReader.exe
Faulting module path: unknown
Report Id: 706457c7-1daf-11eb-827b-080027972bba
Faulting package full name: 
Faulting package-relative application ID: "
Error	11/14/2021 11:43:47 AM	Application Error	1000	(100)	"Faulting application name: FoxitReader.exe, version: 10.1.0.37527, time stamp: 0x5f6cc9cd
Faulting module name: unknown, version: 0.0.0.0, time stamp: 0x00000000
Exception code: 0xc0000005
Fault offset: 0x9603f3c0
Faulting process id: 0xaa4
Faulting application start time: 0x01d6b188b8a5be72
Faulting application path: C:\Program Files (x86)\Foxit Software\Foxit Reader\FoxitReader.exe
Faulting module path: unknown
Report Id: f6893acf-1d7b-11eb-827b-080027972bba
Faulting package full name: 
Faulting package-relative application ID: "
Error	11/14/2021 11:43:51 AM	Application Error	1000	(100)	"Faulting application name: FoxitReader.exe, version: 10.1.0.37527, time stamp: 0x5f6cc9cd
Faulting module name: FoxitReader.exe, version: 10.1.0.37527, time stamp: 0x5f6cc9cd
Exception code: 0xc0000005
Fault offset: 0x004e17fd
Faulting process id: 0xbe8
Faulting application start time: 0x01d6b188b52ee955
Faulting application path: C:\Program Files (x86)\Foxit Software\Foxit Reader\FoxitReader.exe
Faulting module path: C:\Program Files (x86)\Foxit Software\Foxit Reader\FoxitReader.exe
Report Id: f3f98ecb-1d7b-11eb-827b-080027972bba
Faulting package full name: 
Faulting package-relative application ID: "
Error	11/14/2021 11:43:58 AM	Application Error	1000	(100)	"Faulting application name: FoxitReader.exe, version: 10.1.0.37527, time stamp: 0x5f6cc9cd
Faulting module name: unknown, version: 0.0.0.0, time stamp: 0x00000000
Exception code: 0xc0000005
Fault offset: 0x9603f3c0
Faulting process id: 0x804
Faulting application start time: 0x01d6b181960ba5c6
Faulting application path: C:\Program Files (x86)\Foxit Software\Foxit Reader\FoxitReader.exe
Faulting module path: unknown
Report Id: d40489ee-1d74-11eb-827b-080027972bba
Faulting package full name: 
Faulting package-relative application ID: "
Error	11/14/2021 11:44:15 AM	Application Error	1000	(100)	"Faulting application name: FoxitReader.exe, version: 10.1.0.37527, time stamp: 0x5f6cc9cd
Faulting module name: vrfcore.dll, version: 6.3.9600.17298, time stamp: 0x544af0e0
Exception code: 0x80000003
Fault offset: 0x000035d1
Faulting process id: 0x8b4
Faulting application start time: 0x01d6b18169744a4a
Faulting application path: C:\Program Files (x86)\Foxit Software\Foxit Reader\FoxitReader.exe
Faulting module path: C:\Windows\SYSTEM32\vrfcore.dll
Report Id: c7d86fba-1d74-11eb-827b-080027972bba
Faulting package full name: 
Faulting package-relative application ID: "
Error	11/14/2021 11:44:27 AM	Application Error	1000	(100)	"Faulting application name: FOXITREADER.EXE, version: 10.1.0.37527, time stamp: 0x5f6cc9cd
Faulting module name: vrfcore.dll, version: 6.3.9600.17298, time stamp: 0x544af0e0
Exception code: 0x80000003
Fault offset: 0x000035d1
Faulting process id: 0x38
Faulting application start time: 0x01d6b0b502698463
Faulting application path: C:\PROGRAM FILES (X86)\FOXIT SOFTWARE\FOXIT READER\FOXITREADER.EXE
Faulting module path: C:\Windows\SYSTEM32\vrfcore.dll
Report Id: 40cb4a72-1ca8-11eb-827a-080027972bba
Faulting package full name: 
Faulting package-relative application ID: "
Error	11/14/2021 11:45:39 AM	Application Error	1000	(100)	"Faulting application name: FOXITREADER.EXE, version: 10.1.0.37527, time stamp: 0x5f6cc9cd
Faulting module name: vrfcore.dll, version: 6.3.9600.17298, time stamp: 0x544af0e0
Exception code: 0x80000003
Fault offset: 0x000035d1
Faulting process id: 0xb80
Faulting application start time: 0x01d6b0b44773bc21
Faulting application path: C:\PROGRAM FILES (X86)\FOXIT SOFTWARE\FOXIT READER\FOXITREADER.EXE
Faulting module path: C:\Windows\SYSTEM32\vrfcore.dll
Report Id: 85df0fe0-1ca7-11eb-827a-080027972bba
Faulting package full name: 
Faulting package-relative application ID: "
Error	11/14/2021 11:46:24 AM	Application Error	1000	(100)	"Faulting application name: FOXITREADER.EXE, version: 10.1.0.37527, time stamp: 0x5f6cc9cd
Faulting module name: vrfcore.dll, version: 6.3.9600.17298, time stamp: 0x544af0e0
Exception code: 0x80000003
Fault offset: 0x000035d1
Faulting process id: 0x6d8
Faulting application start time: 0x01d6b0b3d45c4e9d
Faulting application path: C:\PROGRAM FILES (X86)\FOXIT SOFTWARE\FOXIT READER\FOXITREADER.EXE
Faulting module path: C:\Windows\SYSTEM32\vrfcore.dll
Report Id: 12be0b36-1ca7-11eb-827a-080027972bba
Faulting package full name: 
Faulting package-relative application ID: "
Error	11/14/2021 11:48:24 AM	Application Error	1000	(100)	"Faulting application name: FOXITREADER.EXE, version: 10.1.0.37527, time stamp: 0x5f6cc9cd
Faulting module name: vrfcore.dll, version: 6.3.9600.17298, time stamp: 0x544af0e0
Exception code: 0x80000003
Fault offset: 0x000035d1
Faulting process id: 0x950
Faulting application start time: 0x01d6b0b3cb91a4d3
Faulting application path: C:\PROGRAM FILES (X86)\FOXIT SOFTWARE\FOXIT READER\FOXITREADER.EXE
Faulting module path: C:\Windows\SYSTEM32\vrfcore.dll
Report Id: 09ee97ae-1ca7-11eb-827a-080027972bba
Faulting package full name: 
Faulting package-relative application ID: "
Error	11/14/2021 11:48:26 AM	Application Error	1000	(100)	"Faulting application name: FOXITREADER.EXE, version: 10.1.0.37527, time stamp: 0x5f6cc9cd
Faulting module name: vrfcore.dll, version: 6.3.9600.17298, time stamp: 0x544af0e0
Exception code: 0x80000003
Fault offset: 0x000035d1
Faulting process id: 0x13c
Faulting application start time: 0x01d6b0b3c7f702f5
Faulting application path: C:\PROGRAM FILES (X86)\FOXIT SOFTWARE\FOXIT READER\FOXITREADER.EXE
Faulting module path: C:\Windows\SYSTEM32\vrfcore.dll
Report Id: 0658c461-1ca7-11eb-827a-080027972bba
Faulting package full name: 
Faulting package-relative application ID: "
Error	11/14/2021 11:48:30 AM	Application Error	1000	(100)	"Faulting application name: FOXITREADER.EXE, version: 10.1.0.37527, time stamp: 0x5f6cc9cd
Faulting module name: vrfcore.dll, version: 6.3.9600.17298, time stamp: 0x544af0e0
Exception code: 0x80000003
Fault offset: 0x000035d1
Faulting process id: 0xaa8
Faulting application start time: 0x01d6b0b35c2a606e
Faulting application path: C:\PROGRAM FILES (X86)\FOXIT SOFTWARE\FOXIT READER\FOXITREADER.EXE
Faulting module path: C:\Windows\SYSTEM32\vrfcore.dll
Report Id: 9a8c264d-1ca6-11eb-827a-080027972bba
Faulting package full name: 
Faulting package-relative application ID: "
Error	11/14/2021 11:49:55 AM	Application Error	1000	(100)	"Faulting application name: FOXITREADER.EXE, version: 10.1.0.37527, time stamp: 0x5f6cc9cd
Faulting module name: vrfcore.dll, version: 6.3.9600.17298, time stamp: 0x544af0e0
Exception code: 0x80000003
Fault offset: 0x000035d1
Faulting process id: 0x9c0
Faulting application start time: 0x01d6b0b32c744c57
Faulting application path: C:\PROGRAM FILES (X86)\FOXIT SOFTWARE\FOXIT READER\FOXITREADER.EXE
Faulting module path: C:\Windows\SYSTEM32\vrfcore.dll
Report Id: 6ad62338-1ca6-11eb-827a-080027972bba
Faulting package full name: 
Faulting package-relative application ID: "
Error	11/14/2021 11:50:11 AM	Application Error	1000	(100)	"Faulting application name: FOXITREADER.EXE, version: 10.1.0.37527, time stamp: 0x5f6cc9cd
Faulting module name: vrfcore.dll, version: 6.3.9600.17298, time stamp: 0x544af0e0
Exception code: 0x80000003
Fault offset: 0x000035d1
Faulting process id: 0xafc
Faulting application start time: 0x01d6b0b31e1a4163
Faulting application path: C:\PROGRAM FILES (X86)\FOXIT SOFTWARE\FOXIT READER\FOXITREADER.EXE
Faulting module path: C:\Windows\SYSTEM32\vrfcore.dll
Report Id: 5c7c12c0-1ca6-11eb-827a-080027972bba
Faulting package full name: 
Faulting package-relative application ID: "
Error	11/14/2021 11:50:26 AM	Application Error	1000	(100)	"Faulting application name: FOXITREADER.EXE, version: 10.1.0.37527, time stamp: 0x5f6cc9cd
Faulting module name: vrfcore.dll, version: 6.3.9600.17298, time stamp: 0x544af0e0
Exception code: 0x80000003
Fault offset: 0x000035d1
Faulting process id: 0x85c
Faulting application start time: 0x01d6b0b27f067db7
Faulting application path: C:\PROGRAM FILES (X86)\FOXIT SOFTWARE\FOXIT READER\FOXITREADER.EXE
Faulting module path: C:\Windows\SYSTEM32\vrfcore.dll
Report Id: bd65d377-1ca5-11eb-827a-080027972bba
Faulting package full name: 
Faulting package-relative application ID: "
Error	11/14/2021 11:50:29 AM	Application Error	1000	(100)	"Faulting application name: FOXITREADER.EXE, version: 10.1.0.37527, time stamp: 0x5f6cc9cd
Faulting module name: vrfcore.dll, version: 6.3.9600.17298, time stamp: 0x544af0e0
Exception code: 0x80000003
Fault offset: 0x000035d1
Faulting process id: 0x860
Faulting application start time: 0x01d6b0b27aed81be
Faulting application path: C:\PROGRAM FILES (X86)\FOXIT SOFTWARE\FOXIT READER\FOXITREADER.EXE
Faulting module path: C:\Windows\SYSTEM32\vrfcore.dll
Report Id: b94cd3ba-1ca5-11eb-827a-080027972bba
Faulting package full name: 
Faulting package-relative application ID: "
Error	11/14/2021 11:50:52 AM	Application Error	1000	(100)	"Faulting application name: FOXITREADER.EXE, version: 10.1.0.37527, time stamp: 0x5f6cc9cd
Faulting module name: vrfcore.dll, version: 6.3.9600.17298, time stamp: 0x544af0e0
Exception code: 0x80000003
Fault offset: 0x000035d1
Faulting process id: 0xb94
Faulting application start time: 0x01d6b0b26de139e5
Faulting application path: C:\PROGRAM FILES (X86)\FOXIT SOFTWARE\FOXIT READER\FOXITREADER.EXE
Faulting module path: C:\Windows\SYSTEM32\vrfcore.dll
Report Id: ac409a4d-1ca5-11eb-827a-080027972bba
Faulting package full name: 
Faulting package-relative application ID: "
Error	11/14/2021 11:52:37 AM	Application Error	1000	(100)	"Faulting application name: FOXITREADER.EXE, version: 10.1.0.37527, time stamp: 0x5f6cc9cd
Faulting module name: vrfcore.dll, version: 6.3.9600.17298, time stamp: 0x544af0e0
Exception code: 0x80000003
Fault offset: 0x000035d1
Faulting process id: 0x5c4
Faulting application start time: 0x01d6b0b1a9964f08
Faulting application path: C:\PROGRAM FILES (X86)\FOXIT SOFTWARE\FOXIT READER\FOXITREADER.EXE
Faulting module path: C:\Windows\SYSTEM32\vrfcore.dll
Report Id: e8f4ca7b-1ca4-11eb-827a-080027972bba
Faulting package full name: 
Faulting package-relative application ID: "
Error	11/14/2021 11:54:08 AM	Application Error	1000	(100)	"Faulting application name: FOXITREADER.EXE, version: 10.1.0.37527, time stamp: 0x5f6cc9cd
Faulting module name: vrfcore.dll, version: 6.3.9600.17298, time stamp: 0x544af0e0
Exception code: 0x80000003
Fault offset: 0x000035d1
Faulting process id: 0x6bc
Faulting application start time: 0x01d6b0b1a57b05ed
Faulting application path: C:\PROGRAM FILES (X86)\FOXIT SOFTWARE\FOXIT READER\FOXITREADER.EXE
Faulting module path: C:\Windows\SYSTEM32\vrfcore.dll
Report Id: e3d0b8d3-1ca4-11eb-827a-080027972bba
Faulting package full name: 
Faulting package-relative application ID: "
Error	11/14/2021 11:54:28 AM	Application Error	1000	(100)	"Faulting application name: FOXITREADER.EXE, version: 10.1.0.37527, time stamp: 0x5f6cc9cd
Faulting module name: vrfcore.dll, version: 6.3.9600.17298, time stamp: 0x544af0e0
Exception code: 0x80000003
Fault offset: 0x000035d1
Faulting process id: 0x4cc
Faulting application start time: 0x01d6b0b1a43b7ee7
Faulting application path: C:\PROGRAM FILES (X86)\FOXIT SOFTWARE\FOXIT READER\FOXITREADER.EXE
Faulting module path: C:\Windows\SYSTEM32\vrfcore.dll
Report Id: e293b561-1ca4-11eb-827a-080027972bba
Faulting package full name: 
Faulting package-relative application ID: "
Error	11/14/2021 11:54:57 AM	Application Error	1000	(100)	"Faulting application name: FOXITREADER.EXE, version: 10.1.0.37527, time stamp: 0x5f6cc9cd
Faulting module name: vrfcore.dll, version: 6.3.9600.17298, time stamp: 0x544af0e0
Exception code: 0x80000003
Fault offset: 0x000035d1
Faulting process id: 0xb60
Faulting application start time: 0x01d6b0b1a2fc1037
Faulting application path: C:\PROGRAM FILES (X86)\FOXIT SOFTWARE\FOXIT READER\FOXITREADER.EXE
Faulting module path: C:\Windows\SYSTEM32\vrfcore.dll
Report Id: e1568661-1ca4-11eb-827a-080027972bba
Faulting package full name: 
Faulting package-relative application ID: "
Error	11/14/2021 11:55:00 AM	Application Error	1000	(100)	"Faulting application name: FOXITREADER.EXE, version: 10.1.0.37527, time stamp: 0x5f6cc9cd
Faulting module name: vrfcore.dll, version: 6.3.9600.17298, time stamp: 0x544af0e0
Exception code: 0x80000003
Fault offset: 0x000035d1
Faulting process id: 0x5d4
Faulting application start time: 0x01d6b0b19fd15ecd
Faulting application path: C:\PROGRAM FILES (X86)\FOXIT SOFTWARE\FOXIT READER\FOXITREADER.EXE
Faulting module path: C:\Windows\SYSTEM32\vrfcore.dll
Report Id: de2bfe68-1ca4-11eb-827a-080027972bba
Faulting package full name: 
Faulting package-relative application ID: "
Error	11/14/2021 11:55:20 AM	Application Error	1000	(100)	"Faulting application name: FOXITREADER.EXE, version: 10.1.0.37527, time stamp: 0x5f6cc9cd
Faulting module name: vrfcore.dll, version: 6.3.9600.17298, time stamp: 0x544af0e0
Exception code: 0x80000003
Fault offset: 0x000035d1
Faulting process id: 0xab0
Faulting application start time: 0x01d6b0b19e8f765f
Faulting application path: C:\PROGRAM FILES (X86)\FOXIT SOFTWARE\FOXIT READER\FOXITREADER.EXE
Faulting module path: C:\Windows\SYSTEM32\vrfcore.dll
Report Id: dcea1c6c-1ca4-11eb-827a-080027972bba
Faulting package full name: 
Faulting package-relative application ID: "
Error	11/14/2021 11:58:20 AM	Application Error	1000	(100)	"Faulting application name: FOXITREADER.EXE, version: 10.1.0.37527, time stamp: 0x5f6cc9cd
Faulting module name: vrfcore.dll, version: 6.3.9600.17298, time stamp: 0x544af0e0
Exception code: 0x80000003
Fault offset: 0x000035d1
Faulting process id: 0x3b8
Faulting application start time: 0x01d6b0b19d500edb
Faulting application path: C:\PROGRAM FILES (X86)\FOXIT SOFTWARE\FOXIT READER\FOXITREADER.EXE
Faulting module path: C:\Windows\SYSTEM32\vrfcore.dll
Report Id: dba8305a-1ca4-11eb-827a-080027972bba
Faulting package full name: 
Faulting package-relative application ID: "
Error	11/14/2021 11:58:58 AM	Application Error	1000	(100)	"Faulting application name: FOXITREADER.EXE, version: 10.1.0.37527, time stamp: 0x5f6cc9cd
Faulting module name: vrfcore.dll, version: 6.3.9600.17298, time stamp: 0x544af0e0
Exception code: 0x80000003
Fault offset: 0x000035d1
Faulting process id: 0x84c
Faulting application start time: 0x01d6b0b19805c792
Faulting application path: C:\PROGRAM FILES (X86)\FOXIT SOFTWARE\FOXIT READER\FOXITREADER.EXE
Faulting module path: C:\Windows\SYSTEM32\vrfcore.dll
Report Id: d6a7f1f6-1ca4-11eb-827a-080027972bba
Faulting package full name: 
Faulting package-relative application ID: "
Error	11/14/2021 11:59:02 AM	Application Error	1000	(100)	"Faulting application name: FOXITREADER.EXE, version: 10.1.0.37527, time stamp: 0x5f6cc9cd
Faulting module name: vrfcore.dll, version: 6.3.9600.17298, time stamp: 0x544af0e0
Exception code: 0x80000003
Fault offset: 0x000035d1
Faulting process id: 0x8a8
Faulting application start time: 0x01d6b0b196c66c22
Faulting application path: C:\PROGRAM FILES (X86)\FOXIT SOFTWARE\FOXIT READER\FOXITREADER.EXE
Faulting module path: C:\Windows\SYSTEM32\vrfcore.dll
Report Id: d56ade30-1ca4-11eb-827a-080027972bba
Faulting package full name: 
Faulting package-relative application ID: "
Error	11/14/2021 12:00:26 PM	Application Error	1000	(100)	"Faulting application name: FOXITREADER.EXE, version: 10.1.0.37527, time stamp: 0x5f6cc9cd
Faulting module name: vrfcore.dll, version: 6.3.9600.17298, time stamp: 0x544af0e0
Exception code: 0x80000003
Fault offset: 0x000035d1
Faulting process id: 0x930
Faulting application start time: 0x01d6b0b195847de2
Faulting application path: C:\PROGRAM FILES (X86)\FOXIT SOFTWARE\FOXIT READER\FOXITREADER.EXE
Faulting module path: C:\Windows\SYSTEM32\vrfcore.dll
Report Id: d42b52fc-1ca4-11eb-827a-080027972bba
Faulting package full name: 
Faulting package-relative application ID: "
Error	11/14/2021 12:00:36 PM	Application Error	1000	(100)	"Faulting application name: FOXITREADER.EXE, version: 10.1.0.37527, time stamp: 0x5f6cc9cd
Faulting module name: vrfcore.dll, version: 6.3.9600.17298, time stamp: 0x544af0e0
Exception code: 0x80000003
Fault offset: 0x000035d1
Faulting process id: 0x434
Faulting application start time: 0x01d6b0b189d46973
Faulting application path: C:\PROGRAM FILES (X86)\FOXIT SOFTWARE\FOXIT READER\FOXITREADER.EXE
Faulting module path: C:\Windows\SYSTEM32\vrfcore.dll
Report Id: cbe64fdf-1ca4-11eb-827a-080027972bba
Faulting package full name: 
Faulting package-relative application ID: "
Error	11/14/2021 12:01:30 PM	Application Error	1000	(100)	"Faulting application name: FOXITREADER.EXE, version: 10.1.0.37527, time stamp: 0x5f6cc9cd
Faulting module name: vrfcore.dll, version: 6.3.9600.17298, time stamp: 0x544af0e0
Exception code: 0x80000003
Fault offset: 0x000035d1
Faulting process id: 0x49c
Faulting application start time: 0x01d6b0b15ac7a123
Faulting application path: C:\PROGRAM FILES (X86)\FOXIT SOFTWARE\FOXIT READER\FOXITREADER.EXE
Faulting module path: C:\Windows\SYSTEM32\vrfcore.dll
Report Id: 991fe91e-1ca4-11eb-827a-080027972bba
Faulting package full name: 
Faulting package-relative application ID: "
Error	11/14/2021 12:01:33 PM	Application Error	1000	(100)	"Faulting application name: FOXITREADER.EXE, version: 10.1.0.37527, time stamp: 0x5f6cc9cd
Faulting module name: vrfcore.dll, version: 6.3.9600.17298, time stamp: 0x544af0e0
Exception code: 0x80000003
Fault offset: 0x000035d1
Faulting process id: 0x900
Faulting application start time: 0x01d6b0b1598a871f
Faulting application path: C:\PROGRAM FILES (X86)\FOXIT SOFTWARE\FOXIT READER\FOXITREADER.EXE
Faulting module path: C:\Windows\SYSTEM32\vrfcore.dll
Report Id: 97e77334-1ca4-11eb-827a-080027972bba
Faulting package full name: 
Faulting package-relative application ID: "
Error	11/14/2021 12:02:41 PM	Application Error	1000	(100)	"Faulting application name: FOXITREADER.EXE, version: 10.1.0.37527, time stamp: 0x5f6cc9cd
Faulting module name: vrfcore.dll, version: 6.3.9600.17298, time stamp: 0x544af0e0
Exception code: 0x80000003
Fault offset: 0x000035d1
Faulting process id: 0xb60
Faulting application start time: 0x01d6b0b1584b15e7
Faulting application path: C:\PROGRAM FILES (X86)\FOXIT SOFTWARE\FOXIT READER\FOXITREADER.EXE
Faulting module path: C:\Windows\SYSTEM32\vrfcore.dll
Report Id: 96a59b83-1ca4-11eb-827a-080027972bba
Faulting package full name: 
Faulting package-relative application ID: "
Error	11/14/2021 12:04:43 PM	Application Error	1000	(100)	"Faulting application name: FOXITREADER.EXE, version: 10.1.0.37527, time stamp: 0x5f6cc9cd
Faulting module name: vrfcore.dll, version: 6.3.9600.17298, time stamp: 0x544af0e0
Exception code: 0x80000003
Fault offset: 0x000035d1
Faulting process id: 0xab4
Faulting application start time: 0x01d6b0b1553115eb
Faulting application path: C:\PROGRAM FILES (X86)\FOXIT SOFTWARE\FOXIT READER\FOXITREADER.EXE
Faulting module path: C:\Windows\SYSTEM32\vrfcore.dll
Report Id: 93b455e1-1ca4-11eb-827a-080027972bba
Faulting package full name: 
Faulting package-relative application ID: "
Error	11/14/2021 12:05:58 PM	Application Error	1000	(100)	"Faulting application name: FOXITREADER.EXE, version: 10.1.0.37527, time stamp: 0x5f6cc9cd
Faulting module name: vrfcore.dll, version: 6.3.9600.17298, time stamp: 0x544af0e0
Exception code: 0x80000003
Fault offset: 0x000035d1
Faulting process id: 0xa5c
Faulting application start time: 0x01d6b0b151dba89a
Faulting application path: C:\PROGRAM FILES (X86)\FOXIT SOFTWARE\FOXIT READER\FOXITREADER.EXE
Faulting module path: C:\Windows\SYSTEM32\vrfcore.dll
Report Id: 91ac9a3f-1ca4-11eb-827a-080027972bba
Faulting package full name: 
Faulting package-relative application ID: "
Error	11/14/2021 12:10:06 PM	Application Error	1000	(100)	"Faulting application name: FOXITREADER.EXE, version: 10.1.0.37527, time stamp: 0x5f6cc9cd
Faulting module name: vrfcore.dll, version: 6.3.9600.17298, time stamp: 0x544af0e0
Exception code: 0x80000003
Fault offset: 0x000035d1
Faulting process id: 0x78c
Faulting application start time: 0x01d6b0b14d2c6cdb
Faulting application path: C:\PROGRAM FILES (X86)\FOXIT SOFTWARE\FOXIT READER\FOXITREADER.EXE
Faulting module path: C:\Windows\SYSTEM32\vrfcore.dll
Report Id: 8cc40e7a-1ca4-11eb-827a-080027972bba
Faulting package full name: 
Faulting package-relative application ID: "
Error	11/14/2021 12:11:58 PM	Application Error	1000	(100)	"Faulting application name: FOXITREADER.EXE, version: 10.1.0.37527, time stamp: 0x5f6cc9cd
Faulting module name: vrfcore.dll, version: 6.3.9600.17298, time stamp: 0x544af0e0
Exception code: 0x80000003
Fault offset: 0x000035d1
Faulting process id: 0x8a8
Faulting application start time: 0x01d6b0b14a52d164
Faulting application path: C:\PROGRAM FILES (X86)\FOXIT SOFTWARE\FOXIT READER\FOXITREADER.EXE
Faulting module path: C:\Windows\SYSTEM32\vrfcore.dll
Report Id: 89b60a79-1ca4-11eb-827a-080027972bba
Faulting package full name: 
Faulting package-relative application ID: "
Error	11/14/2021 12:12:04 PM	Application Error	1000	(100)	"Faulting application name: FOXITREADER.EXE, version: 10.1.0.37527, time stamp: 0x5f6cc9cd
Faulting module name: vrfcore.dll, version: 6.3.9600.17298, time stamp: 0x544af0e0
Exception code: 0x80000003
Fault offset: 0x000035d1
Faulting process id: 0x538
Faulting application start time: 0x01d6b0b14480aa54
Faulting application path: C:\PROGRAM FILES (X86)\FOXIT SOFTWARE\FOXIT READER\FOXITREADER.EXE
Faulting module path: C:\Windows\SYSTEM32\vrfcore.dll
Report Id: 83b6af83-1ca4-11eb-827a-080027972bba
Faulting package full name: 
Faulting package-relative application ID: "
Error	11/14/2021 12:12:07 PM	Application Error	1000	(100)	"Faulting application name: FOXITREADER.EXE, version: 10.1.0.37527, time stamp: 0x5f6cc9cd
Faulting module name: vrfcore.dll, version: 6.3.9600.17298, time stamp: 0x544af0e0
Exception code: 0x80000003
Fault offset: 0x000035d1
Faulting process id: 0x774
Faulting application start time: 0x01d6b0b13a76a4c0
Faulting application path: C:\PROGRAM FILES (X86)\FOXIT SOFTWARE\FOXIT READER\FOXITREADER.EXE
Faulting module path: C:\Windows\SYSTEM32\vrfcore.dll
Report Id: 7b8e217f-1ca4-11eb-827a-080027972bba
Faulting package full name: 
Faulting package-relative application ID: "
Error	11/14/2021 12:13:21 PM	Application Error	1000	(100)	"Faulting application name: FOXITREADER.EXE, version: 10.1.0.37527, time stamp: 0x5f6cc9cd
Faulting module name: vrfcore.dll, version: 6.3.9600.17298, time stamp: 0x544af0e0
Exception code: 0x80000003
Fault offset: 0x000035d1
Faulting process id: 0xb48
Faulting application start time: 0x01d6b0b1136765a5
Faulting application path: C:\PROGRAM FILES (X86)\FOXIT SOFTWARE\FOXIT READER\FOXITREADER.EXE
Faulting module path: C:\Windows\SYSTEM32\vrfcore.dll
Report Id: 559d1857-1ca4-11eb-827a-080027972bba
Faulting package full name: 
Faulting package-relative application ID: "
Error	11/14/2021 12:13:34 PM	Application Error	1000	(100)	"Faulting application name: FOXITREADER.EXE, version: 10.1.0.37527, time stamp: 0x5f6cc9cd
Faulting module name: vrfcore.dll, version: 6.3.9600.17298, time stamp: 0x544af0e0
Exception code: 0x80000003
Fault offset: 0x000035d1
Faulting process id: 0xa64
Faulting application start time: 0x01d6b0b1067ca14c
Faulting application path: C:\PROGRAM FILES (X86)\FOXIT SOFTWARE\FOXIT READER\FOXITREADER.EXE
Faulting module path: C:\Windows\SYSTEM32\vrfcore.dll
Report Id: 4e7ad207-1ca4-11eb-827a-080027972bba
Faulting package full name: 
Faulting package-relative application ID: "
Error	11/14/2021 12:17:40 PM	Application Error	1000	(100)	"Faulting application name: FOXITREADER.EXE, version: 10.1.0.37527, time stamp: 0x5f6cc9cd
Faulting module name: vrfcore.dll, version: 6.3.9600.17298, time stamp: 0x544af0e0
Exception code: 0x80000003
Fault offset: 0x000035d1
Faulting process id: 0xbb4
Faulting application start time: 0x01d6aee0cdf75c48
Faulting application path: C:\PROGRAM FILES (X86)\FOXIT SOFTWARE\FOXIT READER\FOXITREADER.EXE
Faulting module path: C:\Windows\SYSTEM32\vrfcore.dll
Report Id: 10796c54-1ad4-11eb-8279-080027972bba
Faulting package full name: 
Faulting package-relative application ID: "
Error	11/14/2021 12:17:45 PM	Application Error	1000	(100)	"Faulting application name: FOXITREADER.EXE, version: 10.1.0.37527, time stamp: 0x5f6cc9cd
Faulting module name: vrfcore.dll, version: 6.3.9600.17298, time stamp: 0x544af0e0
Exception code: 0x80000003
Fault offset: 0x000035d1
Faulting process id: 0x894
Faulting application start time: 0x01d6aec7d7395a97
Faulting application path: C:\PROGRAM FILES (X86)\FOXIT SOFTWARE\FOXIT READER\FOXITREADER.EXE
Faulting module path: C:\Windows\SYSTEM32\vrfcore.dll
Report Id: 19fb9a9c-1abb-11eb-8279-080027972bba
Faulting package full name: 
Faulting package-relative application ID: "
Error	11/14/2021 12:19:30 PM	Application Error	1000	(100)	"Faulting application name: FOXITREADER.EXE, version: 10.1.0.37527, time stamp: 0x5f6cc9cd
Faulting module name: vrfcore.dll, version: 6.3.9600.17298, time stamp: 0x544af0e0
Exception code: 0x80000003
Fault offset: 0x000035d1
Faulting process id: 0xae0
Faulting application start time: 0x01d6aea443321bd3
Faulting application path: C:\PROGRAM FILES (X86)\FOXIT SOFTWARE\FOXIT READER\FOXITREADER.EXE
Faulting module path: C:\Windows\SYSTEM32\vrfcore.dll
Report Id: 840960b3-1a97-11eb-8279-080027972bba
Faulting package full name: 
Faulting package-relative application ID: "
Error	11/14/2021 12:20:06 PM	Application Error	1000	(100)	"Faulting application name: FOXITREADER.EXE, version: 10.1.0.37527, time stamp: 0x5f6cc9cd
Faulting module name: vrfcore.dll, version: 6.3.9600.17298, time stamp: 0x544af0e0
Exception code: 0x80000003
Fault offset: 0x000035d1
Faulting process id: 0xa14
Faulting application start time: 0x01d6aea24067e5af
Faulting application path: C:\PROGRAM FILES (X86)\FOXIT SOFTWARE\FOXIT READER\FOXITREADER.EXE
Faulting module path: C:\Windows\SYSTEM32\vrfcore.dll
Report Id: 91ae13ee-1a95-11eb-8279-080027972bba
Faulting package full name: 
Faulting package-relative application ID: "
Error	11/14/2021 12:23:17 PM	Application Error	1000	(100)	"Faulting application name: FOXITREADER.EXE, version: 10.1.0.37527, time stamp: 0x5f6cc9cd
Faulting module name: unknown, version: 0.0.0.0, time stamp: 0x00000000
Exception code: 0xc0000005
Fault offset: 0x960419c0
Faulting process id: 0xfc
Faulting application start time: 0x01d6aea1ec155bb6
Faulting application path: C:\PROGRAM FILES (X86)\FOXIT SOFTWARE\FOXIT READER\FOXITREADER.EXE
Faulting module path: unknown
Report Id: 29f31b88-1a95-11eb-8279-080027972bba
Faulting package full name: 
Faulting package-relative application ID: "
Error	11/14/2021 12:23:38 PM	Application Error	1000	(100)	"Faulting application name: FOXITREADER.EXE, version: 10.1.0.37527, time stamp: 0x5f6cc9cd
Faulting module name: unknown, version: 0.0.0.0, time stamp: 0x00000000
Exception code: 0xc0000005
Fault offset: 0x960419c0
Faulting process id: 0xa38
Faulting application start time: 0x01d6aea1ea3b57ce
Faulting application path: C:\PROGRAM FILES (X86)\FOXIT SOFTWARE\FOXIT READER\FOXITREADER.EXE
Faulting module path: unknown
Report Id: 28195d6a-1a95-11eb-8279-080027972bba
Faulting package full name: 
Faulting package-relative application ID: "
Error	11/14/2021 12:23:43 PM	Application Error	1000	(100)	"Faulting application name: FOXITREADER.EXE, version: 10.1.0.37527, time stamp: 0x5f6cc9cd
Faulting module name: unknown, version: 0.0.0.0, time stamp: 0x00000000
Exception code: 0xc0000005
Fault offset: 0x960419c0
Faulting process id: 0x884
Faulting application start time: 0x01d6aea1e86b30e3
Faulting application path: C:\PROGRAM FILES (X86)\FOXIT SOFTWARE\FOXIT READER\FOXITREADER.EXE
Faulting module path: unknown
Report Id: 2646d125-1a95-11eb-8279-080027972bba
Faulting package full name: 
Faulting package-relative application ID: "
Error	11/14/2021 12:24:00 PM	Application Error	1000	(100)	"Faulting application name: FOXITREADER.EXE, version: 10.1.0.37527, time stamp: 0x5f6cc9cd
Faulting module name: unknown, version: 0.0.0.0, time stamp: 0x00000000
Exception code: 0xc0000005
Fault offset: 0x960419c0
Faulting process id: 0x8ac
Faulting application start time: 0x01d6aea1cd573271
Faulting application path: C:\PROGRAM FILES (X86)\FOXIT SOFTWARE\FOXIT READER\FOXITREADER.EXE
Faulting module path: unknown
Report Id: 0b384446-1a95-11eb-8279-080027972bba
Faulting package full name: 
Faulting package-relative application ID: "
Error	11/14/2021 12:24:43 PM	Application Error	1000	(100)	"Faulting application name: FOXITREADER.EXE, version: 10.1.0.37527, time stamp: 0x5f6cc9cd
Faulting module name: unknown, version: 0.0.0.0, time stamp: 0x00000000
Exception code: 0xc0000005
Fault offset: 0x960419c0
Faulting process id: 0x560
Faulting application start time: 0x01d6aea1cb67df2d
Faulting application path: C:\PROGRAM FILES (X86)\FOXIT SOFTWARE\FOXIT READER\FOXITREADER.EXE
Faulting module path: unknown
Report Id: 0943c0a6-1a95-11eb-8279-080027972bba
Faulting package full name: 
Faulting package-relative application ID: "
Error	11/14/2021 12:24:48 PM	Application Error	1000	(100)	"Faulting application name: FOXITREADER.EXE, version: 10.1.0.37527, time stamp: 0x5f6cc9cd
Faulting module name: unknown, version: 0.0.0.0, time stamp: 0x00000000
Exception code: 0xc0000005
Fault offset: 0x960419c0
Faulting process id: 0xac
Faulting application start time: 0x01d6aea1c8629850
Faulting application path: C:\PROGRAM FILES (X86)\FOXIT SOFTWARE\FOXIT READER\FOXITREADER.EXE
Faulting module path: unknown
Report Id: 063cec52-1a95-11eb-8279-080027972bba
Faulting package full name: 
Faulting package-relative application ID: "
Error	11/14/2021 12:24:52 PM	Application Error	1000	(100)	"Faulting application name: FOXITREADER.EXE, version: 10.1.0.37527, time stamp: 0x5f6cc9cd
Faulting module name: unknown, version: 0.0.0.0, time stamp: 0x00000000
Exception code: 0xc0000005
Fault offset: 0x960419c0
Faulting process id: 0x8b0
Faulting application start time: 0x01d6aea13e48f93c
Faulting application path: C:\PROGRAM FILES (X86)\FOXIT SOFTWARE\FOXIT READER\FOXITREADER.EXE
Faulting module path: unknown
Report Id: 7c26512f-1a94-11eb-8279-080027972bba
Faulting package full name: 
Faulting package-relative application ID: "
Error	11/14/2021 12:26:23 PM	Application Error	1000	(100)	"Faulting application name: FOXITREADER.EXE, version: 10.1.0.37527, time stamp: 0x5f6cc9cd
Faulting module name: unknown, version: 0.0.0.0, time stamp: 0x00000000
Exception code: 0xc0000005
Fault offset: 0x960419c0
Faulting process id: 0xbac
Faulting application start time: 0x01d6aea1329b1ece
Faulting application path: C:\PROGRAM FILES (X86)\FOXIT SOFTWARE\FOXIT READER\FOXITREADER.EXE
Faulting module path: unknown
Report Id: 70831d54-1a94-11eb-8279-080027972bba
Faulting package full name: 
Faulting package-relative application ID: "
Error	11/14/2021 12:26:27 PM	Application Error	1000	(100)	"Faulting application name: FOXITREADER.EXE, version: 10.1.0.37527, time stamp: 0x5f6cc9cd
Faulting module name: unknown, version: 0.0.0.0, time stamp: 0x00000000
Exception code: 0xc0000005
Fault offset: 0x960419c0
Faulting process id: 0x4c4
Faulting application start time: 0x01d6aea121d40def
Faulting application path: C:\PROGRAM FILES (X86)\FOXIT SOFTWARE\FOXIT READER\FOXITREADER.EXE
Faulting module path: unknown
Report Id: 5fb0bb64-1a94-11eb-8279-080027972bba
Faulting package full name: 
Faulting package-relative application ID: "
Error	11/14/2021 12:26:35 PM	Application Error	1000	(100)	"Faulting application name: FOXITREADER.EXE, version: 10.1.0.37527, time stamp: 0x5f6cc9cd
Faulting module name: unknown, version: 0.0.0.0, time stamp: 0x00000000
Exception code: 0xc0000005
Fault offset: 0x960419c0
Faulting process id: 0x9e0
Faulting application start time: 0x01d6aea0d0abc46b
Faulting application path: C:\PROGRAM FILES (X86)\FOXIT SOFTWARE\FOXIT READER\FOXITREADER.EXE
Faulting module path: unknown
Report Id: 0e8f0fbf-1a94-11eb-8279-080027972bba
Faulting package full name: 
Faulting package-relative application ID: "
Error	11/14/2021 12:26:39 PM	Application Error	1000	(100)	"Faulting application name: FOXITREADER.EXE, version: 10.1.0.37527, time stamp: 0x5f6cc9cd
Faulting module name: unknown, version: 0.0.0.0, time stamp: 0x00000000
Exception code: 0xc0000005
Fault offset: 0x960419c0
Faulting process id: 0x6b0
Faulting application start time: 0x01d6aea0cf5f0ad1
Faulting application path: C:\PROGRAM FILES (X86)\FOXIT SOFTWARE\FOXIT READER\FOXITREADER.EXE
Faulting module path: unknown
Report Id: 0d382dff-1a94-11eb-8279-080027972bba
Faulting package full name: 
Faulting package-relative application ID: "
Error	11/14/2021 12:26:51 PM	Application Error	1000	(100)	"Faulting application name: FOXITREADER.EXE, version: 10.1.0.37527, time stamp: 0x5f6cc9cd
Faulting module name: unknown, version: 0.0.0.0, time stamp: 0x00000000
Exception code: 0xc0000005
Fault offset: 0x960419c0
Faulting process id: 0x71c
Faulting application start time: 0x01d6aea0cdfe78cd
Faulting application path: C:\PROGRAM FILES (X86)\FOXIT SOFTWARE\FOXIT READER\FOXITREADER.EXE
Faulting module path: unknown
Report Id: 0bda9549-1a94-11eb-8279-080027972bba
Faulting package full name: 
Faulting package-relative application ID: "
Error	11/14/2021 12:27:00 PM	Application Error	1000	(100)	"Faulting application name: FOXITREADER.EXE, version: 10.1.0.37527, time stamp: 0x5f6cc9cd
Faulting module name: unknown, version: 0.0.0.0, time stamp: 0x00000000
Exception code: 0xc0000005
Fault offset: 0x960419c0
Faulting process id: 0xa20
Faulting application start time: 0x01d6aea0cb77cd43
Faulting application path: C:\PROGRAM FILES (X86)\FOXIT SOFTWARE\FOXIT READER\FOXITREADER.EXE
Faulting module path: unknown
Report Id: 09566cae-1a94-11eb-8279-080027972bba
Faulting package full name: 
Faulting package-relative application ID: "
Error	11/14/2021 12:28:39 PM	Application Error	1000	(100)	"Faulting application name: FOXITREADER.EXE, version: 10.1.0.37527, time stamp: 0x5f6cc9cd
Faulting module name: unknown, version: 0.0.0.0, time stamp: 0x00000000
Exception code: 0xc0000005
Fault offset: 0x960419c0
Faulting process id: 0x958
Faulting application start time: 0x01d6aea0c8235ea6
Faulting application path: C:\PROGRAM FILES (X86)\FOXIT SOFTWARE\FOXIT READER\FOXITREADER.EXE
Faulting module path: unknown
Report Id: 05fc611b-1a94-11eb-8279-080027972bba
Faulting package full name: 
Faulting package-relative application ID: "
Error	11/14/2021 12:30:13 PM	Application Error	1000	(100)	"Faulting application name: FOXITREADER.EXE, version: 10.1.0.37527, time stamp: 0x5f6cc9cd
Faulting module name: unknown, version: 0.0.0.0, time stamp: 0x00000000
Exception code: 0xc0000005
Fault offset: 0x960419c0
Faulting process id: 0x234
Faulting application start time: 0x01d6aea0c2f7a2b6
Faulting application path: C:\PROGRAM FILES (X86)\FOXIT SOFTWARE\FOXIT READER\FOXITREADER.EXE
Faulting module path: unknown
Report Id: 00d39dd7-1a94-11eb-8279-080027972bba
Faulting package full name: 
Faulting package-relative application ID: "
Error	11/14/2021 12:30:55 PM	Application Error	1000	(100)	"Faulting application name: FOXITREADER.EXE, version: 10.1.0.37527, time stamp: 0x5f6cc9cd
Faulting module name: unknown, version: 0.0.0.0, time stamp: 0x00000000
Exception code: 0xc0000005
Fault offset: 0x960419c0
Faulting process id: 0x624
Faulting application start time: 0x01d6aea0a8292d66
Faulting application path: C:\PROGRAM FILES (X86)\FOXIT SOFTWARE\FOXIT READER\FOXITREADER.EXE
Faulting module path: unknown
Report Id: e60562be-1a93-11eb-8279-080027972bba
Faulting package full name: 
Faulting package-relative application ID: "
Error	11/14/2021 12:30:59 PM	Application Error	1000	(100)	"Faulting application name: FOXITREADER.EXE, version: 10.1.0.37527, time stamp: 0x5f6cc9cd
Faulting module name: unknown, version: 0.0.0.0, time stamp: 0x00000000
Exception code: 0xc0000005
Fault offset: 0x960419c0
Faulting process id: 0x9b8
Faulting application start time: 0x01d6aea0a306cdff
Faulting application path: C:\PROGRAM FILES (X86)\FOXIT SOFTWARE\FOXIT READER\FOXITREADER.EXE
Faulting module path: unknown
Report Id: e0e426e8-1a93-11eb-8279-080027972bba
Faulting package full name: 
Faulting package-relative application ID: "
Error	11/14/2021 12:31:43 PM	Application Error	1000	(100)	"Faulting application name: FOXITREADER.EXE, version: 10.1.0.37527, time stamp: 0x5f6cc9cd
Faulting module name: unknown, version: 0.0.0.0, time stamp: 0x00000000
Exception code: 0xc0000005
Fault offset: 0x960419c0
Faulting process id: 0x3b4
Faulting application start time: 0x01d6aea0a049cc88
Faulting application path: C:\PROGRAM FILES (X86)\FOXIT SOFTWARE\FOXIT READER\FOXITREADER.EXE
Faulting module path: unknown
Report Id: de252177-1a93-11eb-8279-080027972bba
Faulting package full name: 
Faulting package-relative application ID: "
Error	11/14/2021 12:32:06 PM	Application Error	1000	(100)	"Faulting application name: FOXITREADER.EXE, version: 10.1.0.37527, time stamp: 0x5f6cc9cd
Faulting module name: unknown, version: 0.0.0.0, time stamp: 0x00000000
Exception code: 0xc0000005
Fault offset: 0x960419c0
Faulting process id: 0xbe0
Faulting application start time: 0x01d6aea09ccb6d63
Faulting application path: C:\PROGRAM FILES (X86)\FOXIT SOFTWARE\FOXIT READER\FOXITREADER.EXE
Faulting module path: unknown
Report Id: daa8b65b-1a93-11eb-8279-080027972bba
Faulting package full name: 
Faulting package-relative application ID: "
Error	11/14/2021 12:32:25 PM	Application Error	1000	(100)	"Faulting application name: FOXITREADER.EXE, version: 10.1.0.37527, time stamp: 0x5f6cc9cd
Faulting module name: unknown, version: 0.0.0.0, time stamp: 0x00000000
Exception code: 0xc0000005
Fault offset: 0x960419c0
Faulting process id: 0xb84
Faulting application start time: 0x01d6aea084814029
Faulting application path: C:\PROGRAM FILES (X86)\FOXIT SOFTWARE\FOXIT READER\FOXITREADER.EXE
Faulting module path: unknown
Report Id: c25fe0d5-1a93-11eb-8279-080027972bba
Faulting package full name: 
Faulting package-relative application ID: "
Error	11/14/2021 12:34:01 PM	Application Error	1000	(100)	"Faulting application name: FOXITREADER.EXE, version: 10.1.0.37527, time stamp: 0x5f6cc9cd
Faulting module name: unknown, version: 0.0.0.0, time stamp: 0x00000000
Exception code: 0xc0000005
Fault offset: 0x960419c0
Faulting process id: 0x240
Faulting application start time: 0x01d6aea0309f762c
Faulting application path: C:\PROGRAM FILES (X86)\FOXIT SOFTWARE\FOXIT READER\FOXITREADER.EXE
Faulting module path: unknown
Report Id: 6e79d31a-1a93-11eb-8279-080027972bba
Faulting package full name: 
Faulting package-relative application ID: "
Error	11/14/2021 12:36:42 PM	Application Error	1000	(100)	"Faulting application name: FOXITREADER.EXE, version: 10.1.0.37527, time stamp: 0x5f6cc9cd
Faulting module name: unknown, version: 0.0.0.0, time stamp: 0x00000000
Exception code: 0xc0000005
Fault offset: 0x960419c0
Faulting process id: 0xa28
Faulting application start time: 0x01d6aea01dec19ff
Faulting application path: C:\PROGRAM FILES (X86)\FOXIT SOFTWARE\FOXIT READER\FOXITREADER.EXE
Faulting module path: unknown
Report Id: 5bc87e7d-1a93-11eb-8279-080027972bba
Faulting package full name: 
Faulting package-relative application ID: "
Error	11/14/2021 12:38:00 PM	Application Error	1000	(100)	"Faulting application name: FOXITREADER.EXE, version: 10.1.0.37527, time stamp: 0x5f6cc9cd
Faulting module name: unknown, version: 0.0.0.0, time stamp: 0x00000000
Exception code: 0xc0000005
Fault offset: 0x960419c0
Faulting process id: 0x8f0
Faulting application start time: 0x01d6ae9fe2059e13
Faulting application path: C:\PROGRAM FILES (X86)\FOXIT SOFTWARE\FOXIT READER\FOXITREADER.EXE
Faulting module path: unknown
Report Id: 1fe33843-1a93-11eb-8279-080027972bba
Faulting package full name: 
Faulting package-relative application ID: "
Error	11/14/2021 12:38:05 PM	Application Error	1000	(100)	"Faulting application name: FOXITREADER.EXE, version: 10.1.0.37527, time stamp: 0x5f6cc9cd
Faulting module name: unknown, version: 0.0.0.0, time stamp: 0x00000000
Exception code: 0xc0000005
Fault offset: 0x960419c0
Faulting process id: 0xb44
Faulting application start time: 0x01d6ae9fbc0f129b
Faulting application path: C:\PROGRAM FILES (X86)\FOXIT SOFTWARE\FOXIT READER\FOXITREADER.EXE
Faulting module path: unknown
Report Id: f9ef8b6c-1a92-11eb-8279-080027972bba
Faulting package full name: 
Faulting package-relative application ID: "
Error	11/14/2021 12:41:47 PM	Application Error	1000	(100)	"Faulting application name: FOXITREADER.EXE, version: 10.1.0.37527, time stamp: 0x5f6cc9cd
Faulting module name: unknown, version: 0.0.0.0, time stamp: 0x00000000
Exception code: 0xc0000005
Fault offset: 0x960419c0
Faulting process id: 0xac0
Faulting application start time: 0x01d6ae9fb9f3b138
Faulting application path: C:\PROGRAM FILES (X86)\FOXIT SOFTWARE\FOXIT READER\FOXITREADER.EXE
Faulting module path: unknown
Report Id: f7cfbe24-1a92-11eb-8279-080027972bba
Faulting package full name: 
Faulting package-relative application ID: "
Error	11/14/2021 12:44:32 PM	Application Error	1000	(100)	"Faulting application name: FOXITREADER.EXE, version: 10.1.0.37527, time stamp: 0x5f6cc9cd
Faulting module name: unknown, version: 0.0.0.0, time stamp: 0x00000000
Exception code: 0xc0000005
Fault offset: 0x960419c0
Faulting process id: 0xaa0
Faulting application start time: 0x01d6ae9fb8636221
Faulting application path: C:\PROGRAM FILES (X86)\FOXIT SOFTWARE\FOXIT READER\FOXITREADER.EXE
Faulting module path: unknown
Report Id: f63f14e0-1a92-11eb-8279-080027972bba
Faulting package full name: 
Faulting package-relative application ID: "
Error	11/14/2021 12:45:24 PM	Application Error	1000	(100)	"Faulting application name: FOXITREADER.EXE, version: 10.1.0.37527, time stamp: 0x5f6cc9cd
Faulting module name: unknown, version: 0.0.0.0, time stamp: 0x00000000
Exception code: 0xc0000005
Fault offset: 0x960419c0
Faulting process id: 0xb94
Faulting application start time: 0x01d6ae9fb07ebbff
Faulting application path: C:\PROGRAM FILES (X86)\FOXIT SOFTWARE\FOXIT READER\FOXITREADER.EXE
Faulting module path: unknown
Report Id: efeb0df0-1a92-11eb-8279-080027972bba
Faulting package full name: 
Faulting package-relative application ID: "
Error	11/14/2021 12:46:43 PM	Application Error	1000	(100)	"Faulting application name: FOXITREADER.EXE, version: 10.1.0.37527, time stamp: 0x5f6cc9cd
Faulting module name: unknown, version: 0.0.0.0, time stamp: 0x00000000
Exception code: 0xc0000005
Fault offset: 0x960419c0
Faulting process id: 0xa3c
Faulting application start time: 0x01d6ae9f83a3bcfb
Faulting application path: C:\PROGRAM FILES (X86)\FOXIT SOFTWARE\FOXIT READER\FOXITREADER.EXE
Faulting module path: unknown
Report Id: c274e8c4-1a92-11eb-8279-080027972bba
Faulting package full name: 
Faulting package-relative application ID: "
Error	11/14/2021 12:46:57 PM	Application Error	1000	(100)	"Faulting application name: FOXITREADER.EXE, version: 10.1.0.37527, time stamp: 0x5f6cc9cd
Faulting module name: unknown, version: 0.0.0.0, time stamp: 0x00000000
Exception code: 0xc0000005
Fault offset: 0x960419c0
Faulting process id: 0xbc0
Faulting application start time: 0x01d6ae9f7c72d055
Faulting application path: C:\PROGRAM FILES (X86)\FOXIT SOFTWARE\FOXIT READER\FOXITREADER.EXE
Faulting module path: unknown
Report Id: bcc3bd41-1a92-11eb-8279-080027972bba
Faulting package full name: 
Faulting package-relative application ID: "
Error	11/14/2021 12:47:07 PM	Application Error	1000	(100)	"Faulting application name: FOXITREADER.EXE, version: 10.1.0.37527, time stamp: 0x5f6cc9cd
Faulting module name: unknown, version: 0.0.0.0, time stamp: 0x00000000
Exception code: 0xc0000005
Fault offset: 0x960419c0
Faulting process id: 0x2d0
Faulting application start time: 0x01d6ae9f79a5807b
Faulting application path: C:\PROGRAM FILES (X86)\FOXIT SOFTWARE\FOXIT READER\FOXITREADER.EXE
Faulting module path: unknown
Report Id: b8db2651-1a92-11eb-8279-080027972bba
Faulting package full name: 
Faulting package-relative application ID: "
Error	11/14/2021 12:51:29 PM	Application Error	1000	(100)	"Faulting application name: FOXITREADER.EXE, version: 10.1.0.37527, time stamp: 0x5f6cc9cd
Faulting module name: FOXITREADER.EXE, version: 10.1.0.37527, time stamp: 0x5f6cc9cd
Exception code: 0xc0000005
Fault offset: 0x0269744f
Faulting process id: 0x628
Faulting application start time: 0x01d6ae9f6823e673
Faulting application path: C:\PROGRAM FILES (X86)\FOXIT SOFTWARE\FOXIT READER\FOXITREADER.EXE
Faulting module path: C:\PROGRAM FILES (X86)\FOXIT SOFTWARE\FOXIT READER\FOXITREADER.EXE
Report Id: aa26a0a0-1a92-11eb-8279-080027972bba
Faulting package full name: 
Faulting package-relative application ID: "
Error	11/14/2021 12:51:41 PM	Application Error	1000	(100)	"Faulting application name: FOXITREADER.EXE, version: 10.1.0.37527, time stamp: 0x5f6cc9cd
Faulting module name: FOXITREADER.EXE, version: 10.1.0.37527, time stamp: 0x5f6cc9cd
Exception code: 0xc0000409
Fault offset: 0x03557f13
Faulting process id: 0xab4
Faulting application start time: 0x01d6ae9f4445068d
Faulting application path: C:\PROGRAM FILES (X86)\FOXIT SOFTWARE\FOXIT READER\FOXITREADER.EXE
Faulting module path: C:\PROGRAM FILES (X86)\FOXIT SOFTWARE\FOXIT READER\FOXITREADER.EXE
Report Id: 9fab486f-1a92-11eb-8279-080027972bba
Faulting package full name: 
Faulting package-relative application ID: "
Error	11/14/2021 12:52:15 PM	Application Error	1000	(100)	"Faulting application name: FOXITREADER.EXE, version: 10.1.0.37527, time stamp: 0x5f6cc9cd
Faulting module name: FOXITREADER.EXE, version: 10.1.0.37527, time stamp: 0x5f6cc9cd
Exception code: 0xc0000005
Fault offset: 0x0255b7a9
Faulting process id: 0xab4
Faulting application start time: 0x01d6ae9f4445068d
Faulting application path: C:\PROGRAM FILES (X86)\FOXIT SOFTWARE\FOXIT READER\FOXITREADER.EXE
Faulting module path: C:\PROGRAM FILES (X86)\FOXIT SOFTWARE\FOXIT READER\FOXITREADER.EXE
Report Id: 9b9f994e-1a92-11eb-8279-080027972bba
Faulting package full name: 
Faulting package-relative application ID: "
