Error	11/14/2021 5:03:25 PM	Application Error	1000	(100)	"Faulting application name: AcroRd32.exe, version: 20.9.20065.55827, time stamp: 0x5ec4484d
Faulting module name: Msftedit.dll, version: 6.3.9600.18818, time stamp: 0x59b2ca58
Exception code: 0xc0000005
Fault offset: 0x0002240c
Faulting process id: 0x708
Faulting application start time: 0x01d6324052adb2ab
Faulting application path: C:\Program Files (x86)\Adobe\Acrobat Reader DC\Reader\AcroRd32.exe
Faulting module path: C:\Windows\SYSTEM32\Msftedit.dll
Report Id: 90934fa2-9e33-11ea-8267-080027972bba
Faulting package full name: 
Faulting package-relative application ID: "
Error	11/14/2021 5:11:33 PM	Application Error	1000	(100)	"Faulting application name: AcroRd32.exe, version: 20.9.20065.55827, time stamp: 0x5ec4484d
Faulting module name: Msftedit.dll, version: 6.3.9600.18818, time stamp: 0x59b2ca58
Exception code: 0xc0000005
Fault offset: 0x0002240c
Faulting process id: 0xeac
Faulting application start time: 0x01d632404c0c0424
Faulting application path: C:\Program Files (x86)\Adobe\Acrobat Reader DC\Reader\AcroRd32.exe
Faulting module path: C:\Windows\SYSTEM32\Msftedit.dll
Report Id: 89ef604f-9e33-11ea-8267-080027972bba
Faulting package full name: 
Faulting package-relative application ID: "
Error	11/14/2021 5:12:02 PM	Application Error	1000	(100)	"Faulting application name: AcroRd32.exe, version: 20.9.20065.55827, time stamp: 0x5ec4484d
Faulting module name: Msftedit.dll, version: 6.3.9600.18818, time stamp: 0x59b2ca58
Exception code: 0xc0000005
Fault offset: 0x0002240c
Faulting process id: 0x9b8
Faulting application start time: 0x01d6323fbb625c98
Faulting application path: C:\Program Files (x86)\Adobe\Acrobat Reader DC\Reader\AcroRd32.exe
Faulting module path: C:\Windows\SYSTEM32\Msftedit.dll
Report Id: f9436b6b-9e32-11ea-8267-080027972bba
Faulting package full name: 
Faulting package-relative application ID: "
Error	11/14/2021 5:13:37 PM	Application Error	1000	(100)	"Faulting application name: AcroRd32.exe, version: 20.9.20065.55827, time stamp: 0x5ec4484d
Faulting module name: Msftedit.dll, version: 6.3.9600.18818, time stamp: 0x59b2ca58
Exception code: 0xc0000005
Fault offset: 0x0002240c
Faulting process id: 0xb0c
Faulting application start time: 0x01d6323fb3baaed9
Faulting application path: C:\Program Files (x86)\Adobe\Acrobat Reader DC\Reader\AcroRd32.exe
Faulting module path: C:\Windows\SYSTEM32\Msftedit.dll
Report Id: f19e0342-9e32-11ea-8267-080027972bba
Faulting package full name: 
Faulting package-relative application ID: "
Error	11/14/2021 5:15:01 PM	Application Error	1000	(100)	"Faulting application name: AcroRd32.exe, version: 20.9.20065.55827, time stamp: 0x5ec4484d
Faulting module name: Msftedit.dll, version: 6.3.9600.18818, time stamp: 0x59b2ca58
Exception code: 0xc0000005
Fault offset: 0x0002240c
Faulting process id: 0x9d4
Faulting application start time: 0x01d6323fa11587d4
Faulting application path: C:\Program Files (x86)\Adobe\Acrobat Reader DC\Reader\AcroRd32.exe
Faulting module path: C:\Windows\SYSTEM32\Msftedit.dll
Report Id: def8cd9d-9e32-11ea-8267-080027972bba
Faulting package full name: 
Faulting package-relative application ID: "
Error	11/14/2021 5:15:05 PM	Application Error	1000	(100)	"Faulting application name: AcroRd32.exe, version: 20.9.20065.55827, time stamp: 0x5ec4484d
Faulting module name: Msftedit.dll, version: 6.3.9600.18818, time stamp: 0x59b2ca58
Exception code: 0xc0000005
Fault offset: 0x0002240c
Faulting process id: 0xeac
Faulting application start time: 0x01d6323f9d65727f
Faulting application path: C:\Program Files (x86)\Adobe\Acrobat Reader DC\Reader\AcroRd32.exe
Faulting module path: C:\Windows\SYSTEM32\Msftedit.dll
Report Id: db4fe2a6-9e32-11ea-8267-080027972bba
Faulting package full name: 
Faulting package-relative application ID: "
Error	11/14/2021 5:15:24 PM	Application Error	1000	(100)	"Faulting application name: cleanmaster.exe, version: 3.7.8.0, time stamp: 0x584618b8
Faulting module name: KERNELBASE.dll, version: 6.3.9600.19671, time stamp: 0x5e67335c
Exception code: 0xc000041d
Fault offset: 0x00013d28
Faulting process id: 0xa78
Faulting application start time: 0x01d62b515db8edfa
Faulting application path: C:\Users\wxy\Downloads\cleanmaster.exe
Faulting module path: C:\Windows\SYSTEM32\KERNELBASE.dll
Report Id: c9c1ccc7-9744-11ea-8261-080027972bba
Faulting package full name: 
Faulting package-relative application ID: "
Error	11/14/2021 5:19:18 PM	Application Error	1000	(100)	"Faulting application name: cleanmaster.exe, version: 3.7.8.0, time stamp: 0x584618b8
Faulting module name: KERNELBASE.dll, version: 6.3.9600.19671, time stamp: 0x5e67335c
Exception code: 0xc06d007e
Fault offset: 0x00013d28
Faulting process id: 0xa78
Faulting application start time: 0x01d62b515db8edfa
Faulting application path: C:\Users\wxy\Downloads\cleanmaster.exe
Faulting module path: C:\Windows\SYSTEM32\KERNELBASE.dll
Report Id: c81bae04-9744-11ea-8261-080027972bba
Faulting package full name: 
Faulting package-relative application ID: "
Error	11/14/2021 5:19:23 PM	Application Error	1000	(100)	"Faulting application name: cleanmaster.exe, version: 3.7.8.0, time stamp: 0x584618b8
Faulting module name: KERNELBASE.dll, version: 6.3.9600.19653, time stamp: 0x5e5f5922
Exception code: 0xc000041d
Fault offset: 0x00034e28
Faulting process id: 0x75c
Faulting application start time: 0x01d62b4c9cdad169
Faulting application path: C:\Users\wxy\Desktop\cleanmaster.exe
Faulting module path: C:\Windows\SYSTEM32\KERNELBASE.dll
Report Id: 24d45d31-9740-11ea-825f-080027972bba
Faulting package full name: 
Faulting package-relative application ID: "
Error	11/14/2021 5:23:14 PM	Application Error	1000	(100)	"Faulting application name: cleanmaster.exe, version: 3.7.8.0, time stamp: 0x584618b8
Faulting module name: KERNELBASE.dll, version: 6.3.9600.19653, time stamp: 0x5e5f5922
Exception code: 0xc06d007e
Fault offset: 0x00034e28
Faulting process id: 0x75c
Faulting application start time: 0x01d62b4c9cdad169
Faulting application path: C:\Users\wxy\Desktop\cleanmaster.exe
Faulting module path: C:\Windows\SYSTEM32\KERNELBASE.dll
Report Id: 237f9105-9740-11ea-825f-080027972bba
Faulting package full name: 
Faulting package-relative application ID: "
Error	11/14/2021 5:23:25 PM	Application Error	1000	(100)	"Faulting application name: cleanmaster.exe, version: 3.7.8.0, time stamp: 0x584618b8
Faulting module name: KERNELBASE.dll, version: 6.3.9600.19653, time stamp: 0x5e5f5922
Exception code: 0xc000041d
Fault offset: 0x00034e28
Faulting process id: 0xfc8
Faulting application start time: 0x01d60317160c18f5
Faulting application path: C:\Users\wxy\Desktop\cleanmaster.exe
Faulting module path: C:\Windows\SYSTEM32\KERNELBASE.dll
Report Id: b5b970eb-6f0a-11ea-8258-080027972bba
Faulting package full name: 
Faulting package-relative application ID: "
Error	11/14/2021 5:24:20 PM	Application Error	1000	(100)	"Faulting application name: cleanmaster.exe, version: 3.7.8.0, time stamp: 0x584618b8
Faulting module name: KERNELBASE.dll, version: 6.3.9600.19653, time stamp: 0x5e5f5922
Exception code: 0xc06d007e
Fault offset: 0x00034e28
Faulting process id: 0xfc8
Faulting application start time: 0x01d60317160c18f5
Faulting application path: C:\Users\wxy\Desktop\cleanmaster.exe
Faulting module path: C:\Windows\SYSTEM32\KERNELBASE.dll
Report Id: b3f6b012-6f0a-11ea-8258-080027972bba
Faulting package full name: 
Faulting package-relative application ID: "
