Level	Date and Time	Source	Event ID	Task Category
Error	11/13/2021 6:05:20 PM	Application Error	1000	(100)	"Faulting application name: AcroRd32.exe, version: 19.21.20048.26832, time stamp: 0x5da76dd8
Faulting module name: VCRUNTIME140.dll, version: 14.29.30037.0, time stamp: 0x609de41f
Exception code: 0xc0000005
Fault offset: 0x000032ae
Faulting process id: 0x1298
Faulting application start time: 0x01d7d848e52e95af
Faulting application path: C:\Program Files (x86)\Adobe\Acrobat Reader DC\Reader\AcroRd32.exe
Faulting module path: C:\Windows\SYSTEM32\VCRUNTIME140.dll
Report Id: 2325c90a-443c-11ec-82ad-000c29dd6544
Faulting package full name: 
Faulting package-relative application ID: "
Error	11/13/2021 6:05:24 PM	Application Error	1000	(100)	"Faulting application name: AcroRd32.exe, version: 19.21.20048.26832, time stamp: 0x5da76dd8
Faulting module name: VCRUNTIME140.dll, version: 14.29.30037.0, time stamp: 0x609de41f
Exception code: 0xc0000005
Fault offset: 0x000032ae
Faulting process id: 0x3cc
Faulting application start time: 0x01d7d848c7ebcfe5
Faulting application path: C:\Program Files (x86)\Adobe\Acrobat Reader DC\Reader\AcroRd32.exe
Faulting module path: C:\Windows\SYSTEM32\VCRUNTIME140.dll
Report Id: 0653e30d-443c-11ec-82ad-000c29dd6544
Faulting package full name: 
Faulting package-relative application ID: "
Error	11/13/2021 6:05:28 PM	Application Error	1000	(100)	"Faulting application name: AcroRd32.exe, version: 19.21.20048.26832, time stamp: 0x5da76dd8
Faulting module name: VCRUNTIME140.dll, version: 14.29.30037.0, time stamp: 0x609de41f
Exception code: 0xc0000005
Fault offset: 0x000032ae
Faulting process id: 0xbb0
Faulting application start time: 0x01d7d848c57cca32
Faulting application path: C:\Program Files (x86)\Adobe\Acrobat Reader DC\Reader\AcroRd32.exe
Faulting module path: C:\Windows\SYSTEM32\VCRUNTIME140.dll
Report Id: 036f4297-443c-11ec-82ad-000c29dd6544
Faulting package full name: 
Faulting package-relative application ID: "
Error	11/13/2021 6:05:39 PM	Application Error	1000	(100)	"Faulting application name: AcroRd32.exe, version: 19.21.20048.26832, time stamp: 0x5da76dd8
Faulting module name: VCRUNTIME140.dll, version: 14.29.30037.0, time stamp: 0x609de41f
Exception code: 0xc0000005
Fault offset: 0x000032ae
Faulting process id: 0x578
Faulting application start time: 0x01d7d848a95837ed
Faulting application path: C:\Program Files (x86)\Adobe\Acrobat Reader DC\Reader\AcroRd32.exe
Faulting module path: C:\Windows\SYSTEM32\VCRUNTIME140.dll
Report Id: e7745de3-443b-11ec-82ad-000c29dd6544
Faulting package full name: 
Faulting package-relative application ID: "
Error	11/13/2021 6:05:56 PM	Application Error	1000	(100)	"Faulting application name: AcroRd32.exe, version: 19.21.20048.26832, time stamp: 0x5da76dd8
Faulting module name: VCRUNTIME140.dll, version: 14.29.30037.0, time stamp: 0x609de41f
Exception code: 0xc0000005
Fault offset: 0x000032ae
Faulting process id: 0x13e8
Faulting application start time: 0x01d7d84897c1ed40
Faulting application path: C:\Program Files (x86)\Adobe\Acrobat Reader DC\Reader\AcroRd32.exe
Faulting module path: C:\Windows\SYSTEM32\VCRUNTIME140.dll
Report Id: d5caee09-443b-11ec-82ad-000c29dd6544
Faulting package full name: 
Faulting package-relative application ID: "
Error	11/13/2021 6:06:03 PM	Application Error	1000	(100)	"Faulting application name: AcroRd32.exe, version: 19.21.20048.26832, time stamp: 0x5da76dd8
Faulting module name: VCRUNTIME140.dll, version: 14.29.30037.0, time stamp: 0x609de41f
Exception code: 0xc0000005
Fault offset: 0x000032ae
Faulting process id: 0x1274
Faulting application start time: 0x01d7d8487095c613
Faulting application path: C:\Program Files (x86)\Adobe\Acrobat Reader DC\Reader\AcroRd32.exe
Faulting module path: C:\Windows\SYSTEM32\VCRUNTIME140.dll
Report Id: aeb91114-443b-11ec-82ad-000c29dd6544
Faulting package full name: 
Faulting package-relative application ID: "
Error	11/13/2021 6:06:21 PM	Application Error	1000	(100)	"Faulting application name: AcroRd32.exe, version: 19.21.20048.26832, time stamp: 0x5da76dd8
Faulting module name: VCRUNTIME140.dll, version: 14.29.30037.0, time stamp: 0x609de41f
Exception code: 0xc0000005
Fault offset: 0x000032ae
Faulting process id: 0xce4
Faulting application start time: 0x01d7d8486b07804d
Faulting application path: C:\Program Files (x86)\Adobe\Acrobat Reader DC\Reader\AcroRd32.exe
Faulting module path: C:\Windows\SYSTEM32\VCRUNTIME140.dll
Report Id: a909a4fa-443b-11ec-82ad-000c29dd6544
Faulting package full name: 
Faulting package-relative application ID: "
Error	11/13/2021 6:08:13 PM	Application Error	1000	(100)	"Faulting application name: AcroRd32.exe, version: 19.21.20048.26832, time stamp: 0x5da76dd8
Faulting module name: VCRUNTIME140.dll, version: 14.29.30037.0, time stamp: 0x609de41f
Exception code: 0xc0000005
Fault offset: 0x000032ae
Faulting process id: 0x6d8
Faulting application start time: 0x01d7d848455140b2
Faulting application path: C:\Program Files (x86)\Adobe\Acrobat Reader DC\Reader\AcroRd32.exe
Faulting module path: C:\Windows\SYSTEM32\VCRUNTIME140.dll
Report Id: 83d2ee8c-443b-11ec-82ad-000c29dd6544
Faulting package full name: 
Faulting package-relative application ID: "
Error	11/13/2021 6:11:04 PM	Application Error	1000	(100)	"Faulting application name: AcroRd32.exe, version: 19.21.20048.26832, time stamp: 0x5da76dd8
Faulting module name: VCRUNTIME140.dll, version: 14.29.30037.0, time stamp: 0x609de41f
Exception code: 0xc0000005
Fault offset: 0x000032ae
Faulting process id: 0xcfc
Faulting application start time: 0x01d7d84835a30630
Faulting application path: C:\Program Files (x86)\Adobe\Acrobat Reader DC\Reader\AcroRd32.exe
Faulting module path: C:\Windows\SYSTEM32\VCRUNTIME140.dll
Report Id: 73a9c2ad-443b-11ec-82ad-000c29dd6544
Faulting package full name: 
Faulting package-relative application ID: "
Error	11/13/2021 6:11:11 PM	Application Error	1000	(100)	"Faulting application name: AcroRd32.exe, version: 19.21.20048.26832, time stamp: 0x5da76dd8
Faulting module name: VCRUNTIME140.dll, version: 14.29.30037.0, time stamp: 0x609de41f
Exception code: 0xc0000005
Fault offset: 0x000032ae
Faulting process id: 0x109c
Faulting application start time: 0x01d7d8480e169e83
Faulting application path: C:\Program Files (x86)\Adobe\Acrobat Reader DC\Reader\AcroRd32.exe
Faulting module path: C:\Windows\SYSTEM32\VCRUNTIME140.dll
Report Id: 4c7ded1b-443b-11ec-82ad-000c29dd6544
Faulting package full name: 
Faulting package-relative application ID: "
Error	11/13/2021 6:11:46 PM	Application Error	1000	(100)	"Faulting application name: AcroRd32.exe, version: 19.21.20048.26832, time stamp: 0x5da76dd8
Faulting module name: VCRUNTIME140.dll, version: 14.29.30037.0, time stamp: 0x609de41f
Exception code: 0xc0000005
Fault offset: 0x000032ae
Faulting process id: 0x1290
Faulting application start time: 0x01d7d848087b13d8
Faulting application path: C:\Program Files (x86)\Adobe\Acrobat Reader DC\Reader\AcroRd32.exe
Faulting module path: C:\Windows\SYSTEM32\VCRUNTIME140.dll
Report Id: 483856c2-443b-11ec-82ad-000c29dd6544
Faulting package full name: 
Faulting package-relative application ID: "
Error	11/13/2021 6:11:50 PM	Application Error	1000	(100)	"Faulting application name: AcroRd32.exe, version: 19.21.20048.26832, time stamp: 0x5da76dd8
Faulting module name: VCRUNTIME140.dll, version: 14.29.30037.0, time stamp: 0x609de41f
Exception code: 0xc0000005
Fault offset: 0x000032ae
Faulting process id: 0x13b8
Faulting application start time: 0x01d7d847d1be3080
Faulting application path: C:\Program Files (x86)\Adobe\Acrobat Reader DC\Reader\AcroRd32.exe
Faulting module path: C:\Windows\SYSTEM32\VCRUNTIME140.dll
Report Id: 0fb43b54-443b-11ec-82ad-000c29dd6544
Faulting package full name: 
Faulting package-relative application ID: "
Error	11/13/2021 6:11:54 PM	Application Error	1000	(100)	"Faulting application name: AcroRd32.exe, version: 19.21.20048.26832, time stamp: 0x5da76dd8
Faulting module name: VCRUNTIME140.dll, version: 14.29.30037.0, time stamp: 0x609de41f
Exception code: 0xc0000005
Fault offset: 0x000032ae
Faulting process id: 0xcf4
Faulting application start time: 0x01d7d847c6a27084
Faulting application path: C:\Program Files (x86)\Adobe\Acrobat Reader DC\Reader\AcroRd32.exe
Faulting module path: C:\Windows\SYSTEM32\VCRUNTIME140.dll
Report Id: 04a5b425-443b-11ec-82ad-000c29dd6544
Faulting package full name: 
Faulting package-relative application ID: "
Error	11/13/2021 6:11:58 PM	Application Error	1000	(100)	"Faulting application name: AcroRd32.exe, version: 19.21.20048.26832, time stamp: 0x5da76dd8
Faulting module name: VCRUNTIME140.dll, version: 14.29.30037.0, time stamp: 0x609de41f
Exception code: 0xc0000005
Fault offset: 0x000032ae
Faulting process id: 0xa2c
Faulting application start time: 0x01d7d847bf2154dd
Faulting application path: C:\Program Files (x86)\Adobe\Acrobat Reader DC\Reader\AcroRd32.exe
Faulting module path: C:\Windows\SYSTEM32\VCRUNTIME140.dll
Report Id: fe856a3c-443a-11ec-82ad-000c29dd6544
Faulting package full name: 
Faulting package-relative application ID: "
Error	11/13/2021 6:12:30 PM	Application Error	1000	(100)	"Faulting application name: AcroRd32.exe, version: 19.21.20048.26832, time stamp: 0x5da76dd8
Faulting module name: VCRUNTIME140.dll, version: 14.29.30037.0, time stamp: 0x609de41f
Exception code: 0xc0000005
Fault offset: 0x000032ae
Faulting process id: 0x12c8
Faulting application start time: 0x01d7d847bca7b8d2
Faulting application path: C:\Program Files (x86)\Adobe\Acrobat Reader DC\Reader\AcroRd32.exe
Faulting module path: C:\Windows\SYSTEM32\VCRUNTIME140.dll
Report Id: fab7cd45-443a-11ec-82ad-000c29dd6544
Faulting package full name: 
Faulting package-relative application ID: "
Error	11/13/2021 6:13:16 PM	Application Error	1000	(100)	"Faulting application name: AcroRd32.exe, version: 19.21.20048.26832, time stamp: 0x5da76dd8
Faulting module name: VCRUNTIME140.dll, version: 14.29.30037.0, time stamp: 0x609de41f
Exception code: 0xc0000005
Fault offset: 0x000032ae
Faulting process id: 0x7b0
Faulting application start time: 0x01d7d847ad4020c4
Faulting application path: C:\Program Files (x86)\Adobe\Acrobat Reader DC\Reader\AcroRd32.exe
Faulting module path: C:\Windows\SYSTEM32\VCRUNTIME140.dll
Report Id: eb43ff45-443a-11ec-82ad-000c29dd6544
Faulting package full name: 
Faulting package-relative application ID: "
Error	11/13/2021 6:13:28 PM	Application Error	1000	(100)	"Faulting application name: AcroRd32.exe, version: 19.21.20048.26832, time stamp: 0x5da76dd8
Faulting module name: VCRUNTIME140.dll, version: 14.29.30037.0, time stamp: 0x609de41f
Exception code: 0xc0000005
Fault offset: 0x000032ae
Faulting process id: 0x208
Faulting application start time: 0x01d7d8477421b65c
Faulting application path: C:\Program Files (x86)\Adobe\Acrobat Reader DC\Reader\AcroRd32.exe
Faulting module path: C:\Windows\SYSTEM32\VCRUNTIME140.dll
Report Id: b304a5d1-443a-11ec-82ad-000c29dd6544
Faulting package full name: 
Faulting package-relative application ID: "
Error	11/13/2021 6:14:31 PM	Application Error	1000	(100)	"Faulting application name: AcroRd32.exe, version: 19.21.20048.26832, time stamp: 0x5da76dd8
Faulting module name: VCRUNTIME140.dll, version: 14.29.30037.0, time stamp: 0x609de41f
Exception code: 0xc0000005
Fault offset: 0x000032ae
Faulting process id: 0x10c4
Faulting application start time: 0x01d7d847546141d0
Faulting application path: C:\Program Files (x86)\Adobe\Acrobat Reader DC\Reader\AcroRd32.exe
Faulting module path: C:\Windows\SYSTEM32\VCRUNTIME140.dll
Report Id: 93d1f37c-443a-11ec-82ad-000c29dd6544
Faulting package full name: 
Faulting package-relative application ID: "
Error	11/13/2021 6:17:21 PM	Application Error	1000	(100)	"Faulting application name: AcroRd32.exe, version: 19.21.20048.26832, time stamp: 0x5da76dd8
Faulting module name: VCRUNTIME140.dll, version: 14.29.30037.0, time stamp: 0x609de41f
Exception code: 0xc0000005
Fault offset: 0x000032ae
Faulting process id: 0xc14
Faulting application start time: 0x01d7d847215b39de
Faulting application path: C:\Program Files (x86)\Adobe\Acrobat Reader DC\Reader\AcroRd32.exe
Faulting module path: C:\Windows\SYSTEM32\VCRUNTIME140.dll
Report Id: 5f511920-443a-11ec-82ad-000c29dd6544
Faulting package full name: 
Faulting package-relative application ID: "
Error	11/13/2021 6:17:44 PM	Application Error	1000	(100)	"Faulting application name: AcroRd32.exe, version: 19.21.20048.26832, time stamp: 0x5da76dd8
Faulting module name: VCRUNTIME140.dll, version: 14.29.30037.0, time stamp: 0x609de41f
Exception code: 0xc0000005
Fault offset: 0x000032ae
Faulting process id: 0x1114
Faulting application start time: 0x01d7d8471b47cbca
Faulting application path: C:\Program Files (x86)\Adobe\Acrobat Reader DC\Reader\AcroRd32.exe
Faulting module path: C:\Windows\SYSTEM32\VCRUNTIME140.dll
Report Id: 5caa249c-443a-11ec-82ad-000c29dd6544
Faulting package full name: 
Faulting package-relative application ID: "
Error	11/13/2021 6:18:45 PM	Application Error	1000	(100)	"Faulting application name: AcroRd32.exe, version: 19.21.20048.26832, time stamp: 0x5da76dd8
Faulting module name: VCRUNTIME140.dll, version: 14.29.30037.0, time stamp: 0x609de41f
Exception code: 0xc0000005
Fault offset: 0x000032ae
Faulting process id: 0x7f4
Faulting application start time: 0x01d7d8470fa9d967
Faulting application path: C:\Program Files (x86)\Adobe\Acrobat Reader DC\Reader\AcroRd32.exe
Faulting module path: C:\Windows\SYSTEM32\VCRUNTIME140.dll
Report Id: 4d8bbfc5-443a-11ec-82ad-000c29dd6544
Faulting package full name: 
Faulting package-relative application ID: "
Error	11/13/2021 6:18:53 PM	Application Error	1000	(100)	"Faulting application name: AcroRd32.exe, version: 19.21.20048.26832, time stamp: 0x5da76dd8
Faulting module name: VCRUNTIME140.dll, version: 14.29.30037.0, time stamp: 0x609de41f
Exception code: 0xc0000005
Fault offset: 0x000032ae
Faulting process id: 0x1244
Faulting application start time: 0x01d7d8470d39f854
Faulting application path: C:\Program Files (x86)\Adobe\Acrobat Reader DC\Reader\AcroRd32.exe
Faulting module path: C:\Windows\SYSTEM32\VCRUNTIME140.dll
Report Id: 4b7ed615-443a-11ec-82ad-000c29dd6544
Faulting package full name: 
Faulting package-relative application ID: "
Error	11/13/2021 6:20:07 PM	Application Error	1000	(100)	"Faulting application name: AcroRd32.exe, version: 19.21.20048.26832, time stamp: 0x5da76dd8
Faulting module name: VCRUNTIME140.dll, version: 14.29.30037.0, time stamp: 0x609de41f
Exception code: 0xc0000005
Fault offset: 0x000032ae
Faulting process id: 0x1250
Faulting application start time: 0x01d7d8470588e6b8
Faulting application path: C:\Program Files (x86)\Adobe\Acrobat Reader DC\Reader\AcroRd32.exe
Faulting module path: C:\Windows\SYSTEM32\VCRUNTIME140.dll
Report Id: 43bc7aaf-443a-11ec-82ad-000c29dd6544
Faulting package full name: 
Faulting package-relative application ID: "
Error	11/13/2021 6:20:49 PM	Application Error	1000	(100)	"Faulting application name: AcroRd32.exe, version: 19.21.20048.26832, time stamp: 0x5da76dd8
Faulting module name: VCRUNTIME140.dll, version: 14.29.30037.0, time stamp: 0x609de41f
Exception code: 0xc0000005
Fault offset: 0x000032ae
Faulting process id: 0x11c4
Faulting application start time: 0x01d7d8469827eefe
Faulting application path: C:\Program Files (x86)\Adobe\Acrobat Reader DC\Reader\AcroRd32.exe
Faulting module path: C:\Windows\SYSTEM32\VCRUNTIME140.dll
Report Id: d6268710-4439-11ec-82ad-000c29dd6544
Faulting package full name: 
Faulting package-relative application ID: "
Error	11/13/2021 6:21:24 PM	Application Error	1000	(100)	"Faulting application name: AcroRd32.exe, version: 19.21.20048.26832, time stamp: 0x5da76dd8
Faulting module name: VCRUNTIME140.dll, version: 14.29.30037.0, time stamp: 0x609de41f
Exception code: 0xc0000005
Fault offset: 0x000032ae
Faulting process id: 0xc88
Faulting application start time: 0x01d7d84695b88907
Faulting application path: C:\Program Files (x86)\Adobe\Acrobat Reader DC\Reader\AcroRd32.exe
Faulting module path: C:\Windows\SYSTEM32\VCRUNTIME140.dll
Report Id: d3ab697f-4439-11ec-82ad-000c29dd6544
Faulting package full name: 
Faulting package-relative application ID: "
Error	11/13/2021 6:21:41 PM	Application Error	1000	(100)	"Faulting application name: AcroRd32.exe, version: 19.21.20048.26832, time stamp: 0x5da76dd8
Faulting module name: VCRUNTIME140.dll, version: 14.29.30037.0, time stamp: 0x609de41f
Exception code: 0xc0000005
Fault offset: 0x000032ae
Faulting process id: 0xdb4
Faulting application start time: 0x01d7d846933c6c43
Faulting application path: C:\Program Files (x86)\Adobe\Acrobat Reader DC\Reader\AcroRd32.exe
Faulting module path: C:\Windows\SYSTEM32\VCRUNTIME140.dll
Report Id: d121bdd0-4439-11ec-82ad-000c29dd6544
Faulting package full name: 
Faulting package-relative application ID: "
Error	11/13/2021 6:21:44 PM	Application Error	1000	(100)	"Faulting application name: AcroRd32.exe, version: 19.21.20048.26832, time stamp: 0x5da76dd8
Faulting module name: VCRUNTIME140.dll, version: 14.29.30037.0, time stamp: 0x609de41f
Exception code: 0xc0000005
Fault offset: 0x000032ae
Faulting process id: 0x4f8
Faulting application start time: 0x01d7d8466db4fbe4
Faulting application path: C:\Program Files (x86)\Adobe\Acrobat Reader DC\Reader\AcroRd32.exe
Faulting module path: C:\Windows\SYSTEM32\VCRUNTIME140.dll
Report Id: abb675d7-4439-11ec-82ad-000c29dd6544
Faulting package full name: 
Faulting package-relative application ID: "
Error	11/13/2021 6:21:48 PM	Application Error	1000	(100)	"Faulting application name: AcroRd32.exe, version: 19.21.20048.26832, time stamp: 0x5da76dd8
Faulting module name: VCRUNTIME140.dll, version: 14.29.30037.0, time stamp: 0x609de41f
Exception code: 0xc0000005
Fault offset: 0x000032ae
Faulting process id: 0xdf8
Faulting application start time: 0x01d7d8466b31900a
Faulting application path: C:\Program Files (x86)\Adobe\Acrobat Reader DC\Reader\AcroRd32.exe
Faulting module path: C:\Windows\SYSTEM32\VCRUNTIME140.dll
Report Id: a96f27c4-4439-11ec-82ad-000c29dd6544
Faulting package full name: 
Faulting package-relative application ID: "
Error	11/13/2021 6:22:49 PM	Application Error	1000	(100)	"Faulting application name: AcroRd32.exe, version: 19.21.20048.26832, time stamp: 0x5da76dd8
Faulting module name: VCRUNTIME140.dll, version: 14.29.30037.0, time stamp: 0x609de41f
Exception code: 0xc0000005
Fault offset: 0x000032ae
Faulting process id: 0x11a0
Faulting application start time: 0x01d7d844ab419b07
Faulting application path: C:\Program Files (x86)\Adobe\Acrobat Reader DC\Reader\AcroRd32.exe
Faulting module path: C:\Windows\SYSTEM32\VCRUNTIME140.dll
Report Id: e953fdbd-4437-11ec-82ad-000c29dd6544
Faulting package full name: 
Faulting package-relative application ID: "
Error	11/13/2021 6:23:11 PM	Application Error	1000	(100)	"Faulting application name: AcroRd32.exe, version: 19.21.20048.26832, time stamp: 0x5da76dd8
Faulting module name: VCRUNTIME140.dll, version: 14.29.30037.0, time stamp: 0x609de41f
Exception code: 0xc0000005
Fault offset: 0x000032ae
Faulting process id: 0x10a0
Faulting application start time: 0x01d7d844972acb6e
Faulting application path: C:\Program Files (x86)\Adobe\Acrobat Reader DC\Reader\AcroRd32.exe
Faulting module path: C:\Windows\SYSTEM32\VCRUNTIME140.dll
Report Id: de3ee95d-4437-11ec-82ad-000c29dd6544
Faulting package full name: 
Faulting package-relative application ID: "
Error	11/13/2021 6:23:15 PM	Application Error	1000	(100)	"Faulting application name: AcroRd32.exe, version: 19.21.20048.26832, time stamp: 0x5da76dd8
Faulting module name: VCRUNTIME140.dll, version: 14.29.30037.0, time stamp: 0x609de41f
Exception code: 0xc0000005
Fault offset: 0x000032ae
Faulting process id: 0xc68
Faulting application start time: 0x01d7d84487677b15
Faulting application path: C:\Program Files (x86)\Adobe\Acrobat Reader DC\Reader\AcroRd32.exe
Faulting module path: C:\Windows\SYSTEM32\VCRUNTIME140.dll
Report Id: c57cc86f-4437-11ec-82ad-000c29dd6544
Faulting package full name: 
Faulting package-relative application ID: "
Error	11/13/2021 6:24:01 PM	Application Error	1000	(100)	"Faulting application name: AcroRd32.exe, version: 19.21.20048.26832, time stamp: 0x5da76dd8
Faulting module name: VCRUNTIME140.dll, version: 14.29.30037.0, time stamp: 0x609de41f
Exception code: 0xc0000005
Fault offset: 0x000032ae
Faulting process id: 0x12fc
Faulting application start time: 0x01d7d8446f8a148c
Faulting application path: C:\Program Files (x86)\Adobe\Acrobat Reader DC\Reader\AcroRd32.exe
Faulting module path: C:\Windows\SYSTEM32\VCRUNTIME140.dll
Report Id: ae429e74-4437-11ec-82ad-000c29dd6544
Faulting package full name: 
Faulting package-relative application ID: "
Error	11/13/2021 6:25:27 PM	Application Error	1000	(100)	"Faulting application name: AcroRd32.exe, version: 19.21.20048.26832, time stamp: 0x5da76dd8
Faulting module name: VCRUNTIME140.dll, version: 14.29.30037.0, time stamp: 0x609de41f
Exception code: 0xc0000005
Fault offset: 0x000032ae
Faulting process id: 0x6bc
Faulting application start time: 0x01d7d844330664e9
Faulting application path: C:\Program Files (x86)\Adobe\Acrobat Reader DC\Reader\AcroRd32.exe
Faulting module path: C:\Windows\SYSTEM32\VCRUNTIME140.dll
Report Id: 71082c3b-4437-11ec-82ad-000c29dd6544
Faulting package full name: 
Faulting package-relative application ID: "
Error	11/13/2021 6:26:19 PM	Application Error	1000	(100)	"Faulting application name: AcroRd32.exe, version: 19.21.20048.26832, time stamp: 0x5da76dd8
Faulting module name: VCRUNTIME140.dll, version: 14.29.30037.0, time stamp: 0x609de41f
Exception code: 0xc0000005
Fault offset: 0x000032ae
Faulting process id: 0xaf0
Faulting application start time: 0x01d7d843f58ad1d8
Faulting application path: C:\Program Files (x86)\Adobe\Acrobat Reader DC\Reader\AcroRd32.exe
Faulting module path: C:\Windows\SYSTEM32\VCRUNTIME140.dll
Report Id: 3375f21c-4437-11ec-82ad-000c29dd6544
Faulting package full name: 
Faulting package-relative application ID: "
Error	11/13/2021 6:26:37 PM	Application Error	1000	(100)	"Faulting application name: AcroRd32.exe, version: 19.21.20048.26832, time stamp: 0x5da76dd8
Faulting module name: VCRUNTIME140.dll, version: 14.29.30037.0, time stamp: 0x609de41f
Exception code: 0xc0000005
Fault offset: 0x000032ae
Faulting process id: 0x7bc
Faulting application start time: 0x01d7d843ee567ac4
Faulting application path: C:\Program Files (x86)\Adobe\Acrobat Reader DC\Reader\AcroRd32.exe
Faulting module path: C:\Windows\SYSTEM32\VCRUNTIME140.dll
Report Id: 2c5c9254-4437-11ec-82ad-000c29dd6544
Faulting package full name: 
Faulting package-relative application ID: "
Error	11/13/2021 6:26:49 PM	Application Error	1000	(100)	"Faulting application name: AcroRd32.exe, version: 19.21.20048.26832, time stamp: 0x5da76dd8
Faulting module name: VCRUNTIME140.dll, version: 14.29.30037.0, time stamp: 0x609de41f
Exception code: 0xc0000005
Fault offset: 0x000032ae
Faulting process id: 0xcf0
Faulting application start time: 0x01d7d843cd72c339
Faulting application path: C:\Program Files (x86)\Adobe\Acrobat Reader DC\Reader\AcroRd32.exe
Faulting module path: C:\Windows\SYSTEM32\VCRUNTIME140.dll
Report Id: 0e86e6ca-4437-11ec-82ad-000c29dd6544
Faulting package full name: 
Faulting package-relative application ID: "
Error	11/13/2021 6:26:53 PM	Application Error	1000	(100)	"Faulting application name: AcroRd32.exe, version: 19.21.20048.26832, time stamp: 0x5da76dd8
Faulting module name: VCRUNTIME140.dll, version: 14.29.30037.0, time stamp: 0x609de41f
Exception code: 0xc0000005
Fault offset: 0x000032ae
Faulting process id: 0xd64
Faulting application start time: 0x01d7d843caf66582
Faulting application path: C:\Program Files (x86)\Adobe\Acrobat Reader DC\Reader\AcroRd32.exe
Faulting module path: C:\Windows\SYSTEM32\VCRUNTIME140.dll
Report Id: 08e483c2-4437-11ec-82ad-000c29dd6544
Faulting package full name: 
Faulting package-relative application ID: "
Error	11/13/2021 6:27:51 PM	Application Error	1000	(100)	"Faulting application name: AcroRd32.exe, version: 19.21.20048.26832, time stamp: 0x5da76dd8
Faulting module name: VCRUNTIME140.dll, version: 14.29.30037.0, time stamp: 0x609de41f
Exception code: 0xc0000005
Fault offset: 0x000032ae
Faulting process id: 0x918
Faulting application start time: 0x01d7d84387e61271
Faulting application path: C:\Program Files (x86)\Adobe\Acrobat Reader DC\Reader\AcroRd32.exe
Faulting module path: C:\Windows\SYSTEM32\VCRUNTIME140.dll
Report Id: ca4081a2-4436-11ec-82ad-000c29dd6544
Faulting package full name: 
Faulting package-relative application ID: "
Error	11/13/2021 6:28:14 PM	Application Error	1000	(100)	"Faulting application name: AcroRd32.exe, version: 19.21.20048.26832, time stamp: 0x5da76dd8
Faulting module name: ucrtbase.DLL, version: 10.0.14393.2990, time stamp: 0x5caeb859
Exception code: 0xc0000409
Fault offset: 0x000884cb
Faulting process id: 0x914
Faulting application start time: 0x01d7d843712050dc
Faulting application path: C:\Program Files (x86)\Adobe\Acrobat Reader DC\Reader\AcroRd32.exe
Faulting module path: C:\Windows\SYSTEM32\ucrtbase.DLL
Report Id: c4852919-4436-11ec-82ad-000c29dd6544
Faulting package full name: 
Faulting package-relative application ID: "
Error	11/13/2021 6:29:03 PM	Application Error	1000	(100)	"Faulting application name: AcroRd32.exe, version: 19.21.20048.26832, time stamp: 0x5da76dd8
Faulting module name: VCRUNTIME140.dll, version: 14.29.30037.0, time stamp: 0x609de41f
Exception code: 0xc0000005
Fault offset: 0x000032ae
Faulting process id: 0x1178
Faulting application start time: 0x01d7d8432965efea
Faulting application path: C:\Program Files (x86)\Adobe\Acrobat Reader DC\Reader\AcroRd32.exe
Faulting module path: C:\Windows\SYSTEM32\VCRUNTIME140.dll
Report Id: 6942686e-4436-11ec-82ad-000c29dd6544
Faulting package full name: 
Faulting package-relative application ID: "
Error	11/13/2021 6:29:29 PM	Application Error	1000	(100)	"Faulting application name: AcroRd32.exe, version: 19.21.20048.26832, time stamp: 0x5da76dd8
Faulting module name: VCRUNTIME140.dll, version: 14.29.30037.0, time stamp: 0x609de41f
Exception code: 0xc0000005
Fault offset: 0x000032ae
Faulting process id: 0xbb4
Faulting application start time: 0x01d7d842fd9bc4fb
Faulting application path: C:\Program Files (x86)\Adobe\Acrobat Reader DC\Reader\AcroRd32.exe
Faulting module path: C:\Windows\SYSTEM32\VCRUNTIME140.dll
Report Id: 477ad21e-4436-11ec-82ad-000c29dd6544
Faulting package full name: 
Faulting package-relative application ID: "
Error	11/13/2021 6:30:25 PM	Application Error	1000	(100)	"Faulting application name: AcroRd32.exe, version: 19.21.20048.26832, time stamp: 0x5da76dd8
Faulting module name: VCRUNTIME140.dll, version: 14.29.30037.0, time stamp: 0x609de41f
Exception code: 0xc0000005
Fault offset: 0x000032ae
Faulting process id: 0x410
Faulting application start time: 0x01d7d842f40f3d96
Faulting application path: C:\Program Files (x86)\Adobe\Acrobat Reader DC\Reader\AcroRd32.exe
Faulting module path: C:\Windows\SYSTEM32\VCRUNTIME140.dll
Report Id: 3a0b52c7-4436-11ec-82ad-000c29dd6544
Faulting package full name: 
Faulting package-relative application ID: "
Error	11/13/2021 6:30:59 PM	Application Error	1000	(100)	"Faulting application name: AcroRd32.exe, version: 19.21.20048.26832, time stamp: 0x5da76dd8
Faulting module name: VCRUNTIME140.dll, version: 14.29.30037.0, time stamp: 0x609de41f
Exception code: 0xc0000005
Fault offset: 0x000032ae
Faulting process id: 0xbd0
Faulting application start time: 0x01d7d842f02cc8f8
Faulting application path: C:\Program Files (x86)\Adobe\Acrobat Reader DC\Reader\AcroRd32.exe
Faulting module path: C:\Windows\SYSTEM32\VCRUNTIME140.dll
Report Id: 2fe16c36-4436-11ec-82ad-000c29dd6544
Faulting package full name: 
Faulting package-relative application ID: "
Error	11/13/2021 6:36:39 PM	Application Error	1000	(100)	"Faulting application name: AcroRd32.exe, version: 19.21.20048.26832, time stamp: 0x5da76dd8
Faulting module name: VCRUNTIME140.dll, version: 14.29.30037.0, time stamp: 0x609de41f
Exception code: 0xc0000005
Fault offset: 0x000032ae
Faulting process id: 0x7bc
Faulting application start time: 0x01d7d842c184bf8b
Faulting application path: C:\Program Files (x86)\Adobe\Acrobat Reader DC\Reader\AcroRd32.exe
Faulting module path: C:\Windows\SYSTEM32\VCRUNTIME140.dll
Report Id: ffdc50cd-4435-11ec-82ad-000c29dd6544
Faulting package full name: 
Faulting package-relative application ID: "
Error	11/13/2021 6:38:28 PM	Application Error	1000	(100)	"Faulting application name: AcroRd32.exe, version: 19.21.20048.26832, time stamp: 0x5da76dd8
Faulting module name: VCRUNTIME140.dll, version: 14.29.30037.0, time stamp: 0x609de41f
Exception code: 0xc0000005
Fault offset: 0x000032ae
Faulting process id: 0x8b8
Faulting application start time: 0x01d7d8428fd2dde1
Faulting application path: C:\Program Files (x86)\Adobe\Acrobat Reader DC\Reader\AcroRd32.exe
Faulting module path: C:\Windows\SYSTEM32\VCRUNTIME140.dll
Report Id: cebaaebb-4435-11ec-82ad-000c29dd6544
Faulting package full name: 
Faulting package-relative application ID: "
Error	11/13/2021 6:38:38 PM	Application Error	1000	(100)	"Faulting application name: AcroRd32.exe, version: 19.21.20048.26832, time stamp: 0x5da76dd8
Faulting module name: VCRUNTIME140.dll, version: 14.29.30037.0, time stamp: 0x609de41f
Exception code: 0xc0000005
Fault offset: 0x000032ae
Faulting process id: 0x600
Faulting application start time: 0x01d7d841b002e76d
Faulting application path: C:\Program Files (x86)\Adobe\Acrobat Reader DC\Reader\AcroRd32.exe
Faulting module path: C:\Windows\SYSTEM32\VCRUNTIME140.dll
Report Id: f0aad1a3-4434-11ec-82ad-000c29dd6544
Faulting package full name: 
Faulting package-relative application ID: "
Error	11/13/2021 6:39:36 PM	Application Error	1000	(100)	"Faulting application name: AcroRd32.exe, version: 19.21.20048.26832, time stamp: 0x5da76dd8
Faulting module name: VCRUNTIME140.dll, version: 14.29.30037.0, time stamp: 0x609de41f
Exception code: 0xc0000005
Fault offset: 0x000032ae
Faulting process id: 0xb90
Faulting application start time: 0x01d7d841769ea58e
Faulting application path: C:\Program Files (x86)\Adobe\Acrobat Reader DC\Reader\AcroRd32.exe
Faulting module path: C:\Windows\SYSTEM32\VCRUNTIME140.dll
Report Id: b549e0e4-4434-11ec-82ad-000c29dd6544
Faulting package full name: 
Faulting package-relative application ID: "
Error	11/13/2021 6:40:32 PM	Application Error	1000	(100)	"Faulting application name: AcroRd32.exe, version: 19.21.20048.26832, time stamp: 0x5da76dd8
Faulting module name: VCRUNTIME140.dll, version: 14.29.30037.0, time stamp: 0x609de41f
Exception code: 0xc0000005
Fault offset: 0x000032ae
Faulting process id: 0x5b0
Faulting application start time: 0x01d7d84170e172ec
Faulting application path: C:\Program Files (x86)\Adobe\Acrobat Reader DC\Reader\AcroRd32.exe
Faulting module path: C:\Windows\SYSTEM32\VCRUNTIME140.dll
Report Id: b17a2d8d-4434-11ec-82ad-000c29dd6544
Faulting package full name: 
Faulting package-relative application ID: "
Error	11/13/2021 6:40:35 PM	Application Error	1000	(100)	"Faulting application name: AcroRd32.exe, version: 19.21.20048.26832, time stamp: 0x5da76dd8
Faulting module name: VCRUNTIME140.dll, version: 14.29.30037.0, time stamp: 0x609de41f
Exception code: 0xc0000005
Fault offset: 0x000032ae
Faulting process id: 0x95c
Faulting application start time: 0x01d7d841410a7887
Faulting application path: C:\Program Files (x86)\Adobe\Acrobat Reader DC\Reader\AcroRd32.exe
Faulting module path: C:\Windows\SYSTEM32\VCRUNTIME140.dll
Report Id: 814a7783-4434-11ec-82ad-000c29dd6544
Faulting package full name: 
Faulting package-relative application ID: "
Error	11/13/2021 6:42:39 PM	Application Error	1000	(100)	"Faulting application name: AcroRd32.exe, version: 19.21.20048.26832, time stamp: 0x5da76dd8
Faulting module name: VCRUNTIME140.dll, version: 14.29.30037.0, time stamp: 0x609de41f
Exception code: 0xc0000005
Fault offset: 0x000032ae
Faulting process id: 0x284
Faulting application start time: 0x01d7d841175f9e64
Faulting application path: C:\Program Files (x86)\Adobe\Acrobat Reader DC\Reader\AcroRd32.exe
Faulting module path: C:\Windows\SYSTEM32\VCRUNTIME140.dll
Report Id: 578eef47-4434-11ec-82ad-000c29dd6544
Faulting package full name: 
Faulting package-relative application ID: "
Error	11/13/2021 6:42:42 PM	Application Error	1000	(100)	"Faulting application name: AcroRd32.exe, version: 19.21.20048.26832, time stamp: 0x5da76dd8
Faulting module name: VCRUNTIME140.dll, version: 14.29.30037.0, time stamp: 0x609de41f
Exception code: 0xc0000005
Fault offset: 0x000032ae
Faulting process id: 0x4b4
Faulting application start time: 0x01d7d840a8b43beb
Faulting application path: C:\Program Files (x86)\Adobe\Acrobat Reader DC\Reader\AcroRd32.exe
Faulting module path: C:\Windows\SYSTEM32\VCRUNTIME140.dll
Report Id: f418c280-4433-11ec-82ad-000c29dd6544
Faulting package full name: 
Faulting package-relative application ID: "
Error	11/13/2021 6:43:25 PM	Application Error	1000	(100)	"Faulting application name: AcroRd32.exe, version: 19.21.20048.26832, time stamp: 0x5da76dd8
Faulting module name: VCRUNTIME140.dll, version: 14.29.30037.0, time stamp: 0x609de41f
Exception code: 0xc0000005
Fault offset: 0x000032ae
Faulting process id: 0x7e0
Faulting application start time: 0x01d7d84058ed24a5
Faulting application path: C:\Program Files (x86)\Adobe\Acrobat Reader DC\Reader\AcroRd32.exe
Faulting module path: C:\Windows\SYSTEM32\VCRUNTIME140.dll
Report Id: 9d539b0e-4433-11ec-82ad-000c29dd6544
Faulting package full name: 
Faulting package-relative application ID: "
Error	11/13/2021 6:43:30 PM	Application Error	1000	(100)	"Faulting application name: AcroRd32.exe, version: 19.21.20048.26832, time stamp: 0x5da76dd8
Faulting module name: VCRUNTIME140.dll, version: 14.29.30037.0, time stamp: 0x609de41f
Exception code: 0xc0000005
Fault offset: 0x000032ae
Faulting process id: 0x724
Faulting application start time: 0x01d7d84048465c55
Faulting application path: C:\Program Files (x86)\Adobe\Acrobat Reader DC\Reader\AcroRd32.exe
Faulting module path: C:\Windows\SYSTEM32\VCRUNTIME140.dll
Report Id: 882faa0d-4433-11ec-82ad-000c29dd6544
Faulting package full name: 
Faulting package-relative application ID: "
Error	11/13/2021 6:44:57 PM	Application Error	1000	(100)	"Faulting application name: AcroRd32.exe, version: 19.21.20048.26832, time stamp: 0x5da76dd8
Faulting module name: VCRUNTIME140.dll, version: 14.29.30037.0, time stamp: 0x609de41f
Exception code: 0xc0000005
Fault offset: 0x000032ae
Faulting process id: 0xb04
Faulting application start time: 0x01d7d8400fdb0056
Faulting application path: C:\Program Files (x86)\Adobe\Acrobat Reader DC\Reader\AcroRd32.exe
Faulting module path: C:\Windows\SYSTEM32\VCRUNTIME140.dll
Report Id: 54f075f8-4433-11ec-82ad-000c29dd6544
Faulting package full name: 
Faulting package-relative application ID: "
Error	11/13/2021 6:48:53 PM	Application Error	1000	(100)	"Faulting application name: AcroRd32.exe, version: 19.21.20048.26832, time stamp: 0x5da76dd8
Faulting module name: VCRUNTIME140.dll, version: 14.29.30037.0, time stamp: 0x609de41f
Exception code: 0xc0000005
Fault offset: 0x000032ae
Faulting process id: 0x888
Faulting application start time: 0x01d7d840088adf11
Faulting application path: C:\Program Files (x86)\Adobe\Acrobat Reader DC\Reader\AcroRd32.exe
Faulting module path: C:\Windows\SYSTEM32\VCRUNTIME140.dll
Report Id: 4b766087-4433-11ec-82ad-000c29dd6544
Faulting package full name: 
Faulting package-relative application ID: "
Error	11/13/2021 6:48:58 PM	Application Error	1000	(100)	"Faulting application name: AcroRd32.exe, version: 19.21.20048.26832, time stamp: 0x5da76dd8
Faulting module name: VCRUNTIME140.dll, version: 14.29.30037.0, time stamp: 0x609de41f
Exception code: 0xc0000005
Fault offset: 0x000032ae
Faulting process id: 0xb84
Faulting application start time: 0x01d7d83fdc99b512
Faulting application path: C:\Program Files (x86)\Adobe\Acrobat Reader DC\Reader\AcroRd32.exe
Faulting module path: C:\Windows\SYSTEM32\VCRUNTIME140.dll
Report Id: 1aac104f-4433-11ec-82ad-000c29dd6544
Faulting package full name: 
Faulting package-relative application ID: "
Error	11/13/2021 6:49:14 PM	Application Error	1000	(100)	"Faulting application name: AcroRd32.exe, version: 19.21.20048.26832, time stamp: 0x5da76dd8
Faulting module name: VCRUNTIME140.dll, version: 14.29.30037.0, time stamp: 0x609de41f
Exception code: 0xc0000005
Fault offset: 0x000032ae
Faulting process id: 0x284
Faulting application start time: 0x01d7d83fd5e3edb4
Faulting application path: C:\Program Files (x86)\Adobe\Acrobat Reader DC\Reader\AcroRd32.exe
Faulting module path: C:\Windows\SYSTEM32\VCRUNTIME140.dll
Report Id: 1862367f-4433-11ec-82ad-000c29dd6544
Faulting package full name: 
Faulting package-relative application ID: "
Error	11/13/2021 6:49:23 PM	Application Error	1000	(100)	"Faulting application name: AcroRd32.exe, version: 19.21.20048.26832, time stamp: 0x5da76dd8
Faulting module name: VCRUNTIME140.dll, version: 14.29.30037.0, time stamp: 0x609de41f
Exception code: 0xc0000005
Fault offset: 0x000032ae
Faulting process id: 0x3e8
Faulting application start time: 0x01d7d83fc1b0947d
Faulting application path: C:\Program Files (x86)\Adobe\Acrobat Reader DC\Reader\AcroRd32.exe
Faulting module path: C:\Windows\SYSTEM32\VCRUNTIME140.dll
Report Id: 0260b808-4433-11ec-82ad-000c29dd6544
Faulting package full name: 
Faulting package-relative application ID: "
Error	11/13/2021 6:50:37 PM	Application Error	1000	(100)	"Faulting application name: AcroRd32.exe, version: 19.21.20048.26832, time stamp: 0x5da76dd8
Faulting module name: VCRUNTIME140.dll, version: 14.29.30037.0, time stamp: 0x609de41f
Exception code: 0xc0000005
Fault offset: 0x000032ae
Faulting process id: 0x8c0
Faulting application start time: 0x01d7d83f46715143
Faulting application path: C:\Program Files (x86)\Adobe\Acrobat Reader DC\Reader\AcroRd32.exe
Faulting module path: C:\Windows\SYSTEM32\VCRUNTIME140.dll
Report Id: 85aa4067-4432-11ec-82ad-000c29dd6544
Faulting package full name: 
Faulting package-relative application ID: "
Error	11/13/2021 6:50:42 PM	Application Error	1000	(100)	"Faulting application name: AcroRd32.exe, version: 19.21.20048.26832, time stamp: 0x5da76dd8
Faulting module name: VCRUNTIME140.dll, version: 14.29.30037.0, time stamp: 0x609de41f
Exception code: 0xc0000005
Fault offset: 0x000032ae
Faulting process id: 0xb08
Faulting application start time: 0x01d7d83f131c530d
Faulting application path: C:\Program Files (x86)\Adobe\Acrobat Reader DC\Reader\AcroRd32.exe
Faulting module path: C:\Windows\SYSTEM32\VCRUNTIME140.dll
Report Id: 537bf5cc-4432-11ec-82ad-000c29dd6544
Faulting package full name: 
Faulting package-relative application ID: "
Error	11/13/2021 6:50:48 PM	Application Error	1000	(100)	"Faulting application name: FoxitReader.exe, version: 10.1.1.37576, time stamp: 0x5fbba2e5
Faulting module name: dbghelp.dll, version: 6.3.9600.17787, time stamp: 0x551b5864
Exception code: 0xc0000409
Fault offset: 0x000f703f
Faulting process id: 0x4e0
Faulting application start time: 0x01d7d7681b2741b5
Faulting application path: C:\Program Files (x86)\Foxit Software\Foxit Reader\FoxitReader.exe
Faulting module path: C:\Windows\SYSTEM32\dbghelp.dll
Report Id: 63eb525a-435b-11ec-82ad-000c29dd6544
Faulting package full name: 
Faulting package-relative application ID: "
Error	11/13/2021 6:50:52 PM	Application Error	1000	(100)	"Faulting application name: VMwareHostOpen.exe, version: 11.1.5.22735, time stamp: 0x5f31572f
Faulting module name: KERNELBASE.dll, version: 6.3.9600.19724, time stamp: 0x5ec5262a
Exception code: 0x80000003
Fault offset: 0x00000000000ddca2
Faulting process id: 0xbf4
Faulting application start time: 0x01d7d75f2c8b99a5
Faulting application path: C:\Program Files\VMware\VMware Tools\VMwareHostOpen.exe
Faulting module path: C:\Windows\system32\KERNELBASE.dll
Report Id: 6a786fc7-4352-11ec-82ad-000c29dd6544
Faulting package full name: 
Faulting package-relative application ID: "
Error	11/13/2021 6:51:27 PM	Application Error	1000	(100)	"Faulting application name: VMwareHostOpen.exe, version: 11.1.5.22735, time stamp: 0x5f31572f
Faulting module name: KERNELBASE.dll, version: 6.3.9600.19724, time stamp: 0x5ec5262a
Exception code: 0x80000003
Fault offset: 0x00000000000ddca2
Faulting process id: 0x64c
Faulting application start time: 0x01d7d75d92404745
Faulting application path: C:\Program Files\VMware\VMware Tools\VMwareHostOpen.exe
Faulting module path: C:\Windows\system32\KERNELBASE.dll
Report Id: d00218eb-4350-11ec-82ad-000c29dd6544
Faulting package full name: 
Faulting package-relative application ID: "
Error	11/13/2021 6:51:30 PM	Application Error	1000	(100)	"Faulting application name: VMwareHostOpen.exe, version: 11.1.5.22735, time stamp: 0x5f31572f
Faulting module name: KERNELBASE.dll, version: 6.3.9600.19724, time stamp: 0x5ec5262a
Exception code: 0x80000003
Fault offset: 0x00000000000ddca2
Faulting process id: 0x9c4
Faulting application start time: 0x01d7d75a34892303
Faulting application path: C:\Program Files\VMware\VMware Tools\VMwareHostOpen.exe
Faulting module path: C:\Windows\system32\KERNELBASE.dll
Report Id: 7248d13b-434d-11ec-82ad-000c29dd6544
Faulting package full name: 
Faulting package-relative application ID: "
Error	11/13/2021 6:52:26 PM	Application Error	1000	(100)	"Faulting application name: VMwareHostOpen.exe, version: 11.1.5.22735, time stamp: 0x5f31572f
Faulting module name: KERNELBASE.dll, version: 6.3.9600.19724, time stamp: 0x5ec5262a
Exception code: 0x80000003
Fault offset: 0x00000000000ddca2
Faulting process id: 0x2b0
Faulting application start time: 0x01d7d758b6aa48d7
Faulting application path: C:\Program Files\VMware\VMware Tools\VMwareHostOpen.exe
Faulting module path: C:\Windows\system32\KERNELBASE.dll
Report Id: f47f54cd-434b-11ec-82ad-000c29dd6544
Faulting package full name: 
Faulting package-relative application ID: "
Error	11/13/2021 6:54:21 PM	Application Error	1000	(100)	"Faulting application name: VMwareHostOpen.exe, version: 11.1.5.22735, time stamp: 0x5f31572f
Faulting module name: KERNELBASE.dll, version: 6.3.9600.19724, time stamp: 0x5ec5262a
Exception code: 0x80000003
Fault offset: 0x00000000000ddca2
Faulting process id: 0x844
Faulting application start time: 0x01d7d7543723ee38
Faulting application path: C:\Program Files\VMware\VMware Tools\VMwareHostOpen.exe
Faulting module path: C:\Windows\system32\KERNELBASE.dll
Report Id: 74e85232-4347-11ec-82ad-000c29dd6544
Faulting package full name: 
Faulting package-relative application ID: "
Error	11/13/2021 6:54:25 PM	Application Error	1000	(100)	"Faulting application name: VMwareHostOpen.exe, version: 11.1.5.22735, time stamp: 0x5f31572f
Faulting module name: KERNELBASE.dll, version: 6.3.9600.19724, time stamp: 0x5ec5262a
Exception code: 0x80000003
Fault offset: 0x00000000000ddca2
Faulting process id: 0x6a4
Faulting application start time: 0x01d7d753fc53caf5
Faulting application path: C:\Program Files\VMware\VMware Tools\VMwareHostOpen.exe
Faulting module path: C:\Windows\system32\KERNELBASE.dll
Report Id: 3a21cd3f-4347-11ec-82ad-000c29dd6544
Faulting package full name: 
Faulting package-relative application ID: "
Error	11/13/2021 6:54:58 PM	Application Error	1000	(100)	"Faulting application name: VMwareHostOpen.exe, version: 11.1.5.22735, time stamp: 0x5f31572f
Faulting module name: KERNELBASE.dll, version: 6.3.9600.19724, time stamp: 0x5ec5262a
Exception code: 0x80000003
Fault offset: 0x00000000000ddca2
Faulting process id: 0x278
Faulting application start time: 0x01d7d74db2b904cf
Faulting application path: C:\Program Files\VMware\VMware Tools\VMwareHostOpen.exe
Faulting module path: C:\Windows\system32\KERNELBASE.dll
Report Id: f08b7a14-4340-11ec-82ad-000c29dd6544
Faulting package full name: 
Faulting package-relative application ID: "
Error	11/13/2021 6:55:50 PM	Application Error	1000	(100)	"Faulting application name: VMwareHostOpen.exe, version: 11.1.5.22735, time stamp: 0x5f31572f
Faulting module name: KERNELBASE.dll, version: 6.3.9600.19724, time stamp: 0x5ec5262a
Exception code: 0x80000003
Fault offset: 0x00000000000ddca2
Faulting process id: 0x81c
Faulting application start time: 0x01d7d7479e553632
Faulting application path: C:\Program Files\VMware\VMware Tools\VMwareHostOpen.exe
Faulting module path: C:\Windows\system32\KERNELBASE.dll
Report Id: dc3ff2a6-433a-11ec-82ad-000c29dd6544
Faulting package full name: 
Faulting package-relative application ID: "
Error	11/13/2021 6:56:09 PM	Application Error	1000	(100)	"Faulting application name: VMwareHostOpen.exe, version: 11.1.5.22735, time stamp: 0x5f31572f
Faulting module name: KERNELBASE.dll, version: 6.3.9600.19724, time stamp: 0x5ec5262a
Exception code: 0x80000003
Fault offset: 0x00000000000ddca2
Faulting process id: 0x7e4
Faulting application start time: 0x01d7d7471d47c535
Faulting application path: C:\Program Files\VMware\VMware Tools\VMwareHostOpen.exe
Faulting module path: C:\Windows\system32\KERNELBASE.dll
Report Id: 5b397c9c-433a-11ec-82ad-000c29dd6544
Faulting package full name: 
Faulting package-relative application ID: "
Error	11/13/2021 6:56:16 PM	Application Error	1000	(100)	"Faulting application name: VMwareHostOpen.exe, version: 11.1.5.22735, time stamp: 0x5f31572f
Faulting module name: KERNELBASE.dll, version: 6.3.9600.19724, time stamp: 0x5ec5262a
Exception code: 0x80000003
Fault offset: 0x00000000000ddca2
Faulting process id: 0x5bc
Faulting application start time: 0x01d7d745c2cf4291
Faulting application path: C:\Program Files\VMware\VMware Tools\VMwareHostOpen.exe
Faulting module path: C:\Windows\system32\KERNELBASE.dll
Report Id: 00879bdd-4339-11ec-82ad-000c29dd6544
Faulting package full name: 
Faulting package-relative application ID: "
Error	11/13/2021 6:56:30 PM	Application Error	1000	(100)	"Faulting application name: VMwareHostOpen.exe, version: 11.1.5.22735, time stamp: 0x5f31572f
Faulting module name: KERNELBASE.dll, version: 6.3.9600.19724, time stamp: 0x5ec5262a
Exception code: 0x80000003
Fault offset: 0x00000000000ddca2
Faulting process id: 0x820
Faulting application start time: 0x01d7d7407b94d071
Faulting application path: C:\Program Files\VMware\VMware Tools\VMwareHostOpen.exe
Faulting module path: C:\Windows\system32\KERNELBASE.dll
Report Id: b9acae91-4333-11ec-82ad-000c29dd6544
Faulting package full name: 
Faulting package-relative application ID: "
Error	11/13/2021 6:57:52 PM	Application Error	1000	(100)	"Faulting application name: VMwareHostOpen.exe, version: 11.1.5.22735, time stamp: 0x5f31572f
Faulting module name: KERNELBASE.dll, version: 6.3.9600.19724, time stamp: 0x5ec5262a
Exception code: 0x80000003
Fault offset: 0x00000000000ddca2
Faulting process id: 0x70c
Faulting application start time: 0x01d7d73d5c00d7aa
Faulting application path: C:\Program Files\VMware\VMware Tools\VMwareHostOpen.exe
Faulting module path: C:\Windows\system32\KERNELBASE.dll
Report Id: 99dd333d-4330-11ec-82ad-000c29dd6544
Faulting package full name: 
Faulting package-relative application ID: "
Error	11/13/2021 6:59:02 PM	Application Error	1000	(100)	"Faulting application name: VMwareHostOpen.exe, version: 11.1.5.22735, time stamp: 0x5f31572f
Faulting module name: KERNELBASE.dll, version: 6.3.9600.19724, time stamp: 0x5ec5262a
Exception code: 0x80000003
Fault offset: 0x00000000000ddca2
Faulting process id: 0xbe8
Faulting application start time: 0x01d7d73767284f85
Faulting application path: C:\Program Files\VMware\VMware Tools\VMwareHostOpen.exe
Faulting module path: C:\Windows\system32\KERNELBASE.dll
Report Id: a4f3e50c-432a-11ec-82ad-000c29dd6544
Faulting package full name: 
Faulting package-relative application ID: "
Error	11/13/2021 6:59:06 PM	Application Error	1000	(100)	"Faulting application name: VMwareHostOpen.exe, version: 11.1.5.22735, time stamp: 0x5f31572f
Faulting module name: KERNELBASE.dll, version: 6.3.9600.19724, time stamp: 0x5ec5262a
Exception code: 0x80000003
Fault offset: 0x00000000000ddca2
Faulting process id: 0x7d8
Faulting application start time: 0x01d7d733b8d3d191
Faulting application path: C:\Program Files\VMware\VMware Tools\VMwareHostOpen.exe
Faulting module path: C:\Windows\system32\KERNELBASE.dll
Report Id: f6b019a1-4326-11ec-82ad-000c29dd6544
Faulting package full name: 
Faulting package-relative application ID: "
Error	11/13/2021 7:01:02 PM	Application Error	1000	(100)	"Faulting application name: VMwareHostOpen.exe, version: 11.1.5.22735, time stamp: 0x5f31572f
Faulting module name: KERNELBASE.dll, version: 6.3.9600.19724, time stamp: 0x5ec5262a
Exception code: 0x80000003
Fault offset: 0x00000000000ddca2
Faulting process id: 0x3d0
Faulting application start time: 0x01d7d728ecf804d8
Faulting application path: C:\Program Files\VMware\VMware Tools\VMwareHostOpen.exe
Faulting module path: C:\Windows\system32\KERNELBASE.dll
Report Id: 2ac398bd-431c-11ec-82ad-000c29dd6544
Faulting package full name: 
Faulting package-relative application ID: "
