Level	Date and Time	Source	Event ID	Task Category
Error	11/14/2021 9:16:27 AM	Application Error	1000	(100)	"Faulting application name: AcroRd32.exe, version: 19.21.20048.26832, time stamp: 0x5da76dd8
Faulting module name: VCRUNTIME140.dll, version: 14.29.30037.0, time stamp: 0x609de41f
Exception code: 0xc0000005
Fault offset: 0x000032ae
Faulting process id: 0x760
Faulting application start time: 0x01d7d8f53ed9ff12
Faulting application path: C:\Program Files (x86)\Adobe\Acrobat Reader DC\Reader\AcroRd32.exe
Faulting module path: C:\Windows\SYSTEM32\VCRUNTIME140.dll
Report Id: 7d4a9f3c-44e8-11ec-82a9-000c2935f866
Faulting package full name: 
Faulting package-relative application ID: "
Error	11/14/2021 9:16:24 AM	Application Error	1000	(100)	"Faulting application name: AcroRd32.exe, version: 19.21.20048.26832, time stamp: 0x5da76dd8
Faulting module name: VCRUNTIME140.dll, version: 14.29.30037.0, time stamp: 0x609de41f
Exception code: 0xc0000005
Fault offset: 0x000032ae
Faulting process id: 0x8cc
Faulting application start time: 0x01d7d8f53b8335ac
Faulting application path: C:\Program Files (x86)\Adobe\Acrobat Reader DC\Reader\AcroRd32.exe
Faulting module path: C:\Windows\SYSTEM32\VCRUNTIME140.dll
Report Id: 7b366532-44e8-11ec-82a9-000c2935f866
Faulting package full name: 
Faulting package-relative application ID: "
Error	11/14/2021 9:16:16 AM	Application Error	1000	(100)	"Faulting application name: AcroRd32.exe, version: 19.21.20048.26832, time stamp: 0x5da76dd8
Faulting module name: VCRUNTIME140.dll, version: 14.29.30037.0, time stamp: 0x609de41f
Exception code: 0xc0000005
Fault offset: 0x000032ae
Faulting process id: 0xc6c
Faulting application start time: 0x01d7d8f5368846ec
Faulting application path: C:\Program Files (x86)\Adobe\Acrobat Reader DC\Reader\AcroRd32.exe
Faulting module path: C:\Windows\SYSTEM32\VCRUNTIME140.dll
Report Id: 76df5be6-44e8-11ec-82a9-000c2935f866
Faulting package full name: 
Faulting package-relative application ID: "
Error	11/14/2021 9:16:10 AM	Application Error	1000	(100)	"Faulting application name: AcroRd32.exe, version: 19.21.20048.26832, time stamp: 0x5da76dd8
Faulting module name: VCRUNTIME140.dll, version: 14.29.30037.0, time stamp: 0x609de41f
Exception code: 0xc0000005
Fault offset: 0x000032ae
Faulting process id: 0xc8c
Faulting application start time: 0x01d7d8f534a25917
Faulting application path: C:\Program Files (x86)\Adobe\Acrobat Reader DC\Reader\AcroRd32.exe
Faulting module path: C:\Windows\SYSTEM32\VCRUNTIME140.dll
Report Id: 7322b6c7-44e8-11ec-82a9-000c2935f866
Faulting package full name: 
Faulting package-relative application ID: "
Error	11/14/2021 9:16:07 AM	Application Error	1000	(100)	"Faulting application name: AcroRd32.exe, version: 19.21.20048.26832, time stamp: 0x5da76dd8
Faulting module name: VCRUNTIME140.dll, version: 14.29.30037.0, time stamp: 0x609de41f
Exception code: 0xc0000005
Fault offset: 0x000032ae
Faulting process id: 0xf44
Faulting application start time: 0x01d7d8f530542010
Faulting application path: C:\Program Files (x86)\Adobe\Acrobat Reader DC\Reader\AcroRd32.exe
Faulting module path: C:\Windows\SYSTEM32\VCRUNTIME140.dll
Report Id: 7130ce8b-44e8-11ec-82a9-000c2935f866
Faulting package full name: 
Faulting package-relative application ID: "
Error	11/14/2021 9:16:01 AM	Application Error	1000	(100)	"Faulting application name: AcroRd32.exe, version: 19.21.20048.26832, time stamp: 0x5da76dd8
Faulting module name: ucrtbase.DLL, version: 10.0.14393.2990, time stamp: 0x5caeb859
Exception code: 0xc0000409
Fault offset: 0x000884cb
Faulting process id: 0xbc0
Faulting application start time: 0x01d7d8f5262169ee
Faulting application path: C:\Program Files (x86)\Adobe\Acrobat Reader DC\Reader\AcroRd32.exe
Faulting module path: C:\Windows\SYSTEM32\ucrtbase.DLL
Report Id: 6d84bfb3-44e8-11ec-82a9-000c2935f866
Faulting package full name: 
Faulting package-relative application ID: "
Error	11/14/2021 9:15:42 AM	Application Error	1000	(100)	"Faulting application name: AcroRd32.exe, version: 19.21.20048.26832, time stamp: 0x5da76dd8
Faulting module name: VCRUNTIME140.dll, version: 14.29.30037.0, time stamp: 0x609de41f
Exception code: 0xc0000005
Fault offset: 0x000032ae
Faulting process id: 0x1d4
Faulting application start time: 0x01d7d8f52441b386
Faulting application path: C:\Program Files (x86)\Adobe\Acrobat Reader DC\Reader\AcroRd32.exe
Faulting module path: C:\Windows\SYSTEM32\VCRUNTIME140.dll
Report Id: 6289c90c-44e8-11ec-82a9-000c2935f866
Faulting package full name: 
Faulting package-relative application ID: "
Error	11/14/2021 9:15:39 AM	Application Error	1000	(100)	"Faulting application name: AcroRd32.exe, version: 19.21.20048.26832, time stamp: 0x5da76dd8
Faulting module name: VCRUNTIME140.dll, version: 14.29.30037.0, time stamp: 0x609de41f
Exception code: 0xc0000005
Fault offset: 0x000032ae
Faulting process id: 0xd9c
Faulting application start time: 0x01d7d8f51b0650f2
Faulting application path: C:\Program Files (x86)\Adobe\Acrobat Reader DC\Reader\AcroRd32.exe
Faulting module path: C:\Windows\SYSTEM32\VCRUNTIME140.dll
Report Id: 608d5dd4-44e8-11ec-82a9-000c2935f866
Faulting package full name: 
Faulting package-relative application ID: "
Error	11/14/2021 9:15:24 AM	Application Error	1000	(100)	"Faulting application name: AcroRd32.exe, version: 19.21.20048.26832, time stamp: 0x5da76dd8
Faulting module name: VCRUNTIME140.dll, version: 14.29.30037.0, time stamp: 0x609de41f
Exception code: 0xc0000005
Fault offset: 0x000032ae
Faulting process id: 0x7e0
Faulting application start time: 0x01d7d8f5191dcc3d
Faulting application path: C:\Program Files (x86)\Adobe\Acrobat Reader DC\Reader\AcroRd32.exe
Faulting module path: C:\Windows\SYSTEM32\VCRUNTIME140.dll
Report Id: 57819e97-44e8-11ec-82a9-000c2935f866
Faulting package full name: 
Faulting package-relative application ID: "
Error	11/14/2021 9:15:22 AM	Application Error	1000	(100)	"Faulting application name: AcroRd32.exe, version: 19.21.20048.26832, time stamp: 0x5da76dd8
Faulting module name: ucrtbase.DLL, version: 10.0.14393.2990, time stamp: 0x5caeb859
Exception code: 0xc0000409
Fault offset: 0x000884cb
Faulting process id: 0xf30
Faulting application start time: 0x01d7d8f500f7e0ce
Faulting application path: C:\Program Files (x86)\Adobe\Acrobat Reader DC\Reader\AcroRd32.exe
Faulting module path: C:\Windows\SYSTEM32\ucrtbase.DLL
Report Id: 564e5b4e-44e8-11ec-82a9-000c2935f866
Faulting package full name: 
Faulting package-relative application ID: "
Error	11/14/2021 9:14:40 AM	Application Error	1000	(100)	"Faulting application name: AcroRd32.exe, version: 19.21.20048.26832, time stamp: 0x5da76dd8
Faulting module name: VCRUNTIME140.dll, version: 14.29.30037.0, time stamp: 0x609de41f
Exception code: 0xc0000005
Fault offset: 0x000032ae
Faulting process id: 0xf90
Faulting application start time: 0x01d7d8f4f818736c
Faulting application path: C:\Program Files (x86)\Adobe\Acrobat Reader DC\Reader\AcroRd32.exe
Faulting module path: C:\Windows\SYSTEM32\VCRUNTIME140.dll
Report Id: 3d52001d-44e8-11ec-82a9-000c2935f866
Faulting package full name: 
Faulting package-relative application ID: "
Error	11/14/2021 9:14:26 AM	Application Error	1000	(100)	"Faulting application name: AcroRd32.exe, version: 19.21.20048.26832, time stamp: 0x5da76dd8
Faulting module name: ucrtbase.DLL, version: 10.0.14393.2990, time stamp: 0x5caeb859
Exception code: 0xc0000409
Fault offset: 0x000884cb
Faulting process id: 0xdf8
Faulting application start time: 0x01d7d8f4f1ee984c
Faulting application path: C:\Program Files (x86)\Adobe\Acrobat Reader DC\Reader\AcroRd32.exe
Faulting module path: C:\Windows\SYSTEM32\ucrtbase.DLL
Report Id: 3546a4b7-44e8-11ec-82a9-000c2935f866
Faulting package full name: 
Faulting package-relative application ID: "
Error	11/14/2021 9:14:16 AM	Application Error	1000	(100)	"Faulting application name: AcroRd32.exe, version: 19.21.20048.26832, time stamp: 0x5da76dd8
Faulting module name: ucrtbase.DLL, version: 10.0.14393.2990, time stamp: 0x5caeb859
Exception code: 0xc0000409
Fault offset: 0x000884cb
Faulting process id: 0xc8c
Faulting application start time: 0x01d7d8f4ece4ac94
Faulting application path: C:\Program Files (x86)\Adobe\Acrobat Reader DC\Reader\AcroRd32.exe
Faulting module path: C:\Windows\SYSTEM32\ucrtbase.DLL
Report Id: 2f09b549-44e8-11ec-82a9-000c2935f866
Faulting package full name: 
Faulting package-relative application ID: "
Error	11/14/2021 9:14:06 AM	Application Error	1000	(100)	"Faulting application name: AcroRd32.exe, version: 19.21.20048.26832, time stamp: 0x5da76dd8
Faulting module name: VCRUNTIME140.dll, version: 14.29.30037.0, time stamp: 0x609de41f
Exception code: 0xc0000005
Fault offset: 0x000032ae
Faulting process id: 0x80c
Faulting application start time: 0x01d7d8f4eb05ad58
Faulting application path: C:\Program Files (x86)\Adobe\Acrobat Reader DC\Reader\AcroRd32.exe
Faulting module path: C:\Windows\SYSTEM32\VCRUNTIME140.dll
Report Id: 2926e4ab-44e8-11ec-82a9-000c2935f866
Faulting package full name: 
Faulting package-relative application ID: "
Error	11/14/2021 9:14:03 AM	Application Error	1000	(100)	"Faulting application name: AcroRd32.exe, version: 19.21.20048.26832, time stamp: 0x5da76dd8
Faulting module name: VCRUNTIME140.dll, version: 14.29.30037.0, time stamp: 0x609de41f
Exception code: 0xc0000005
Fault offset: 0x000032ae
Faulting process id: 0xe50
Faulting application start time: 0x01d7d8f4e9288abc
Faulting application path: C:\Program Files (x86)\Adobe\Acrobat Reader DC\Reader\AcroRd32.exe
Faulting module path: C:\Windows\SYSTEM32\VCRUNTIME140.dll
Report Id: 27456ff6-44e8-11ec-82a9-000c2935f866
Faulting package full name: 
Faulting package-relative application ID: "
Error	11/14/2021 9:14:00 AM	Application Error	1000	(100)	"Faulting application name: AcroRd32.exe, version: 19.21.20048.26832, time stamp: 0x5da76dd8
Faulting module name: VCRUNTIME140.dll, version: 14.29.30037.0, time stamp: 0x609de41f
Exception code: 0xc0000005
Fault offset: 0x000032ae
Faulting process id: 0x6b0
Faulting application start time: 0x01d7d8f4e0848de2
Faulting application path: C:\Program Files (x86)\Adobe\Acrobat Reader DC\Reader\AcroRd32.exe
Faulting module path: C:\Windows\SYSTEM32\VCRUNTIME140.dll
Report Id: 258026ed-44e8-11ec-82a9-000c2935f866
Faulting package full name: 
Faulting package-relative application ID: "
Error	11/14/2021 9:13:45 AM	Application Error	1000	(100)	"Faulting application name: AcroRd32.exe, version: 19.21.20048.26832, time stamp: 0x5da76dd8
Faulting module name: VCRUNTIME140.dll, version: 14.29.30037.0, time stamp: 0x609de41f
Exception code: 0xc0000005
Fault offset: 0x000032ae
Faulting process id: 0xe60
Faulting application start time: 0x01d7d8f4de9cb2cc
Faulting application path: C:\Program Files (x86)\Adobe\Acrobat Reader DC\Reader\AcroRd32.exe
Faulting module path: C:\Windows\SYSTEM32\VCRUNTIME140.dll
Report Id: 1cb86633-44e8-11ec-82a9-000c2935f866
Faulting package full name: 
Faulting package-relative application ID: "
Error	11/14/2021 9:13:42 AM	Application Error	1000	(100)	"Faulting application name: AcroRd32.exe, version: 19.21.20048.26832, time stamp: 0x5da76dd8
Faulting module name: VCRUNTIME140.dll, version: 14.29.30037.0, time stamp: 0x609de41f
Exception code: 0xc0000005
Fault offset: 0x000032ae
Faulting process id: 0xcec
Faulting application start time: 0x01d7d8f4dcba5d5e
Faulting application path: C:\Program Files (x86)\Adobe\Acrobat Reader DC\Reader\AcroRd32.exe
Faulting module path: C:\Windows\SYSTEM32\VCRUNTIME140.dll
Report Id: 1ab3f75c-44e8-11ec-82a9-000c2935f866
Faulting package full name: 
Faulting package-relative application ID: "
Error	11/14/2021 9:13:39 AM	Application Error	1000	(100)	"Faulting application name: AcroRd32.exe, version: 19.21.20048.26832, time stamp: 0x5da76dd8
Faulting module name: VCRUNTIME140.dll, version: 14.29.30037.0, time stamp: 0x609de41f
Exception code: 0xc0000005
Fault offset: 0x000032ae
Faulting process id: 0x2c4
Faulting application start time: 0x01d7d8f4dad6d438
Faulting application path: C:\Program Files (x86)\Adobe\Acrobat Reader DC\Reader\AcroRd32.exe
Faulting module path: C:\Windows\SYSTEM32\VCRUNTIME140.dll
Report Id: 18d65f9c-44e8-11ec-82a9-000c2935f866
Faulting package full name: 
Faulting package-relative application ID: "
Error	11/14/2021 9:13:36 AM	Application Error	1000	(100)	"Faulting application name: AcroRd32.exe, version: 19.21.20048.26832, time stamp: 0x5da76dd8
Faulting module name: VCRUNTIME140.dll, version: 14.29.30037.0, time stamp: 0x609de41f
Exception code: 0xc0000005
Fault offset: 0x000032ae
Faulting process id: 0x4a4
Faulting application start time: 0x01d7d8f4d4d8be19
Faulting application path: C:\Program Files (x86)\Adobe\Acrobat Reader DC\Reader\AcroRd32.exe
Faulting module path: C:\Windows\SYSTEM32\VCRUNTIME140.dll
Report Id: 1752182d-44e8-11ec-82a9-000c2935f866
Faulting package full name: 
Faulting package-relative application ID: "
Error	11/14/2021 9:13:27 AM	Application Error	1000	(100)	"Faulting application name: AcroRd32.exe, version: 19.21.20048.26832, time stamp: 0x5da76dd8
Faulting module name: ucrtbase.DLL, version: 10.0.14393.2990, time stamp: 0x5caeb859
Exception code: 0xc0000409
Fault offset: 0x000884cb
Faulting process id: 0x8b0
Faulting application start time: 0x01d7d8f4c938507a
Faulting application path: C:\Program Files (x86)\Adobe\Acrobat Reader DC\Reader\AcroRd32.exe
Faulting module path: C:\Windows\SYSTEM32\ucrtbase.DLL
Report Id: 11f6339b-44e8-11ec-82a9-000c2935f866
Faulting package full name: 
Faulting package-relative application ID: "
Error	11/14/2021 9:13:06 AM	Application Error	1000	(100)	"Faulting application name: AcroRd32.exe, version: 19.21.20048.26832, time stamp: 0x5da76dd8
Faulting module name: VCRUNTIME140.dll, version: 14.29.30037.0, time stamp: 0x609de41f
Exception code: 0xc0000005
Fault offset: 0x000032ae
Faulting process id: 0xdd0
Faulting application start time: 0x01d7d8f4c7561d11
Faulting application path: C:\Program Files (x86)\Adobe\Acrobat Reader DC\Reader\AcroRd32.exe
Faulting module path: C:\Windows\SYSTEM32\VCRUNTIME140.dll
Report Id: 0556ae2c-44e8-11ec-82a9-000c2935f866
Faulting package full name: 
Faulting package-relative application ID: "
Error	11/14/2021 9:13:05 AM	Application Error	1000	(100)	"Faulting application name: AcroRd32.exe, version: 19.21.20048.26832, time stamp: 0x5da76dd8
Faulting module name: ucrtbase.DLL, version: 10.0.14393.2990, time stamp: 0x5caeb859
Exception code: 0xc0000409
Fault offset: 0x000884cb
Faulting process id: 0xdfc
Faulting application start time: 0x01d7d8f4bc55474f
Faulting application path: C:\Program Files (x86)\Adobe\Acrobat Reader DC\Reader\AcroRd32.exe
Faulting module path: C:\Windows\SYSTEM32\ucrtbase.DLL
Report Id: 0481ec09-44e8-11ec-82a9-000c2935f866
Faulting package full name: 
Faulting package-relative application ID: "
Error	11/14/2021 9:12:45 AM	Application Error	1000	(100)	"Faulting application name: AcroRd32.exe, version: 19.21.20048.26832, time stamp: 0x5da76dd8
Faulting module name: VCRUNTIME140.dll, version: 14.29.30037.0, time stamp: 0x609de41f
Exception code: 0xc0000005
Fault offset: 0x000032ae
Faulting process id: 0x3e4
Faulting application start time: 0x01d7d8f4ba758385
Faulting application path: C:\Program Files (x86)\Adobe\Acrobat Reader DC\Reader\AcroRd32.exe
Faulting module path: C:\Windows\SYSTEM32\VCRUNTIME140.dll
Report Id: f8a344da-44e7-11ec-82a9-000c2935f866
Faulting package full name: 
Faulting package-relative application ID: "
Error	11/14/2021 9:12:42 AM	Application Error	1000	(100)	"Faulting application name: AcroRd32.exe, version: 19.21.20048.26832, time stamp: 0x5da76dd8
Faulting module name: VCRUNTIME140.dll, version: 14.29.30037.0, time stamp: 0x609de41f
Exception code: 0xc0000005
Fault offset: 0x000032ae
Faulting process id: 0xff0
Faulting application start time: 0x01d7d8f4b723fc69
Faulting application path: C:\Program Files (x86)\Adobe\Acrobat Reader DC\Reader\AcroRd32.exe
Faulting module path: C:\Windows\SYSTEM32\VCRUNTIME140.dll
Report Id: f70d85ea-44e7-11ec-82a9-000c2935f866
Faulting package full name: 
Faulting package-relative application ID: "
Error	11/14/2021 9:12:37 AM	Application Error	1000	(100)	"Faulting application name: AcroRd32.exe, version: 19.21.20048.26832, time stamp: 0x5da76dd8
Faulting module name: ucrtbase.DLL, version: 10.0.14393.2990, time stamp: 0x5caeb859
Exception code: 0xc0000409
Fault offset: 0x000884cb
Faulting process id: 0xc4c
Faulting application start time: 0x01d7d8f4b0fd058f
Faulting application path: C:\Program Files (x86)\Adobe\Acrobat Reader DC\Reader\AcroRd32.exe
Faulting module path: C:\Windows\SYSTEM32\ucrtbase.DLL
Report Id: f456e99e-44e7-11ec-82a9-000c2935f866
Faulting package full name: 
Faulting package-relative application ID: "
Error	11/14/2021 9:12:25 AM	Application Error	1000	(100)	"Faulting application name: AcroRd32.exe, version: 19.21.20048.26832, time stamp: 0x5da76dd8
Faulting module name: VCRUNTIME140.dll, version: 14.29.30037.0, time stamp: 0x609de41f
Exception code: 0xc0000005
Fault offset: 0x000032ae
Faulting process id: 0x3f0
Faulting application start time: 0x01d7d8f4af1f5d11
Faulting application path: C:\Program Files (x86)\Adobe\Acrobat Reader DC\Reader\AcroRd32.exe
Faulting module path: C:\Windows\SYSTEM32\VCRUNTIME140.dll
Report Id: ed3cb2c6-44e7-11ec-82a9-000c2935f866
Faulting package full name: 
Faulting package-relative application ID: "
Error	11/14/2021 9:12:22 AM	Application Error	1000	(100)	"Faulting application name: AcroRd32.exe, version: 19.21.20048.26832, time stamp: 0x5da76dd8
Faulting module name: VCRUNTIME140.dll, version: 14.29.30037.0, time stamp: 0x609de41f
Exception code: 0xc0000005
Fault offset: 0x000032ae
Faulting process id: 0xf10
Faulting application start time: 0x01d7d8f4a04a74f7
Faulting application path: C:\Program Files (x86)\Adobe\Acrobat Reader DC\Reader\AcroRd32.exe
Faulting module path: C:\Windows\SYSTEM32\VCRUNTIME140.dll
Report Id: eb6985d8-44e7-11ec-82a9-000c2935f866
Faulting package full name: 
Faulting package-relative application ID: "
Error	11/14/2021 9:11:58 AM	Application Error	1000	(100)	"Faulting application name: AcroRd32.exe, version: 19.21.20048.26832, time stamp: 0x5da76dd8
Faulting module name: VCRUNTIME140.dll, version: 14.29.30037.0, time stamp: 0x609de41f
Exception code: 0xc0000005
Fault offset: 0x000032ae
Faulting process id: 0xb3c
Faulting application start time: 0x01d7d8f49e6781f4
Faulting application path: C:\Program Files (x86)\Adobe\Acrobat Reader DC\Reader\AcroRd32.exe
Faulting module path: C:\Windows\SYSTEM32\VCRUNTIME140.dll
Report Id: dcc115ee-44e7-11ec-82a9-000c2935f866
Faulting package full name: 
Faulting package-relative application ID: "
Error	11/14/2021 9:11:56 AM	Application Error	1000	(100)	"Faulting application name: AcroRd32.exe, version: 19.21.20048.26832, time stamp: 0x5da76dd8
Faulting module name: ucrtbase.DLL, version: 10.0.14393.2990, time stamp: 0x5caeb859
Exception code: 0xc0000409
Fault offset: 0x000884cb
Faulting process id: 0xf38
Faulting application start time: 0x01d7d8f49170a855
Faulting application path: C:\Program Files (x86)\Adobe\Acrobat Reader DC\Reader\AcroRd32.exe
Faulting module path: C:\Windows\SYSTEM32\ucrtbase.DLL
Report Id: db95beed-44e7-11ec-82a9-000c2935f866
Faulting package full name: 
Faulting package-relative application ID: "
Error	11/14/2021 9:11:33 AM	Application Error	1000	(100)	"Faulting application name: AcroRd32.exe, version: 19.21.20048.26832, time stamp: 0x5da76dd8
Faulting module name: VCRUNTIME140.dll, version: 14.29.30037.0, time stamp: 0x609de41f
Exception code: 0xc0000005
Fault offset: 0x000032ae
Faulting process id: 0xdd0
Faulting application start time: 0x01d7d8f48530fdb5
Faulting application path: C:\Program Files (x86)\Adobe\Acrobat Reader DC\Reader\AcroRd32.exe
Faulting module path: C:\Windows\SYSTEM32\VCRUNTIME140.dll
Report Id: cdb796dd-44e7-11ec-82a9-000c2935f866
Faulting package full name: 
Faulting package-relative application ID: "
Error	11/14/2021 9:11:12 AM	Application Error	1000	(100)	"Faulting application name: AcroRd32.exe, version: 19.21.20048.26832, time stamp: 0x5da76dd8
Faulting module name: VCRUNTIME140.dll, version: 14.29.30037.0, time stamp: 0x609de41f
Exception code: 0xc0000005
Fault offset: 0x000032ae
Faulting process id: 0xa08
Faulting application start time: 0x01d7d8f47c6a0797
Faulting application path: C:\Program Files (x86)\Adobe\Acrobat Reader DC\Reader\AcroRd32.exe
Faulting module path: C:\Windows\SYSTEM32\VCRUNTIME140.dll
Report Id: c19468a2-44e7-11ec-82a9-000c2935f866
Faulting package full name: 
Faulting package-relative application ID: "
Error	11/14/2021 9:10:57 AM	Application Error	1000	(100)	"Faulting application name: AcroRd32.exe, version: 19.21.20048.26832, time stamp: 0x5da76dd8
Faulting module name: VCRUNTIME140.dll, version: 14.29.30037.0, time stamp: 0x609de41f
Exception code: 0xc0000005
Fault offset: 0x000032ae
Faulting process id: 0xd94
Faulting application start time: 0x01d7d8f47a8c2fa7
Faulting application path: C:\Program Files (x86)\Adobe\Acrobat Reader DC\Reader\AcroRd32.exe
Faulting module path: C:\Windows\SYSTEM32\VCRUNTIME140.dll
Report Id: b891d659-44e7-11ec-82a9-000c2935f866
Faulting package full name: 
Faulting package-relative application ID: "
Error	11/14/2021 9:10:54 AM	Application Error	1000	(100)	"Faulting application name: AcroRd32.exe, version: 19.21.20048.26832, time stamp: 0x5da76dd8
Faulting module name: VCRUNTIME140.dll, version: 14.29.30037.0, time stamp: 0x609de41f
Exception code: 0xc0000005
Fault offset: 0x000032ae
Faulting process id: 0x500
Faulting application start time: 0x01d7d8f478aad909
Faulting application path: C:\Program Files (x86)\Adobe\Acrobat Reader DC\Reader\AcroRd32.exe
Faulting module path: C:\Windows\SYSTEM32\VCRUNTIME140.dll
Report Id: b6c26887-44e7-11ec-82a9-000c2935f866
Faulting package full name: 
Faulting package-relative application ID: "
Error	11/14/2021 9:10:53 AM	Application Error	1000	(100)	"Faulting application name: AcroRd32.exe, version: 19.21.20048.26832, time stamp: 0x5da76dd8
Faulting module name: ucrtbase.DLL, version: 10.0.14393.2990, time stamp: 0x5caeb859
Exception code: 0xc0000409
Fault offset: 0x000884cb
Faulting process id: 0x9f8
Faulting application start time: 0x01d7d8f4727d3b4e
Faulting application path: C:\Program Files (x86)\Adobe\Acrobat Reader DC\Reader\AcroRd32.exe
Faulting module path: C:\Windows\SYSTEM32\ucrtbase.DLL
Report Id: b5db6c84-44e7-11ec-82a9-000c2935f866
Faulting package full name: 
Faulting package-relative application ID: "
Error	11/14/2021 9:10:41 AM	Application Error	1000	(100)	"Faulting application name: AcroRd32.exe, version: 19.21.20048.26832, time stamp: 0x5da76dd8
Faulting module name: VCRUNTIME140.dll, version: 14.29.30037.0, time stamp: 0x609de41f
Exception code: 0xc0000005
Fault offset: 0x000032ae
Faulting process id: 0x768
Faulting application start time: 0x01d7d8f4709fb68b
Faulting application path: C:\Program Files (x86)\Adobe\Acrobat Reader DC\Reader\AcroRd32.exe
Faulting module path: C:\Windows\SYSTEM32\VCRUNTIME140.dll
Report Id: aee7d0aa-44e7-11ec-82a9-000c2935f866
Faulting package full name: 
Faulting package-relative application ID: "
Error	11/14/2021 9:10:39 AM	Application Error	1000	(100)	"Faulting application name: AcroRd32.exe, version: 19.21.20048.26832, time stamp: 0x5da76dd8
Faulting module name: ucrtbase.DLL, version: 10.0.14393.2990, time stamp: 0x5caeb859
Exception code: 0xc0000409
Fault offset: 0x000884cb
Faulting process id: 0xf10
Faulting application start time: 0x01d7d8f465cab242
Faulting application path: C:\Program Files (x86)\Adobe\Acrobat Reader DC\Reader\AcroRd32.exe
Faulting module path: C:\Windows\SYSTEM32\ucrtbase.DLL
Report Id: adcdf3b4-44e7-11ec-82a9-000c2935f866
Faulting package full name: 
Faulting package-relative application ID: "
Error	11/14/2021 9:10:20 AM	Application Error	1000	(100)	"Faulting application name: AcroRd32.exe, version: 19.21.20048.26832, time stamp: 0x5da76dd8
Faulting module name: VCRUNTIME140.dll, version: 14.29.30037.0, time stamp: 0x609de41f
Exception code: 0xc0000005
Fault offset: 0x000032ae
Faulting process id: 0xfd0
Faulting application start time: 0x01d7d8f45c007d4f
Faulting application path: C:\Program Files (x86)\Adobe\Acrobat Reader DC\Reader\AcroRd32.exe
Faulting module path: C:\Windows\SYSTEM32\VCRUNTIME140.dll
Report Id: a232e567-44e7-11ec-82a9-000c2935f866
Faulting package full name: 
Faulting package-relative application ID: "
Error	11/14/2021 9:10:03 AM	Application Error	1000	(100)	"Faulting application name: AcroRd32.exe, version: 19.21.20048.26832, time stamp: 0x5da76dd8
Faulting module name: VCRUNTIME140.dll, version: 14.29.30037.0, time stamp: 0x609de41f
Exception code: 0xc0000005
Fault offset: 0x000032ae
Faulting process id: 0xe5c
Faulting application start time: 0x01d7d8f45a160668
Faulting application path: C:\Program Files (x86)\Adobe\Acrobat Reader DC\Reader\AcroRd32.exe
Faulting module path: C:\Windows\SYSTEM32\VCRUNTIME140.dll
Report Id: 98533fd3-44e7-11ec-82a9-000c2935f866
Faulting package full name: 
Faulting package-relative application ID: "
Error	11/14/2021 9:10:00 AM	Application Error	1000	(100)	"Faulting application name: AcroRd32.exe, version: 19.21.20048.26832, time stamp: 0x5da76dd8
Faulting module name: VCRUNTIME140.dll, version: 14.29.30037.0, time stamp: 0x609de41f
Exception code: 0xc0000005
Fault offset: 0x000032ae
Faulting process id: 0xe1c
Faulting application start time: 0x01d7d8f456c2290d
Faulting application path: C:\Program Files (x86)\Adobe\Acrobat Reader DC\Reader\AcroRd32.exe
Faulting module path: C:\Windows\SYSTEM32\VCRUNTIME140.dll
Report Id: 9680ad01-44e7-11ec-82a9-000c2935f866
Faulting package full name: 
Faulting package-relative application ID: "
Error	11/14/2021 9:09:53 AM	Application Error	1000	(100)	"Faulting application name: AcroRd32.exe, version: 19.21.20048.26832, time stamp: 0x5da76dd8
Faulting module name: VCRUNTIME140.dll, version: 14.29.30037.0, time stamp: 0x609de41f
Exception code: 0xc0000005
Fault offset: 0x000032ae
Faulting process id: 0xe7c
Faulting application start time: 0x01d7d8f452408f68
Faulting application path: C:\Program Files (x86)\Adobe\Acrobat Reader DC\Reader\AcroRd32.exe
Faulting module path: C:\Windows\SYSTEM32\VCRUNTIME140.dll
Report Id: 921e8f13-44e7-11ec-82a9-000c2935f866
Faulting package full name: 
Faulting package-relative application ID: "
Error	11/14/2021 9:09:48 AM	Application Error	1000	(100)	"Faulting application name: AcroRd32.exe, version: 19.21.20048.26832, time stamp: 0x5da76dd8
Faulting module name: ucrtbase.DLL, version: 10.0.14393.2990, time stamp: 0x5caeb859
Exception code: 0xc0000409
Fault offset: 0x000884cb
Faulting process id: 0xd1c
Faulting application start time: 0x01d7d8f43ebb776e
Faulting application path: C:\Program Files (x86)\Adobe\Acrobat Reader DC\Reader\AcroRd32.exe
Faulting module path: C:\Windows\SYSTEM32\ucrtbase.DLL
Report Id: 8f6ec12a-44e7-11ec-82a9-000c2935f866
Faulting package full name: 
Faulting package-relative application ID: "
Error	11/14/2021 9:09:14 AM	Application Error	1000	(100)	"Faulting application name: AcroRd32.exe, version: 19.21.20048.26832, time stamp: 0x5da76dd8
Faulting module name: VCRUNTIME140.dll, version: 14.29.30037.0, time stamp: 0x609de41f
Exception code: 0xc0000005
Fault offset: 0x000032ae
Faulting process id: 0xfdc
Faulting application start time: 0x01d7d8f43cd565f3
Faulting application path: C:\Program Files (x86)\Adobe\Acrobat Reader DC\Reader\AcroRd32.exe
Faulting module path: C:\Windows\SYSTEM32\VCRUNTIME140.dll
Report Id: 7ad516e2-44e7-11ec-82a9-000c2935f866
Faulting package full name: 
Faulting package-relative application ID: "
Error	11/14/2021 9:09:10 AM	Application Error	1000	(100)	"Faulting application name: AcroRd32.exe, version: 19.21.20048.26832, time stamp: 0x5da76dd8
Faulting module name: VCRUNTIME140.dll, version: 14.29.30037.0, time stamp: 0x609de41f
Exception code: 0xc0000005
Fault offset: 0x000032ae
Faulting process id: 0xcd4
Faulting application start time: 0x01d7d8f43af90ac4
Faulting application path: C:\Program Files (x86)\Adobe\Acrobat Reader DC\Reader\AcroRd32.exe
Faulting module path: C:\Windows\SYSTEM32\VCRUNTIME140.dll
Report Id: 78f632db-44e7-11ec-82a9-000c2935f866
Faulting package full name: 
Faulting package-relative application ID: "
Error	11/14/2021 9:09:07 AM	Application Error	1000	(100)	"Faulting application name: AcroRd32.exe, version: 19.21.20048.26832, time stamp: 0x5da76dd8
Faulting module name: VCRUNTIME140.dll, version: 14.29.30037.0, time stamp: 0x609de41f
Exception code: 0xc0000005
Fault offset: 0x000032ae
Faulting process id: 0xbe0
Faulting application start time: 0x01d7d8f4391c58f0
Faulting application path: C:\Program Files (x86)\Adobe\Acrobat Reader DC\Reader\AcroRd32.exe
Faulting module path: C:\Windows\SYSTEM32\VCRUNTIME140.dll
Report Id: 7738cd02-44e7-11ec-82a9-000c2935f866
Faulting package full name: 
Faulting package-relative application ID: "
Error	11/14/2021 9:09:03 AM	Application Error	1000	(100)	"Faulting application name: AcroRd32.exe, version: 19.21.20048.26832, time stamp: 0x5da76dd8
Faulting module name: VCRUNTIME140.dll, version: 14.29.30037.0, time stamp: 0x609de41f
Exception code: 0xc0000005
Fault offset: 0x000032ae
Faulting process id: 0x760
Faulting application start time: 0x01d7d8f43462dbaf
Faulting application path: C:\Program Files (x86)\Adobe\Acrobat Reader DC\Reader\AcroRd32.exe
Faulting module path: C:\Windows\SYSTEM32\VCRUNTIME140.dll
Report Id: 74bc0db3-44e7-11ec-82a9-000c2935f866
Faulting package full name: 
Faulting package-relative application ID: "
Error	11/14/2021 9:08:58 AM	Application Error	1000	(100)	"Faulting application name: AcroRd32.exe, version: 19.21.20048.26832, time stamp: 0x5da76dd8
Faulting module name: ucrtbase.DLL, version: 10.0.14393.2990, time stamp: 0x5caeb859
Exception code: 0xc0000409
Fault offset: 0x000884cb
Faulting process id: 0xef0
Faulting application start time: 0x01d7d8f429e0a9aa
Faulting application path: C:\Program Files (x86)\Adobe\Acrobat Reader DC\Reader\AcroRd32.exe
Faulting module path: C:\Windows\SYSTEM32\ucrtbase.DLL
Report Id: 718c46a0-44e7-11ec-82a9-000c2935f866
Faulting package full name: 
Faulting package-relative application ID: "
Error	11/14/2021 9:08:40 AM	Application Error	1000	(100)	"Faulting application name: AcroRd32.exe, version: 19.21.20048.26832, time stamp: 0x5da76dd8
Faulting module name: ucrtbase.DLL, version: 10.0.14393.2990, time stamp: 0x5caeb859
Exception code: 0xc0000409
Fault offset: 0x000884cb
Faulting process id: 0xcbc
Faulting application start time: 0x01d7d8f41fb0dfe9
Faulting application path: C:\Program Files (x86)\Adobe\Acrobat Reader DC\Reader\AcroRd32.exe
Faulting module path: C:\Windows\SYSTEM32\ucrtbase.DLL
Report Id: 670ef9e6-44e7-11ec-82a9-000c2935f866
Faulting package full name: 
Faulting package-relative application ID: "
Error	11/14/2021 9:08:22 AM	Application Error	1000	(100)	"Faulting application name: AcroRd32.exe, version: 19.21.20048.26832, time stamp: 0x5da76dd8
Faulting module name: VCRUNTIME140.dll, version: 14.29.30037.0, time stamp: 0x609de41f
Exception code: 0xc0000005
Fault offset: 0x000032ae
Faulting process id: 0x594
Faulting application start time: 0x01d7d8f41dd23ad6
Faulting application path: C:\Program Files (x86)\Adobe\Acrobat Reader DC\Reader\AcroRd32.exe
Faulting module path: C:\Windows\SYSTEM32\VCRUNTIME140.dll
Report Id: 5c54bcb7-44e7-11ec-82a9-000c2935f866
Faulting package full name: 
Faulting package-relative application ID: "
Error	11/14/2021 9:08:20 AM	Application Error	1000	(100)	"Faulting application name: AcroRd32.exe, version: 19.21.20048.26832, time stamp: 0x5da76dd8
Faulting module name: ucrtbase.DLL, version: 10.0.14393.2990, time stamp: 0x5caeb859
Exception code: 0xc0000409
Fault offset: 0x000884cb
Faulting process id: 0x8f0
Faulting application start time: 0x01d7d8f4142ee409
Faulting application path: C:\Program Files (x86)\Adobe\Acrobat Reader DC\Reader\AcroRd32.exe
Faulting module path: C:\Windows\SYSTEM32\ucrtbase.DLL
Report Id: 5afe18f8-44e7-11ec-82a9-000c2935f866
Faulting package full name: 
Faulting package-relative application ID: "
Error	11/14/2021 9:08:04 AM	Application Error	1000	(100)	"Faulting application name: AcroRd32.exe, version: 19.21.20048.26832, time stamp: 0x5da76dd8
Faulting module name: ucrtbase.DLL, version: 10.0.14393.2990, time stamp: 0x5caeb859
Exception code: 0xc0000409
Fault offset: 0x000884cb
Faulting process id: 0xf8c
Faulting application start time: 0x01d7d8f40dd18b58
Faulting application path: C:\Program Files (x86)\Adobe\Acrobat Reader DC\Reader\AcroRd32.exe
Faulting module path: C:\Windows\SYSTEM32\ucrtbase.DLL
Report Id: 515f7220-44e7-11ec-82a9-000c2935f866
Faulting package full name: 
Faulting package-relative application ID: "
Error	11/14/2021 9:07:52 AM	Application Error	1000	(100)	"Faulting application name: AcroRd32.exe, version: 19.21.20048.26832, time stamp: 0x5da76dd8
Faulting module name: VCRUNTIME140.dll, version: 14.29.30037.0, time stamp: 0x609de41f
Exception code: 0xc0000005
Fault offset: 0x000032ae
Faulting process id: 0x520
Faulting application start time: 0x01d7d8f40bf15958
Faulting application path: C:\Program Files (x86)\Adobe\Acrobat Reader DC\Reader\AcroRd32.exe
Faulting module path: C:\Windows\SYSTEM32\VCRUNTIME140.dll
Report Id: 4a1f95d2-44e7-11ec-82a9-000c2935f866
Faulting package full name: 
Faulting package-relative application ID: "
Error	11/14/2021 9:07:50 AM	Application Error	1000	(100)	"Faulting application name: AcroRd32.exe, version: 19.21.20048.26832, time stamp: 0x5da76dd8
Faulting module name: ucrtbase.DLL, version: 10.0.14393.2990, time stamp: 0x5caeb859
Exception code: 0xc0000409
Fault offset: 0x000884cb
Faulting process id: 0x7ac
Faulting application start time: 0x01d7d8f40429fdf3
Faulting application path: C:\Program Files (x86)\Adobe\Acrobat Reader DC\Reader\AcroRd32.exe
Faulting module path: C:\Windows\SYSTEM32\ucrtbase.DLL
Report Id: 4921ef5e-44e7-11ec-82a9-000c2935f866
Faulting package full name: 
Faulting package-relative application ID: "
Error	11/14/2021 9:07:35 AM	Application Error	1000	(100)	"Faulting application name: AcroRd32.exe, version: 19.21.20048.26832, time stamp: 0x5da76dd8
Faulting module name: VCRUNTIME140.dll, version: 14.29.30037.0, time stamp: 0x609de41f
Exception code: 0xc0000005
Fault offset: 0x000032ae
Faulting process id: 0xf94
Faulting application start time: 0x01d7d8f3ff4a9451
Faulting application path: C:\Program Files (x86)\Adobe\Acrobat Reader DC\Reader\AcroRd32.exe
Faulting module path: C:\Windows\SYSTEM32\VCRUNTIME140.dll
Report Id: 3fdd26d2-44e7-11ec-82a9-000c2935f866
Faulting package full name: 
Faulting package-relative application ID: "
Error	11/14/2021 9:07:28 AM	Application Error	1000	(100)	"Faulting application name: AcroRd32.exe, version: 19.21.20048.26832, time stamp: 0x5da76dd8
Faulting module name: VCRUNTIME140.dll, version: 14.29.30037.0, time stamp: 0x609de41f
Exception code: 0xc0000005
Fault offset: 0x000032ae
Faulting process id: 0x1e4
Faulting application start time: 0x01d7d8f3fd59052d
Faulting application path: C:\Program Files (x86)\Adobe\Acrobat Reader DC\Reader\AcroRd32.exe
Faulting module path: C:\Windows\SYSTEM32\VCRUNTIME140.dll
Report Id: 3bfa641c-44e7-11ec-82a9-000c2935f866
Faulting package full name: 
Faulting package-relative application ID: "
Error	11/14/2021 9:07:26 AM	Application Error	1000	(100)	"Faulting application name: AcroRd32.exe, version: 19.21.20048.26832, time stamp: 0x5da76dd8
Faulting module name: ucrtbase.DLL, version: 10.0.14393.2990, time stamp: 0x5caeb859
Exception code: 0xc0000409
Fault offset: 0x000884cb
Faulting process id: 0xb78
Faulting application start time: 0x01d7d8f3ef39aaed
Faulting application path: C:\Program Files (x86)\Adobe\Acrobat Reader DC\Reader\AcroRd32.exe
Faulting module path: C:\Windows\SYSTEM32\ucrtbase.DLL
Report Id: 3a873820-44e7-11ec-82a9-000c2935f866
Faulting package full name: 
Faulting package-relative application ID: "
Error	11/14/2021 9:07:01 AM	Application Error	1000	(100)	"Faulting application name: AcroRd32.exe, version: 19.21.20048.26832, time stamp: 0x5da76dd8
Faulting module name: VCRUNTIME140.dll, version: 14.29.30037.0, time stamp: 0x609de41f
Exception code: 0xc0000005
Fault offset: 0x000032ae
Faulting process id: 0xcbc
Faulting application start time: 0x01d7d8f3ebec3c22
Faulting application path: C:\Program Files (x86)\Adobe\Acrobat Reader DC\Reader\AcroRd32.exe
Faulting module path: C:\Windows\SYSTEM32\VCRUNTIME140.dll
Report Id: 2be4c704-44e7-11ec-82a9-000c2935f866
Faulting package full name: 
Faulting package-relative application ID: "
Error	11/14/2021 9:06:55 AM	Application Error	1000	(100)	"Faulting application name: AcroRd32.exe, version: 19.21.20048.26832, time stamp: 0x5da76dd8
Faulting module name: VCRUNTIME140.dll, version: 14.29.30037.0, time stamp: 0x609de41f
Exception code: 0xc0000005
Fault offset: 0x000032ae
Faulting process id: 0x2d8
Faulting application start time: 0x01d7d8f3e9fd56a6
Faulting application path: C:\Program Files (x86)\Adobe\Acrobat Reader DC\Reader\AcroRd32.exe
Faulting module path: C:\Windows\SYSTEM32\VCRUNTIME140.dll
Report Id: 28595878-44e7-11ec-82a9-000c2935f866
Faulting package full name: 
Faulting package-relative application ID: "
Error	11/14/2021 9:06:53 AM	Application Error	1000	(100)	"Faulting application name: AcroRd32.exe, version: 19.21.20048.26832, time stamp: 0x5da76dd8
Faulting module name: ucrtbase.DLL, version: 10.0.14393.2990, time stamp: 0x5caeb859
Exception code: 0xc0000409
Fault offset: 0x000884cb
Faulting process id: 0x82c
Faulting application start time: 0x01d7d8f3d718c73d
Faulting application path: C:\Program Files (x86)\Adobe\Acrobat Reader DC\Reader\AcroRd32.exe
Faulting module path: C:\Windows\SYSTEM32\ucrtbase.DLL
Report Id: 272de352-44e7-11ec-82a9-000c2935f866
Faulting package full name: 
Faulting package-relative application ID: "
Error	11/14/2021 9:06:22 AM	Application Error	1000	(100)	"Faulting application name: AcroRd32.exe, version: 19.21.20048.26832, time stamp: 0x5da76dd8
Faulting module name: ucrtbase.DLL, version: 10.0.14393.2990, time stamp: 0x5caeb859
Exception code: 0xc0000409
Fault offset: 0x000884cb
Faulting process id: 0x7fc
Faulting application start time: 0x01d7d8f3cd6002f0
Faulting application path: C:\Program Files (x86)\Adobe\Acrobat Reader DC\Reader\AcroRd32.exe
Faulting module path: C:\Windows\SYSTEM32\ucrtbase.DLL
Report Id: 144bb5f9-44e7-11ec-82a9-000c2935f866
Faulting package full name: 
Faulting package-relative application ID: "
Error	11/14/2021 9:06:04 AM	Application Error	1000	(100)	"Faulting application name: AcroRd32.exe, version: 19.21.20048.26832, time stamp: 0x5da76dd8
Faulting module name: VCRUNTIME140.dll, version: 14.29.30037.0, time stamp: 0x609de41f
Exception code: 0xc0000005
Fault offset: 0x000032ae
Faulting process id: 0xf30
Faulting application start time: 0x01d7d8f3cb780fe8
Faulting application path: C:\Program Files (x86)\Adobe\Acrobat Reader DC\Reader\AcroRd32.exe
Faulting module path: C:\Windows\SYSTEM32\VCRUNTIME140.dll
Report Id: 099159b4-44e7-11ec-82a9-000c2935f866
Faulting package full name: 
Faulting package-relative application ID: "
Error	11/14/2021 9:06:00 AM	Application Error	1000	(100)	"Faulting application name: AcroRd32.exe, version: 19.21.20048.26832, time stamp: 0x5da76dd8
Faulting module name: VCRUNTIME140.dll, version: 14.29.30037.0, time stamp: 0x609de41f
Exception code: 0xc0000005
Fault offset: 0x000032ae
Faulting process id: 0xc38
Faulting application start time: 0x01d7d8f3c99261f9
Faulting application path: C:\Program Files (x86)\Adobe\Acrobat Reader DC\Reader\AcroRd32.exe
Faulting module path: C:\Windows\SYSTEM32\VCRUNTIME140.dll
Report Id: 07b588f0-44e7-11ec-82a9-000c2935f866
Faulting package full name: 
Faulting package-relative application ID: "
Error	11/14/2021 9:05:59 AM	Application Error	1000	(100)	"Faulting application name: AcroRd32.exe, version: 19.21.20048.26832, time stamp: 0x5da76dd8
Faulting module name: ucrtbase.DLL, version: 10.0.14393.2990, time stamp: 0x5caeb859
Exception code: 0xc0000409
Fault offset: 0x000884cb
Faulting process id: 0x70c
Faulting application start time: 0x01d7d8f3b1737497
Faulting application path: C:\Program Files (x86)\Adobe\Acrobat Reader DC\Reader\AcroRd32.exe
Faulting module path: C:\Windows\SYSTEM32\ucrtbase.DLL
Report Id: 06be378c-44e7-11ec-82a9-000c2935f866
Faulting package full name: 
Faulting package-relative application ID: "
Error	11/14/2021 9:05:18 AM	Application Error	1000	(100)	"Faulting application name: AcroRd32.exe, version: 19.21.20048.26832, time stamp: 0x5da76dd8
Faulting module name: ucrtbase.DLL, version: 10.0.14393.2990, time stamp: 0x5caeb859
Exception code: 0xc0000409
Fault offset: 0x000884cb
Faulting process id: 0xebc
Faulting application start time: 0x01d7d8f3a693425f
Faulting application path: C:\Program Files (x86)\Adobe\Acrobat Reader DC\Reader\AcroRd32.exe
Faulting module path: C:\Windows\SYSTEM32\ucrtbase.DLL
Report Id: ee9f2a95-44e6-11ec-82a9-000c2935f866
Faulting package full name: 
Faulting package-relative application ID: "
Error	11/14/2021 9:04:59 AM	Application Error	1000	(100)	"Faulting application name: AcroRd32.exe, version: 19.21.20048.26832, time stamp: 0x5da76dd8
Faulting module name: VCRUNTIME140.dll, version: 14.29.30037.0, time stamp: 0x609de41f
Exception code: 0xc0000005
Fault offset: 0x000032ae
Faulting process id: 0x560
Faulting application start time: 0x01d7d8f39ecea86a
Faulting application path: C:\Program Files (x86)\Adobe\Acrobat Reader DC\Reader\AcroRd32.exe
Faulting module path: C:\Windows\SYSTEM32\VCRUNTIME140.dll
Report Id: e2f47e76-44e6-11ec-82a9-000c2935f866
Faulting package full name: 
Faulting package-relative application ID: "
Error	11/14/2021 9:04:47 AM	Application Error	1000	(100)	"Faulting application name: AcroRd32.exe, version: 19.21.20048.26832, time stamp: 0x5da76dd8
Faulting module name: ucrtbase.DLL, version: 10.0.14393.2990, time stamp: 0x5caeb859
Exception code: 0xc0000409
Fault offset: 0x000884cb
Faulting process id: 0x82c
Faulting application start time: 0x01d7d8f38e08a9c9
Faulting application path: C:\Program Files (x86)\Adobe\Acrobat Reader DC\Reader\AcroRd32.exe
Faulting module path: C:\Windows\SYSTEM32\ucrtbase.DLL
Report Id: dbfcf754-44e6-11ec-82a9-000c2935f866
Faulting package full name: 
Faulting package-relative application ID: "
Error	11/14/2021 9:04:18 AM	Application Error	1000	(100)	"Faulting application name: AcroRd32.exe, version: 19.21.20048.26832, time stamp: 0x5da76dd8
Faulting module name: VCRUNTIME140.dll, version: 14.29.30037.0, time stamp: 0x609de41f
Exception code: 0xc0000005
Fault offset: 0x000032ae
Faulting process id: 0xbc4
Faulting application start time: 0x01d7d8f38abc98da
Faulting application path: C:\Program Files (x86)\Adobe\Acrobat Reader DC\Reader\AcroRd32.exe
Faulting module path: C:\Windows\SYSTEM32\VCRUNTIME140.dll
Report Id: cab62058-44e6-11ec-82a9-000c2935f866
Faulting package full name: 
Faulting package-relative application ID: "
Error	11/14/2021 9:04:13 AM	Application Error	1000	(100)	"Faulting application name: AcroRd32.exe, version: 19.21.20048.26832, time stamp: 0x5da76dd8
Faulting module name: ucrtbase.DLL, version: 10.0.14393.2990, time stamp: 0x5caeb859
Exception code: 0xc0000409
Fault offset: 0x000884cb
Faulting process id: 0xb44
Faulting application start time: 0x01d7d8f381fb5ec0
Faulting application path: C:\Program Files (x86)\Adobe\Acrobat Reader DC\Reader\AcroRd32.exe
Faulting module path: C:\Windows\SYSTEM32\ucrtbase.DLL
Report Id: c7dc98c3-44e6-11ec-82a9-000c2935f866
Faulting package full name: 
Faulting package-relative application ID: "
Error	11/14/2021 9:03:59 AM	Application Error	1000	(100)	"Faulting application name: AcroRd32.exe, version: 19.21.20048.26832, time stamp: 0x5da76dd8
Faulting module name: ucrtbase.DLL, version: 10.0.14393.2990, time stamp: 0x5caeb859
Exception code: 0xc0000409
Fault offset: 0x000884cb
Faulting process id: 0xd68
Faulting application start time: 0x01d7d8f37ba04e8b
Faulting application path: C:\Program Files (x86)\Adobe\Acrobat Reader DC\Reader\AcroRd32.exe
Faulting module path: C:\Windows\SYSTEM32\ucrtbase.DLL
Report Id: bf299806-44e6-11ec-82a9-000c2935f866
Faulting package full name: 
Faulting package-relative application ID: "
Error	11/14/2021 9:03:48 AM	Application Error	1000	(100)	"Faulting application name: AcroRd32.exe, version: 19.21.20048.26832, time stamp: 0x5da76dd8
Faulting module name: ucrtbase.DLL, version: 10.0.14393.2990, time stamp: 0x5caeb859
Exception code: 0xc0000409
Fault offset: 0x000884cb
Faulting process id: 0x61c
Faulting application start time: 0x01d7d8f3756e17dd
Faulting application path: C:\Program Files (x86)\Adobe\Acrobat Reader DC\Reader\AcroRd32.exe
Faulting module path: C:\Windows\SYSTEM32\ucrtbase.DLL
Report Id: b8cc1b99-44e6-11ec-82a9-000c2935f866
Faulting package full name: 
Faulting package-relative application ID: "
Error	11/14/2021 9:03:38 AM	Application Error	1000	(100)	"Faulting application name: AcroRd32.exe, version: 19.21.20048.26832, time stamp: 0x5da76dd8
Faulting module name: ucrtbase.DLL, version: 10.0.14393.2990, time stamp: 0x5caeb859
Exception code: 0xc0000409
Fault offset: 0x000884cb
Faulting process id: 0x900
Faulting application start time: 0x01d7d8f36b31c88b
Faulting application path: C:\Program Files (x86)\Adobe\Acrobat Reader DC\Reader\AcroRd32.exe
Faulting module path: C:\Windows\SYSTEM32\ucrtbase.DLL
Report Id: b29eadb0-44e6-11ec-82a9-000c2935f866
Faulting package full name: 
Faulting package-relative application ID: "
Error	11/14/2021 9:03:19 AM	Application Error	1000	(100)	"Faulting application name: AcroRd32.exe, version: 19.21.20048.26832, time stamp: 0x5da76dd8
Faulting module name: VCRUNTIME140.dll, version: 14.29.30037.0, time stamp: 0x609de41f
Exception code: 0xc0000005
Fault offset: 0x000032ae
Faulting process id: 0xee0
Faulting application start time: 0x01d7d8f3651b8d83
Faulting application path: C:\Program Files (x86)\Adobe\Acrobat Reader DC\Reader\AcroRd32.exe
Faulting module path: C:\Windows\SYSTEM32\VCRUNTIME140.dll
Report Id: a78bb798-44e6-11ec-82a9-000c2935f866
Faulting package full name: 
Faulting package-relative application ID: "
Error	11/14/2021 9:03:10 AM	Application Error	1000	(100)	"Faulting application name: AcroRd32.exe, version: 19.21.20048.26832, time stamp: 0x5da76dd8
Faulting module name: ucrtbase.DLL, version: 10.0.14393.2990, time stamp: 0x5caeb859
Exception code: 0xc0000409
Fault offset: 0x000884cb
Faulting process id: 0x48
Faulting application start time: 0x01d7d8f36257ce08
Faulting application path: C:\Program Files (x86)\Adobe\Acrobat Reader DC\Reader\AcroRd32.exe
Faulting module path: C:\Windows\SYSTEM32\ucrtbase.DLL
Report Id: a22399f0-44e6-11ec-82a9-000c2935f866
Faulting package full name: 
Faulting package-relative application ID: "
Error	11/14/2021 9:03:04 AM	Application Error	1000	(100)	"Faulting application name: AcroRd32.exe, version: 19.21.20048.26832, time stamp: 0x5da76dd8
Faulting module name: VCRUNTIME140.dll, version: 14.29.30037.0, time stamp: 0x609de41f
Exception code: 0xc0000005
Fault offset: 0x000032ae
Faulting process id: 0x440
Faulting application start time: 0x01d7d8f360735190
Faulting application path: C:\Program Files (x86)\Adobe\Acrobat Reader DC\Reader\AcroRd32.exe
Faulting module path: C:\Windows\SYSTEM32\VCRUNTIME140.dll
Report Id: 9e90632d-44e6-11ec-82a9-000c2935f866
Faulting package full name: 
Faulting package-relative application ID: "
Error	11/14/2021 9:03:01 AM	Application Error	1000	(100)	"Faulting application name: AcroRd32.exe, version: 19.21.20048.26832, time stamp: 0x5da76dd8
Faulting module name: VCRUNTIME140.dll, version: 14.29.30037.0, time stamp: 0x609de41f
Exception code: 0xc0000005
Fault offset: 0x000032ae
Faulting process id: 0x6b8
Faulting application start time: 0x01d7d8f35e9325b6
Faulting application path: C:\Program Files (x86)\Adobe\Acrobat Reader DC\Reader\AcroRd32.exe
Faulting module path: C:\Windows\SYSTEM32\VCRUNTIME140.dll
Report Id: 9cc61850-44e6-11ec-82a9-000c2935f866
Faulting package full name: 
Faulting package-relative application ID: "
Error	11/14/2021 9:02:59 AM	Application Error	1000	(100)	"Faulting application name: AcroRd32.exe, version: 19.21.20048.26832, time stamp: 0x5da76dd8
Faulting module name: VCRUNTIME140.dll, version: 14.29.30037.0, time stamp: 0x609de41f
Exception code: 0xc0000005
Fault offset: 0x000032ae
Faulting process id: 0x298
Faulting application start time: 0x01d7d8f35caa7582
Faulting application path: C:\Program Files (x86)\Adobe\Acrobat Reader DC\Reader\AcroRd32.exe
Faulting module path: C:\Windows\SYSTEM32\VCRUNTIME140.dll
Report Id: 9b645d39-44e6-11ec-82a9-000c2935f866
Faulting package full name: 
Faulting package-relative application ID: "
