Level	Date and Time	Source	Event ID	Task Category
Error	11/13/2021 10:24:42 PM	Application Error	1000	(100)	"Faulting application name: AcroRd32.exe, version: 19.21.20048.26832, time stamp: 0x5da76dd8
Faulting module name: ucrtbase.DLL, version: 10.0.14393.2990, time stamp: 0x5caeb859
Exception code: 0xc0000409
Fault offset: 0x000884cb
Faulting process id: 0xc84
Faulting application start time: 0x01d7d89a2d2958e9
Faulting application path: C:\Program Files (x86)\Adobe\Acrobat Reader DC\Reader\AcroRd32.exe
Faulting module path: C:\Windows\SYSTEM32\ucrtbase.DLL
Report Id: 70e42953-448d-11ec-82a9-000c2935f866
Faulting package full name: 
Faulting package-relative application ID: "
Error	11/13/2021 10:24:29 PM	Application Error	1000	(100)	"Faulting application name: AcroRd32.exe, version: 19.21.20048.26832, time stamp: 0x5da76dd8
Faulting module name: VCRUNTIME140.dll, version: 14.29.30037.0, time stamp: 0x609de41f
Exception code: 0xc0000005
Fault offset: 0x000032ae
Faulting process id: 0xbc4
Faulting application start time: 0x01d7d89a2b4922b3
Faulting application path: C:\Program Files (x86)\Adobe\Acrobat Reader DC\Reader\AcroRd32.exe
Faulting module path: C:\Windows\SYSTEM32\VCRUNTIME140.dll
Report Id: 693e2e9e-448d-11ec-82a9-000c2935f866
Faulting package full name: 
Faulting package-relative application ID: "
Error	11/13/2021 10:24:28 PM	Application Error	1000	(100)	"Faulting application name: AcroRd32.exe, version: 19.21.20048.26832, time stamp: 0x5da76dd8
Faulting module name: ucrtbase.DLL, version: 10.0.14393.2990, time stamp: 0x5caeb859
Exception code: 0xc0000409
Fault offset: 0x000884cb
Faulting process id: 0xf30
Faulting application start time: 0x01d7d89a2122421e
Faulting application path: C:\Program Files (x86)\Adobe\Acrobat Reader DC\Reader\AcroRd32.exe
Faulting module path: C:\Windows\SYSTEM32\ucrtbase.DLL
Report Id: 6879a3d2-448d-11ec-82a9-000c2935f866
Faulting package full name: 
Faulting package-relative application ID: "
Error	11/13/2021 10:24:08 PM	Application Error	1000	(100)	"Faulting application name: AcroRd32.exe, version: 19.21.20048.26832, time stamp: 0x5da76dd8
Faulting module name: VCRUNTIME140.dll, version: 14.29.30037.0, time stamp: 0x609de41f
Exception code: 0xc0000005
Fault offset: 0x000032ae
Faulting process id: 0xfe4
Faulting application start time: 0x01d7d89a1c559e78
Faulting application path: C:\Program Files (x86)\Adobe\Acrobat Reader DC\Reader\AcroRd32.exe
Faulting module path: C:\Windows\SYSTEM32\VCRUNTIME140.dll
Report Id: 5caa8419-448d-11ec-82a9-000c2935f866
Faulting package full name: 
Faulting package-relative application ID: "
Error	11/13/2021 10:24:03 PM	Application Error	1000	(100)	"Faulting application name: AcroRd32.exe, version: 19.21.20048.26832, time stamp: 0x5da76dd8
Faulting module name: ucrtbase.DLL, version: 10.0.14393.2990, time stamp: 0x5caeb859
Exception code: 0xc0000409
Fault offset: 0x000884cb
Faulting process id: 0xcdc
Faulting application start time: 0x01d7d89a0f9318a9
Faulting application path: C:\Program Files (x86)\Adobe\Acrobat Reader DC\Reader\AcroRd32.exe
Faulting module path: C:\Windows\SYSTEM32\ucrtbase.DLL
Report Id: 59887042-448d-11ec-82a9-000c2935f866
Faulting package full name: 
Faulting package-relative application ID: "
Error	11/13/2021 10:23:40 PM	Application Error	1000	(100)	"Faulting application name: AcroRd32.exe, version: 19.21.20048.26832, time stamp: 0x5da76dd8
Faulting module name: VCRUNTIME140.dll, version: 14.29.30037.0, time stamp: 0x609de41f
Exception code: 0xc0000005
Fault offset: 0x000032ae
Faulting process id: 0xf74
Faulting application start time: 0x01d7d89a06b6f5fb
Faulting application path: C:\Program Files (x86)\Adobe\Acrobat Reader DC\Reader\AcroRd32.exe
Faulting module path: C:\Windows\SYSTEM32\VCRUNTIME140.dll
Report Id: 4be114bc-448d-11ec-82a9-000c2935f866
Faulting package full name: 
Faulting package-relative application ID: "
Error	11/13/2021 10:23:27 PM	Application Error	1000	(100)	"Faulting application name: AcroRd32.exe, version: 19.21.20048.26832, time stamp: 0x5da76dd8
Faulting module name: ucrtbase.DLL, version: 10.0.14393.2990, time stamp: 0x5caeb859
Exception code: 0xc0000409
Fault offset: 0x000884cb
Faulting process id: 0xbb0
Faulting application start time: 0x01d7d899fbcfbbd1
Faulting application path: C:\Program Files (x86)\Adobe\Acrobat Reader DC\Reader\AcroRd32.exe
Faulting module path: C:\Windows\SYSTEM32\ucrtbase.DLL
Report Id: 43e78855-448d-11ec-82a9-000c2935f866
Faulting package full name: 
Faulting package-relative application ID: "
Error	11/13/2021 10:23:08 PM	Application Error	1000	(100)	"Faulting application name: AcroRd32.exe, version: 19.21.20048.26832, time stamp: 0x5da76dd8
Faulting module name: ucrtbase.DLL, version: 10.0.14393.2990, time stamp: 0x5caeb859
Exception code: 0xc0000409
Fault offset: 0x000884cb
Faulting process id: 0xf88
Faulting application start time: 0x01d7d899f18d3e6c
Faulting application path: C:\Program Files (x86)\Adobe\Acrobat Reader DC\Reader\AcroRd32.exe
Faulting module path: C:\Windows\SYSTEM32\ucrtbase.DLL
Report Id: 38fdcc88-448d-11ec-82a9-000c2935f866
Faulting package full name: 
Faulting package-relative application ID: "
Error	11/13/2021 10:22:49 PM	Application Error	1000	(100)	"Faulting application name: AcroRd32.exe, version: 19.21.20048.26832, time stamp: 0x5da76dd8
Faulting module name: VCRUNTIME140.dll, version: 14.29.30037.0, time stamp: 0x609de41f
Exception code: 0xc0000005
Fault offset: 0x000032ae
Faulting process id: 0xcc8
Faulting application start time: 0x01d7d899ecb48d7b
Faulting application path: C:\Program Files (x86)\Adobe\Acrobat Reader DC\Reader\AcroRd32.exe
Faulting module path: C:\Windows\SYSTEM32\VCRUNTIME140.dll
Report Id: 2d52607b-448d-11ec-82a9-000c2935f866
Faulting package full name: 
Faulting package-relative application ID: "
Error	11/13/2021 10:22:43 PM	Application Error	1000	(100)	"Faulting application name: AcroRd32.exe, version: 19.21.20048.26832, time stamp: 0x5da76dd8
Faulting module name: ucrtbase.DLL, version: 10.0.14393.2990, time stamp: 0x5caeb859
Exception code: 0xc0000409
Fault offset: 0x000884cb
Faulting process id: 0xe30
Faulting application start time: 0x01d7d899e00237cc
Faulting application path: C:\Program Files (x86)\Adobe\Acrobat Reader DC\Reader\AcroRd32.exe
Faulting module path: C:\Windows\SYSTEM32\ucrtbase.DLL
Report Id: 29e9e4d5-448d-11ec-82a9-000c2935f866
Faulting package full name: 
Faulting package-relative application ID: "
Error	11/13/2021 10:22:20 PM	Application Error	1000	(100)	"Faulting application name: AcroRd32.exe, version: 19.21.20048.26832, time stamp: 0x5da76dd8
Faulting module name: VCRUNTIME140.dll, version: 14.29.30037.0, time stamp: 0x609de41f
Exception code: 0xc0000005
Fault offset: 0x000032ae
Faulting process id: 0x488
Faulting application start time: 0x01d7d899de2122b7
Faulting application path: C:\Program Files (x86)\Adobe\Acrobat Reader DC\Reader\AcroRd32.exe
Faulting module path: C:\Windows\SYSTEM32\VCRUNTIME140.dll
Report Id: 1c315b4b-448d-11ec-82a9-000c2935f866
Faulting package full name: 
Faulting package-relative application ID: "
Error	11/13/2021 10:22:19 PM	Application Error	1000	(100)	"Faulting application name: AcroRd32.exe, version: 19.21.20048.26832, time stamp: 0x5da76dd8
Faulting module name: ucrtbase.DLL, version: 10.0.14393.2990, time stamp: 0x5caeb859
Exception code: 0xc0000409
Fault offset: 0x000884cb
Faulting process id: 0xc74
Faulting application start time: 0x01d7d899d635ca14
Faulting application path: C:\Program Files (x86)\Adobe\Acrobat Reader DC\Reader\AcroRd32.exe
Faulting module path: C:\Windows\SYSTEM32\ucrtbase.DLL
Report Id: 1b4cebf9-448d-11ec-82a9-000c2935f866
Faulting package full name: 
Faulting package-relative application ID: "
Error	11/13/2021 10:22:04 PM	Application Error	1000	(100)	"Faulting application name: AcroRd32.exe, version: 19.21.20048.26832, time stamp: 0x5da76dd8
Faulting module name: VCRUNTIME140.dll, version: 14.29.30037.0, time stamp: 0x609de41f
Exception code: 0xc0000005
Fault offset: 0x000032ae
Faulting process id: 0xdd0
Faulting application start time: 0x01d7d899ca422fce
Faulting application path: C:\Program Files (x86)\Adobe\Acrobat Reader DC\Reader\AcroRd32.exe
Faulting module path: C:\Windows\SYSTEM32\VCRUNTIME140.dll
Report Id: 12995aa6-448d-11ec-82a9-000c2935f866
Faulting package full name: 
Faulting package-relative application ID: "
Error	11/13/2021 10:21:44 PM	Application Error	1000	(100)	"Faulting application name: AcroRd32.exe, version: 19.21.20048.26832, time stamp: 0x5da76dd8
Faulting module name: VCRUNTIME140.dll, version: 14.29.30037.0, time stamp: 0x609de41f
Exception code: 0xc0000005
Fault offset: 0x000032ae
Faulting process id: 0x6fc
Faulting application start time: 0x01d7d899c86219dc
Faulting application path: C:\Program Files (x86)\Adobe\Acrobat Reader DC\Reader\AcroRd32.exe
Faulting module path: C:\Windows\SYSTEM32\VCRUNTIME140.dll
Report Id: 066ee7c3-448d-11ec-82a9-000c2935f866
Faulting package full name: 
Faulting package-relative application ID: "
Error	11/13/2021 10:21:41 PM	Application Error	1000	(100)	"Faulting application name: AcroRd32.exe, version: 19.21.20048.26832, time stamp: 0x5da76dd8
Faulting module name: VCRUNTIME140.dll, version: 14.29.30037.0, time stamp: 0x609de41f
Exception code: 0xc0000005
Fault offset: 0x000032ae
Faulting process id: 0xd4c
Faulting application start time: 0x01d7d899c687fd05
Faulting application path: C:\Program Files (x86)\Adobe\Acrobat Reader DC\Reader\AcroRd32.exe
Faulting module path: C:\Windows\SYSTEM32\VCRUNTIME140.dll
Report Id: 05037fc7-448d-11ec-82a9-000c2935f866
Faulting package full name: 
Faulting package-relative application ID: "
Error	11/13/2021 10:21:37 PM	Application Error	1000	(100)	"Faulting application name: AcroRd32.exe, version: 19.21.20048.26832, time stamp: 0x5da76dd8
Faulting module name: VCRUNTIME140.dll, version: 14.29.30037.0, time stamp: 0x609de41f
Exception code: 0xc0000005
Fault offset: 0x000032ae
Faulting process id: 0xd1c
Faulting application start time: 0x01d7d899c36f41bd
Faulting application path: C:\Program Files (x86)\Adobe\Acrobat Reader DC\Reader\AcroRd32.exe
Faulting module path: C:\Windows\SYSTEM32\VCRUNTIME140.dll
Report Id: 02423d0c-448d-11ec-82a9-000c2935f866
Faulting package full name: 
Faulting package-relative application ID: "
Error	11/13/2021 10:21:32 PM	Application Error	1000	(100)	"Faulting application name: AcroRd32.exe, version: 19.21.20048.26832, time stamp: 0x5da76dd8
Faulting module name: VCRUNTIME140.dll, version: 14.29.30037.0, time stamp: 0x609de41f
Exception code: 0xc0000005
Fault offset: 0x000032ae
Faulting process id: 0x46c
Faulting application start time: 0x01d7d899c1886cd9
Faulting application path: C:\Program Files (x86)\Adobe\Acrobat Reader DC\Reader\AcroRd32.exe
Faulting module path: C:\Windows\SYSTEM32\VCRUNTIME140.dll
Report Id: ffc941f9-448c-11ec-82a9-000c2935f866
Faulting package full name: 
Faulting package-relative application ID: "
Error	11/13/2021 10:21:29 PM	Application Error	1000	(100)	"Faulting application name: AcroRd32.exe, version: 19.21.20048.26832, time stamp: 0x5da76dd8
Faulting module name: VCRUNTIME140.dll, version: 14.29.30037.0, time stamp: 0x609de41f
Exception code: 0xc0000005
Fault offset: 0x000032ae
Faulting process id: 0xd3c
Faulting application start time: 0x01d7d899bf9d753c
Faulting application path: C:\Program Files (x86)\Adobe\Acrobat Reader DC\Reader\AcroRd32.exe
Faulting module path: C:\Windows\SYSTEM32\VCRUNTIME140.dll
Report Id: fdddb8e5-448c-11ec-82a9-000c2935f866
Faulting package full name: 
Faulting package-relative application ID: "
Error	11/13/2021 10:21:27 PM	Application Error	1000	(100)	"Faulting application name: AcroRd32.exe, version: 19.21.20048.26832, time stamp: 0x5da76dd8
Faulting module name: ucrtbase.DLL, version: 10.0.14393.2990, time stamp: 0x5caeb859
Exception code: 0xc0000409
Fault offset: 0x000884cb
Faulting process id: 0xeec
Faulting application start time: 0x01d7d899b346a8d0
Faulting application path: C:\Program Files (x86)\Adobe\Acrobat Reader DC\Reader\AcroRd32.exe
Faulting module path: C:\Windows\SYSTEM32\ucrtbase.DLL
Report Id: fcce2100-448c-11ec-82a9-000c2935f866
Faulting package full name: 
Faulting package-relative application ID: "
Error	11/13/2021 10:21:07 PM	Application Error	1000	(100)	"Faulting application name: AcroRd32.exe, version: 19.21.20048.26832, time stamp: 0x5da76dd8
Faulting module name: ucrtbase.DLL, version: 10.0.14393.2990, time stamp: 0x5caeb859
Exception code: 0xc0000409
Fault offset: 0x000884cb
Faulting process id: 0xd24
Faulting application start time: 0x01d7d899a761ceba
Faulting application path: C:\Program Files (x86)\Adobe\Acrobat Reader DC\Reader\AcroRd32.exe
Faulting module path: C:\Windows\SYSTEM32\ucrtbase.DLL
Report Id: f0797a50-448c-11ec-82a9-000c2935f866
Faulting package full name: 
Faulting package-relative application ID: "
Error	11/13/2021 10:20:45 PM	Application Error	1000	(100)	"Faulting application name: AcroRd32.exe, version: 19.21.20048.26832, time stamp: 0x5da76dd8
Faulting module name: VCRUNTIME140.dll, version: 14.29.30037.0, time stamp: 0x609de41f
Exception code: 0xc0000005
Fault offset: 0x000032ae
Faulting process id: 0xd2c
Faulting application start time: 0x01d7d899a57929c9
Faulting application path: C:\Program Files (x86)\Adobe\Acrobat Reader DC\Reader\AcroRd32.exe
Faulting module path: C:\Windows\SYSTEM32\VCRUNTIME140.dll
Report Id: e37b63f8-448c-11ec-82a9-000c2935f866
Faulting package full name: 
Faulting package-relative application ID: "
Error	11/13/2021 10:20:42 PM	Application Error	1000	(100)	"Faulting application name: AcroRd32.exe, version: 19.21.20048.26832, time stamp: 0x5da76dd8
Faulting module name: VCRUNTIME140.dll, version: 14.29.30037.0, time stamp: 0x609de41f
Exception code: 0xc0000005
Fault offset: 0x000032ae
Faulting process id: 0xe68
Faulting application start time: 0x01d7d8999c6f4ae3
Faulting application path: C:\Program Files (x86)\Adobe\Acrobat Reader DC\Reader\AcroRd32.exe
Faulting module path: C:\Windows\SYSTEM32\VCRUNTIME140.dll
Report Id: e1dcca79-448c-11ec-82a9-000c2935f866
Faulting package full name: 
Faulting package-relative application ID: "
Error	11/13/2021 10:20:27 PM	Application Error	1000	(100)	"Faulting application name: AcroRd32.exe, version: 19.21.20048.26832, time stamp: 0x5da76dd8
Faulting module name: VCRUNTIME140.dll, version: 14.29.30037.0, time stamp: 0x609de41f
Exception code: 0xc0000005
Fault offset: 0x000032ae
Faulting process id: 0xe88
Faulting application start time: 0x01d7d8999382e8d2
Faulting application path: C:\Program Files (x86)\Adobe\Acrobat Reader DC\Reader\AcroRd32.exe
Faulting module path: C:\Windows\SYSTEM32\VCRUNTIME140.dll
Report Id: d8c6dd84-448c-11ec-82a9-000c2935f866
Faulting package full name: 
Faulting package-relative application ID: "
Error	11/13/2021 10:20:13 PM	Application Error	1000	(100)	"Faulting application name: AcroRd32.exe, version: 19.21.20048.26832, time stamp: 0x5da76dd8
Faulting module name: ucrtbase.DLL, version: 10.0.14393.2990, time stamp: 0x5caeb859
Exception code: 0xc0000409
Fault offset: 0x000884cb
Faulting process id: 0xb3c
Faulting application start time: 0x01d7d8998a25a104
Faulting application path: C:\Program Files (x86)\Adobe\Acrobat Reader DC\Reader\AcroRd32.exe
Faulting module path: C:\Windows\SYSTEM32\ucrtbase.DLL
Report Id: d0b5e014-448c-11ec-82a9-000c2935f866
Faulting package full name: 
Faulting package-relative application ID: "
Error	11/13/2021 10:19:58 PM	Application Error	1000	(100)	"Faulting application name: AcroRd32.exe, version: 19.21.20048.26832, time stamp: 0x5da76dd8
Faulting module name: ucrtbase.DLL, version: 10.0.14393.2990, time stamp: 0x5caeb859
Exception code: 0xc0000409
Fault offset: 0x000884cb
Faulting process id: 0x5c0
Faulting application start time: 0x01d7d899839efe08
Faulting application path: C:\Program Files (x86)\Adobe\Acrobat Reader DC\Reader\AcroRd32.exe
Faulting module path: C:\Windows\SYSTEM32\ucrtbase.DLL
Report Id: c7587c74-448c-11ec-82a9-000c2935f866
Faulting package full name: 
Faulting package-relative application ID: "
Error	11/13/2021 10:19:47 PM	Application Error	1000	(100)	"Faulting application name: AcroRd32.exe, version: 19.21.20048.26832, time stamp: 0x5da76dd8
Faulting module name: ucrtbase.DLL, version: 10.0.14393.2990, time stamp: 0x5caeb859
Exception code: 0xc0000409
Fault offset: 0x000884cb
Faulting process id: 0xeec
Faulting application start time: 0x01d7d899710183bf
Faulting application path: C:\Program Files (x86)\Adobe\Acrobat Reader DC\Reader\AcroRd32.exe
Faulting module path: C:\Windows\SYSTEM32\ucrtbase.DLL
Report Id: c0d20316-448c-11ec-82a9-000c2935f866
Faulting package full name: 
Faulting package-relative application ID: "
Error	11/13/2021 10:19:14 PM	Application Error	1000	(100)	"Faulting application name: AcroRd32.exe, version: 19.21.20048.26832, time stamp: 0x5da76dd8
Faulting module name: VCRUNTIME140.dll, version: 14.29.30037.0, time stamp: 0x609de41f
Exception code: 0xc0000005
Fault offset: 0x000032ae
Faulting process id: 0x284
Faulting application start time: 0x01d7d8996f1f472a
Faulting application path: C:\Program Files (x86)\Adobe\Acrobat Reader DC\Reader\AcroRd32.exe
Faulting module path: C:\Windows\SYSTEM32\VCRUNTIME140.dll
Report Id: ad16533a-448c-11ec-82a9-000c2935f866
Faulting package full name: 
Faulting package-relative application ID: "
Error	11/13/2021 10:19:12 PM	Application Error	1000	(100)	"Faulting application name: AcroRd32.exe, version: 19.21.20048.26832, time stamp: 0x5da76dd8
Faulting module name: ucrtbase.DLL, version: 10.0.14393.2990, time stamp: 0x5caeb859
Exception code: 0xc0000409
Fault offset: 0x000884cb
Faulting process id: 0x980
Faulting application start time: 0x01d7d89964278305
Faulting application path: C:\Program Files (x86)\Adobe\Acrobat Reader DC\Reader\AcroRd32.exe
Faulting module path: C:\Windows\SYSTEM32\ucrtbase.DLL
Report Id: ac522985-448c-11ec-82a9-000c2935f866
Faulting package full name: 
Faulting package-relative application ID: "
Error	11/13/2021 10:18:52 PM	Application Error	1000	(100)	"Faulting application name: AcroRd32.exe, version: 19.21.20048.26832, time stamp: 0x5da76dd8
Faulting module name: VCRUNTIME140.dll, version: 14.29.30037.0, time stamp: 0x609de41f
Exception code: 0xc0000005
Fault offset: 0x000032ae
Faulting process id: 0xc04
Faulting application start time: 0x01d7d8995fa72fa7
Faulting application path: C:\Program Files (x86)\Adobe\Acrobat Reader DC\Reader\AcroRd32.exe
Faulting module path: C:\Windows\SYSTEM32\VCRUNTIME140.dll
Report Id: a0400845-448c-11ec-82a9-000c2935f866
Faulting package full name: 
Faulting package-relative application ID: "
Error	11/13/2021 10:18:44 PM	Application Error	1000	(100)	"Faulting application name: AcroRd32.exe, version: 19.21.20048.26832, time stamp: 0x5da76dd8
Faulting module name: VCRUNTIME140.dll, version: 14.29.30037.0, time stamp: 0x609de41f
Exception code: 0xc0000005
Fault offset: 0x000032ae
Faulting process id: 0xdd0
Faulting application start time: 0x01d7d8995b1d2de9
Faulting application path: C:\Program Files (x86)\Adobe\Acrobat Reader DC\Reader\AcroRd32.exe
Faulting module path: C:\Windows\SYSTEM32\VCRUNTIME140.dll
Report Id: 9b212461-448c-11ec-82a9-000c2935f866
Faulting package full name: 
Faulting package-relative application ID: "
Error	11/13/2021 10:18:37 PM	Application Error	1000	(100)	"Faulting application name: AcroRd32.exe, version: 19.21.20048.26832, time stamp: 0x5da76dd8
Faulting module name: VCRUNTIME140.dll, version: 14.29.30037.0, time stamp: 0x609de41f
Exception code: 0xc0000005
Fault offset: 0x000032ae
Faulting process id: 0x99c
Faulting application start time: 0x01d7d899593994e5
Faulting application path: C:\Program Files (x86)\Adobe\Acrobat Reader DC\Reader\AcroRd32.exe
Faulting module path: C:\Windows\SYSTEM32\VCRUNTIME140.dll
Report Id: 975ce2c5-448c-11ec-82a9-000c2935f866
Faulting package full name: 
Faulting package-relative application ID: "
Error	11/13/2021 10:18:36 PM	Application Error	1000	(100)	"Faulting application name: AcroRd32.exe, version: 19.21.20048.26832, time stamp: 0x5da76dd8
Faulting module name: ucrtbase.DLL, version: 10.0.14393.2990, time stamp: 0x5caeb859
Exception code: 0xc0000409
Fault offset: 0x000884cb
Faulting process id: 0xef0
Faulting application start time: 0x01d7d8994e26862d
Faulting application path: C:\Program Files (x86)\Adobe\Acrobat Reader DC\Reader\AcroRd32.exe
Faulting module path: C:\Windows\SYSTEM32\ucrtbase.DLL
Report Id: 966a223c-448c-11ec-82a9-000c2935f866
Faulting package full name: 
Faulting package-relative application ID: "
Error	11/13/2021 10:18:16 PM	Application Error	1000	(100)	"Faulting application name: AcroRd32.exe, version: 19.21.20048.26832, time stamp: 0x5da76dd8
Faulting module name: VCRUNTIME140.dll, version: 14.29.30037.0, time stamp: 0x609de41f
Exception code: 0xc0000005
Fault offset: 0x000032ae
Faulting process id: 0xd74
Faulting application start time: 0x01d7d8994ad9bc7f
Faulting application path: C:\Program Files (x86)\Adobe\Acrobat Reader DC\Reader\AcroRd32.exe
Faulting module path: C:\Windows\SYSTEM32\VCRUNTIME140.dll
Report Id: 8a9f7e9b-448c-11ec-82a9-000c2935f866
Faulting package full name: 
Faulting package-relative application ID: "
Error	11/13/2021 10:18:10 PM	Application Error	1000	(100)	"Faulting application name: AcroRd32.exe, version: 19.21.20048.26832, time stamp: 0x5da76dd8
Faulting module name: VCRUNTIME140.dll, version: 14.29.30037.0, time stamp: 0x609de41f
Exception code: 0xc0000005
Fault offset: 0x000032ae
Faulting process id: 0xce4
Faulting application start time: 0x01d7d89948f7b24a
Faulting application path: C:\Program Files (x86)\Adobe\Acrobat Reader DC\Reader\AcroRd32.exe
Faulting module path: C:\Windows\SYSTEM32\VCRUNTIME140.dll
Report Id: 87315973-448c-11ec-82a9-000c2935f866
Faulting package full name: 
Faulting package-relative application ID: "
Error	11/13/2021 10:18:08 PM	Application Error	1000	(100)	"Faulting application name: AcroRd32.exe, version: 19.21.20048.26832, time stamp: 0x5da76dd8
Faulting module name: ucrtbase.DLL, version: 10.0.14393.2990, time stamp: 0x5caeb859
Exception code: 0xc0000409
Fault offset: 0x000884cb
Faulting process id: 0x6d0
Faulting application start time: 0x01d7d89932fadebc
Faulting application path: C:\Program Files (x86)\Adobe\Acrobat Reader DC\Reader\AcroRd32.exe
Faulting module path: C:\Windows\SYSTEM32\ucrtbase.DLL
Report Id: 862a9c6d-448c-11ec-82a9-000c2935f866
Faulting package full name: 
Faulting package-relative application ID: "
Error	11/13/2021 10:17:30 PM	Application Error	1000	(100)	"Faulting application name: AcroRd32.exe, version: 19.21.20048.26832, time stamp: 0x5da76dd8
Faulting module name: VCRUNTIME140.dll, version: 14.29.30037.0, time stamp: 0x609de41f
Exception code: 0xc0000005
Fault offset: 0x000032ae
Faulting process id: 0xc30
Faulting application start time: 0x01d7d89931099267
Faulting application path: C:\Program Files (x86)\Adobe\Acrobat Reader DC\Reader\AcroRd32.exe
Faulting module path: C:\Windows\SYSTEM32\VCRUNTIME140.dll
Report Id: 6f6a6bf4-448c-11ec-82a9-000c2935f866
Faulting package full name: 
Faulting package-relative application ID: "
Error	11/13/2021 10:17:27 PM	Application Error	1000	(100)	"Faulting application name: AcroRd32.exe, version: 19.21.20048.26832, time stamp: 0x5da76dd8
Faulting module name: VCRUNTIME140.dll, version: 14.29.30037.0, time stamp: 0x609de41f
Exception code: 0xc0000005
Fault offset: 0x000032ae
Faulting process id: 0xc40
Faulting application start time: 0x01d7d8992cb1adf1
Faulting application path: C:\Program Files (x86)\Adobe\Acrobat Reader DC\Reader\AcroRd32.exe
Faulting module path: C:\Windows\SYSTEM32\VCRUNTIME140.dll
Report Id: 6d958750-448c-11ec-82a9-000c2935f866
Faulting package full name: 
Faulting package-relative application ID: "
Error	11/13/2021 10:17:19 PM	Application Error	1000	(100)	"Faulting application name: AcroRd32.exe, version: 19.21.20048.26832, time stamp: 0x5da76dd8
Faulting module name: VCRUNTIME140.dll, version: 14.29.30037.0, time stamp: 0x609de41f
Exception code: 0xc0000005
Fault offset: 0x000032ae
Faulting process id: 0xa7c
Faulting application start time: 0x01d7d8992ad04433
Faulting application path: C:\Program Files (x86)\Adobe\Acrobat Reader DC\Reader\AcroRd32.exe
Faulting module path: C:\Windows\SYSTEM32\VCRUNTIME140.dll
Report Id: 68de47c1-448c-11ec-82a9-000c2935f866
Faulting package full name: 
Faulting package-relative application ID: "
Error	11/13/2021 10:17:16 PM	Application Error	1000	(100)	"Faulting application name: AcroRd32.exe, version: 19.21.20048.26832, time stamp: 0x5da76dd8
Faulting module name: VCRUNTIME140.dll, version: 14.29.30037.0, time stamp: 0x609de41f
Exception code: 0xc0000005
Fault offset: 0x000032ae
Faulting process id: 0x574
Faulting application start time: 0x01d7d89928eea872
Faulting application path: C:\Program Files (x86)\Adobe\Acrobat Reader DC\Reader\AcroRd32.exe
Faulting module path: C:\Windows\SYSTEM32\VCRUNTIME140.dll
Report Id: 66ff526e-448c-11ec-82a9-000c2935f866
Faulting package full name: 
Faulting package-relative application ID: "
Error	11/13/2021 10:17:15 PM	Application Error	1000	(100)	"Faulting application name: AcroRd32.exe, version: 19.21.20048.26832, time stamp: 0x5da76dd8
Faulting module name: ucrtbase.DLL, version: 10.0.14393.2990, time stamp: 0x5caeb859
Exception code: 0xc0000409
Fault offset: 0x000884cb
Faulting process id: 0x560
Faulting application start time: 0x01d7d8991f58b7cc
Faulting application path: C:\Program Files (x86)\Adobe\Acrobat Reader DC\Reader\AcroRd32.exe
Faulting module path: C:\Windows\SYSTEM32\ucrtbase.DLL
Report Id: 661810c5-448c-11ec-82a9-000c2935f866
Faulting package full name: 
Faulting package-relative application ID: "
Error	11/13/2021 10:16:59 PM	Application Error	1000	(100)	"Faulting application name: AcroRd32.exe, version: 19.21.20048.26832, time stamp: 0x5da76dd8
Faulting module name: ucrtbase.DLL, version: 10.0.14393.2990, time stamp: 0x5caeb859
Exception code: 0xc0000409
Fault offset: 0x000884cb
Faulting process id: 0x414
Faulting application start time: 0x01d7d89915b5aa44
Faulting application path: C:\Program Files (x86)\Adobe\Acrobat Reader DC\Reader\AcroRd32.exe
Faulting module path: C:\Windows\SYSTEM32\ucrtbase.DLL
Report Id: 5c895ab7-448c-11ec-82a9-000c2935f866
Faulting package full name: 
Faulting package-relative application ID: "
Error	11/13/2021 10:16:42 PM	Application Error	1000	(100)	"Faulting application name: AcroRd32.exe, version: 19.21.20048.26832, time stamp: 0x5da76dd8
Faulting module name: ucrtbase.DLL, version: 10.0.14393.2990, time stamp: 0x5caeb859
Exception code: 0xc0000409
Fault offset: 0x000884cb
Faulting process id: 0xdac
Faulting application start time: 0x01d7d8990ce73286
Faulting application path: C:\Program Files (x86)\Adobe\Acrobat Reader DC\Reader\AcroRd32.exe
Faulting module path: C:\Windows\SYSTEM32\ucrtbase.DLL
Report Id: 52e87992-448c-11ec-82a9-000c2935f866
Faulting package full name: 
Faulting package-relative application ID: "
Error	11/13/2021 10:16:28 PM	Application Error	1000	(100)	"Faulting application name: AcroRd32.exe, version: 19.21.20048.26832, time stamp: 0x5da76dd8
Faulting module name: ucrtbase.DLL, version: 10.0.14393.2990, time stamp: 0x5caeb859
Exception code: 0xc0000409
Fault offset: 0x000884cb
Faulting process id: 0xafc
Faulting application start time: 0x01d7d8990495ac69
Faulting application path: C:\Program Files (x86)\Adobe\Acrobat Reader DC\Reader\AcroRd32.exe
Faulting module path: C:\Windows\SYSTEM32\ucrtbase.DLL
Report Id: 4a1a1a34-448c-11ec-82a9-000c2935f866
Faulting package full name: 
Faulting package-relative application ID: "
Error	11/13/2021 10:16:12 PM	Application Error	1000	(100)	"Faulting application name: AcroRd32.exe, version: 19.21.20048.26832, time stamp: 0x5da76dd8
Faulting module name: VCRUNTIME140.dll, version: 14.29.30037.0, time stamp: 0x609de41f
Exception code: 0xc0000005
Fault offset: 0x000032ae
Faulting process id: 0xe58
Faulting application start time: 0x01d7d89902b4e77b
Faulting application path: C:\Program Files (x86)\Adobe\Acrobat Reader DC\Reader\AcroRd32.exe
Faulting module path: C:\Windows\SYSTEM32\VCRUNTIME140.dll
Report Id: 40fdf2ed-448c-11ec-82a9-000c2935f866
Faulting package full name: 
Faulting package-relative application ID: "
Error	11/13/2021 10:16:07 PM	Application Error	1000	(100)	"Faulting application name: AcroRd32.exe, version: 19.21.20048.26832, time stamp: 0x5da76dd8
Faulting module name: VCRUNTIME140.dll, version: 14.29.30037.0, time stamp: 0x609de41f
Exception code: 0xc0000005
Fault offset: 0x000032ae
Faulting process id: 0x3e4
Faulting application start time: 0x01d7d898fdded164
Faulting application path: C:\Program Files (x86)\Adobe\Acrobat Reader DC\Reader\AcroRd32.exe
Faulting module path: C:\Windows\SYSTEM32\VCRUNTIME140.dll
Report Id: 3dee5c14-448c-11ec-82a9-000c2935f866
Faulting package full name: 
Faulting package-relative application ID: "
Error	11/13/2021 10:16:01 PM	Application Error	1000	(100)	"Faulting application name: AcroRd32.exe, version: 19.21.20048.26832, time stamp: 0x5da76dd8
Faulting module name: VCRUNTIME140.dll, version: 14.29.30037.0, time stamp: 0x609de41f
Exception code: 0xc0000005
Fault offset: 0x000032ae
Faulting process id: 0xd74
Faulting application start time: 0x01d7d898fbf64373
Faulting application path: C:\Program Files (x86)\Adobe\Acrobat Reader DC\Reader\AcroRd32.exe
Faulting module path: C:\Windows\SYSTEM32\VCRUNTIME140.dll
Report Id: 3a1038e9-448c-11ec-82a9-000c2935f866
Faulting package full name: 
Faulting package-relative application ID: "
Error	11/13/2021 10:15:58 PM	Application Error	1000	(100)	"Faulting application name: AcroRd32.exe, version: 19.21.20048.26832, time stamp: 0x5da76dd8
Faulting module name: VCRUNTIME140.dll, version: 14.29.30037.0, time stamp: 0x609de41f
Exception code: 0xc0000005
Fault offset: 0x000032ae
Faulting process id: 0xa08
Faulting application start time: 0x01d7d898fa125d77
Faulting application path: C:\Program Files (x86)\Adobe\Acrobat Reader DC\Reader\AcroRd32.exe
Faulting module path: C:\Windows\SYSTEM32\VCRUNTIME140.dll
Report Id: 3852a5fd-448c-11ec-82a9-000c2935f866
Faulting package full name: 
Faulting package-relative application ID: "
Error	11/13/2021 10:15:55 PM	Application Error	1000	(100)	"Faulting application name: AcroRd32.exe, version: 19.21.20048.26832, time stamp: 0x5da76dd8
Faulting module name: VCRUNTIME140.dll, version: 14.29.30037.0, time stamp: 0x609de41f
Exception code: 0xc0000005
Fault offset: 0x000032ae
Faulting process id: 0x418
Faulting application start time: 0x01d7d898f8363d0b
Faulting application path: C:\Program Files (x86)\Adobe\Acrobat Reader DC\Reader\AcroRd32.exe
Faulting module path: C:\Windows\SYSTEM32\VCRUNTIME140.dll
Report Id: 36927398-448c-11ec-82a9-000c2935f866
Faulting package full name: 
Faulting package-relative application ID: "
Error	11/13/2021 10:15:53 PM	Application Error	1000	(100)	"Faulting application name: AcroRd32.exe, version: 19.21.20048.26832, time stamp: 0x5da76dd8
Faulting module name: ucrtbase.DLL, version: 10.0.14393.2990, time stamp: 0x5caeb859
Exception code: 0xc0000409
Fault offset: 0x000884cb
Faulting process id: 0x72c
Faulting application start time: 0x01d7d898f01c455e
Faulting application path: C:\Program Files (x86)\Adobe\Acrobat Reader DC\Reader\AcroRd32.exe
Faulting module path: C:\Windows\SYSTEM32\ucrtbase.DLL
Report Id: 3566d1f3-448c-11ec-82a9-000c2935f866
Faulting package full name: 
Faulting package-relative application ID: "
Error	11/13/2021 10:15:38 PM	Application Error	1000	(100)	"Faulting application name: AcroRd32.exe, version: 19.21.20048.26832, time stamp: 0x5da76dd8
Faulting module name: VCRUNTIME140.dll, version: 14.29.30037.0, time stamp: 0x609de41f
Exception code: 0xc0000005
Fault offset: 0x000032ae
Faulting process id: 0x7bc
Faulting application start time: 0x01d7d898e8488328
Faulting application path: C:\Program Files (x86)\Adobe\Acrobat Reader DC\Reader\AcroRd32.exe
Faulting module path: C:\Windows\SYSTEM32\VCRUNTIME140.dll
Report Id: 2c764518-448c-11ec-82a9-000c2935f866
Faulting package full name: 
Faulting package-relative application ID: "
Error	11/13/2021 10:15:24 PM	Application Error	1000	(100)	"Faulting application name: AcroRd32.exe, version: 19.21.20048.26832, time stamp: 0x5da76dd8
Faulting module name: VCRUNTIME140.dll, version: 14.29.30037.0, time stamp: 0x609de41f
Exception code: 0xc0000005
Fault offset: 0x000032ae
Faulting process id: 0xd74
Faulting application start time: 0x01d7d898e668360d
Faulting application path: C:\Program Files (x86)\Adobe\Acrobat Reader DC\Reader\AcroRd32.exe
Faulting module path: C:\Windows\SYSTEM32\VCRUNTIME140.dll
Report Id: 2472e26b-448c-11ec-82a9-000c2935f866
Faulting package full name: 
Faulting package-relative application ID: "
Error	11/13/2021 10:15:20 PM	Application Error	1000	(100)	"Faulting application name: AcroRd32.exe, version: 19.21.20048.26832, time stamp: 0x5da76dd8
Faulting module name: VCRUNTIME140.dll, version: 14.29.30037.0, time stamp: 0x609de41f
Exception code: 0xc0000005
Fault offset: 0x000032ae
Faulting process id: 0x87c
Faulting application start time: 0x01d7d898e1ab6b35
Faulting application path: C:\Program Files (x86)\Adobe\Acrobat Reader DC\Reader\AcroRd32.exe
Faulting module path: C:\Windows\SYSTEM32\VCRUNTIME140.dll
Report Id: 2208e492-448c-11ec-82a9-000c2935f866
Faulting package full name: 
Faulting package-relative application ID: "
Error	11/13/2021 10:15:14 PM	Application Error	1000	(100)	"Faulting application name: AcroRd32.exe, version: 19.21.20048.26832, time stamp: 0x5da76dd8
Faulting module name: VCRUNTIME140.dll, version: 14.29.30037.0, time stamp: 0x609de41f
Exception code: 0xc0000005
Fault offset: 0x000032ae
Faulting process id: 0xd34
Faulting application start time: 0x01d7d898da32e397
Faulting application path: C:\Program Files (x86)\Adobe\Acrobat Reader DC\Reader\AcroRd32.exe
Faulting module path: C:\Windows\SYSTEM32\VCRUNTIME140.dll
Report Id: 1df979aa-448c-11ec-82a9-000c2935f866
Faulting package full name: 
Faulting package-relative application ID: "
Error	11/13/2021 10:15:02 PM	Application Error	1000	(100)	"Faulting application name: AcroRd32.exe, version: 19.21.20048.26832, time stamp: 0x5da76dd8
Faulting module name: ucrtbase.DLL, version: 10.0.14393.2990, time stamp: 0x5caeb859
Exception code: 0xc0000409
Fault offset: 0x000884cb
Faulting process id: 0x478
Faulting application start time: 0x01d7d898cac82223
Faulting application path: C:\Program Files (x86)\Adobe\Acrobat Reader DC\Reader\AcroRd32.exe
Faulting module path: C:\Windows\SYSTEM32\ucrtbase.DLL
Report Id: 176128d2-448c-11ec-82a9-000c2935f866
Faulting package full name: 
Faulting package-relative application ID: "
Error	11/13/2021 10:14:35 PM	Application Error	1000	(100)	"Faulting application name: AcroRd32.exe, version: 19.21.20048.26832, time stamp: 0x5da76dd8
Faulting module name: VCRUNTIME140.dll, version: 14.29.30037.0, time stamp: 0x609de41f
Exception code: 0xc0000005
Fault offset: 0x000032ae
Faulting process id: 0x768
Faulting application start time: 0x01d7d898c8e6f44f
Faulting application path: C:\Program Files (x86)\Adobe\Acrobat Reader DC\Reader\AcroRd32.exe
Faulting module path: C:\Windows\SYSTEM32\VCRUNTIME140.dll
Report Id: 06df5830-448c-11ec-82a9-000c2935f866
Faulting package full name: 
Faulting package-relative application ID: "
Error	11/13/2021 10:14:32 PM	Application Error	1000	(100)	"Faulting application name: AcroRd32.exe, version: 19.21.20048.26832, time stamp: 0x5da76dd8
Faulting module name: VCRUNTIME140.dll, version: 14.29.30037.0, time stamp: 0x609de41f
Exception code: 0xc0000005
Fault offset: 0x000032ae
Faulting process id: 0x80c
Faulting application start time: 0x01d7d898c7030d1c
Faulting application path: C:\Program Files (x86)\Adobe\Acrobat Reader DC\Reader\AcroRd32.exe
Faulting module path: C:\Windows\SYSTEM32\VCRUNTIME140.dll
Report Id: 04f95a75-448c-11ec-82a9-000c2935f866
Faulting package full name: 
Faulting package-relative application ID: "
Error	11/13/2021 10:14:30 PM	Application Error	1000	(100)	"Faulting application name: AcroRd32.exe, version: 19.21.20048.26832, time stamp: 0x5da76dd8
Faulting module name: ucrtbase.DLL, version: 10.0.14393.2990, time stamp: 0x5caeb859
Exception code: 0xc0000409
Fault offset: 0x000884cb
Faulting process id: 0x9ec
Faulting application start time: 0x01d7d898bd739529
Faulting application path: C:\Program Files (x86)\Adobe\Acrobat Reader DC\Reader\AcroRd32.exe
Faulting module path: C:\Windows\SYSTEM32\ucrtbase.DLL
Report Id: 0438636f-448c-11ec-82a9-000c2935f866
Faulting package full name: 
Faulting package-relative application ID: "
Error	11/13/2021 10:14:13 PM	Application Error	1000	(100)	"Faulting application name: AcroRd32.exe, version: 19.21.20048.26832, time stamp: 0x5da76dd8
Faulting module name: VCRUNTIME140.dll, version: 14.29.30037.0, time stamp: 0x609de41f
Exception code: 0xc0000005
Fault offset: 0x000032ae
Faulting process id: 0xc90
Faulting application start time: 0x01d7d898ad2d0950
Faulting application path: C:\Program Files (x86)\Adobe\Acrobat Reader DC\Reader\AcroRd32.exe
Faulting module path: C:\Windows\SYSTEM32\VCRUNTIME140.dll
Report Id: f9c40b8b-448b-11ec-82a9-000c2935f866
Faulting package full name: 
Faulting package-relative application ID: "
Error	11/13/2021 10:13:47 PM	Application Error	1000	(100)	"Faulting application name: AcroRd32.exe, version: 19.21.20048.26832, time stamp: 0x5da76dd8
Faulting module name: ucrtbase.DLL, version: 10.0.14393.2990, time stamp: 0x5caeb859
Exception code: 0xc0000409
Fault offset: 0x000884cb
Faulting process id: 0x9c0
Faulting application start time: 0x01d7d898a4ef786f
Faulting application path: C:\Program Files (x86)\Adobe\Acrobat Reader DC\Reader\AcroRd32.exe
Faulting module path: C:\Windows\SYSTEM32\ucrtbase.DLL
Report Id: ea5ff1e6-448b-11ec-82a9-000c2935f866
Faulting package full name: 
Faulting package-relative application ID: "
Error	11/13/2021 10:13:33 PM	Application Error	1000	(100)	"Faulting application name: AcroRd32.exe, version: 19.21.20048.26832, time stamp: 0x5da76dd8
Faulting module name: ucrtbase.DLL, version: 10.0.14393.2990, time stamp: 0x5caeb859
Exception code: 0xc0000409
Fault offset: 0x000884cb
Faulting process id: 0xfa0
Faulting application start time: 0x01d7d8989e7c278d
Faulting application path: C:\Program Files (x86)\Adobe\Acrobat Reader DC\Reader\AcroRd32.exe
Faulting module path: C:\Windows\SYSTEM32\ucrtbase.DLL
Report Id: e21da04a-448b-11ec-82a9-000c2935f866
Faulting package full name: 
Faulting package-relative application ID: "
Error	11/13/2021 10:13:22 PM	Application Error	1000	(100)	"Faulting application name: AcroRd32.exe, version: 19.21.20048.26832, time stamp: 0x5da76dd8
Faulting module name: ucrtbase.DLL, version: 10.0.14393.2990, time stamp: 0x5caeb859
Exception code: 0xc0000409
Fault offset: 0x000884cb
Faulting process id: 0x864
Faulting application start time: 0x01d7d89897ad677f
Faulting application path: C:\Program Files (x86)\Adobe\Acrobat Reader DC\Reader\AcroRd32.exe
Faulting module path: C:\Windows\SYSTEM32\ucrtbase.DLL
Report Id: dbaf237f-448b-11ec-82a9-000c2935f866
Faulting package full name: 
Faulting package-relative application ID: "
Error	11/13/2021 10:13:09 PM	Application Error	1000	(100)	"Faulting application name: AcroRd32.exe, version: 19.21.20048.26832, time stamp: 0x5da76dd8
Faulting module name: VCRUNTIME140.dll, version: 14.29.30037.0, time stamp: 0x609de41f
Exception code: 0xc0000005
Fault offset: 0x000032ae
Faulting process id: 0x8cc
Faulting application start time: 0x01d7d898877dc8db
Faulting application path: C:\Program Files (x86)\Adobe\Acrobat Reader DC\Reader\AcroRd32.exe
Faulting module path: C:\Windows\SYSTEM32\VCRUNTIME140.dll
Report Id: d402bb71-448b-11ec-82a9-000c2935f866
Faulting package full name: 
Faulting package-relative application ID: "
Error	11/13/2021 10:12:44 PM	Application Error	1000	(100)	"Faulting application name: AcroRd32.exe, version: 19.21.20048.26832, time stamp: 0x5da76dd8
Faulting module name: ucrtbase.DLL, version: 10.0.14393.2990, time stamp: 0x5caeb859
Exception code: 0xc0000409
Fault offset: 0x000884cb
Faulting process id: 0xf64
Faulting application start time: 0x01d7d8987deda664
Faulting application path: C:\Program Files (x86)\Adobe\Acrobat Reader DC\Reader\AcroRd32.exe
Faulting module path: C:\Windows\SYSTEM32\ucrtbase.DLL
Report Id: c4b0b523-448b-11ec-82a9-000c2935f866
Faulting package full name: 
Faulting package-relative application ID: "
Error	11/13/2021 10:12:27 PM	Application Error	1000	(100)	"Faulting application name: AcroRd32.exe, version: 19.21.20048.26832, time stamp: 0x5da76dd8
Faulting module name: VCRUNTIME140.dll, version: 14.29.30037.0, time stamp: 0x609de41f
Exception code: 0xc0000005
Fault offset: 0x000032ae
Faulting process id: 0x63c
Faulting application start time: 0x01d7d898739ac390
Faulting application path: C:\Program Files (x86)\Adobe\Acrobat Reader DC\Reader\AcroRd32.exe
Faulting module path: C:\Windows\SYSTEM32\VCRUNTIME140.dll
Report Id: ba77497c-448b-11ec-82a9-000c2935f866
Faulting package full name: 
Faulting package-relative application ID: "
Error	11/13/2021 10:12:10 PM	Application Error	1000	(100)	"Faulting application name: AcroRd32.exe, version: 19.21.20048.26832, time stamp: 0x5da76dd8
Faulting module name: ucrtbase.DLL, version: 10.0.14393.2990, time stamp: 0x5caeb859
Exception code: 0xc0000409
Fault offset: 0x000884cb
Faulting process id: 0x490
Faulting application start time: 0x01d7d89866f237b6
Faulting application path: C:\Program Files (x86)\Adobe\Acrobat Reader DC\Reader\AcroRd32.exe
Faulting module path: C:\Windows\SYSTEM32\ucrtbase.DLL
Report Id: b0cb5883-448b-11ec-82a9-000c2935f866
Faulting package full name: 
Faulting package-relative application ID: "
Error	11/13/2021 10:11:48 PM	Application Error	1000	(100)	"Faulting application name: AcroRd32.exe, version: 19.21.20048.26832, time stamp: 0x5da76dd8
Faulting module name: VCRUNTIME140.dll, version: 14.29.30037.0, time stamp: 0x609de41f
Exception code: 0xc0000005
Fault offset: 0x000032ae
Faulting process id: 0xdd0
Faulting application start time: 0x01d7d898650dfaca
Faulting application path: C:\Program Files (x86)\Adobe\Acrobat Reader DC\Reader\AcroRd32.exe
Faulting module path: C:\Windows\SYSTEM32\VCRUNTIME140.dll
Report Id: a33b6e69-448b-11ec-82a9-000c2935f866
Faulting package full name: 
Faulting package-relative application ID: "
Error	11/13/2021 10:11:46 PM	Application Error	1000	(100)	"Faulting application name: AcroRd32.exe, version: 19.21.20048.26832, time stamp: 0x5da76dd8
Faulting module name: ucrtbase.DLL, version: 10.0.14393.2990, time stamp: 0x5caeb859
Exception code: 0xc0000409
Fault offset: 0x000884cb
Faulting process id: 0xdf8
Faulting application start time: 0x01d7d898575dbbbc
Faulting application path: C:\Program Files (x86)\Adobe\Acrobat Reader DC\Reader\AcroRd32.exe
Faulting module path: C:\Windows\SYSTEM32\ucrtbase.DLL
Report Id: a23c1a9d-448b-11ec-82a9-000c2935f866
Faulting package full name: 
Faulting package-relative application ID: "
Error	11/13/2021 10:11:21 PM	Application Error	1000	(100)	"Faulting application name: AcroRd32.exe, version: 19.21.20048.26832, time stamp: 0x5da76dd8
Faulting module name: VCRUNTIME140.dll, version: 14.29.30037.0, time stamp: 0x609de41f
Exception code: 0xc0000005
Fault offset: 0x000032ae
Faulting process id: 0xf1c
Faulting application start time: 0x01d7d898557a8035
Faulting application path: C:\Program Files (x86)\Adobe\Acrobat Reader DC\Reader\AcroRd32.exe
Faulting module path: C:\Windows\SYSTEM32\VCRUNTIME140.dll
Report Id: 938cce50-448b-11ec-82a9-000c2935f866
Faulting package full name: 
Faulting package-relative application ID: "
Error	11/13/2021 10:11:19 PM	Application Error	1000	(100)	"Faulting application name: AcroRd32.exe, version: 19.21.20048.26832, time stamp: 0x5da76dd8
Faulting module name: VCRUNTIME140.dll, version: 14.29.30037.0, time stamp: 0x609de41f
Exception code: 0xc0000005
Fault offset: 0x000032ae
Faulting process id: 0x5a8
Faulting application start time: 0x01d7d89853973500
Faulting application path: C:\Program Files (x86)\Adobe\Acrobat Reader DC\Reader\AcroRd32.exe
Faulting module path: C:\Windows\SYSTEM32\VCRUNTIME140.dll
Report Id: 91e2c4ee-448b-11ec-82a9-000c2935f866
Faulting package full name: 
Faulting package-relative application ID: "
Error	11/13/2021 10:11:15 PM	Application Error	1000	(100)	"Faulting application name: AcroRd32.exe, version: 19.21.20048.26832, time stamp: 0x5da76dd8
Faulting module name: VCRUNTIME140.dll, version: 14.29.30037.0, time stamp: 0x609de41f
Exception code: 0xc0000005
Fault offset: 0x000032ae
Faulting process id: 0x4f4
Faulting application start time: 0x01d7d8984c0d461e
Faulting application path: C:\Program Files (x86)\Adobe\Acrobat Reader DC\Reader\AcroRd32.exe
Faulting module path: C:\Windows\SYSTEM32\VCRUNTIME140.dll
Report Id: 8fde2e3b-448b-11ec-82a9-000c2935f866
Faulting package full name: 
Faulting package-relative application ID: "
Error	11/13/2021 10:11:03 PM	Application Error	1000	(100)	"Faulting application name: AcroRd32.exe, version: 19.21.20048.26832, time stamp: 0x5da76dd8
Faulting module name: VCRUNTIME140.dll, version: 14.29.30037.0, time stamp: 0x609de41f
Exception code: 0xc0000005
Fault offset: 0x000032ae
Faulting process id: 0xfb0
Faulting application start time: 0x01d7d89842d92531
Faulting application path: C:\Program Files (x86)\Adobe\Acrobat Reader DC\Reader\AcroRd32.exe
Faulting module path: C:\Windows\SYSTEM32\VCRUNTIME140.dll
Report Id: 88863059-448b-11ec-82a9-000c2935f866
Faulting package full name: 
Faulting package-relative application ID: "
Error	11/13/2021 10:10:46 PM	Application Error	1000	(100)	"Faulting application name: AcroRd32.exe, version: 19.21.20048.26832, time stamp: 0x5da76dd8
Faulting module name: VCRUNTIME140.dll, version: 14.29.30037.0, time stamp: 0x609de41f
Exception code: 0xc0000005
Fault offset: 0x000032ae
Faulting process id: 0xebc
Faulting application start time: 0x01d7d8983e2be106
Faulting application path: C:\Program Files (x86)\Adobe\Acrobat Reader DC\Reader\AcroRd32.exe
Faulting module path: C:\Windows\SYSTEM32\VCRUNTIME140.dll
Report Id: 7e676484-448b-11ec-82a9-000c2935f866
Faulting package full name: 
Faulting package-relative application ID: "
Error	11/13/2021 10:10:39 PM	Application Error	1000	(100)	"Faulting application name: AcroRd32.exe, version: 19.21.20048.26832, time stamp: 0x5da76dd8
Faulting module name: VCRUNTIME140.dll, version: 14.29.30037.0, time stamp: 0x609de41f
Exception code: 0xc0000005
Fault offset: 0x000032ae
Faulting process id: 0x8f0
Faulting application start time: 0x01d7d8983c450c11
Faulting application path: C:\Program Files (x86)\Adobe\Acrobat Reader DC\Reader\AcroRd32.exe
Faulting module path: C:\Windows\SYSTEM32\VCRUNTIME140.dll
Report Id: 7a4cc637-448b-11ec-82a9-000c2935f866
Faulting package full name: 
Faulting package-relative application ID: "
Error	11/13/2021 10:10:36 PM	Application Error	1000	(100)	"Faulting application name: AcroRd32.exe, version: 19.21.20048.26832, time stamp: 0x5da76dd8
Faulting module name: VCRUNTIME140.dll, version: 14.29.30037.0, time stamp: 0x609de41f
Exception code: 0xc0000005
Fault offset: 0x000032ae
Faulting process id: 0x6fc
Faulting application start time: 0x01d7d8983a5f55c1
Faulting application path: C:\Program Files (x86)\Adobe\Acrobat Reader DC\Reader\AcroRd32.exe
Faulting module path: C:\Windows\SYSTEM32\VCRUNTIME140.dll
Report Id: 7865e031-448b-11ec-82a9-000c2935f866
Faulting package full name: 
Faulting package-relative application ID: "
Error	11/13/2021 10:10:33 PM	Application Error	1000	(100)	"Faulting application name: AcroRd32.exe, version: 19.21.20048.26832, time stamp: 0x5da76dd8
Faulting module name: VCRUNTIME140.dll, version: 14.29.30037.0, time stamp: 0x609de41f
Exception code: 0xc0000005
Fault offset: 0x000032ae
Faulting process id: 0x720
Faulting application start time: 0x01d7d898370ae30c
Faulting application path: C:\Program Files (x86)\Adobe\Acrobat Reader DC\Reader\AcroRd32.exe
Faulting module path: C:\Windows\SYSTEM32\VCRUNTIME140.dll
Report Id: 76c544d6-448b-11ec-82a9-000c2935f866
Faulting package full name: 
Faulting package-relative application ID: "
Error	11/13/2021 10:10:29 PM	Application Error	1000	(100)	"Faulting application name: AcroRd32.exe, version: 19.21.20048.26832, time stamp: 0x5da76dd8
Faulting module name: ucrtbase.DLL, version: 10.0.14393.2990, time stamp: 0x5caeb859
Exception code: 0xc0000409
Fault offset: 0x000884cb
Faulting process id: 0x48
Faulting application start time: 0x01d7d8981b42aa40
Faulting application path: C:\Program Files (x86)\Adobe\Acrobat Reader DC\Reader\AcroRd32.exe
Faulting module path: C:\Windows\SYSTEM32\ucrtbase.DLL
Report Id: 74403664-448b-11ec-82a9-000c2935f866
Faulting package full name: 
Faulting package-relative application ID: "
