Error	3/1/2022 3:13:22 AM	Application Error	1000	(100)	"Faulting application name: FoxitPDFReader.exe, version: 11.2.1.53537, time stamp: 0x61ea7adc
Faulting module name: FoxitPDFReader.exe, version: 11.2.1.53537, time stamp: 0x61ea7adc
Exception code: 0xc0000005
Fault offset: 0x02963028
Faulting process id: 0x8e0
Faulting application start time: 0x01d82cd734f97d11
Faulting application path: C:\Program Files (x86)\Foxit Software\Foxit PDF Reader\FoxitPDFReader.exe
Faulting module path: C:\Program Files (x86)\Foxit Software\Foxit PDF Reader\FoxitPDFReader.exe
Report Id: 7e753df3-98ca-11ec-82aa-000c29df038e
Faulting package full name: 
Faulting package-relative application ID: "
Error	3/1/2022 3:05:37 AM	Application Error	1000	(100)	"Faulting application name: FoxitPDFReader.exe, version: 11.2.1.53537, time stamp: 0x61ea7adc
Faulting module name: FoxitPDFReader.exe, version: 11.2.1.53537, time stamp: 0x61ea7adc
Exception code: 0xc0000005
Fault offset: 0x02963028
Faulting process id: 0xe4
Faulting application start time: 0x01d82cd627da8056
Faulting application path: C:\Program Files (x86)\Foxit Software\Foxit PDF Reader\FoxitPDFReader.exe
Faulting module path: C:\Program Files (x86)\Foxit Software\Foxit PDF Reader\FoxitPDFReader.exe
Report Id: 693e5c75-98c9-11ec-82aa-000c29df038e
Faulting package full name: 
Faulting package-relative application ID: "
Error	3/1/2022 2:51:32 AM	Application Error	1000	(100)	"Faulting application name: FoxitPDFReader.exe, version: 11.2.1.53537, time stamp: 0x61ea7adc
Faulting module name: FoxitPDFReader.exe, version: 11.2.1.53537, time stamp: 0x61ea7adc
Exception code: 0xc0000005
Fault offset: 0x029635e1
Faulting process id: 0x928
Faulting application start time: 0x01d82cd42ca9d405
Faulting application path: C:\Program Files (x86)\Foxit Software\Foxit PDF Reader\FoxitPDFReader.exe
Faulting module path: C:\Program Files (x86)\Foxit Software\Foxit PDF Reader\FoxitPDFReader.exe
Report Id: 71efe8e0-98c7-11ec-82aa-000c29df038e
Faulting package full name: 
Faulting package-relative application ID: "
Error	3/1/2022 2:46:31 AM	Application Error	1000	(100)	"Faulting application name: FoxitPDFReader.exe, version: 11.2.1.53537, time stamp: 0x61ea7adc
Faulting module name: FoxitPDFReader.exe, version: 11.2.1.53537, time stamp: 0x61ea7adc
Exception code: 0xc0000005
Fault offset: 0x02aa00cf
Faulting process id: 0x4bc
Faulting application start time: 0x01d82cd37ba26214
Faulting application path: C:\Program Files (x86)\Foxit Software\Foxit PDF Reader\FoxitPDFReader.exe
Faulting module path: C:\Program Files (x86)\Foxit Software\Foxit PDF Reader\FoxitPDFReader.exe
Report Id: be435784-98c6-11ec-82aa-000c29df038e
Faulting package full name: 
Faulting package-relative application ID: "
Error	3/1/2022 2:43:35 AM	Application Error	1000	(100)	"Faulting application name: FoxitPDFReader.exe, version: 11.2.1.53537, time stamp: 0x61ea7adc
Faulting module name: FoxitPDFReader.exe, version: 11.2.1.53537, time stamp: 0x61ea7adc
Exception code: 0xc0000005
Fault offset: 0x02963028
Faulting process id: 0x924
Faulting application start time: 0x01d82cd30eafb4c1
Faulting application path: C:\Program Files (x86)\Foxit Software\Foxit PDF Reader\FoxitPDFReader.exe
Faulting module path: C:\Program Files (x86)\Foxit Software\Foxit PDF Reader\FoxitPDFReader.exe
Report Id: 55a08c75-98c6-11ec-82aa-000c29df038e
Faulting package full name: 
Faulting package-relative application ID: "
Error	3/1/2022 2:35:31 AM	Application Error	1000	(100)	"Faulting application name: FoxitPDFReader.exe, version: 11.2.1.53537, time stamp: 0x61ea7adc
Faulting module name: FoxitPDFReader.exe, version: 11.2.1.53537, time stamp: 0x61ea7adc
Exception code: 0xc0000005
Fault offset: 0x02963028
Faulting process id: 0xbcc
Faulting application start time: 0x01d82cd1f52b59ec
Faulting application path: C:\Program Files (x86)\Foxit Software\Foxit PDF Reader\FoxitPDFReader.exe
Faulting module path: C:\Program Files (x86)\Foxit Software\Foxit PDF Reader\FoxitPDFReader.exe
Report Id: 34e93293-98c5-11ec-82aa-000c29df038e
Faulting package full name: 
Faulting package-relative application ID: "
Error	3/1/2022 2:18:26 AM	Application Error	1000	(100)	"Faulting application name: FoxitPDFReader.exe, version: 11.2.1.53537, time stamp: 0x61ea7adc
Faulting module name: FoxitPDFReader.exe, version: 11.2.1.53537, time stamp: 0x61ea7adc
Exception code: 0xc0000005
Fault offset: 0x02963028
Faulting process id: 0x924
Faulting application start time: 0x01d82ccf8ca837fd
Faulting application path: C:\Program Files (x86)\Foxit Software\Foxit PDF Reader\FoxitPDFReader.exe
Faulting module path: C:\Program Files (x86)\Foxit Software\Foxit PDF Reader\FoxitPDFReader.exe
Report Id: d1f0b1fa-98c2-11ec-82aa-000c29df038e
Faulting package full name: 
Faulting package-relative application ID: "
Error	3/1/2022 2:17:46 AM	Application Error	1000	(100)	"Faulting application name: FoxitPDFReader.exe, version: 11.2.1.53537, time stamp: 0x61ea7adc
Faulting module name: FoxitPDFReader.exe, version: 11.2.1.53537, time stamp: 0x61ea7adc
Exception code: 0xc0000005
Fault offset: 0x02963028
Faulting process id: 0x8c0
Faulting application start time: 0x01d82ccf760b455b
Faulting application path: C:\Program Files (x86)\Foxit Software\Foxit PDF Reader\FoxitPDFReader.exe
Faulting module path: C:\Program Files (x86)\Foxit Software\Foxit PDF Reader\FoxitPDFReader.exe
Report Id: ba0d1941-98c2-11ec-82aa-000c29df038e
Faulting package full name: 
Faulting package-relative application ID: "
Error	3/1/2022 1:46:37 AM	Application Error	1000	(100)	"Faulting application name: FoxitPDFReader.exe, version: 11.2.1.53537, time stamp: 0x61ea7adc
Faulting module name: FoxitPDFReader.exe, version: 11.2.1.53537, time stamp: 0x61ea7adc
Exception code: 0xc0000005
Fault offset: 0x02963028
Faulting process id: 0x744
Faulting application start time: 0x01d82ccb1efc9bea
Faulting application path: C:\Program Files (x86)\Foxit Software\Foxit PDF Reader\FoxitPDFReader.exe
Faulting module path: C:\Program Files (x86)\Foxit Software\Foxit PDF Reader\FoxitPDFReader.exe
Report Id: 6029a362-98be-11ec-82aa-000c29df038e
Faulting package full name: 
Faulting package-relative application ID: "
Error	3/1/2022 1:34:11 AM	Application Error	1000	(100)	"Faulting application name: VMwareHostOpen.exe, version: 11.2.6.28747, time stamp: 0x6079cb2f
Faulting module name: KERNELBASE.dll, version: 6.3.9600.19724, time stamp: 0x5ec5262a
Exception code: 0x80000003
Fault offset: 0x00000000000ddca2
Faulting process id: 0x6d0
Faulting application start time: 0x01d82cc965c9225c
Faulting application path: C:\Program Files\VMware\VMware Tools\VMwareHostOpen.exe
Faulting module path: C:\Windows\system32\KERNELBASE.dll
Report Id: a3b8710e-98bc-11ec-82aa-000c29df038e
Faulting package full name: 
Faulting package-relative application ID: "
Error	3/1/2022 1:31:42 AM	Application Error	1000	(100)	"Faulting application name: FoxitPDFReader.exe, version: 11.2.1.53537, time stamp: 0x61ea7adc
Faulting module name: FoxitPDFReader.exe, version: 11.2.1.53537, time stamp: 0x61ea7adc
Exception code: 0xc0000005
Fault offset: 0x02963028
Faulting process id: 0xabc
Faulting application start time: 0x01d82cc9097acee1
Faulting application path: C:\Program Files (x86)\Foxit Software\Foxit PDF Reader\FoxitPDFReader.exe
Faulting module path: C:\Program Files (x86)\Foxit Software\Foxit PDF Reader\FoxitPDFReader.exe
Report Id: 4a81ac31-98bc-11ec-82aa-000c29df038e
Faulting package full name: 
Faulting package-relative application ID: "
Error	3/1/2022 1:23:05 AM	Application Error	1000	(100)	"Faulting application name: VMwareHostOpen.exe, version: 11.2.6.28747, time stamp: 0x6079cb2f
Faulting module name: KERNELBASE.dll, version: 6.3.9600.19724, time stamp: 0x5ec5262a
Exception code: 0x80000003
Fault offset: 0x00000000000ddca2
Faulting process id: 0x7c4
Faulting application start time: 0x01d82cc7d8a49ed1
Faulting application path: C:\Program Files\VMware\VMware Tools\VMwareHostOpen.exe
Faulting module path: C:\Windows\system32\KERNELBASE.dll
Report Id: 1666a006-98bb-11ec-82aa-000c29df038e
Faulting package full name: 
Faulting package-relative application ID: "
Error	3/1/2022 1:22:59 AM	Application Error	1000	(100)	"Faulting application name: FoxitPDFReader.exe, version: 11.2.1.53537, time stamp: 0x61ea7adc
Faulting module name: FoxitPDFReader.exe, version: 11.2.1.53537, time stamp: 0x61ea7adc
Exception code: 0xc0000005
Fault offset: 0x02963028
Faulting process id: 0x670
Faulting application start time: 0x01d82cc7cd883fba
Faulting application path: C:\Program Files (x86)\Foxit Software\Foxit PDF Reader\FoxitPDFReader.exe
Faulting module path: C:\Program Files (x86)\Foxit Software\Foxit PDF Reader\FoxitPDFReader.exe
Report Id: 12d7da59-98bb-11ec-82aa-000c29df038e
Faulting package full name: 
Faulting package-relative application ID: "
Error	3/1/2022 1:03:25 AM	Application Error	1000	(100)	"Faulting application name: FoxitPDFReader.exe, version: 11.2.1.53537, time stamp: 0x61ea7adc
Faulting module name: FoxitPDFReader.exe, version: 11.2.1.53537, time stamp: 0x61ea7adc
Exception code: 0xc0000005
Fault offset: 0x02963028
Faulting process id: 0x84
Faulting application start time: 0x01d82cc50bff27b4
Faulting application path: C:\Program Files (x86)\Foxit Software\Foxit PDF Reader\FoxitPDFReader.exe
Faulting module path: C:\Program Files (x86)\Foxit Software\Foxit PDF Reader\FoxitPDFReader.exe
Report Id: 572f2deb-98b8-11ec-82aa-000c29df038e
Faulting package full name: 
Faulting package-relative application ID: "
Error	3/1/2022 12:48:57 AM	Application Error	1000	(100)	"Faulting application name: FoxitPDFReader.exe, version: 11.2.1.53537, time stamp: 0x61ea7adc
Faulting module name: FoxitPDFReader.exe, version: 11.2.1.53537, time stamp: 0x61ea7adc
Exception code: 0xc0000005
Fault offset: 0x02963028
Faulting process id: 0x5c8
Faulting application start time: 0x01d82cc30f21a1c3
Faulting application path: C:\Program Files (x86)\Foxit Software\Foxit PDF Reader\FoxitPDFReader.exe
Faulting module path: C:\Program Files (x86)\Foxit Software\Foxit PDF Reader\FoxitPDFReader.exe
Report Id: 51bdd055-98b6-11ec-82aa-000c29df038e
Faulting package full name: 
Faulting package-relative application ID: "
Error	3/1/2022 12:38:09 AM	Application Error	1000	(100)	"Faulting application name: FoxitPDFReader.exe, version: 11.2.1.53537, time stamp: 0x61ea7adc
Faulting module name: FoxitPDFReader.exe, version: 11.2.1.53537, time stamp: 0x61ea7adc
Exception code: 0xc0000005
Fault offset: 0x02963028
Faulting process id: 0x548
Faulting application start time: 0x01d82cc189d213a2
Faulting application path: C:\Program Files (x86)\Foxit Software\Foxit PDF Reader\FoxitPDFReader.exe
Faulting module path: C:\Program Files (x86)\Foxit Software\Foxit PDF Reader\FoxitPDFReader.exe
Report Id: cf4312e1-98b4-11ec-82aa-000c29df038e
Faulting package full name: 
Faulting package-relative application ID: "
Error	3/1/2022 12:37:34 AM	Application Error	1000	(100)	"Faulting application name: VMwareHostOpen.exe, version: 11.2.6.28747, time stamp: 0x6079cb2f
Faulting module name: KERNELBASE.dll, version: 6.3.9600.19724, time stamp: 0x5ec5262a
Exception code: 0x80000003
Fault offset: 0x00000000000ddca2
Faulting process id: 0x73c
Faulting application start time: 0x01d82cc17cf0acb5
Faulting application path: C:\Program Files\VMware\VMware Tools\VMwareHostOpen.exe
Faulting module path: C:\Windows\system32\KERNELBASE.dll
Report Id: bac35f08-98b4-11ec-82aa-000c29df038e
Faulting package full name: 
Faulting package-relative application ID: "
Error	3/1/2022 12:35:50 AM	Application Error	1000	(100)	"Faulting application name: FoxitPDFReader.exe, version: 11.2.1.53537, time stamp: 0x61ea7adc
Faulting module name: FoxitPDFReader.exe, version: 11.2.1.53537, time stamp: 0x61ea7adc
Exception code: 0xc0000005
Fault offset: 0x02963028
Faulting process id: 0xb40
Faulting application start time: 0x01d82cc138ba7151
Faulting application path: C:\Program Files (x86)\Foxit Software\Foxit PDF Reader\FoxitPDFReader.exe
Faulting module path: C:\Program Files (x86)\Foxit Software\Foxit PDF Reader\FoxitPDFReader.exe
Report Id: 7ce99379-98b4-11ec-82aa-000c29df038e
Faulting package full name: 
Faulting package-relative application ID: "
Error	3/1/2022 12:31:08 AM	Application Error	1000	(100)	"Faulting application name: FoxitPDFReader.exe, version: 11.2.1.53537, time stamp: 0x61ea7adc
Faulting module name: FoxitPDFReader.exe, version: 11.2.1.53537, time stamp: 0x61ea7adc
Exception code: 0xc0000005
Fault offset: 0x02963028
Faulting process id: 0x5ac
Faulting application start time: 0x01d82cc08bd7d080
Faulting application path: C:\Program Files (x86)\Foxit Software\Foxit PDF Reader\FoxitPDFReader.exe
Faulting module path: C:\Program Files (x86)\Foxit Software\Foxit PDF Reader\FoxitPDFReader.exe
Report Id: d45e028f-98b3-11ec-82aa-000c29df038e
Faulting package full name: 
Faulting package-relative application ID: "
Error	3/1/2022 12:30:47 AM	Application Error	1000	(100)	"Faulting application name: FoxitPDFReader.exe, version: 11.2.1.53537, time stamp: 0x61ea7adc
Faulting module name: FoxitPDFReader.exe, version: 11.2.1.53537, time stamp: 0x61ea7adc
Exception code: 0xc0000005
Fault offset: 0x02963028
Faulting process id: 0x9f4
Faulting application start time: 0x01d82cc088908eda
Faulting application path: C:\Program Files (x86)\Foxit Software\Foxit PDF Reader\FoxitPDFReader.exe
Faulting module path: C:\Program Files (x86)\Foxit Software\Foxit PDF Reader\FoxitPDFReader.exe
Report Id: c850cb04-98b3-11ec-82aa-000c29df038e
Faulting package full name: 
Faulting package-relative application ID: "
Error	3/1/2022 12:28:10 AM	Application Error	1000	(100)	"Faulting application name: FoxitPDFReader.exe, version: 11.2.1.53537, time stamp: 0x61ea7adc
Faulting module name: FoxitPDFReader.exe, version: 11.2.1.53537, time stamp: 0x61ea7adc
Exception code: 0xc0000005
Fault offset: 0x02963028
Faulting process id: 0xa4c
Faulting application start time: 0x01d82cc025166744
Faulting application path: C:\Program Files (x86)\Foxit Software\Foxit PDF Reader\FoxitPDFReader.exe
Faulting module path: C:\Program Files (x86)\Foxit Software\Foxit PDF Reader\FoxitPDFReader.exe
Report Id: 6a8506fd-98b3-11ec-82aa-000c29df038e
Faulting package full name: 
Faulting package-relative application ID: "
Error	3/1/2022 12:24:21 AM	Application Error	1000	(100)	"Faulting application name: FoxitPDFReader.exe, version: 11.2.1.53537, time stamp: 0x61ea7adc
Faulting module name: FoxitPDFReader.exe, version: 11.2.1.53537, time stamp: 0x61ea7adc
Exception code: 0xc0000005
Fault offset: 0x02963028
Faulting process id: 0x638
Faulting application start time: 0x01d82cbf97f14233
Faulting application path: C:\Program Files (x86)\Foxit Software\Foxit PDF Reader\FoxitPDFReader.exe
Faulting module path: C:\Program Files (x86)\Foxit Software\Foxit PDF Reader\FoxitPDFReader.exe
Report Id: e2059532-98b2-11ec-82aa-000c29df038e
Faulting package full name: 
Faulting package-relative application ID: "
Error	3/1/2022 12:22:48 AM	Application Error	1000	(100)	"Faulting application name: FoxitPDFReader.exe, version: 11.2.1.53537, time stamp: 0x61ea7adc
Faulting module name: FoxitPDFReader.exe, version: 11.2.1.53537, time stamp: 0x61ea7adc
Exception code: 0xc0000005
Fault offset: 0x029635e1
Faulting process id: 0x744
Faulting application start time: 0x01d82cbf665e0109
Faulting application path: C:\Program Files (x86)\Foxit Software\Foxit PDF Reader\FoxitPDFReader.exe
Faulting module path: C:\Program Files (x86)\Foxit Software\Foxit PDF Reader\FoxitPDFReader.exe
Report Id: aa58acdd-98b2-11ec-82aa-000c29df038e
Faulting package full name: 
Faulting package-relative application ID: "
Error	3/1/2022 12:10:09 AM	Application Error	1000	(100)	"Faulting application name: VMwareHostOpen.exe, version: 11.2.6.28747, time stamp: 0x6079cb2f
Faulting module name: KERNELBASE.dll, version: 6.3.9600.19724, time stamp: 0x5ec5262a
Exception code: 0x80000003
Fault offset: 0x00000000000ddca2
Faulting process id: 0x72c
Faulting application start time: 0x01d82cbda81d6202
Faulting application path: C:\Program Files\VMware\VMware Tools\VMwareHostOpen.exe
Faulting module path: C:\Windows\system32\KERNELBASE.dll
Report Id: e5f73ac0-98b0-11ec-82aa-000c29df038e
Faulting package full name: 
Faulting package-relative application ID: "
Error	3/1/2022 12:09:56 AM	Application Error	1000	(100)	"Faulting application name: FoxitPDFReader.exe, version: 11.2.1.53537, time stamp: 0x61ea7adc
Faulting module name: FoxitPDFReader.exe, version: 11.2.1.53537, time stamp: 0x61ea7adc
Exception code: 0xc0000005
Fault offset: 0x02963028
Faulting process id: 0x4e8
Faulting application start time: 0x01d82cbd93620dbf
Faulting application path: C:\Program Files (x86)\Foxit Software\Foxit PDF Reader\FoxitPDFReader.exe
Faulting module path: C:\Program Files (x86)\Foxit Software\Foxit PDF Reader\FoxitPDFReader.exe
Report Id: de60112d-98b0-11ec-82aa-000c29df038e
Faulting package full name: 
Faulting package-relative application ID: "
Error	3/1/2022 12:07:15 AM	Application Error	1000	(100)	"Faulting application name: FoxitPDFReader.exe, version: 11.2.1.53537, time stamp: 0x61ea7adc
Faulting module name: FoxitPDFReader.exe, version: 11.2.1.53537, time stamp: 0x61ea7adc
Exception code: 0xc0000005
Fault offset: 0x02aa00cf
Faulting process id: 0x4ac
Faulting application start time: 0x01d82cbd3e7442c5
Faulting application path: C:\Program Files (x86)\Foxit Software\Foxit PDF Reader\FoxitPDFReader.exe
Faulting module path: C:\Program Files (x86)\Foxit Software\Foxit PDF Reader\FoxitPDFReader.exe
Report Id: 7e3e07d8-98b0-11ec-82aa-000c29df038e
Faulting package full name: 
Faulting package-relative application ID: "
Error	3/1/2022 12:03:41 AM	Application Error	1000	(100)	"Faulting application name: FoxitPDFReader.exe, version: 11.2.1.53537, time stamp: 0x61ea7adc
Faulting module name: FoxitPDFReader.exe, version: 11.2.1.53537, time stamp: 0x61ea7adc
Exception code: 0xc0000005
Fault offset: 0x02963028
Faulting process id: 0x694
Faulting application start time: 0x01d82cbcbc586fde
Faulting application path: C:\Program Files (x86)\Foxit Software\Foxit PDF Reader\FoxitPDFReader.exe
Faulting module path: C:\Program Files (x86)\Foxit Software\Foxit PDF Reader\FoxitPDFReader.exe
Report Id: feda6656-98af-11ec-82aa-000c29df038e
Faulting package full name: 
Faulting package-relative application ID: "
Error	3/1/2022 12:00:57 AM	Application Error	1000	(100)	"Faulting application name: FoxitPDFReader.exe, version: 11.2.1.53537, time stamp: 0x61ea7adc
Faulting module name: FoxitPDFReader.exe, version: 11.2.1.53537, time stamp: 0x61ea7adc
Exception code: 0xc0000005
Fault offset: 0x02963028
Faulting process id: 0x3e0
Faulting application start time: 0x01d82cbc4cbbba8e
Faulting application path: C:\Program Files (x86)\Foxit Software\Foxit PDF Reader\FoxitPDFReader.exe
Faulting module path: C:\Program Files (x86)\Foxit Software\Foxit PDF Reader\FoxitPDFReader.exe
Report Id: 9d5e96d8-98af-11ec-82aa-000c29df038e
Faulting package full name: 
Faulting package-relative application ID: "
Error	2/28/2022 11:59:53 PM	Application Error	1000	(100)	"Faulting application name: FoxitPDFReader.exe, version: 11.2.1.53537, time stamp: 0x61ea7adc
Faulting module name: FoxitPDFReader.exe, version: 11.2.1.53537, time stamp: 0x61ea7adc
Exception code: 0xc0000005
Fault offset: 0x029635e1
Faulting process id: 0x5ac
Faulting application start time: 0x01d82cbc30a4e0fc
Faulting application path: C:\Program Files (x86)\Foxit Software\Foxit PDF Reader\FoxitPDFReader.exe
Faulting module path: C:\Program Files (x86)\Foxit Software\Foxit PDF Reader\FoxitPDFReader.exe
Report Id: 77044d15-98af-11ec-82aa-000c29df038e
Faulting package full name: 
Faulting package-relative application ID: "
Error	2/28/2022 11:55:25 PM	Application Error	1000	(100)	"Faulting application name: FoxitPDFReader.exe, version: 11.2.1.53537, time stamp: 0x61ea7adc
Faulting module name: FoxitPDFReader.exe, version: 11.2.1.53537, time stamp: 0x61ea7adc
Exception code: 0xc0000005
Fault offset: 0x02aa00cf
Faulting process id: 0xbc8
Faulting application start time: 0x01d82cbb8a4bd667
Faulting application path: C:\Program Files (x86)\Foxit Software\Foxit PDF Reader\FoxitPDFReader.exe
Faulting module path: C:\Program Files (x86)\Foxit Software\Foxit PDF Reader\FoxitPDFReader.exe
Report Id: d764b948-98ae-11ec-82aa-000c29df038e
Faulting package full name: 
Faulting package-relative application ID: "
Error	2/28/2022 11:53:51 PM	Application Error	1000	(100)	"Faulting application name: VMwareHostOpen.exe, version: 11.2.6.28747, time stamp: 0x6079cb2f
Faulting module name: KERNELBASE.dll, version: 6.3.9600.19724, time stamp: 0x5ec5262a
Exception code: 0x80000003
Fault offset: 0x00000000000ddca2
Faulting process id: 0xbec
Faulting application start time: 0x01d82cbb61728e52
Faulting application path: C:\Program Files\VMware\VMware Tools\VMwareHostOpen.exe
Faulting module path: C:\Windows\system32\KERNELBASE.dll
Report Id: 9f348f78-98ae-11ec-82aa-000c29df038e
Faulting package full name: 
Faulting package-relative application ID: "
Error	2/28/2022 11:50:54 PM	Application Error	1000	(100)	"Faulting application name: FoxitPDFReader.exe, version: 11.2.1.53537, time stamp: 0x61ea7adc
Faulting module name: FoxitPDFReader.exe, version: 11.2.1.53537, time stamp: 0x61ea7adc
Exception code: 0xc0000005
Fault offset: 0x029635e1
Faulting process id: 0xa80
Faulting application start time: 0x01d82cbaee71d00f
Faulting application path: C:\Program Files (x86)\Foxit Software\Foxit PDF Reader\FoxitPDFReader.exe
Faulting module path: C:\Program Files (x86)\Foxit Software\Foxit PDF Reader\FoxitPDFReader.exe
Report Id: 359e46bf-98ae-11ec-82aa-000c29df038e
Faulting package full name: 
Faulting package-relative application ID: "
Error	2/28/2022 11:45:59 PM	Application Error	1000	(100)	"Faulting application name: FoxitPDFReader.exe, version: 11.2.1.53537, time stamp: 0x61ea7adc
Faulting module name: FoxitPDFReader.exe, version: 11.2.1.53537, time stamp: 0x61ea7adc
Exception code: 0xc0000005
Fault offset: 0x02963028
Faulting process id: 0x638
Faulting application start time: 0x01d82cba3a6ab52b
Faulting application path: C:\Program Files (x86)\Foxit Software\Foxit PDF Reader\FoxitPDFReader.exe
Faulting module path: C:\Program Files (x86)\Foxit Software\Foxit PDF Reader\FoxitPDFReader.exe
Report Id: 862c30f4-98ad-11ec-82aa-000c29df038e
Faulting package full name: 
Faulting package-relative application ID: "
Error	2/28/2022 11:44:00 PM	Application Error	1000	(100)	"Faulting application name: FoxitPDFReader.exe, version: 11.2.1.53537, time stamp: 0x61ea7adc
Faulting module name: FoxitPDFReader.exe, version: 11.2.1.53537, time stamp: 0x61ea7adc
Exception code: 0xc0000005
Fault offset: 0x029635e1
Faulting process id: 0x2d8
Faulting application start time: 0x01d82cb9e43fd613
Faulting application path: C:\Program Files (x86)\Foxit Software\Foxit PDF Reader\FoxitPDFReader.exe
Faulting module path: C:\Program Files (x86)\Foxit Software\Foxit PDF Reader\FoxitPDFReader.exe
Report Id: 3f2adfaa-98ad-11ec-82aa-000c29df038e
Faulting package full name: 
Faulting package-relative application ID: "
Error	2/28/2022 11:35:49 PM	Application Error	1000	(100)	"Faulting application name: FoxitPDFReader.exe, version: 11.2.1.53537, time stamp: 0x61ea7adc
Faulting module name: FoxitPDFReader.exe, version: 11.2.1.53537, time stamp: 0x61ea7adc
Exception code: 0xc0000005
Fault offset: 0x02963028
Faulting process id: 0xbd4
Faulting application start time: 0x01d82cb8d3c4912a
Faulting application path: C:\Program Files (x86)\Foxit Software\Foxit PDF Reader\FoxitPDFReader.exe
Faulting module path: C:\Program Files (x86)\Foxit Software\Foxit PDF Reader\FoxitPDFReader.exe
Report Id: 1a835738-98ac-11ec-82aa-000c29df038e
Faulting package full name: 
Faulting package-relative application ID: "
Error	2/28/2022 11:30:39 PM	Application Error	1000	(100)	"Faulting application name: FoxitPDFReader.exe, version: 11.2.1.53537, time stamp: 0x61ea7adc
Faulting module name: FoxitPDFReader.exe, version: 11.2.1.53537, time stamp: 0x61ea7adc
Exception code: 0xc0000005
Fault offset: 0x02963028
Faulting process id: 0xb3c
Faulting application start time: 0x01d82cb81c4ddb48
Faulting application path: C:\Program Files (x86)\Foxit Software\Foxit PDF Reader\FoxitPDFReader.exe
Faulting module path: C:\Program Files (x86)\Foxit Software\Foxit PDF Reader\FoxitPDFReader.exe
Report Id: 616dc711-98ab-11ec-82aa-000c29df038e
Faulting package full name: 
Faulting package-relative application ID: "
Error	2/28/2022 11:24:52 PM	Application Error	1000	(100)	"Faulting application name: VMwareHostOpen.exe, version: 11.2.6.28747, time stamp: 0x6079cb2f
Faulting module name: KERNELBASE.dll, version: 6.3.9600.19724, time stamp: 0x5ec5262a
Exception code: 0x80000003
Fault offset: 0x00000000000ddca2
Faulting process id: 0x36c
Faulting application start time: 0x01d82cb755178a3b
Faulting application path: C:\Program Files\VMware\VMware Tools\VMwareHostOpen.exe
Faulting module path: C:\Windows\system32\KERNELBASE.dll
Report Id: 92f3c512-98aa-11ec-82aa-000c29df038e
Faulting package full name: 
Faulting package-relative application ID: "
Error	2/28/2022 11:23:14 PM	Application Error	1000	(100)	"Faulting application name: FoxitPDFReader.exe, version: 11.2.1.53537, time stamp: 0x61ea7adc
Faulting module name: FoxitPDFReader.exe, version: 11.2.1.53537, time stamp: 0x61ea7adc
Exception code: 0xc0000005
Fault offset: 0x02963028
Faulting process id: 0x914
Faulting application start time: 0x01d82cb718c50751
Faulting application path: C:\Program Files (x86)\Foxit Software\Foxit PDF Reader\FoxitPDFReader.exe
Faulting module path: C:\Program Files (x86)\Foxit Software\Foxit PDF Reader\FoxitPDFReader.exe
Report Id: 588a060d-98aa-11ec-82aa-000c29df038e
Faulting package full name: 
Faulting package-relative application ID: "
Error	2/28/2022 11:18:47 PM	Application Error	1000	(100)	"Faulting application name: FoxitPDFReader.exe, version: 11.2.1.53537, time stamp: 0x61ea7adc
Faulting module name: FoxitPDFReader.exe, version: 11.2.1.53537, time stamp: 0x61ea7adc
Exception code: 0xc0000005
Fault offset: 0x029635e1
Faulting process id: 0x66c
Faulting application start time: 0x01d82cb66cade3af
Faulting application path: C:\Program Files (x86)\Foxit Software\Foxit PDF Reader\FoxitPDFReader.exe
Faulting module path: C:\Program Files (x86)\Foxit Software\Foxit PDF Reader\FoxitPDFReader.exe
Report Id: b8dd0403-98a9-11ec-82aa-000c29df038e
Faulting package full name: 
Faulting package-relative application ID: "
