Error	1/27/2022 4:56:44 PM	Application Error	1000	(100)	"Faulting application name: FoxitPDFReader.exe, version: 11.1.0.52543, time stamp: 0x6151f24e
Faulting module name: FoxitPDFReader.exe, version: 11.1.0.52543, time stamp: 0x6151f24e
Exception code: 0xc0000005
Fault offset: 0x01b21b93
Faulting process id: 0xaa8
Faulting application start time: 0x01d8135bccf63893
Faulting application path: C:\Program Files (x86)\Foxit Software\Foxit PDF Reader\FoxitPDFReader.exe
Faulting module path: C:\Program Files (x86)\Foxit Software\Foxit PDF Reader\FoxitPDFReader.exe
Report Id: 0c8b869f-7f4f-11ec-82b3-000c29570a3e
Faulting package full name: 
Faulting package-relative application ID: "
Error	1/27/2022 4:56:38 PM	Application Error	1000	(100)	"Faulting application name: FoxitPDFReader.exe, version: 11.1.0.52543, time stamp: 0x6151f24e
Faulting module name: FoxitPDFReader.exe, version: 11.1.0.52543, time stamp: 0x6151f24e
Exception code: 0xc0000005
Fault offset: 0x01b216da
Faulting process id: 0x438
Faulting application start time: 0x01d8135ba2ec0152
Faulting application path: C:\Program Files (x86)\Foxit Software\Foxit PDF Reader\FoxitPDFReader.exe
Faulting module path: C:\Program Files (x86)\Foxit Software\Foxit PDF Reader\FoxitPDFReader.exe
Report Id: 0946ad1c-7f4f-11ec-82b3-000c29570a3e
Faulting package full name: 
Faulting package-relative application ID: "
Error	1/27/2022 4:55:28 PM	Application Error	1000	(100)	"Faulting application name: FoxitPDFReader.exe, version: 11.1.0.52543, time stamp: 0x6151f24e
Faulting module name: FoxitPDFReader.exe, version: 11.1.0.52543, time stamp: 0x6151f24e
Exception code: 0xc0000005
Fault offset: 0x01b216da
Faulting process id: 0x954
Faulting application start time: 0x01d8135b9c96c189
Faulting application path: C:\Program Files (x86)\Foxit Software\Foxit PDF Reader\FoxitPDFReader.exe
Faulting module path: C:\Program Files (x86)\Foxit Software\Foxit PDF Reader\FoxitPDFReader.exe
Report Id: df3ed7d6-7f4e-11ec-82b3-000c29570a3e
Faulting package full name: 
Faulting package-relative application ID: "
Error	1/27/2022 4:55:17 PM	Application Error	1000	(100)	"Faulting application name: FoxitPDFReader.exe, version: 11.1.0.52543, time stamp: 0x6151f24e
Faulting module name: FoxitPDFReader.exe, version: 11.1.0.52543, time stamp: 0x6151f24e
Exception code: 0xc0000005
Fault offset: 0x01b21b93
Faulting process id: 0xba8
Faulting application start time: 0x01d8135b97ec47ca
Faulting application path: C:\Program Files (x86)\Foxit Software\Foxit PDF Reader\FoxitPDFReader.exe
Faulting module path: C:\Program Files (x86)\Foxit Software\Foxit PDF Reader\FoxitPDFReader.exe
Report Id: d8e99874-7f4e-11ec-82b3-000c29570a3e
Faulting package full name: 
Faulting package-relative application ID: "
Error	1/27/2022 4:55:09 PM	Application Error	1000	(100)	"Faulting application name: FoxitPDFReader.exe, version: 11.1.0.52543, time stamp: 0x6151f24e
Faulting module name: FoxitPDFReader.exe, version: 11.1.0.52543, time stamp: 0x6151f24e
Exception code: 0xc0000005
Fault offset: 0x01b216da
Faulting process id: 0x5b0
Faulting application start time: 0x01d8135b94a9d0af
Faulting application path: C:\Program Files (x86)\Foxit Software\Foxit PDF Reader\FoxitPDFReader.exe
Faulting module path: C:\Program Files (x86)\Foxit Software\Foxit PDF Reader\FoxitPDFReader.exe
Report Id: d43cbc45-7f4e-11ec-82b3-000c29570a3e
Faulting package full name: 
Faulting package-relative application ID: "
Error	1/27/2022 4:55:04 PM	Application Error	1000	(100)	"Faulting application name: FoxitPDFReader.exe, version: 11.1.0.52543, time stamp: 0x6151f24e
Faulting module name: FoxitPDFReader.exe, version: 11.1.0.52543, time stamp: 0x6151f24e
Exception code: 0xc0000005
Fault offset: 0x01b216da
Faulting process id: 0x4dc
Faulting application start time: 0x01d8135b84755469
Faulting application path: C:\Program Files (x86)\Foxit Software\Foxit PDF Reader\FoxitPDFReader.exe
Faulting module path: C:\Program Files (x86)\Foxit Software\Foxit PDF Reader\FoxitPDFReader.exe
Report Id: d0fa44e5-7f4e-11ec-82b3-000c29570a3e
Faulting package full name: 
Faulting package-relative application ID: "
Error	1/27/2022 4:54:37 PM	Application Error	1000	(100)	"Faulting application name: FoxitPDFReader.exe, version: 11.1.0.52543, time stamp: 0x6151f24e
Faulting module name: FoxitPDFReader.exe, version: 11.1.0.52543, time stamp: 0x6151f24e
Exception code: 0xc0000005
Fault offset: 0x01b21b93
Faulting process id: 0x368
Faulting application start time: 0x01d8135b758c3fb3
Faulting application path: C:\Program Files (x86)\Foxit Software\Foxit PDF Reader\FoxitPDFReader.exe
Faulting module path: C:\Program Files (x86)\Foxit Software\Foxit PDF Reader\FoxitPDFReader.exe
Report Id: c0c82b3c-7f4e-11ec-82b3-000c29570a3e
Faulting package full name: 
Faulting package-relative application ID: "
Error	1/27/2022 4:54:11 PM	Application Error	1000	(100)	"Faulting application name: FoxitPDFReader.exe, version: 11.1.0.52543, time stamp: 0x6151f24e
Faulting module name: FoxitPDFReader.exe, version: 11.1.0.52543, time stamp: 0x6151f24e
Exception code: 0xc0000005
Fault offset: 0x01b21b93
Faulting process id: 0x944
Faulting application start time: 0x01d8135b70e1c4d9
Faulting application path: C:\Program Files (x86)\Foxit Software\Foxit PDF Reader\FoxitPDFReader.exe
Faulting module path: C:\Program Files (x86)\Foxit Software\Foxit PDF Reader\FoxitPDFReader.exe
Report Id: b1dcb3a4-7f4e-11ec-82b3-000c29570a3e
Faulting package full name: 
Faulting package-relative application ID: "
Error	1/27/2022 4:54:04 PM	Application Error	1000	(100)	"Faulting application name: FoxitPDFReader.exe, version: 11.1.0.52543, time stamp: 0x6151f24e
Faulting module name: FoxitPDFReader.exe, version: 11.1.0.52543, time stamp: 0x6151f24e
Exception code: 0xc0000005
Fault offset: 0x01b216da
Faulting process id: 0x6f0
Faulting application start time: 0x01d8135b549439e6
Faulting application path: C:\Program Files (x86)\Foxit Software\Foxit PDF Reader\FoxitPDFReader.exe
Faulting module path: C:\Program Files (x86)\Foxit Software\Foxit PDF Reader\FoxitPDFReader.exe
Report Id: ad396053-7f4e-11ec-82b3-000c29570a3e
Faulting package full name: 
Faulting package-relative application ID: "
Error	1/27/2022 4:53:16 PM	Application Error	1000	(100)	"Faulting application name: FoxitPDFReader.exe, version: 11.1.0.52543, time stamp: 0x6151f24e
Faulting module name: FoxitPDFReader.exe, version: 11.1.0.52543, time stamp: 0x6151f24e
Exception code: 0xc0000005
Fault offset: 0x01b216da
Faulting process id: 0x10c
Faulting application start time: 0x01d8135b5154252d
Faulting application path: C:\Program Files (x86)\Foxit Software\Foxit PDF Reader\FoxitPDFReader.exe
Faulting module path: C:\Program Files (x86)\Foxit Software\Foxit PDF Reader\FoxitPDFReader.exe
Report Id: 90e97316-7f4e-11ec-82b3-000c29570a3e
Faulting package full name: 
Faulting package-relative application ID: "
Error	1/27/2022 4:53:11 PM	Application Error	1000	(100)	"Faulting application name: FoxitPDFReader.exe, version: 11.1.0.52543, time stamp: 0x6151f24e
Faulting module name: FoxitPDFReader.exe, version: 11.1.0.52543, time stamp: 0x6151f24e
Exception code: 0xc0000005
Fault offset: 0x01b216da
Faulting process id: 0x2dc
Faulting application start time: 0x01d8135b4cd23335
Faulting application path: C:\Program Files (x86)\Foxit Software\Foxit PDF Reader\FoxitPDFReader.exe
Faulting module path: C:\Program Files (x86)\Foxit Software\Foxit PDF Reader\FoxitPDFReader.exe
Report Id: 8db54a65-7f4e-11ec-82b3-000c29570a3e
Faulting package full name: 
Faulting package-relative application ID: "
Error	1/27/2022 4:53:03 PM	Application Error	1000	(100)	"Faulting application name: FoxitPDFReader.exe, version: 11.1.0.52543, time stamp: 0x6151f24e
Faulting module name: FoxitPDFReader.exe, version: 11.1.0.52543, time stamp: 0x6151f24e
Exception code: 0xc0000005
Fault offset: 0x01b21b93
Faulting process id: 0xabc
Faulting application start time: 0x01d8135b482556a9
Faulting application path: C:\Program Files (x86)\Foxit Software\Foxit PDF Reader\FoxitPDFReader.exe
Faulting module path: C:\Program Files (x86)\Foxit Software\Foxit PDF Reader\FoxitPDFReader.exe
Report Id: 892509e0-7f4e-11ec-82b3-000c29570a3e
Faulting package full name: 
Faulting package-relative application ID: "
Error	1/27/2022 4:52:55 PM	Application Error	1000	(100)	"Faulting application name: FoxitPDFReader.exe, version: 11.1.0.52543, time stamp: 0x6151f24e
Faulting module name: FoxitPDFReader.exe, version: 11.1.0.52543, time stamp: 0x6151f24e
Exception code: 0xc0000005
Fault offset: 0x01b216da
Faulting process id: 0x998
Faulting application start time: 0x01d8135b3db24794
Faulting application path: C:\Program Files (x86)\Foxit Software\Foxit PDF Reader\FoxitPDFReader.exe
Faulting module path: C:\Program Files (x86)\Foxit Software\Foxit PDF Reader\FoxitPDFReader.exe
Report Id: 8475caa9-7f4e-11ec-82b3-000c29570a3e
Faulting package full name: 
Faulting package-relative application ID: "
Error	1/27/2022 4:52:38 PM	Application Error	1000	(100)	"Faulting application name: FoxitPDFReader.exe, version: 11.1.0.52543, time stamp: 0x6151f24e
Faulting module name: FoxitPDFReader.exe, version: 11.1.0.52543, time stamp: 0x6151f24e
Exception code: 0xc0000005
Fault offset: 0x01b216da
Faulting process id: 0x1a4
Faulting application start time: 0x01d8135b3a7495cb
Faulting application path: C:\Program Files (x86)\Foxit Software\Foxit PDF Reader\FoxitPDFReader.exe
Faulting module path: C:\Program Files (x86)\Foxit Software\Foxit PDF Reader\FoxitPDFReader.exe
Report Id: 7a078134-7f4e-11ec-82b3-000c29570a3e
Faulting package full name: 
Faulting package-relative application ID: "
Error	1/27/2022 4:52:32 PM	Application Error	1000	(100)	"Faulting application name: FoxitPDFReader.exe, version: 11.1.0.52543, time stamp: 0x6151f24e
Faulting module name: FoxitPDFReader.exe, version: 11.1.0.52543, time stamp: 0x6151f24e
Exception code: 0xc0000005
Fault offset: 0x01b216da
Faulting process id: 0x2cc
Faulting application start time: 0x01d8135b2ac0d848
Faulting application path: C:\Program Files (x86)\Foxit Software\Foxit PDF Reader\FoxitPDFReader.exe
Faulting module path: C:\Program Files (x86)\Foxit Software\Foxit PDF Reader\FoxitPDFReader.exe
Report Id: 76cc30d4-7f4e-11ec-82b3-000c29570a3e
Faulting package full name: 
Faulting package-relative application ID: "
Error	1/27/2022 4:52:06 PM	Application Error	1000	(100)	"Faulting application name: FoxitPDFReader.exe, version: 11.1.0.52543, time stamp: 0x6151f24e
Faulting module name: FoxitPDFReader.exe, version: 11.1.0.52543, time stamp: 0x6151f24e
Exception code: 0xc0000005
Fault offset: 0x01b216da
Faulting process id: 0x934
Faulting application start time: 0x01d8135b161b1a52
Faulting application path: C:\Program Files (x86)\Foxit Software\Foxit PDF Reader\FoxitPDFReader.exe
Faulting module path: C:\Program Files (x86)\Foxit Software\Foxit PDF Reader\FoxitPDFReader.exe
Report Id: 670eea7d-7f4e-11ec-82b3-000c29570a3e
Faulting package full name: 
Faulting package-relative application ID: "
Error	1/27/2022 4:51:31 PM	Application Error	1000	(100)	"Faulting application name: FoxitPDFReader.exe, version: 11.1.0.52543, time stamp: 0x6151f24e
Faulting module name: FoxitPDFReader.exe, version: 11.1.0.52543, time stamp: 0x6151f24e
Exception code: 0xc0000005
Fault offset: 0x01b216da
Faulting process id: 0xa88
Faulting application start time: 0x01d8135b0e94ae34
Faulting application path: C:\Program Files (x86)\Foxit Software\Foxit PDF Reader\FoxitPDFReader.exe
Faulting module path: C:\Program Files (x86)\Foxit Software\Foxit PDF Reader\FoxitPDFReader.exe
Report Id: 526df125-7f4e-11ec-82b3-000c29570a3e
Faulting package full name: 
Faulting package-relative application ID: "
Error	1/27/2022 4:51:19 PM	Application Error	1000	(100)	"Faulting application name: FoxitPDFReader.exe, version: 11.1.0.52543, time stamp: 0x6151f24e
Faulting module name: FoxitPDFReader.exe, version: 11.1.0.52543, time stamp: 0x6151f24e
Exception code: 0xc0000005
Fault offset: 0x01b21b93
Faulting process id: 0x2e0
Faulting application start time: 0x01d8135b0447c525
Faulting application path: C:\Program Files (x86)\Foxit Software\Foxit PDF Reader\FoxitPDFReader.exe
Faulting module path: C:\Program Files (x86)\Foxit Software\Foxit PDF Reader\FoxitPDFReader.exe
Report Id: 4aec499f-7f4e-11ec-82b3-000c29570a3e
Faulting package full name: 
Faulting package-relative application ID: "
Error	1/27/2022 4:51:01 PM	Application Error	1000	(100)	"Faulting application name: FoxitPDFReader.exe, version: 11.1.0.52543, time stamp: 0x6151f24e
Faulting module name: FoxitPDFReader.exe, version: 11.1.0.52543, time stamp: 0x6151f24e
Exception code: 0xc0000005
Fault offset: 0x01b216da
Faulting process id: 0xaa0
Faulting application start time: 0x01d8135ae089431c
Faulting application path: C:\Program Files (x86)\Foxit Software\Foxit PDF Reader\FoxitPDFReader.exe
Faulting module path: C:\Program Files (x86)\Foxit Software\Foxit PDF Reader\FoxitPDFReader.exe
Report Id: 409a9bda-7f4e-11ec-82b3-000c29570a3e
Faulting package full name: 
Faulting package-relative application ID: "
Error	1/27/2022 4:50:02 PM	Application Error	1000	(100)	"Faulting application name: FoxitPDFReader.exe, version: 11.1.0.52543, time stamp: 0x6151f24e
Faulting module name: FoxitPDFReader.exe, version: 11.1.0.52543, time stamp: 0x6151f24e
Exception code: 0xc0000005
Fault offset: 0x01b21b93
Faulting process id: 0xb28
Faulting application start time: 0x01d8135ad1f3a050
Faulting application path: C:\Program Files (x86)\Foxit Software\Foxit PDF Reader\FoxitPDFReader.exe
Faulting module path: C:\Program Files (x86)\Foxit Software\Foxit PDF Reader\FoxitPDFReader.exe
Report Id: 1ce340df-7f4e-11ec-82b3-000c29570a3e
Faulting package full name: 
Faulting package-relative application ID: "
Error	1/27/2022 4:49:37 PM	Application Error	1000	(100)	"Faulting application name: FoxitPDFReader.exe, version: 11.1.0.52543, time stamp: 0x6151f24e
Faulting module name: FoxitPDFReader.exe, version: 11.1.0.52543, time stamp: 0x6151f24e
Exception code: 0xc0000005
Fault offset: 0x01b21b93
Faulting process id: 0x534
Faulting application start time: 0x01d8135ac0cbf466
Faulting application path: C:\Program Files (x86)\Foxit Software\Foxit PDF Reader\FoxitPDFReader.exe
Faulting module path: C:\Program Files (x86)\Foxit Software\Foxit PDF Reader\FoxitPDFReader.exe
Report Id: 0e4414bb-7f4e-11ec-82b3-000c29570a3e
Faulting package full name: 
Faulting package-relative application ID: "
Error	1/27/2022 4:49:08 PM	Application Error	1000	(100)	"Faulting application name: FoxitPDFReader.exe, version: 11.1.0.52543, time stamp: 0x6151f24e
Faulting module name: FoxitPDFReader.exe, version: 11.1.0.52543, time stamp: 0x6151f24e
Exception code: 0xc0000005
Fault offset: 0x01b21b93
Faulting process id: 0xb30
Faulting application start time: 0x01d8135abd9c9088
Faulting application path: C:\Program Files (x86)\Foxit Software\Foxit PDF Reader\FoxitPDFReader.exe
Faulting module path: C:\Program Files (x86)\Foxit Software\Foxit PDF Reader\FoxitPDFReader.exe
Report Id: fd31de27-7f4d-11ec-82b3-000c29570a3e
Faulting package full name: 
Faulting package-relative application ID: "
Error	1/27/2022 4:49:03 PM	Application Error	1000	(100)	"Faulting application name: FoxitPDFReader.exe, version: 11.1.0.52543, time stamp: 0x6151f24e
Faulting module name: FoxitPDFReader.exe, version: 11.1.0.52543, time stamp: 0x6151f24e
Exception code: 0xc0000005
Fault offset: 0x01b216da
Faulting process id: 0x850
Faulting application start time: 0x01d8135ab1a4e20f
Faulting application path: C:\Program Files (x86)\Foxit Software\Foxit PDF Reader\FoxitPDFReader.exe
Faulting module path: C:\Program Files (x86)\Foxit Software\Foxit PDF Reader\FoxitPDFReader.exe
Report Id: f9ed0474-7f4d-11ec-82b3-000c29570a3e
Faulting package full name: 
Faulting package-relative application ID: "
Error	1/27/2022 4:48:43 PM	Application Error	1000	(100)	"Faulting application name: FoxitPDFReader.exe, version: 11.1.0.52543, time stamp: 0x6151f24e
Faulting module name: FoxitPDFReader.exe, version: 11.1.0.52543, time stamp: 0x6151f24e
Exception code: 0xc0000005
Fault offset: 0x01b216da
Faulting process id: 0xbc8
Faulting application start time: 0x01d8135aad0653a9
Faulting application path: C:\Program Files (x86)\Foxit Software\Foxit PDF Reader\FoxitPDFReader.exe
Faulting module path: C:\Program Files (x86)\Foxit Software\Foxit PDF Reader\FoxitPDFReader.exe
Report Id: edf7b8e2-7f4d-11ec-82b3-000c29570a3e
Faulting package full name: 
Faulting package-relative application ID: "
Error	1/27/2022 4:48:35 PM	Application Error	1000	(100)	"Faulting application name: FoxitPDFReader.exe, version: 11.1.0.52543, time stamp: 0x6151f24e
Faulting module name: FoxitPDFReader.exe, version: 11.1.0.52543, time stamp: 0x6151f24e
Exception code: 0xc0000005
Fault offset: 0x01b216da
Faulting process id: 0xa58
Faulting application start time: 0x01d8135aa8609e5c
Faulting application path: C:\Program Files (x86)\Foxit Software\Foxit PDF Reader\FoxitPDFReader.exe
Faulting module path: C:\Program Files (x86)\Foxit Software\Foxit PDF Reader\FoxitPDFReader.exe
Report Id: e95def31-7f4d-11ec-82b3-000c29570a3e
Faulting package full name: 
Faulting package-relative application ID: "
Error	1/27/2022 4:48:27 PM	Application Error	1000	(100)	"Faulting application name: FoxitPDFReader.exe, version: 11.1.0.52543, time stamp: 0x6151f24e
Faulting module name: FoxitPDFReader.exe, version: 11.1.0.52543, time stamp: 0x6151f24e
Exception code: 0xc0000005
Fault offset: 0x01b216da
Faulting process id: 0x5cc
Faulting application start time: 0x01d8135aa26d1f35
Faulting application path: C:\Program Files (x86)\Foxit Software\Foxit PDF Reader\FoxitPDFReader.exe
Faulting module path: C:\Program Files (x86)\Foxit Software\Foxit PDF Reader\FoxitPDFReader.exe
Report Id: e4b374e0-7f4d-11ec-82b3-000c29570a3e
Faulting package full name: 
Faulting package-relative application ID: "
Error	1/27/2022 4:48:17 PM	Application Error	1000	(100)	"Faulting application name: FoxitPDFReader.exe, version: 11.1.0.52543, time stamp: 0x6151f24e
Faulting module name: FoxitPDFReader.exe, version: 11.1.0.52543, time stamp: 0x6151f24e
Exception code: 0xc0000005
Fault offset: 0x01b216da
Faulting process id: 0x3ec
Faulting application start time: 0x01d8135a97ee24dc
Faulting application path: C:\Program Files (x86)\Foxit Software\Foxit PDF Reader\FoxitPDFReader.exe
Faulting module path: C:\Program Files (x86)\Foxit Software\Foxit PDF Reader\FoxitPDFReader.exe
Report Id: debd93cd-7f4d-11ec-82b3-000c29570a3e
Faulting package full name: 
Faulting package-relative application ID: "
Error	1/27/2022 4:48:00 PM	Application Error	1000	(100)	"Faulting application name: FoxitPDFReader.exe, version: 11.1.0.52543, time stamp: 0x6151f24e
Faulting module name: FoxitPDFReader.exe, version: 11.1.0.52543, time stamp: 0x6151f24e
Exception code: 0xc0000005
Fault offset: 0x01b21b93
Faulting process id: 0x48
Faulting application start time: 0x01d8135a8ca482a0
Faulting application path: C:\Program Files (x86)\Foxit Software\Foxit PDF Reader\FoxitPDFReader.exe
Faulting module path: C:\Program Files (x86)\Foxit Software\Foxit PDF Reader\FoxitPDFReader.exe
Report Id: d43e9996-7f4d-11ec-82b3-000c29570a3e
Faulting package full name: 
Faulting package-relative application ID: "
Error	1/27/2022 4:47:41 PM	Application Error	1000	(100)	"Faulting application name: FoxitPDFReader.exe, version: 11.1.0.52543, time stamp: 0x6151f24e
Faulting module name: FoxitPDFReader.exe, version: 11.1.0.52543, time stamp: 0x6151f24e
Exception code: 0xc0000005
Fault offset: 0x01b216da
Faulting process id: 0x918
Faulting application start time: 0x01d8135a852078bd
Faulting application path: C:\Program Files (x86)\Foxit Software\Foxit PDF Reader\FoxitPDFReader.exe
Faulting module path: C:\Program Files (x86)\Foxit Software\Foxit PDF Reader\FoxitPDFReader.exe
Report Id: c8f4f707-7f4d-11ec-82b3-000c29570a3e
Faulting package full name: 
Faulting package-relative application ID: "
Error	1/27/2022 4:47:28 PM	Application Error	1000	(100)	"Faulting application name: FoxitPDFReader.exe, version: 11.1.0.52543, time stamp: 0x6151f24e
Faulting module name: FoxitPDFReader.exe, version: 11.1.0.52543, time stamp: 0x6151f24e
Exception code: 0xc0000005
Fault offset: 0x01b216da
Faulting process id: 0x5b8
Faulting application start time: 0x01d8135a81de01b0
Faulting application path: C:\Program Files (x86)\Foxit Software\Foxit PDF Reader\FoxitPDFReader.exe
Faulting module path: C:\Program Files (x86)\Foxit Software\Foxit PDF Reader\FoxitPDFReader.exe
Report Id: c1734fd4-7f4d-11ec-82b3-000c29570a3e
Faulting package full name: 
Faulting package-relative application ID: "
Error	1/27/2022 4:47:23 PM	Application Error	1000	(100)	"Faulting application name: FoxitPDFReader.exe, version: 11.1.0.52543, time stamp: 0x6151f24e
Faulting module name: FoxitPDFReader.exe, version: 11.1.0.52543, time stamp: 0x6151f24e
Exception code: 0xc0000005
Fault offset: 0x01b216da
Faulting process id: 0xbc8
Faulting application start time: 0x01d8135a6fbe60f7
Faulting application path: C:\Program Files (x86)\Foxit Software\Foxit PDF Reader\FoxitPDFReader.exe
Faulting module path: C:\Program Files (x86)\Foxit Software\Foxit PDF Reader\FoxitPDFReader.exe
Report Id: be2c13b0-7f4d-11ec-82b3-000c29570a3e
Faulting package full name: 
Faulting package-relative application ID: "
Error	1/27/2022 4:46:52 PM	Application Error	1000	(100)	"Faulting application name: FoxitPDFReader.exe, version: 11.1.0.52543, time stamp: 0x6151f24e
Faulting module name: FoxitPDFReader.exe, version: 11.1.0.52543, time stamp: 0x6151f24e
Exception code: 0xc0000005
Fault offset: 0x01b216da
Faulting process id: 0x674
Faulting application start time: 0x01d8135a6b1d70a5
Faulting application path: C:\Program Files (x86)\Foxit Software\Foxit PDF Reader\FoxitPDFReader.exe
Faulting module path: C:\Program Files (x86)\Foxit Software\Foxit PDF Reader\FoxitPDFReader.exe
Report Id: ac21e879-7f4d-11ec-82b3-000c29570a3e
Faulting package full name: 
Faulting package-relative application ID: "
