Error	1/27/2022 4:18:29 PM	Application Error	1000	(100)	"Faulting application name: FoxitPDFReader.exe, version: 11.1.0.52543, time stamp: 0x6151f24e
Faulting module name: FoxitPDFReader.exe, version: 11.1.0.52543, time stamp: 0x6151f24e
Exception code: 0xc0000005
Fault offset: 0x01b216da
Faulting process id: 0x96c
Faulting application start time: 0x01d813566324e20c
Faulting application path: C:\Program Files (x86)\Foxit Software\Foxit PDF Reader\FoxitPDFReader.exe
Faulting module path: C:\Program Files (x86)\Foxit Software\Foxit PDF Reader\FoxitPDFReader.exe
Report Id: b4e0f781-7f49-11ec-82b3-000c29570a3e
Faulting package full name: 
Faulting package-relative application ID: "
Error	1/27/2022 4:17:53 PM	Application Error	1000	(100)	"Faulting application name: FoxitPDFReader.exe, version: 11.1.0.52543, time stamp: 0x6151f24e
Faulting module name: FoxitPDFReader.exe, version: 11.1.0.52543, time stamp: 0x6151f24e
Exception code: 0xc0000005
Fault offset: 0x01b216da
Faulting process id: 0x56c
Faulting application start time: 0x01d8135647cf4ba4
Faulting application path: C:\Program Files (x86)\Foxit Software\Foxit PDF Reader\FoxitPDFReader.exe
Faulting module path: C:\Program Files (x86)\Foxit Software\Foxit PDF Reader\FoxitPDFReader.exe
Report Id: 9f7556b2-7f49-11ec-82b3-000c29570a3e
Faulting package full name: 
Faulting package-relative application ID: "
Error	1/27/2022 4:17:07 PM	Application Error	1000	(100)	"Faulting application name: FoxitPDFReader.exe, version: 11.1.0.52543, time stamp: 0x6151f24e
Faulting module name: FoxitPDFReader.exe, version: 11.1.0.52543, time stamp: 0x6151f24e
Exception code: 0xc0000005
Fault offset: 0x01b216da
Faulting process id: 0xb28
Faulting application start time: 0x01d813563220e8e0
Faulting application path: C:\Program Files (x86)\Foxit Software\Foxit PDF Reader\FoxitPDFReader.exe
Faulting module path: C:\Program Files (x86)\Foxit Software\Foxit PDF Reader\FoxitPDFReader.exe
Report Id: 842484e2-7f49-11ec-82b3-000c29570a3e
Faulting package full name: 
Faulting package-relative application ID: "
Error	1/27/2022 4:16:31 PM	Application Error	1000	(100)	"Faulting application name: FoxitPDFReader.exe, version: 11.1.0.52543, time stamp: 0x6151f24e
Faulting module name: FoxitPDFReader.exe, version: 11.1.0.52543, time stamp: 0x6151f24e
Exception code: 0xc0000005
Fault offset: 0x01b216da
Faulting process id: 0x564
Faulting application start time: 0x01d8135626188aa8
Faulting application path: C:\Program Files (x86)\Foxit Software\Foxit PDF Reader\FoxitPDFReader.exe
Faulting module path: C:\Program Files (x86)\Foxit Software\Foxit PDF Reader\FoxitPDFReader.exe
Report Id: 6e73c001-7f49-11ec-82b3-000c29570a3e
Faulting package full name: 
Faulting package-relative application ID: "
Error	1/27/2022 4:16:11 PM	Application Error	1000	(100)	"Faulting application name: FoxitPDFReader.exe, version: 11.1.0.52543, time stamp: 0x6151f24e
Faulting module name: FoxitPDFReader.exe, version: 11.1.0.52543, time stamp: 0x6151f24e
Exception code: 0xc0000005
Fault offset: 0x01b216da
Faulting process id: 0xbd4
Faulting application start time: 0x01d81356122cc3e0
Faulting application path: C:\Program Files (x86)\Foxit Software\Foxit PDF Reader\FoxitPDFReader.exe
Faulting module path: C:\Program Files (x86)\Foxit Software\Foxit PDF Reader\FoxitPDFReader.exe
Report Id: 626dc35d-7f49-11ec-82b3-000c29570a3e
Faulting package full name: 
Faulting package-relative application ID: "
Error	1/27/2022 4:15:37 PM	Application Error	1000	(100)	"Faulting application name: FoxitPDFReader.exe, version: 11.1.0.52543, time stamp: 0x6151f24e
Faulting module name: FoxitPDFReader.exe, version: 11.1.0.52543, time stamp: 0x6151f24e
Exception code: 0xc0000005
Fault offset: 0x01b216da
Faulting process id: 0x3e0
Faulting application start time: 0x01d8135603e5cec7
Faulting application path: C:\Program Files (x86)\Foxit Software\Foxit PDF Reader\FoxitPDFReader.exe
Faulting module path: C:\Program Files (x86)\Foxit Software\Foxit PDF Reader\FoxitPDFReader.exe
Report Id: 4e81fcf3-7f49-11ec-82b3-000c29570a3e
Faulting package full name: 
Faulting package-relative application ID: "
Error	1/27/2022 4:15:13 PM	Application Error	1000	(100)	"Faulting application name: FoxitPDFReader.exe, version: 11.1.0.52543, time stamp: 0x6151f24e
Faulting module name: FoxitPDFReader.exe, version: 11.1.0.52543, time stamp: 0x6151f24e
Exception code: 0xc0000005
Fault offset: 0x01b216da
Faulting process id: 0xad0
Faulting application start time: 0x01d81355fdda7863
Faulting application path: C:\Program Files (x86)\Foxit Software\Foxit PDF Reader\FoxitPDFReader.exe
Faulting module path: C:\Program Files (x86)\Foxit Software\Foxit PDF Reader\FoxitPDFReader.exe
Report Id: 403d6a32-7f49-11ec-82b3-000c29570a3e
Faulting package full name: 
Faulting package-relative application ID: "
Error	1/27/2022 4:15:03 PM	Application Error	1000	(100)	"Faulting application name: FoxitPDFReader.exe, version: 11.1.0.52543, time stamp: 0x6151f24e
Faulting module name: FoxitPDFReader.exe, version: 11.1.0.52543, time stamp: 0x6151f24e
Exception code: 0xc0000005
Fault offset: 0x01b216da
Faulting process id: 0x530
Faulting application start time: 0x01d81355f00ab9bc
Faulting application path: C:\Program Files (x86)\Foxit Software\Foxit PDF Reader\FoxitPDFReader.exe
Faulting module path: C:\Program Files (x86)\Foxit Software\Foxit PDF Reader\FoxitPDFReader.exe
Report Id: 3a2d4f52-7f49-11ec-82b3-000c29570a3e
Faulting package full name: 
Faulting package-relative application ID: "
Error	1/27/2022 4:14:40 PM	Application Error	1000	(100)	"Faulting application name: FoxitPDFReader.exe, version: 11.1.0.52543, time stamp: 0x6151f24e
Faulting module name: FoxitPDFReader.exe, version: 11.1.0.52543, time stamp: 0x6151f24e
Exception code: 0xc0000005
Fault offset: 0x01b216da
Faulting process id: 0x488
Faulting application start time: 0x01d81355dcd687e9
Faulting application path: C:\Program Files (x86)\Foxit Software\Foxit PDF Reader\FoxitPDFReader.exe
Faulting module path: C:\Program Files (x86)\Foxit Software\Foxit PDF Reader\FoxitPDFReader.exe
Report Id: 2c5ff1df-7f49-11ec-82b3-000c29570a3e
Faulting package full name: 
Faulting package-relative application ID: "
Error	1/27/2022 4:14:08 PM	Application Error	1000	(100)	"Faulting application name: FoxitPDFReader.exe, version: 11.1.0.52543, time stamp: 0x6151f24e
Faulting module name: FoxitPDFReader.exe, version: 11.1.0.52543, time stamp: 0x6151f24e
Exception code: 0xc0000005
Fault offset: 0x01b216da
Faulting process id: 0x564
Faulting application start time: 0x01d81355d9a72316
Faulting application path: C:\Program Files (x86)\Foxit Software\Foxit PDF Reader\FoxitPDFReader.exe
Faulting module path: C:\Program Files (x86)\Foxit Software\Foxit PDF Reader\FoxitPDFReader.exe
Report Id: 1937ac98-7f49-11ec-82b3-000c29570a3e
Faulting package full name: 
Faulting package-relative application ID: "
Error	1/27/2022 4:14:02 PM	Application Error	1000	(100)	"Faulting application name: FoxitPDFReader.exe, version: 11.1.0.52543, time stamp: 0x6151f24e
Faulting module name: FoxitPDFReader.exe, version: 11.1.0.52543, time stamp: 0x6151f24e
Exception code: 0xc0000005
Fault offset: 0x01b216da
Faulting process id: 0x2c8
Faulting application start time: 0x01d81355d39e38e9
Faulting application path: C:\Program Files (x86)\Foxit Software\Foxit PDF Reader\FoxitPDFReader.exe
Faulting module path: C:\Program Files (x86)\Foxit Software\Foxit PDF Reader\FoxitPDFReader.exe
Report Id: 15f797c6-7f49-11ec-82b3-000c29570a3e
Faulting package full name: 
Faulting package-relative application ID: "
Error	1/27/2022 4:13:52 PM	Application Error	1000	(100)	"Faulting application name: FoxitPDFReader.exe, version: 11.1.0.52543, time stamp: 0x6151f24e
Faulting module name: FoxitPDFReader.exe, version: 11.1.0.52543, time stamp: 0x6151f24e
Exception code: 0xc0000005
Fault offset: 0x01b216da
Faulting process id: 0xbdc
Faulting application start time: 0x01d81355b5c7403d
Faulting application path: C:\Program Files (x86)\Foxit Software\Foxit PDF Reader\FoxitPDFReader.exe
Faulting module path: C:\Program Files (x86)\Foxit Software\Foxit PDF Reader\FoxitPDFReader.exe
Report Id: 0ff36866-7f49-11ec-82b3-000c29570a3e
Faulting package full name: 
Faulting package-relative application ID: "
Error	1/27/2022 4:13:02 PM	Application Error	1000	(100)	"Faulting application name: FoxitPDFReader.exe, version: 11.1.0.52543, time stamp: 0x6151f24e
Faulting module name: FoxitPDFReader.exe, version: 11.1.0.52543, time stamp: 0x6151f24e
Exception code: 0xc0000005
Fault offset: 0x01b216da
Faulting process id: 0xa44
Faulting application start time: 0x01d81355a482f877
Faulting application path: C:\Program Files (x86)\Foxit Software\Foxit PDF Reader\FoxitPDFReader.exe
Faulting module path: C:\Program Files (x86)\Foxit Software\Foxit PDF Reader\FoxitPDFReader.exe
Report Id: f21c7976-7f48-11ec-82b3-000c29570a3e
Faulting package full name: 
Faulting package-relative application ID: "
Error	1/27/2022 4:12:33 PM	Application Error	1000	(100)	"Faulting application name: FoxitPDFReader.exe, version: 11.1.0.52543, time stamp: 0x6151f24e
Faulting module name: FoxitPDFReader.exe, version: 11.1.0.52543, time stamp: 0x6151f24e
Exception code: 0xc0000005
Fault offset: 0x01b216da
Faulting process id: 0x360
Faulting application start time: 0x01d813558d0148b9
Faulting application path: C:\Program Files (x86)\Foxit Software\Foxit PDF Reader\FoxitPDFReader.exe
Faulting module path: C:\Program Files (x86)\Foxit Software\Foxit PDF Reader\FoxitPDFReader.exe
Report Id: e0d5cee3-7f48-11ec-82b3-000c29570a3e
Faulting package full name: 
Faulting package-relative application ID: "
Error	1/27/2022 4:11:54 PM	Application Error	1000	(100)	"Faulting application name: FoxitPDFReader.exe, version: 11.1.0.52543, time stamp: 0x6151f24e
Faulting module name: FoxitPDFReader.exe, version: 11.1.0.52543, time stamp: 0x6151f24e
Exception code: 0xc0000005
Fault offset: 0x01b216da
Faulting process id: 0xbe8
Faulting application start time: 0x01d81355702bd754
Faulting application path: C:\Program Files (x86)\Foxit Software\Foxit PDF Reader\FoxitPDFReader.exe
Faulting module path: C:\Program Files (x86)\Foxit Software\Foxit PDF Reader\FoxitPDFReader.exe
Report Id: c951bcb0-7f48-11ec-82b3-000c29570a3e
Faulting package full name: 
Faulting package-relative application ID: "
Error	1/27/2022 4:11:05 PM	Application Error	1000	(100)	"Faulting application name: FoxitPDFReader.exe, version: 11.1.0.52543, time stamp: 0x6151f24e
Faulting module name: FoxitPDFReader.exe, version: 11.1.0.52543, time stamp: 0x6151f24e
Exception code: 0xc0000005
Fault offset: 0x01b216da
Faulting process id: 0x7f8
Faulting application start time: 0x01d813556a2a0a73
Faulting application path: C:\Program Files (x86)\Foxit Software\Foxit PDF Reader\FoxitPDFReader.exe
Faulting module path: C:\Program Files (x86)\Foxit Software\Foxit PDF Reader\FoxitPDFReader.exe
Report Id: ac7eae2c-7f48-11ec-82b3-000c29570a3e
Faulting package full name: 
Faulting package-relative application ID: "
Error	1/27/2022 4:10:55 PM	Application Error	1000	(100)	"Faulting application name: FoxitPDFReader.exe, version: 11.1.0.52543, time stamp: 0x6151f24e
Faulting module name: FoxitPDFReader.exe, version: 11.1.0.52543, time stamp: 0x6151f24e
Exception code: 0xc0000005
Fault offset: 0x01b216da
Faulting process id: 0x2dc
Faulting application start time: 0x01d8135543b359ae
Faulting application path: C:\Program Files (x86)\Foxit Software\Foxit PDF Reader\FoxitPDFReader.exe
Faulting module path: C:\Program Files (x86)\Foxit Software\Foxit PDF Reader\FoxitPDFReader.exe
Report Id: a67f4386-7f48-11ec-82b3-000c29570a3e
Faulting package full name: 
Faulting package-relative application ID: "
Error	1/27/2022 4:09:51 PM	Application Error	1000	(100)	"Faulting application name: FoxitPDFReader.exe, version: 11.1.0.52543, time stamp: 0x6151f24e
Faulting module name: FoxitPDFReader.exe, version: 11.1.0.52543, time stamp: 0x6151f24e
Exception code: 0xc0000005
Fault offset: 0x01b216da
Faulting process id: 0x4b8
Faulting application start time: 0x01d813551acc00ea
Faulting application path: C:\Program Files (x86)\Foxit Software\Foxit PDF Reader\FoxitPDFReader.exe
Faulting module path: C:\Program Files (x86)\Foxit Software\Foxit PDF Reader\FoxitPDFReader.exe
Report Id: 800892ec-7f48-11ec-82b3-000c29570a3e
Faulting package full name: 
Faulting package-relative application ID: "
Error	1/27/2022 4:08:42 PM	Application Error	1000	(100)	"Faulting application name: FoxitPDFReader.exe, version: 11.1.0.52543, time stamp: 0x6151f24e
Faulting module name: FoxitPDFReader.exe, version: 11.1.0.52543, time stamp: 0x6151f24e
Exception code: 0xc0000005
Fault offset: 0x01b216da
Faulting process id: 0x7b4
Faulting application start time: 0x01d813551647ac29
Faulting application path: C:\Program Files (x86)\Foxit Software\Foxit PDF Reader\FoxitPDFReader.exe
Faulting module path: C:\Program Files (x86)\Foxit Software\Foxit PDF Reader\FoxitPDFReader.exe
Report Id: 572f8800-7f48-11ec-82b3-000c29570a3e
Faulting package full name: 
Faulting package-relative application ID: "
Error	1/27/2022 4:08:35 PM	Application Error	1000	(100)	"Faulting application name: FoxitPDFReader.exe, version: 11.1.0.52543, time stamp: 0x6151f24e
Faulting module name: FoxitPDFReader.exe, version: 11.1.0.52543, time stamp: 0x6151f24e
Exception code: 0xc0000005
Fault offset: 0x01b216da
Faulting process id: 0x9f0
Faulting application start time: 0x01d8135511b76bb8
Faulting application path: C:\Program Files (x86)\Foxit Software\Foxit PDF Reader\FoxitPDFReader.exe
Faulting module path: C:\Program Files (x86)\Foxit Software\Foxit PDF Reader\FoxitPDFReader.exe
Report Id: 529ce5ac-7f48-11ec-82b3-000c29570a3e
Faulting package full name: 
Faulting package-relative application ID: "
Error	1/27/2022 4:08:27 PM	Application Error	1000	(100)	"Faulting application name: FoxitPDFReader.exe, version: 11.1.0.52543, time stamp: 0x6151f24e
Faulting module name: FoxitPDFReader.exe, version: 11.1.0.52543, time stamp: 0x6151f24e
Exception code: 0xc0000005
Fault offset: 0x01b21b93
Faulting process id: 0x794
Faulting application start time: 0x01d8135504981a20
Faulting application path: C:\Program Files (x86)\Foxit Software\Foxit PDF Reader\FoxitPDFReader.exe
Faulting module path: C:\Program Files (x86)\Foxit Software\Foxit PDF Reader\FoxitPDFReader.exe
Report Id: 4e07e032-7f48-11ec-82b3-000c29570a3e
Faulting package full name: 
Faulting package-relative application ID: "
Error	1/27/2022 4:08:05 PM	Application Error	1000	(100)	"Faulting application name: FoxitPDFReader.exe, version: 11.1.0.52543, time stamp: 0x6151f24e
Faulting module name: FoxitPDFReader.exe, version: 11.1.0.52543, time stamp: 0x6151f24e
Exception code: 0xc0000005
Fault offset: 0x01b216da
Faulting process id: 0x5f8
Faulting application start time: 0x01d81354fff4c709
Faulting application path: C:\Program Files (x86)\Foxit Software\Foxit PDF Reader\FoxitPDFReader.exe
Faulting module path: C:\Program Files (x86)\Foxit Software\Foxit PDF Reader\FoxitPDFReader.exe
Report Id: 40ed5368-7f48-11ec-82b3-000c29570a3e
Faulting package full name: 
Faulting package-relative application ID: "
Error	1/27/2022 4:07:57 PM	Application Error	1000	(100)	"Faulting application name: FoxitPDFReader.exe, version: 11.1.0.52543, time stamp: 0x6151f24e
Faulting module name: FoxitPDFReader.exe, version: 11.1.0.52543, time stamp: 0x6151f24e
Exception code: 0xc0000005
Fault offset: 0x01b216da
Faulting process id: 0x9d4
Faulting application start time: 0x01d81354ea8461f4
Faulting application path: C:\Program Files (x86)\Foxit Software\Foxit PDF Reader\FoxitPDFReader.exe
Faulting module path: C:\Program Files (x86)\Foxit Software\Foxit PDF Reader\FoxitPDFReader.exe
Report Id: 3c479dfe-7f48-11ec-82b3-000c29570a3e
Faulting package full name: 
Faulting package-relative application ID: "
Error	1/27/2022 4:07:21 PM	Application Error	1000	(100)	"Faulting application name: FoxitPDFReader.exe, version: 11.1.0.52543, time stamp: 0x6151f24e
Faulting module name: FoxitPDFReader.exe, version: 11.1.0.52543, time stamp: 0x6151f24e
Exception code: 0xc0000005
Fault offset: 0x01b216da
Faulting process id: 0x530
Faulting application start time: 0x01d81354e465f835
Faulting application path: C:\Program Files (x86)\Foxit Software\Foxit PDF Reader\FoxitPDFReader.exe
Faulting module path: C:\Program Files (x86)\Foxit Software\Foxit PDF Reader\FoxitPDFReader.exe
Report Id: 26d73821-7f48-11ec-82b3-000c29570a3e
Faulting package full name: 
Faulting package-relative application ID: "
Error	1/27/2022 4:07:11 PM	Application Error	1000	(100)	"Faulting application name: FoxitPDFReader.exe, version: 11.1.0.52543, time stamp: 0x6151f24e
Faulting module name: FoxitPDFReader.exe, version: 11.1.0.52543, time stamp: 0x6151f24e
Exception code: 0xc0000005
Fault offset: 0x01b216da
Faulting process id: 0x36c
Faulting application start time: 0x01d81354e123811e
Faulting application path: C:\Program Files (x86)\Foxit Software\Foxit PDF Reader\FoxitPDFReader.exe
Faulting module path: C:\Program Files (x86)\Foxit Software\Foxit PDF Reader\FoxitPDFReader.exe
Report Id: 20b8cef4-7f48-11ec-82b3-000c29570a3e
Faulting package full name: 
Faulting package-relative application ID: "
Error	1/27/2022 4:06:40 PM	Application Error	1000	(100)	"Faulting application name: FoxitPDFReader.exe, version: 11.1.0.52543, time stamp: 0x6151f24e
Faulting module name: FoxitPDFReader.exe, version: 11.1.0.52543, time stamp: 0x6151f24e
Exception code: 0xc0000005
Fault offset: 0x01b216da
Faulting process id: 0x1e0
Faulting application start time: 0x01d81354b9b73e49
Faulting application path: C:\Program Files (x86)\Foxit Software\Foxit PDF Reader\FoxitPDFReader.exe
Faulting module path: C:\Program Files (x86)\Foxit Software\Foxit PDF Reader\FoxitPDFReader.exe
Report Id: 0e160d47-7f48-11ec-82b3-000c29570a3e
Faulting package full name: 
Faulting package-relative application ID: "
Error	1/27/2022 4:05:59 PM	Application Error	1000	(100)	"Faulting application name: FoxitPDFReader.exe, version: 11.1.0.52543, time stamp: 0x6151f24e
Faulting module name: FoxitPDFReader.exe, version: 11.1.0.52543, time stamp: 0x6151f24e
Exception code: 0xc0000005
Fault offset: 0x01b216da
Faulting process id: 0x840
Faulting application start time: 0x01d81354ae9fad3a
Faulting application path: C:\Program Files (x86)\Foxit Software\Foxit PDF Reader\FoxitPDFReader.exe
Faulting module path: C:\Program Files (x86)\Foxit Software\Foxit PDF Reader\FoxitPDFReader.exe
Report Id: f61ac586-7f47-11ec-82b3-000c29570a3e
Faulting package full name: 
Faulting package-relative application ID: "
Error	1/27/2022 4:05:41 PM	Application Error	1000	(100)	"Faulting application name: FoxitPDFReader.exe, version: 11.1.0.52543, time stamp: 0x6151f24e
Faulting module name: FoxitPDFReader.exe, version: 11.1.0.52543, time stamp: 0x6151f24e
Exception code: 0xc0000005
Fault offset: 0x01b216da
Faulting process id: 0x13c
Faulting application start time: 0x01d813549ed67b86
Faulting application path: C:\Program Files (x86)\Foxit Software\Foxit PDF Reader\FoxitPDFReader.exe
Faulting module path: C:\Program Files (x86)\Foxit Software\Foxit PDF Reader\FoxitPDFReader.exe
Report Id: eaf4e660-7f47-11ec-82b3-000c29570a3e
Faulting package full name: 
Faulting package-relative application ID: "
Error	1/27/2022 4:05:14 PM	Application Error	1000	(100)	"Faulting application name: FoxitPDFReader.exe, version: 11.1.0.52543, time stamp: 0x6151f24e
Faulting module name: FoxitPDFReader.exe, version: 11.1.0.52543, time stamp: 0x6151f24e
Exception code: 0xc0000005
Fault offset: 0x01b216da
Faulting process id: 0x7ec
Faulting application start time: 0x01d8135478d49dc9
Faulting application path: C:\Program Files (x86)\Foxit Software\Foxit PDF Reader\FoxitPDFReader.exe
Faulting module path: C:\Program Files (x86)\Foxit Software\Foxit PDF Reader\FoxitPDFReader.exe
Report Id: db222ae4-7f47-11ec-82b3-000c29570a3e
Faulting package full name: 
Faulting package-relative application ID: "
Error	1/27/2022 4:04:11 PM	Application Error	1000	(100)	"Faulting application name: FoxitPDFReader.exe, version: 11.1.0.52543, time stamp: 0x6151f24e
Faulting module name: FoxitPDFReader.exe, version: 11.1.0.52543, time stamp: 0x6151f24e
Exception code: 0xc0000005
Fault offset: 0x01b216da
Faulting process id: 0xa70
Faulting application start time: 0x01d813546d4a9bd9
Faulting application path: C:\Program Files (x86)\Foxit Software\Foxit PDF Reader\FoxitPDFReader.exe
Faulting module path: C:\Program Files (x86)\Foxit Software\Foxit PDF Reader\FoxitPDFReader.exe
Report Id: b5251212-7f47-11ec-82b3-000c29570a3e
Faulting package full name: 
Faulting package-relative application ID: "
Error	1/27/2022 4:03:51 PM	Application Error	1000	(100)	"Faulting application name: FoxitPDFReader.exe, version: 11.1.0.52543, time stamp: 0x6151f24e
Faulting module name: FoxitPDFReader.exe, version: 11.1.0.52543, time stamp: 0x6151f24e
Exception code: 0xc0000005
Fault offset: 0x01b216da
Faulting process id: 0x890
Faulting application start time: 0x01d8135462ce03ac
Faulting application path: C:\Program Files (x86)\Foxit Software\Foxit PDF Reader\FoxitPDFReader.exe
Faulting module path: C:\Program Files (x86)\Foxit Software\Foxit PDF Reader\FoxitPDFReader.exe
Report Id: a99d72a7-7f47-11ec-82b3-000c29570a3e
Faulting package full name: 
Faulting package-relative application ID: "
Error	1/27/2022 4:03:34 PM	Application Error	1000	(100)	"Faulting application name: FoxitPDFReader.exe, version: 11.1.0.52543, time stamp: 0x6151f24e
Faulting module name: FoxitPDFReader.exe, version: 11.1.0.52543, time stamp: 0x6151f24e
Exception code: 0xc0000005
Fault offset: 0x01b216da
Faulting process id: 0xb60
Faulting application start time: 0x01d813545e0bb1d4
Faulting application path: C:\Program Files (x86)\Foxit Software\Foxit PDF Reader\FoxitPDFReader.exe
Faulting module path: C:\Program Files (x86)\Foxit Software\Foxit PDF Reader\FoxitPDFReader.exe
Report Id: 9f259f3e-7f47-11ec-82b3-000c29570a3e
Faulting package full name: 
Faulting package-relative application ID: "
Error	1/27/2022 4:03:26 PM	Application Error	1000	(100)	"Faulting application name: FoxitPDFReader.exe, version: 11.1.0.52543, time stamp: 0x6151f24e
Faulting module name: FoxitPDFReader.exe, version: 11.1.0.52543, time stamp: 0x6151f24e
Exception code: 0xc0000005
Fault offset: 0x01b216da
Faulting process id: 0x19c
Faulting application start time: 0x01d813543526bb63
Faulting application path: C:\Program Files (x86)\Foxit Software\Foxit PDF Reader\FoxitPDFReader.exe
Faulting module path: C:\Program Files (x86)\Foxit Software\Foxit PDF Reader\FoxitPDFReader.exe
Report Id: 9a60eb17-7f47-11ec-82b3-000c29570a3e
Faulting package full name: 
Faulting package-relative application ID: "
Error	1/27/2022 4:02:17 PM	Application Error	1000	(100)	"Faulting application name: FoxitPDFReader.exe, version: 11.1.0.52543, time stamp: 0x6151f24e
Faulting module name: FoxitPDFReader.exe, version: 11.1.0.52543, time stamp: 0x6151f24e
Exception code: 0xc0000005
Fault offset: 0x01b216da
Faulting process id: 0x960
Faulting application start time: 0x01d813541467eec1
Faulting application path: C:\Program Files (x86)\Foxit Software\Foxit PDF Reader\FoxitPDFReader.exe
Faulting module path: C:\Program Files (x86)\Foxit Software\Foxit PDF Reader\FoxitPDFReader.exe
Report Id: 717bf489-7f47-11ec-82b3-000c29570a3e
Faulting package full name: 
Faulting package-relative application ID: "
Error	1/27/2022 4:01:22 PM	Application Error	1000	(100)	"Faulting application name: FoxitPDFReader.exe, version: 11.1.0.52543, time stamp: 0x6151f24e
Faulting module name: FoxitPDFReader.exe, version: 11.1.0.52543, time stamp: 0x6151f24e
Exception code: 0xc0000005
Fault offset: 0x01b21b93
Faulting process id: 0x5e8
Faulting application start time: 0x01d81353fe805352
Faulting application path: C:\Program Files (x86)\Foxit Software\Foxit PDF Reader\FoxitPDFReader.exe
Faulting module path: C:\Program Files (x86)\Foxit Software\Foxit PDF Reader\FoxitPDFReader.exe
Report Id: 50b600a3-7f47-11ec-82b3-000c29570a3e
Faulting package full name: 
Faulting package-relative application ID: "
Error	1/27/2022 4:00:45 PM	Application Error	1000	(100)	"Faulting application name: FoxitPDFReader.exe, version: 11.1.0.52543, time stamp: 0x6151f24e
Faulting module name: FoxitPDFReader.exe, version: 11.1.0.52543, time stamp: 0x6151f24e
Exception code: 0xc0000005
Fault offset: 0x01b216da
Faulting process id: 0xbf0
Faulting application start time: 0x01d81353ee44b025
Faulting application path: C:\Program Files (x86)\Foxit Software\Foxit PDF Reader\FoxitPDFReader.exe
Faulting module path: C:\Program Files (x86)\Foxit Software\Foxit PDF Reader\FoxitPDFReader.exe
Report Id: 3ad32a1f-7f47-11ec-82b3-000c29570a3e
Faulting package full name: 
Faulting package-relative application ID: "
Error	1/27/2022 4:00:18 PM	Application Error	1000	(100)	"Faulting application name: FoxitPDFReader.exe, version: 11.1.0.52543, time stamp: 0x6151f24e
Faulting module name: FoxitPDFReader.exe, version: 11.1.0.52543, time stamp: 0x6151f24e
Exception code: 0xc0000005
Fault offset: 0x01b21b93
Faulting process id: 0xadc
Faulting application start time: 0x01d81353df9bfa78
Faulting application path: C:\Program Files (x86)\Foxit Software\Foxit PDF Reader\FoxitPDFReader.exe
Faulting module path: C:\Program Files (x86)\Foxit Software\Foxit PDF Reader\FoxitPDFReader.exe
Report Id: 2a978710-7f47-11ec-82b3-000c29570a3e
Faulting package full name: 
Faulting package-relative application ID: "
Error	1/27/2022 3:59:53 PM	Application Error	1000	(100)	"Faulting application name: FoxitPDFReader.exe, version: 11.1.0.52543, time stamp: 0x6151f24e
Faulting module name: FoxitPDFReader.exe, version: 11.1.0.52543, time stamp: 0x6151f24e
Exception code: 0xc0000005
Fault offset: 0x01b21b93
Faulting process id: 0x814
Faulting application start time: 0x01d81353daef1e75
Faulting application path: C:\Program Files (x86)\Foxit Software\Foxit PDF Reader\FoxitPDFReader.exe
Faulting module path: C:\Program Files (x86)\Foxit Software\Foxit PDF Reader\FoxitPDFReader.exe
Report Id: 1bf395ec-7f47-11ec-82b3-000c29570a3e
Faulting package full name: 
Faulting package-relative application ID: "
Error	1/27/2022 3:59:46 PM	Application Error	1000	(100)	"Faulting application name: FoxitPDFReader.exe, version: 11.1.0.52543, time stamp: 0x6151f24e
Faulting module name: FoxitPDFReader.exe, version: 11.1.0.52543, time stamp: 0x6151f24e
Exception code: 0xc0000005
Fault offset: 0x01b21b93
Faulting process id: 0x7ec
Faulting application start time: 0x01d81353cbfc7f6d
Faulting application path: C:\Program Files (x86)\Foxit Software\Foxit PDF Reader\FoxitPDFReader.exe
Faulting module path: C:\Program Files (x86)\Foxit Software\Foxit PDF Reader\FoxitPDFReader.exe
Report Id: 1741f55b-7f47-11ec-82b3-000c29570a3e
Faulting package full name: 
Faulting package-relative application ID: "
Error	1/27/2022 3:59:21 PM	Application Error	1000	(100)	"Faulting application name: FoxitPDFReader.exe, version: 11.1.0.52543, time stamp: 0x6151f24e
Faulting module name: FoxitPDFReader.exe, version: 11.1.0.52543, time stamp: 0x6151f24e
Exception code: 0xc0000005
Fault offset: 0x01b216da
Faulting process id: 0x2f0
Faulting application start time: 0x01d81353a85a9993
Faulting application path: C:\Program Files (x86)\Foxit Software\Foxit PDF Reader\FoxitPDFReader.exe
Faulting module path: C:\Program Files (x86)\Foxit Software\Foxit PDF Reader\FoxitPDFReader.exe
Report Id: 084cf3e3-7f47-11ec-82b3-000c29570a3e
Faulting package full name: 
Faulting package-relative application ID: "
Error	1/27/2022 3:58:21 PM	Application Error	1000	(100)	"Faulting application name: FoxitPDFReader.exe, version: 11.1.0.52543, time stamp: 0x6151f24e
Faulting module name: FoxitPDFReader.exe, version: 11.1.0.52543, time stamp: 0x6151f24e
Exception code: 0xc0000005
Fault offset: 0x01b216da
Faulting process id: 0xa54
Faulting application start time: 0x01d813539b2f5c32
Faulting application path: C:\Program Files (x86)\Foxit Software\Foxit PDF Reader\FoxitPDFReader.exe
Faulting module path: C:\Program Files (x86)\Foxit Software\Foxit PDF Reader\FoxitPDFReader.exe
Report Id: e4ad7083-7f46-11ec-82b3-000c29570a3e
Faulting package full name: 
Faulting package-relative application ID: "
Error	1/27/2022 3:57:59 PM	Application Error	1000	(100)	"Faulting application name: FoxitPDFReader.exe, version: 11.1.0.52543, time stamp: 0x6151f24e
Faulting module name: FoxitPDFReader.exe, version: 11.1.0.52543, time stamp: 0x6151f24e
Exception code: 0xc0000005
Fault offset: 0x01b216da
Faulting process id: 0x884
Faulting application start time: 0x01d813538e8c0522
Faulting application path: C:\Program Files (x86)\Foxit Software\Foxit PDF Reader\FoxitPDFReader.exe
Faulting module path: C:\Program Files (x86)\Foxit Software\Foxit PDF Reader\FoxitPDFReader.exe
Report Id: d7908148-7f46-11ec-82b3-000c29570a3e
Faulting package full name: 
Faulting package-relative application ID: "
Error	1/27/2022 3:57:37 PM	Application Error	1000	(100)	"Faulting application name: FoxitPDFReader.exe, version: 11.1.0.52543, time stamp: 0x6151f24e
Faulting module name: FoxitPDFReader.exe, version: 11.1.0.52543, time stamp: 0x6151f24e
Exception code: 0xc0000005
Fault offset: 0x01b21b93
Faulting process id: 0xae0
Faulting application start time: 0x01d8135388798783
Faulting application path: C:\Program Files (x86)\Foxit Software\Foxit PDF Reader\FoxitPDFReader.exe
Faulting module path: C:\Program Files (x86)\Foxit Software\Foxit PDF Reader\FoxitPDFReader.exe
Report Id: cadc7970-7f46-11ec-82b3-000c29570a3e
Faulting package full name: 
Faulting package-relative application ID: "
Error	1/27/2022 3:57:27 PM	Application Error	1000	(100)	"Faulting application name: FoxitPDFReader.exe, version: 11.1.0.52543, time stamp: 0x6151f24e
Faulting module name: FoxitPDFReader.exe, version: 11.1.0.52543, time stamp: 0x6151f24e
Exception code: 0xc0000005
Fault offset: 0x01b216da
Faulting process id: 0x130
Faulting application start time: 0x01d813537f924885
Faulting application path: C:\Program Files (x86)\Foxit Software\Foxit PDF Reader\FoxitPDFReader.exe
Faulting module path: C:\Program Files (x86)\Foxit Software\Foxit PDF Reader\FoxitPDFReader.exe
Report Id: c4cec0d0-7f46-11ec-82b3-000c29570a3e
Faulting package full name: 
Faulting package-relative application ID: "
Error	1/27/2022 3:57:12 PM	Application Error	1000	(100)	"Faulting application name: FoxitPDFReader.exe, version: 11.1.0.52543, time stamp: 0x6151f24e
Faulting module name: FoxitPDFReader.exe, version: 11.1.0.52543, time stamp: 0x6151f24e
Exception code: 0xc0000005
Fault offset: 0x01b216da
Faulting process id: 0x82c
Faulting application start time: 0x01d813535a9dcbd2
Faulting application path: C:\Program Files (x86)\Foxit Software\Foxit PDF Reader\FoxitPDFReader.exe
Faulting module path: C:\Program Files (x86)\Foxit Software\Foxit PDF Reader\FoxitPDFReader.exe
Report Id: bbe5161e-7f46-11ec-82b3-000c29570a3e
Faulting package full name: 
Faulting package-relative application ID: "
Error	1/27/2022 3:56:10 PM	Application Error	1000	(100)	"Faulting application name: FoxitPDFReader.exe, version: 11.1.0.52543, time stamp: 0x6151f24e
Faulting module name: FoxitPDFReader.exe, version: 11.1.0.52543, time stamp: 0x6151f24e
Exception code: 0xc0000005
Fault offset: 0x01b216da
Faulting process id: 0xa70
Faulting application start time: 0x01d81353575db6d9
Faulting application path: C:\Program Files (x86)\Foxit Software\Foxit PDF Reader\FoxitPDFReader.exe
Faulting module path: C:\Program Files (x86)\Foxit Software\Foxit PDF Reader\FoxitPDFReader.exe
Report Id: 96ee3ffe-7f46-11ec-82b3-000c29570a3e
Faulting package full name: 
Faulting package-relative application ID: "
Error	1/27/2022 3:56:05 PM	Application Error	1000	(100)	"Faulting application name: FoxitPDFReader.exe, version: 11.1.0.52543, time stamp: 0x6151f24e
Faulting module name: FoxitPDFReader.exe, version: 11.1.0.52543, time stamp: 0x6151f24e
Exception code: 0xc0000005
Fault offset: 0x0295e928
Faulting process id: 0x564
Faulting application start time: 0x01d813533db7aa29
Faulting application path: C:\Program Files (x86)\Foxit Software\Foxit PDF Reader\FoxitPDFReader.exe
Faulting module path: C:\Program Files (x86)\Foxit Software\Foxit PDF Reader\FoxitPDFReader.exe
Report Id: 93b2f02b-7f46-11ec-82b3-000c29570a3e
Faulting package full name: 
Faulting package-relative application ID: "
Error	1/27/2022 3:55:22 PM	Application Error	1000	(100)	"Faulting application name: FoxitPDFReader.exe, version: 11.1.0.52543, time stamp: 0x6151f24e
Faulting module name: FoxitPDFReader.exe, version: 11.1.0.52543, time stamp: 0x6151f24e
Exception code: 0xc0000005
Fault offset: 0x01b216da
Faulting process id: 0x84
Faulting application start time: 0x01d813532f1156ae
Faulting application path: C:\Program Files (x86)\Foxit Software\Foxit PDF Reader\FoxitPDFReader.exe
Faulting module path: C:\Program Files (x86)\Foxit Software\Foxit PDF Reader\FoxitPDFReader.exe
Report Id: 7a0a80bc-7f46-11ec-82b3-000c29570a3e
Faulting package full name: 
Faulting package-relative application ID: "
Error	1/27/2022 3:54:57 PM	Application Error	1000	(100)	"Faulting application name: FoxitPDFReader.exe, version: 11.1.0.52543, time stamp: 0x6151f24e
Faulting module name: FoxitPDFReader.exe, version: 11.1.0.52543, time stamp: 0x6151f24e
Exception code: 0xc0000005
Fault offset: 0x01b216da
Faulting process id: 0xb24
Faulting application start time: 0x01d813532a56363c
Faulting application path: C:\Program Files (x86)\Foxit Software\Foxit PDF Reader\FoxitPDFReader.exe
Faulting module path: C:\Program Files (x86)\Foxit Software\Foxit PDF Reader\FoxitPDFReader.exe
Report Id: 6b642d8a-7f46-11ec-82b3-000c29570a3e
Faulting package full name: 
Faulting package-relative application ID: "
Error	1/27/2022 3:54:49 PM	Application Error	1000	(100)	"Faulting application name: FoxitPDFReader.exe, version: 11.1.0.52543, time stamp: 0x6151f24e
Faulting module name: FoxitPDFReader.exe, version: 11.1.0.52543, time stamp: 0x6151f24e
Exception code: 0xc0000005
Fault offset: 0x01b216da
Faulting process id: 0xad8
Faulting application start time: 0x01d813531a241257
Faulting application path: C:\Program Files (x86)\Foxit Software\Foxit PDF Reader\FoxitPDFReader.exe
Faulting module path: C:\Program Files (x86)\Foxit Software\Foxit PDF Reader\FoxitPDFReader.exe
Report Id: 66a6a098-7f46-11ec-82b3-000c29570a3e
Faulting package full name: 
Faulting package-relative application ID: "
Error	1/27/2022 3:54:22 PM	Application Error	1000	(100)	"Faulting application name: FoxitPDFReader.exe, version: 11.1.0.52543, time stamp: 0x6151f24e
Faulting module name: FoxitPDFReader.exe, version: 11.1.0.52543, time stamp: 0x6151f24e
Exception code: 0xc0000005
Fault offset: 0x01b216da
Faulting process id: 0x7ec
Faulting application start time: 0x01d813530f887c23
Faulting application path: C:\Program Files (x86)\Foxit Software\Foxit PDF Reader\FoxitPDFReader.exe
Faulting module path: C:\Program Files (x86)\Foxit Software\Foxit PDF Reader\FoxitPDFReader.exe
Report Id: 567e1203-7f46-11ec-82b3-000c29570a3e
Faulting package full name: 
Faulting package-relative application ID: "
Error	1/27/2022 3:54:04 PM	Application Error	1000	(100)	"Faulting application name: FoxitPDFReader.exe, version: 11.1.0.52543, time stamp: 0x6151f24e
Faulting module name: FoxitPDFReader.exe, version: 11.1.0.52543, time stamp: 0x6151f24e
Exception code: 0xc0000005
Fault offset: 0x01b21b93
Faulting process id: 0x35c
Faulting application start time: 0x01d81352eb126526
Faulting application path: C:\Program Files (x86)\Foxit Software\Foxit PDF Reader\FoxitPDFReader.exe
Faulting module path: C:\Program Files (x86)\Foxit Software\Foxit PDF Reader\FoxitPDFReader.exe
Report Id: 4be01735-7f46-11ec-82b3-000c29570a3e
Faulting package full name: 
Faulting package-relative application ID: "
Error	1/27/2022 3:53:03 PM	Application Error	1000	(100)	"Faulting application name: FoxitPDFReader.exe, version: 11.1.0.52543, time stamp: 0x6151f24e
Faulting module name: FoxitPDFReader.exe, version: 11.1.0.52543, time stamp: 0x6151f24e
Exception code: 0xc0000005
Fault offset: 0x01b216da
Faulting process id: 0x5d8
Faulting application start time: 0x01d81352e51a2114
Faulting application path: C:\Program Files (x86)\Foxit Software\Foxit PDF Reader\FoxitPDFReader.exe
Faulting module path: C:\Program Files (x86)\Foxit Software\Foxit PDF Reader\FoxitPDFReader.exe
Report Id: 27653b84-7f46-11ec-82b3-000c29570a3e
Faulting package full name: 
Faulting package-relative application ID: "
Error	1/27/2022 3:52:53 PM	Application Error	1000	(100)	"Faulting application name: FoxitPDFReader.exe, version: 11.1.0.52543, time stamp: 0x6151f24e
Faulting module name: FoxitPDFReader.exe, version: 11.1.0.52543, time stamp: 0x6151f24e
Exception code: 0xc0000005
Fault offset: 0x01b216da
Faulting process id: 0x868
Faulting application start time: 0x01d81352cccb6712
Faulting application path: C:\Program Files (x86)\Foxit Software\Foxit PDF Reader\FoxitPDFReader.exe
Faulting module path: C:\Program Files (x86)\Foxit Software\Foxit PDF Reader\FoxitPDFReader.exe
Report Id: 2171bc93-7f46-11ec-82b3-000c29570a3e
Faulting package full name: 
Faulting package-relative application ID: "
Error	1/27/2022 3:52:12 PM	Application Error	1000	(100)	"Faulting application name: FoxitPDFReader.exe, version: 11.1.0.52543, time stamp: 0x6151f24e
Faulting module name: FoxitPDFReader.exe, version: 11.1.0.52543, time stamp: 0x6151f24e
Exception code: 0xc0000005
Fault offset: 0x01b216da
Faulting process id: 0x748
Faulting application start time: 0x01d81352b8f05183
Faulting application path: C:\Program Files (x86)\Foxit Software\Foxit PDF Reader\FoxitPDFReader.exe
Faulting module path: C:\Program Files (x86)\Foxit Software\Foxit PDF Reader\FoxitPDFReader.exe
Report Id: 09230460-7f46-11ec-82b3-000c29570a3e
Faulting package full name: 
Faulting package-relative application ID: "
Error	1/27/2022 3:51:39 PM	Application Error	1000	(100)	"Faulting application name: FoxitPDFReader.exe, version: 11.1.0.52543, time stamp: 0x6151f24e
Faulting module name: FoxitPDFReader.exe, version: 11.1.0.52543, time stamp: 0x6151f24e
Exception code: 0xc0000005
Fault offset: 0x01b216da
Faulting process id: 0x4c8
Faulting application start time: 0x01d81352939a1d0e
Faulting application path: C:\Program Files (x86)\Foxit Software\Foxit PDF Reader\FoxitPDFReader.exe
Faulting module path: C:\Program Files (x86)\Foxit Software\Foxit PDF Reader\FoxitPDFReader.exe
Report Id: f53c0111-7f45-11ec-82b3-000c29570a3e
Faulting package full name: 
Faulting package-relative application ID: "
Error	1/27/2022 3:50:19 PM	Application Error	1000	(100)	"Faulting application name: VMwareHostOpen.exe, version: 11.3.5.31214, time stamp: 0x612df688
Faulting module name: KERNELBASE.dll, version: 6.3.9600.19724, time stamp: 0x5ec5262a
Exception code: 0x80000003
Fault offset: 0x00000000000ddca2
Faulting process id: 0x4e0
Faulting application start time: 0x01d8135287d48094
Faulting application path: C:\Program Files\VMware\VMware Tools\VMwareHostOpen.exe
Faulting module path: C:\Windows\system32\KERNELBASE.dll
Report Id: c5ae58f3-7f45-11ec-82b3-000c29570a3e
Faulting package full name: 
Faulting package-relative application ID: "
Error	1/27/2022 3:49:57 PM	Application Error	1000	(100)	"Faulting application name: FoxitPDFReader.exe, version: 11.1.0.52543, time stamp: 0x6151f24e
Faulting module name: FoxitPDFReader.exe, version: 11.1.0.52543, time stamp: 0x6151f24e
Exception code: 0xc0000005
Fault offset: 0x01b216da
Faulting process id: 0xaa4
Faulting application start time: 0x01d813527156b103
Faulting application path: C:\Program Files (x86)\Foxit Software\Foxit PDF Reader\FoxitPDFReader.exe
Faulting module path: C:\Program Files (x86)\Foxit Software\Foxit PDF Reader\FoxitPDFReader.exe
Report Id: b83df767-7f45-11ec-82b3-000c29570a3e
Faulting package full name: 
Faulting package-relative application ID: "
Error	1/27/2022 3:49:39 PM	Application Error	1000	(100)	"Faulting application name: FoxitPDFReader.exe, version: 11.1.0.52543, time stamp: 0x6151f24e
Faulting module name: FoxitPDFReader.exe, version: 11.1.0.52543, time stamp: 0x6151f24e
Exception code: 0xc0000005
Fault offset: 0x01b216da
Faulting process id: 0x5dc
Faulting application start time: 0x01d81352689a52e1
Faulting application path: C:\Program Files (x86)\Foxit Software\Foxit PDF Reader\FoxitPDFReader.exe
Faulting module path: C:\Program Files (x86)\Foxit Software\Foxit PDF Reader\FoxitPDFReader.exe
Report Id: ada988f6-7f45-11ec-82b3-000c29570a3e
Faulting package full name: 
Faulting package-relative application ID: "
Error	1/27/2022 3:49:24 PM	Application Error	1000	(100)	"Faulting application name: FoxitPDFReader.exe, version: 11.1.0.52543, time stamp: 0x6151f24e
Faulting module name: FoxitPDFReader.exe, version: 11.1.0.52543, time stamp: 0x6151f24e
Exception code: 0xc0000005
Fault offset: 0x01b216da
Faulting process id: 0x1e8
Faulting application start time: 0x01d813525801b44b
Faulting application path: C:\Program Files (x86)\Foxit Software\Foxit PDF Reader\FoxitPDFReader.exe
Faulting module path: C:\Program Files (x86)\Foxit Software\Foxit PDF Reader\FoxitPDFReader.exe
Report Id: a4ef8c2e-7f45-11ec-82b3-000c29570a3e
Faulting package full name: 
Faulting package-relative application ID: "
Error	1/27/2022 3:48:56 PM	Application Error	1000	(100)	"Faulting application name: FoxitPDFReader.exe, version: 11.1.0.52543, time stamp: 0x6151f24e
Faulting module name: FoxitPDFReader.exe, version: 11.1.0.52543, time stamp: 0x6151f24e
Exception code: 0xc0000005
Fault offset: 0x01b216da
Faulting process id: 0x98c
Faulting application start time: 0x01d8135243c01938
Faulting application path: C:\Program Files (x86)\Foxit Software\Foxit PDF Reader\FoxitPDFReader.exe
Faulting module path: C:\Program Files (x86)\Foxit Software\Foxit PDF Reader\FoxitPDFReader.exe
Report Id: 9456ed59-7f45-11ec-82b3-000c29570a3e
Faulting package full name: 
Faulting package-relative application ID: "
Error	1/27/2022 3:48:23 PM	Application Error	1000	(100)	"Faulting application name: FoxitPDFReader.exe, version: 11.1.0.52543, time stamp: 0x6151f24e
Faulting module name: FoxitPDFReader.exe, version: 11.1.0.52543, time stamp: 0x6151f24e
Exception code: 0xc0000005
Fault offset: 0x01b216da
Faulting process id: 0xbf4
Faulting application start time: 0x01d813523c374a7d
Faulting application path: C:\Program Files (x86)\Foxit Software\Foxit PDF Reader\FoxitPDFReader.exe
Faulting module path: C:\Program Files (x86)\Foxit Software\Foxit PDF Reader\FoxitPDFReader.exe
Report Id: 8017b4ca-7f45-11ec-82b3-000c29570a3e
Faulting package full name: 
Faulting package-relative application ID: "
Error	1/27/2022 3:48:10 PM	Application Error	1000	(100)	"Faulting application name: FoxitPDFReader.exe, version: 11.1.0.52543, time stamp: 0x6151f24e
Faulting module name: FoxitPDFReader.exe, version: 11.1.0.52543, time stamp: 0x6151f24e
Exception code: 0xc0000005
Fault offset: 0x01b216da
Faulting process id: 0x2d4
Faulting application start time: 0x01d8135231c90a86
Faulting application path: C:\Program Files (x86)\Foxit Software\Foxit PDF Reader\FoxitPDFReader.exe
Faulting module path: C:\Program Files (x86)\Foxit Software\Foxit PDF Reader\FoxitPDFReader.exe
Report Id: 788a2177-7f45-11ec-82b3-000c29570a3e
Faulting package full name: 
Faulting package-relative application ID: "
Error	1/27/2022 3:47:52 PM	Application Error	1000	(100)	"Faulting application name: FoxitPDFReader.exe, version: 11.1.0.52543, time stamp: 0x6151f24e
Faulting module name: FoxitPDFReader.exe, version: 11.1.0.52543, time stamp: 0x6151f24e
Exception code: 0xc0000005
Fault offset: 0x01b216da
Faulting process id: 0xaa4
Faulting application start time: 0x01d81352260ced99
Faulting application path: C:\Program Files (x86)\Foxit Software\Foxit PDF Reader\FoxitPDFReader.exe
Faulting module path: C:\Program Files (x86)\Foxit Software\Foxit PDF Reader\FoxitPDFReader.exe
Report Id: 6e1bd792-7f45-11ec-82b3-000c29570a3e
Faulting package full name: 
Faulting package-relative application ID: "
Error	1/27/2022 3:47:33 PM	Application Error	1000	(100)	"Faulting application name: FoxitPDFReader.exe, version: 11.1.0.52543, time stamp: 0x6151f24e
Faulting module name: FoxitPDFReader.exe, version: 11.1.0.52543, time stamp: 0x6151f24e
Exception code: 0xc0000005
Fault offset: 0x01b216da
Faulting process id: 0x844
Faulting application start time: 0x01d8135218a877aa
Faulting application path: C:\Program Files (x86)\Foxit Software\Foxit PDF Reader\FoxitPDFReader.exe
Faulting module path: C:\Program Files (x86)\Foxit Software\Foxit PDF Reader\FoxitPDFReader.exe
Report Id: 625d61fa-7f45-11ec-82b3-000c29570a3e
Faulting package full name: 
Faulting package-relative application ID: "
Error	1/27/2022 3:45:58 PM	Application Error	1000	(100)	"Faulting application name: FoxitPDFReader.exe, version: 11.1.0.52543, time stamp: 0x6151f24e
Faulting module name: FoxitPDFReader.exe, version: 11.1.0.52543, time stamp: 0x6151f24e
Exception code: 0xc0000005
Fault offset: 0x01b216da
Faulting process id: 0xa44
Faulting application start time: 0x01d81351e5068989
Faulting application path: C:\Program Files (x86)\Foxit Software\Foxit PDF Reader\FoxitPDFReader.exe
Faulting module path: C:\Program Files (x86)\Foxit Software\Foxit PDF Reader\FoxitPDFReader.exe
Report Id: 2a34bce7-7f45-11ec-82b3-000c29570a3e
Faulting package full name: 
Faulting package-relative application ID: "
Error	1/27/2022 3:45:44 PM	Application Error	1000	(100)	"Faulting application name: FoxitPDFReader.exe, version: 11.1.0.52543, time stamp: 0x6151f24e
Faulting module name: FoxitPDFReader.exe, version: 11.1.0.52543, time stamp: 0x6151f24e
Exception code: 0xc0000005
Fault offset: 0x01b216da
Faulting process id: 0x558
Faulting application start time: 0x01d81351d913a04f
Faulting application path: C:\Program Files (x86)\Foxit Software\Foxit PDF Reader\FoxitPDFReader.exe
Faulting module path: C:\Program Files (x86)\Foxit Software\Foxit PDF Reader\FoxitPDFReader.exe
Report Id: 2156fe08-7f45-11ec-82b3-000c29570a3e
Faulting package full name: 
Faulting package-relative application ID: "
Error	1/27/2022 3:45:24 PM	Application Error	1000	(100)	"Faulting application name: FoxitPDFReader.exe, version: 11.1.0.52543, time stamp: 0x6151f24e
Faulting module name: FoxitPDFReader.exe, version: 11.1.0.52543, time stamp: 0x6151f24e
Exception code: 0xc0000005
Fault offset: 0x01b216da
Faulting process id: 0x9bc
Faulting application start time: 0x01d81351d5e43c0a
Faulting application path: C:\Program Files (x86)\Foxit Software\Foxit PDF Reader\FoxitPDFReader.exe
Faulting module path: C:\Program Files (x86)\Foxit Software\Foxit PDF Reader\FoxitPDFReader.exe
Report Id: 15798a38-7f45-11ec-82b3-000c29570a3e
Faulting package full name: 
Faulting package-relative application ID: "
Error	1/27/2022 3:45:18 PM	Application Error	1000	(100)	"Faulting application name: FoxitPDFReader.exe, version: 11.1.0.52543, time stamp: 0x6151f24e
Faulting module name: FoxitPDFReader.exe, version: 11.1.0.52543, time stamp: 0x6151f24e
Exception code: 0xc0000005
Fault offset: 0x01b216da
Faulting process id: 0x7ec
Faulting application start time: 0x01d81351c584d5a6
Faulting application path: C:\Program Files (x86)\Foxit Software\Foxit PDF Reader\FoxitPDFReader.exe
Faulting module path: C:\Program Files (x86)\Foxit Software\Foxit PDF Reader\FoxitPDFReader.exe
Report Id: 1234b0e1-7f45-11ec-82b3-000c29570a3e
Faulting package full name: 
Faulting package-relative application ID: "
Error	1/27/2022 3:44:51 PM	Application Error	1000	(100)	"Faulting application name: FoxitPDFReader.exe, version: 11.1.0.52543, time stamp: 0x6151f24e
Faulting module name: FoxitPDFReader.exe, version: 11.1.0.52543, time stamp: 0x6151f24e
Exception code: 0xc0000005
Fault offset: 0x01b216da
Faulting process id: 0x6c0
Faulting application start time: 0x01d81351c0eb0bf5
Faulting application path: C:\Program Files (x86)\Foxit Software\Foxit PDF Reader\FoxitPDFReader.exe
Faulting module path: C:\Program Files (x86)\Foxit Software\Foxit PDF Reader\FoxitPDFReader.exe
Report Id: 01da0ed5-7f45-11ec-82b3-000c29570a3e
Faulting package full name: 
Faulting package-relative application ID: "
Error	1/27/2022 3:44:43 PM	Application Error	1000	(100)	"Faulting application name: FoxitPDFReader.exe, version: 11.1.0.52543, time stamp: 0x6151f24e
Faulting module name: FoxitPDFReader.exe, version: 11.1.0.52543, time stamp: 0x6151f24e
Exception code: 0xc0000005
Fault offset: 0x01b216da
Faulting process id: 0x3ec
Faulting application start time: 0x01d81351bc58697a
Faulting application path: C:\Program Files (x86)\Foxit Software\Foxit PDF Reader\FoxitPDFReader.exe
Faulting module path: C:\Program Files (x86)\Foxit Software\Foxit PDF Reader\FoxitPDFReader.exe
Report Id: fd40454c-7f44-11ec-82b3-000c29570a3e
Faulting package full name: 
Faulting package-relative application ID: "
