Level	Date and Time	Source	Event ID	Task Category
Error	1/27/2022 4:46:45 PM	Application Error	1000	(100)	"Faulting application name: FoxitPDFReader.exe, version: 11.1.0.52543, time stamp: 0x6151f24e
Faulting module name: FoxitPDFReader.exe, version: 11.1.0.52543, time stamp: 0x6151f24e
Exception code: 0xc0000005
Fault offset: 0x01b216da
Faulting process id: 0x794
Faulting application start time: 0x01d8135a6522ca3f
Faulting application path: C:\Program Files (x86)\Foxit Software\Foxit PDF Reader\FoxitPDFReader.exe
Faulting module path: C:\Program Files (x86)\Foxit Software\Foxit PDF Reader\FoxitPDFReader.exe
Report Id: a7750bda-7f4d-11ec-82b3-000c29570a3e
Faulting package full name: 
Faulting package-relative application ID: "
Error	1/27/2022 4:46:34 PM	Application Error	1000	(100)	"Faulting application name: FoxitPDFReader.exe, version: 11.1.0.52543, time stamp: 0x6151f24e
Faulting module name: FoxitPDFReader.exe, version: 11.1.0.52543, time stamp: 0x6151f24e
Exception code: 0xc0000005
Fault offset: 0x01b216da
Faulting process id: 0x570
Faulting application start time: 0x01d8135a42e68586
Faulting application path: C:\Program Files (x86)\Foxit Software\Foxit PDF Reader\FoxitPDFReader.exe
Faulting module path: C:\Program Files (x86)\Foxit Software\Foxit PDF Reader\FoxitPDFReader.exe
Report Id: a175a160-7f4d-11ec-82b3-000c29570a3e
Faulting package full name: 
Faulting package-relative application ID: "
Error	1/27/2022 4:45:37 PM	Application Error	1000	(100)	"Faulting application name: FoxitPDFReader.exe, version: 11.1.0.52543, time stamp: 0x6151f24e
Faulting module name: FoxitPDFReader.exe, version: 11.1.0.52543, time stamp: 0x6151f24e
Exception code: 0xc0000005
Fault offset: 0x01b216da
Faulting process id: 0xa04
Faulting application start time: 0x01d8135a39c60519
Faulting application path: C:\Program Files (x86)\Foxit Software\Foxit PDF Reader\FoxitPDFReader.exe
Faulting module path: C:\Program Files (x86)\Foxit Software\Foxit PDF Reader\FoxitPDFReader.exe
Report Id: 7f395c3b-7f4d-11ec-82b3-000c29570a3e
Faulting package full name: 
Faulting package-relative application ID: "
Error	1/27/2022 4:45:22 PM	Application Error	1000	(100)	"Faulting application name: FoxitPDFReader.exe, version: 11.1.0.52543, time stamp: 0x6151f24e
Faulting module name: FoxitPDFReader.exe, version: 11.1.0.52543, time stamp: 0x6151f24e
Exception code: 0xc0000005
Fault offset: 0x01b216da
Faulting process id: 0x130
Faulting application start time: 0x01d8135a293bb3e1
Faulting application path: C:\Program Files (x86)\Foxit Software\Foxit PDF Reader\FoxitPDFReader.exe
Faulting module path: C:\Program Files (x86)\Foxit Software\Foxit PDF Reader\FoxitPDFReader.exe
Report Id: 7618db9e-7f4d-11ec-82b3-000c29570a3e
Faulting package full name: 
Faulting package-relative application ID: "
Error	1/27/2022 4:44:54 PM	Application Error	1000	(100)	"Faulting application name: FoxitPDFReader.exe, version: 11.1.0.52543, time stamp: 0x6151f24e
Faulting module name: FoxitPDFReader.exe, version: 11.1.0.52543, time stamp: 0x6151f24e
Exception code: 0xc0000005
Fault offset: 0x01b21b93
Faulting process id: 0x9f8
Faulting application start time: 0x01d8135a1628e3a1
Faulting application path: C:\Program Files (x86)\Foxit Software\Foxit PDF Reader\FoxitPDFReader.exe
Faulting module path: C:\Program Files (x86)\Foxit Software\Foxit PDF Reader\FoxitPDFReader.exe
Report Id: 658c2860-7f4d-11ec-82b3-000c29570a3e
Faulting package full name: 
Faulting package-relative application ID: "
Error	1/27/2022 4:44:22 PM	Application Error	1000	(100)	"Faulting application name: FoxitPDFReader.exe, version: 11.1.0.52543, time stamp: 0x6151f24e
Faulting module name: FoxitPDFReader.exe, version: 11.1.0.52543, time stamp: 0x6151f24e
Exception code: 0xc0000005
Fault offset: 0x01b216da
Faulting process id: 0x970
Faulting application start time: 0x01d8135a0d845d47
Faulting application path: C:\Program Files (x86)\Foxit Software\Foxit PDF Reader\FoxitPDFReader.exe
Faulting module path: C:\Program Files (x86)\Foxit Software\Foxit PDF Reader\FoxitPDFReader.exe
Report Id: 527bba60-7f4d-11ec-82b3-000c29570a3e
Faulting package full name: 
Faulting package-relative application ID: "
Error	1/27/2022 4:44:07 PM	Application Error	1000	(100)	"Faulting application name: FoxitPDFReader.exe, version: 11.1.0.52543, time stamp: 0x6151f24e
Faulting module name: FoxitPDFReader.exe, version: 11.1.0.52543, time stamp: 0x6151f24e
Exception code: 0xc0000005
Fault offset: 0x01b216da
Faulting process id: 0x6f8
Faulting application start time: 0x01d81359f8f1b245
Faulting application path: C:\Program Files (x86)\Foxit Software\Foxit PDF Reader\FoxitPDFReader.exe
Faulting module path: C:\Program Files (x86)\Foxit Software\Foxit PDF Reader\FoxitPDFReader.exe
Report Id: 49d99654-7f4d-11ec-82b3-000c29570a3e
Faulting package full name: 
Faulting package-relative application ID: "
Error	1/27/2022 4:43:33 PM	Application Error	1000	(100)	"Faulting application name: FoxitPDFReader.exe, version: 11.1.0.52543, time stamp: 0x6151f24e
Faulting module name: FoxitPDFReader.exe, version: 11.1.0.52543, time stamp: 0x6151f24e
Exception code: 0xc0000005
Fault offset: 0x01b216da
Faulting process id: 0xba8
Faulting application start time: 0x01d81359f161bce3
Faulting application path: C:\Program Files (x86)\Foxit Software\Foxit PDF Reader\FoxitPDFReader.exe
Faulting module path: C:\Program Files (x86)\Foxit Software\Foxit PDF Reader\FoxitPDFReader.exe
Report Id: 353d61fb-7f4d-11ec-82b3-000c29570a3e
Faulting package full name: 
Faulting package-relative application ID: "
Error	1/27/2022 4:43:20 PM	Application Error	1000	(100)	"Faulting application name: FoxitPDFReader.exe, version: 11.1.0.52543, time stamp: 0x6151f24e
Faulting module name: FoxitPDFReader.exe, version: 11.1.0.52543, time stamp: 0x6151f24e
Exception code: 0xc0000005
Fault offset: 0x01b216da
Faulting process id: 0x9f4
Faulting application start time: 0x01d81359e136ca3e
Faulting application path: C:\Program Files (x86)\Foxit Software\Foxit PDF Reader\FoxitPDFReader.exe
Faulting module path: C:\Program Files (x86)\Foxit Software\Foxit PDF Reader\FoxitPDFReader.exe
Report Id: 2db23100-7f4d-11ec-82b3-000c29570a3e
Faulting package full name: 
Faulting package-relative application ID: "
Error	1/27/2022 4:42:53 PM	Application Error	1000	(100)	"Faulting application name: FoxitPDFReader.exe, version: 11.1.0.52543, time stamp: 0x6151f24e
Faulting module name: FoxitPDFReader.exe, version: 11.1.0.52543, time stamp: 0x6151f24e
Exception code: 0xc0000005
Fault offset: 0x01b216da
Faulting process id: 0xa58
Faulting application start time: 0x01d81359d7067d3b
Faulting application path: C:\Program Files (x86)\Foxit Software\Foxit PDF Reader\FoxitPDFReader.exe
Faulting module path: C:\Program Files (x86)\Foxit Software\Foxit PDF Reader\FoxitPDFReader.exe
Report Id: 1d89a0b8-7f4d-11ec-82b3-000c29570a3e
Faulting package full name: 
Faulting package-relative application ID: "
Error	1/27/2022 4:42:36 PM	Application Error	1000	(100)	"Faulting application name: FoxitPDFReader.exe, version: 11.1.0.52543, time stamp: 0x6151f24e
Faulting module name: FoxitPDFReader.exe, version: 11.1.0.52543, time stamp: 0x6151f24e
Exception code: 0xc0000005
Fault offset: 0x01b216da
Faulting process id: 0x5fc
Faulting application start time: 0x01d81359d26329ee
Faulting application path: C:\Program Files (x86)\Foxit Software\Foxit PDF Reader\FoxitPDFReader.exe
Faulting module path: C:\Program Files (x86)\Foxit Software\Foxit PDF Reader\FoxitPDFReader.exe
Report Id: 1359545c-7f4d-11ec-82b3-000c29570a3e
Faulting package full name: 
Faulting package-relative application ID: "
Error	1/27/2022 4:42:28 PM	Application Error	1000	(100)	"Faulting application name: FoxitPDFReader.exe, version: 11.1.0.52543, time stamp: 0x6151f24e
Faulting module name: FoxitPDFReader.exe, version: 11.1.0.52543, time stamp: 0x6151f24e
Exception code: 0xc0000005
Fault offset: 0x01b216da
Faulting process id: 0x2d0
Faulting application start time: 0x01d81359cac9ab6f
Faulting application path: C:\Program Files (x86)\Foxit Software\Foxit PDF Reader\FoxitPDFReader.exe
Faulting module path: C:\Program Files (x86)\Foxit Software\Foxit PDF Reader\FoxitPDFReader.exe
Report Id: 0ebac559-7f4d-11ec-82b3-000c29570a3e
Faulting package full name: 
Faulting package-relative application ID: "
Error	1/27/2022 4:42:16 PM	Application Error	1000	(100)	"Faulting application name: FoxitPDFReader.exe, version: 11.1.0.52543, time stamp: 0x6151f24e
Faulting module name: FoxitPDFReader.exe, version: 11.1.0.52543, time stamp: 0x6151f24e
Exception code: 0xc0000005
Fault offset: 0x01b216da
Faulting process id: 0x904
Faulting application start time: 0x01d81359ae7034fd
Faulting application path: C:\Program Files (x86)\Foxit Software\Foxit PDF Reader\FoxitPDFReader.exe
Faulting module path: C:\Program Files (x86)\Foxit Software\Foxit PDF Reader\FoxitPDFReader.exe
Report Id: 071c81c7-7f4d-11ec-82b3-000c29570a3e
Faulting package full name: 
Faulting package-relative application ID: "
Error	1/27/2022 4:41:28 PM	Application Error	1000	(100)	"Faulting application name: FoxitPDFReader.exe, version: 11.1.0.52543, time stamp: 0x6151f24e
Faulting module name: FoxitPDFReader.exe, version: 11.1.0.52543, time stamp: 0x6151f24e
Exception code: 0xc0000005
Fault offset: 0x01b216da
Faulting process id: 0x9d0
Faulting application start time: 0x01d81359a6e2a335
Faulting application path: C:\Program Files (x86)\Foxit Software\Foxit PDF Reader\FoxitPDFReader.exe
Faulting module path: C:\Program Files (x86)\Foxit Software\Foxit PDF Reader\FoxitPDFReader.exe
Report Id: eac0a8cc-7f4c-11ec-82b3-000c29570a3e
Faulting package full name: 
Faulting package-relative application ID: "
Error	1/27/2022 4:41:15 PM	Application Error	1000	(100)	"Faulting application name: FoxitPDFReader.exe, version: 11.1.0.52543, time stamp: 0x6151f24e
Faulting module name: FoxitPDFReader.exe, version: 11.1.0.52543, time stamp: 0x6151f24e
Exception code: 0xc0000005
Fault offset: 0x01b216da
Faulting process id: 0xa04
Faulting application start time: 0x01d81359a12f81b8
Faulting application path: C:\Program Files (x86)\Foxit Software\Foxit PDF Reader\FoxitPDFReader.exe
Faulting module path: C:\Program Files (x86)\Foxit Software\Foxit PDF Reader\FoxitPDFReader.exe
Report Id: e3488a8f-7f4c-11ec-82b3-000c29570a3e
Faulting package full name: 
Faulting package-relative application ID: "
Error	1/27/2022 4:41:06 PM	Application Error	1000	(100)	"Faulting application name: FoxitPDFReader.exe, version: 11.1.0.52543, time stamp: 0x6151f24e
Faulting module name: FoxitPDFReader.exe, version: 11.1.0.52543, time stamp: 0x6151f24e
Exception code: 0xc0000005
Fault offset: 0x01b216da
Faulting process id: 0x828
Faulting application start time: 0x01d8135999960292
Faulting application path: C:\Program Files (x86)\Foxit Software\Foxit PDF Reader\FoxitPDFReader.exe
Faulting module path: C:\Program Files (x86)\Foxit Software\Foxit PDF Reader\FoxitPDFReader.exe
Report Id: dd7ff629-7f4c-11ec-82b3-000c29570a3e
Faulting package full name: 
Faulting package-relative application ID: "
Error	1/27/2022 4:40:53 PM	Application Error	1000	(100)	"Faulting application name: FoxitPDFReader.exe, version: 11.1.0.52543, time stamp: 0x6151f24e
Faulting module name: FoxitPDFReader.exe, version: 11.1.0.52543, time stamp: 0x6151f24e
Exception code: 0xc0000005
Fault offset: 0x01b216da
Faulting process id: 0x4a4
Faulting application start time: 0x01d81359950ce9bd
Faulting application path: C:\Program Files (x86)\Foxit Software\Foxit PDF Reader\FoxitPDFReader.exe
Faulting module path: C:\Program Files (x86)\Foxit Software\Foxit PDF Reader\FoxitPDFReader.exe
Report Id: d5fe4e9e-7f4c-11ec-82b3-000c29570a3e
Faulting package full name: 
Faulting package-relative application ID: "
Error	1/27/2022 4:40:45 PM	Application Error	1000	(100)	"Faulting application name: FoxitPDFReader.exe, version: 11.1.0.52543, time stamp: 0x6151f24e
Faulting module name: FoxitPDFReader.exe, version: 11.1.0.52543, time stamp: 0x6151f24e
Exception code: 0xc0000005
Fault offset: 0x01b216da
Faulting process id: 0x318
Faulting application start time: 0x01d813598ad3130b
Faulting application path: C:\Program Files (x86)\Foxit Software\Foxit PDF Reader\FoxitPDFReader.exe
Faulting module path: C:\Program Files (x86)\Foxit Software\Foxit PDF Reader\FoxitPDFReader.exe
Report Id: d15fc01a-7f4c-11ec-82b3-000c29570a3e
Faulting package full name: 
Faulting package-relative application ID: "
Error	1/27/2022 4:40:28 PM	Application Error	1000	(100)	"Faulting application name: FoxitPDFReader.exe, version: 11.1.0.52543, time stamp: 0x6151f24e
Faulting module name: FoxitPDFReader.exe, version: 11.1.0.52543, time stamp: 0x6151f24e
Exception code: 0xc0000005
Fault offset: 0x01b216da
Faulting process id: 0x860
Faulting application start time: 0x01d8135975925cc1
Faulting application path: C:\Program Files (x86)\Foxit Software\Foxit PDF Reader\FoxitPDFReader.exe
Faulting module path: C:\Program Files (x86)\Foxit Software\Foxit PDF Reader\FoxitPDFReader.exe
Report Id: c72aaeb0-7f4c-11ec-82b3-000c29570a3e
Faulting package full name: 
Faulting package-relative application ID: "
Error	1/27/2022 4:39:53 PM	Application Error	1000	(100)	"Faulting application name: FoxitPDFReader.exe, version: 11.1.0.52543, time stamp: 0x6151f24e
Faulting module name: FoxitPDFReader.exe, version: 11.1.0.52543, time stamp: 0x6151f24e
Exception code: 0xc0000005
Fault offset: 0x01b216da
Faulting process id: 0xab8
Faulting application start time: 0x01d813596f97b6bd
Faulting application path: C:\Program Files (x86)\Foxit Software\Foxit PDF Reader\FoxitPDFReader.exe
Faulting module path: C:\Program Files (x86)\Foxit Software\Foxit PDF Reader\FoxitPDFReader.exe
Report Id: b1e795ff-7f4c-11ec-82b3-000c29570a3e
Faulting package full name: 
Faulting package-relative application ID: "
Error	1/27/2022 4:39:42 PM	Application Error	1000	(100)	"Faulting application name: FoxitPDFReader.exe, version: 11.1.0.52543, time stamp: 0x6151f24e
Faulting module name: FoxitPDFReader.exe, version: 11.1.0.52543, time stamp: 0x6151f24e
Exception code: 0xc0000005
Fault offset: 0x01b216da
Faulting process id: 0x1e0
Faulting application start time: 0x01d8135957bb6d66
Faulting application path: C:\Program Files (x86)\Foxit Software\Foxit PDF Reader\FoxitPDFReader.exe
Faulting module path: C:\Program Files (x86)\Foxit Software\Foxit PDF Reader\FoxitPDFReader.exe
Report Id: abe5c8b3-7f4c-11ec-82b3-000c29570a3e
Faulting package full name: 
Faulting package-relative application ID: "
Error	1/27/2022 4:39:02 PM	Application Error	1000	(100)	"Faulting application name: FoxitPDFReader.exe, version: 11.1.0.52543, time stamp: 0x6151f24e
Faulting module name: FoxitPDFReader.exe, version: 11.1.0.52543, time stamp: 0x6151f24e
Exception code: 0xc0000005
Fault offset: 0x01b21b93
Faulting process id: 0x828
Faulting application start time: 0x01d813594d4d2355
Faulting application path: C:\Program Files (x86)\Foxit Software\Foxit PDF Reader\FoxitPDFReader.exe
Faulting module path: C:\Program Files (x86)\Foxit Software\Foxit PDF Reader\FoxitPDFReader.exe
Report Id: 940be1d1-7f4c-11ec-82b3-000c29570a3e
Faulting package full name: 
Faulting package-relative application ID: "
Error	1/27/2022 4:38:45 PM	Application Error	1000	(100)	"Faulting application name: FoxitPDFReader.exe, version: 11.1.0.52543, time stamp: 0x6151f24e
Faulting module name: FoxitPDFReader.exe, version: 11.1.0.52543, time stamp: 0x6151f24e
Exception code: 0xc0000005
Fault offset: 0x01b216da
Faulting process id: 0xa58
Faulting application start time: 0x01d8135924ad5123
Faulting application path: C:\Program Files (x86)\Foxit Software\Foxit PDF Reader\FoxitPDFReader.exe
Faulting module path: C:\Program Files (x86)\Foxit Software\Foxit PDF Reader\FoxitPDFReader.exe
Report Id: 89a25ca7-7f4c-11ec-82b3-000c29570a3e
Faulting package full name: 
Faulting package-relative application ID: "
Error	1/27/2022 4:37:37 PM	Application Error	1000	(100)	"Faulting application name: FoxitPDFReader.exe, version: 11.1.0.52543, time stamp: 0x6151f24e
Faulting module name: FoxitPDFReader.exe, version: 11.1.0.52543, time stamp: 0x6151f24e
Exception code: 0xc0000005
Fault offset: 0x01b216da
Faulting process id: 0x8c4
Faulting application start time: 0x01d81358ffdca0c8
Faulting application path: C:\Program Files (x86)\Foxit Software\Foxit PDF Reader\FoxitPDFReader.exe
Faulting module path: C:\Program Files (x86)\Foxit Software\Foxit PDF Reader\FoxitPDFReader.exe
Report Id: 60fb6367-7f4c-11ec-82b3-000c29570a3e
Faulting package full name: 
Faulting package-relative application ID: "
Error	1/27/2022 4:36:35 PM	Application Error	1000	(100)	"Faulting application name: FoxitPDFReader.exe, version: 11.1.0.52543, time stamp: 0x6151f24e
Faulting module name: FoxitPDFReader.exe, version: 11.1.0.52543, time stamp: 0x6151f24e
Exception code: 0xc0000005
Fault offset: 0x01b216da
Faulting process id: 0x448
Faulting application start time: 0x01d81358efda3602
Faulting application path: C:\Program Files (x86)\Foxit Software\Foxit PDF Reader\FoxitPDFReader.exe
Faulting module path: C:\Program Files (x86)\Foxit Software\Foxit PDF Reader\FoxitPDFReader.exe
Report Id: 3c2f7769-7f4c-11ec-82b3-000c29570a3e
Faulting package full name: 
Faulting package-relative application ID: "
Error	1/27/2022 4:36:08 PM	Application Error	1000	(100)	"Faulting application name: FoxitPDFReader.exe, version: 11.1.0.52543, time stamp: 0x6151f24e
Faulting module name: FoxitPDFReader.exe, version: 11.1.0.52543, time stamp: 0x6151f24e
Exception code: 0xc0000005
Fault offset: 0x01b216da
Faulting process id: 0xb0c
Faulting application start time: 0x01d81358e872c848
Faulting application path: C:\Program Files (x86)\Foxit Software\Foxit PDF Reader\FoxitPDFReader.exe
Faulting module path: C:\Program Files (x86)\Foxit Software\Foxit PDF Reader\FoxitPDFReader.exe
Report Id: 2c2f6f3b-7f4c-11ec-82b3-000c29570a3e
Faulting package full name: 
Faulting package-relative application ID: "
Error	1/27/2022 4:35:56 PM	Application Error	1000	(100)	"Faulting application name: FoxitPDFReader.exe, version: 11.1.0.52543, time stamp: 0x6151f24e
Faulting module name: FoxitPDFReader.exe, version: 11.1.0.52543, time stamp: 0x6151f24e
Exception code: 0xc0000005
Fault offset: 0x01b216da
Faulting process id: 0x10c
Faulting application start time: 0x01d81358e3ec1178
Faulting application path: C:\Program Files (x86)\Foxit Software\Foxit PDF Reader\FoxitPDFReader.exe
Faulting module path: C:\Program Files (x86)\Foxit Software\Foxit PDF Reader\FoxitPDFReader.exe
Report Id: 24d3ed41-7f4c-11ec-82b3-000c29570a3e
Faulting package full name: 
Faulting package-relative application ID: "
Error	1/27/2022 4:35:48 PM	Application Error	1000	(100)	"Faulting application name: FoxitPDFReader.exe, version: 11.1.0.52543, time stamp: 0x6151f24e
Faulting module name: FoxitPDFReader.exe, version: 11.1.0.52543, time stamp: 0x6151f24e
Exception code: 0xc0000005
Fault offset: 0x01b216da
Faulting process id: 0xa9c
Faulting application start time: 0x01d81358d42a0644
Faulting application path: C:\Program Files (x86)\Foxit Software\Foxit PDF Reader\FoxitPDFReader.exe
Faulting module path: C:\Program Files (x86)\Foxit Software\Foxit PDF Reader\FoxitPDFReader.exe
Report Id: 203ee872-7f4c-11ec-82b3-000c29570a3e
Faulting package full name: 
Faulting package-relative application ID: "
Error	1/27/2022 4:35:22 PM	Application Error	1000	(100)	"Faulting application name: FoxitPDFReader.exe, version: 11.1.0.52543, time stamp: 0x6151f24e
Faulting module name: FoxitPDFReader.exe, version: 11.1.0.52543, time stamp: 0x6151f24e
Exception code: 0xc0000005
Fault offset: 0x01b216da
Faulting process id: 0x2a4
Faulting application start time: 0x01d81358d0fd0453
Faulting application path: C:\Program Files (x86)\Foxit Software\Foxit PDF Reader\FoxitPDFReader.exe
Faulting module path: C:\Program Files (x86)\Foxit Software\Foxit PDF Reader\FoxitPDFReader.exe
Report Id: 108fefe4-7f4c-11ec-82b3-000c29570a3e
Faulting package full name: 
Faulting package-relative application ID: "
Error	1/27/2022 4:35:16 PM	Application Error	1000	(100)	"Faulting application name: FoxitPDFReader.exe, version: 11.1.0.52543, time stamp: 0x6151f24e
Faulting module name: FoxitPDFReader.exe, version: 11.1.0.52543, time stamp: 0x6151f24e
Exception code: 0xc0000005
Fault offset: 0x01b216da
Faulting process id: 0x1b0
Faulting application start time: 0x01d81358b251e40c
Faulting application path: C:\Program Files (x86)\Foxit Software\Foxit PDF Reader\FoxitPDFReader.exe
Faulting module path: C:\Program Files (x86)\Foxit Software\Foxit PDF Reader\FoxitPDFReader.exe
Report Id: 0d523d92-7f4c-11ec-82b3-000c29570a3e
Faulting package full name: 
Faulting package-relative application ID: "
Error	1/27/2022 4:34:25 PM	Application Error	1000	(100)	"Faulting application name: FoxitPDFReader.exe, version: 11.1.0.52543, time stamp: 0x6151f24e
Faulting module name: FoxitPDFReader.exe, version: 11.1.0.52543, time stamp: 0x6151f24e
Exception code: 0xc0000005
Fault offset: 0x01b216da
Faulting process id: 0xcc
Faulting application start time: 0x01d81358aac915b3
Faulting application path: C:\Program Files (x86)\Foxit Software\Foxit PDF Reader\FoxitPDFReader.exe
Faulting module path: C:\Program Files (x86)\Foxit Software\Foxit PDF Reader\FoxitPDFReader.exe
Report Id: eea2588b-7f4b-11ec-82b3-000c29570a3e
Faulting package full name: 
Faulting package-relative application ID: "
Error	1/27/2022 4:34:12 PM	Application Error	1000	(100)	"Faulting application name: FoxitPDFReader.exe, version: 11.1.0.52543, time stamp: 0x6151f24e
Faulting module name: FoxitPDFReader.exe, version: 11.1.0.52543, time stamp: 0x6151f24e
Exception code: 0xc0000005
Fault offset: 0x01b216da
Faulting process id: 0x4b8
Faulting application start time: 0x01d813588e281874
Faulting application path: C:\Program Files (x86)\Foxit Software\Foxit PDF Reader\FoxitPDFReader.exe
Faulting module path: C:\Program Files (x86)\Foxit Software\Foxit PDF Reader\FoxitPDFReader.exe
Report Id: e71e4e8b-7f4b-11ec-82b3-000c29570a3e
Faulting package full name: 
Faulting package-relative application ID: "
Error	1/27/2022 4:33:24 PM	Application Error	1000	(100)	"Faulting application name: FoxitPDFReader.exe, version: 11.1.0.52543, time stamp: 0x6151f24e
Faulting module name: FoxitPDFReader.exe, version: 11.1.0.52543, time stamp: 0x6151f24e
Exception code: 0xc0000005
Fault offset: 0x01b216da
Faulting process id: 0x5f4
Faulting application start time: 0x01d813587cc99677
Faulting application path: C:\Program Files (x86)\Foxit Software\Foxit PDF Reader\FoxitPDFReader.exe
Faulting module path: C:\Program Files (x86)\Foxit Software\Foxit PDF Reader\FoxitPDFReader.exe
Report Id: ca788caf-7f4b-11ec-82b3-000c29570a3e
Faulting package full name: 
Faulting package-relative application ID: "
Error	1/27/2022 4:32:55 PM	Application Error	1000	(100)	"Faulting application name: FoxitPDFReader.exe, version: 11.1.0.52543, time stamp: 0x6151f24e
Faulting module name: FoxitPDFReader.exe, version: 11.1.0.52543, time stamp: 0x6151f24e
Exception code: 0xc0000005
Fault offset: 0x01b216da
Faulting process id: 0xb5c
Faulting application start time: 0x01d8135875373e69
Faulting application path: C:\Program Files (x86)\Foxit Software\Foxit PDF Reader\FoxitPDFReader.exe
Faulting module path: C:\Program Files (x86)\Foxit Software\Foxit PDF Reader\FoxitPDFReader.exe
Report Id: b92131c5-7f4b-11ec-82b3-000c29570a3e
Faulting package full name: 
Faulting package-relative application ID: "
Error	1/27/2022 4:32:42 PM	Application Error	1000	(100)	"Faulting application name: FoxitPDFReader.exe, version: 11.1.0.52543, time stamp: 0x6151f24e
Faulting module name: FoxitPDFReader.exe, version: 11.1.0.52543, time stamp: 0x6151f24e
Exception code: 0xc0000005
Fault offset: 0x01b216da
Faulting process id: 0x568
Faulting application start time: 0x01d813586f05c252
Faulting application path: C:\Program Files (x86)\Foxit Software\Foxit PDF Reader\FoxitPDFReader.exe
Faulting module path: C:\Program Files (x86)\Foxit Software\Foxit PDF Reader\FoxitPDFReader.exe
Report Id: b18c7794-7f4b-11ec-82b3-000c29570a3e
Faulting package full name: 
Faulting package-relative application ID: "
Error	1/27/2022 4:32:32 PM	Application Error	1000	(100)	"Faulting application name: FoxitPDFReader.exe, version: 11.1.0.52543, time stamp: 0x6151f24e
Faulting module name: FoxitPDFReader.exe, version: 11.1.0.52543, time stamp: 0x6151f24e
Exception code: 0xc0000005
Fault offset: 0x01b216da
Faulting process id: 0x420
Faulting application start time: 0x01d813586540bf4a
Faulting application path: C:\Program Files (x86)\Foxit Software\Foxit PDF Reader\FoxitPDFReader.exe
Faulting module path: C:\Program Files (x86)\Foxit Software\Foxit PDF Reader\FoxitPDFReader.exe
Report Id: ab5636cc-7f4b-11ec-82b3-000c29570a3e
Faulting package full name: 
Faulting package-relative application ID: "
Error	1/27/2022 4:32:16 PM	Application Error	1000	(100)	"Faulting application name: FoxitPDFReader.exe, version: 11.1.0.52543, time stamp: 0x6151f24e
Faulting module name: FoxitPDFReader.exe, version: 11.1.0.52543, time stamp: 0x6151f24e
Exception code: 0xc0000005
Fault offset: 0x01b21b93
Faulting process id: 0x648
Faulting application start time: 0x01d813585f18ccbb
Faulting application path: C:\Program Files (x86)\Foxit Software\Foxit PDF Reader\FoxitPDFReader.exe
Faulting module path: C:\Program Files (x86)\Foxit Software\Foxit PDF Reader\FoxitPDFReader.exe
Report Id: a18a0cd3-7f4b-11ec-82b3-000c29570a3e
Faulting package full name: 
Faulting package-relative application ID: "
Error	1/27/2022 4:32:05 PM	Application Error	1000	(100)	"Faulting application name: FoxitPDFReader.exe, version: 11.1.0.52543, time stamp: 0x6151f24e
Faulting module name: FoxitPDFReader.exe, version: 11.1.0.52543, time stamp: 0x6151f24e
Exception code: 0xc0000005
Fault offset: 0x01b216da
Faulting process id: 0x10c
Faulting application start time: 0x01d813585a7f0371
Faulting application path: C:\Program Files (x86)\Foxit Software\Foxit PDF Reader\FoxitPDFReader.exe
Faulting module path: C:\Program Files (x86)\Foxit Software\Foxit PDF Reader\FoxitPDFReader.exe
Report Id: 9b6e05c9-7f4b-11ec-82b3-000c29570a3e
Faulting package full name: 
Faulting package-relative application ID: "
Error	1/27/2022 4:31:58 PM	Application Error	1000	(100)	"Faulting application name: FoxitPDFReader.exe, version: 11.1.0.52543, time stamp: 0x6151f24e
Faulting module name: FoxitPDFReader.exe, version: 11.1.0.52543, time stamp: 0x6151f24e
Exception code: 0xc0000005
Fault offset: 0x01b216da
Faulting process id: 0x9d8
Faulting application start time: 0x01d8135852c8e827
Faulting application path: C:\Program Files (x86)\Foxit Software\Foxit PDF Reader\FoxitPDFReader.exe
Faulting module path: C:\Program Files (x86)\Foxit Software\Foxit PDF Reader\FoxitPDFReader.exe
Report Id: 96d1d9e7-7f4b-11ec-82b3-000c29570a3e
Faulting package full name: 
Faulting package-relative application ID: "
Error	1/27/2022 4:31:45 PM	Application Error	1000	(100)	"Faulting application name: FoxitPDFReader.exe, version: 11.1.0.52543, time stamp: 0x6151f24e
Faulting module name: FoxitPDFReader.exe, version: 11.1.0.52543, time stamp: 0x6151f24e
Exception code: 0xc0000005
Fault offset: 0x01b21b93
Faulting process id: 0x478
Faulting application start time: 0x01d81358488325b5
Faulting application path: C:\Program Files (x86)\Foxit Software\Foxit PDF Reader\FoxitPDFReader.exe
Faulting module path: C:\Program Files (x86)\Foxit Software\Foxit PDF Reader\FoxitPDFReader.exe
Report Id: 8f195c49-7f4b-11ec-82b3-000c29570a3e
Faulting package full name: 
Faulting package-relative application ID: "
Error	1/27/2022 4:31:27 PM	Application Error	1000	(100)	"Faulting application name: FoxitPDFReader.exe, version: 11.1.0.52543, time stamp: 0x6151f24e
Faulting module name: FoxitPDFReader.exe, version: 11.1.0.52543, time stamp: 0x6151f24e
Exception code: 0xc0000005
Fault offset: 0x01b21b93
Faulting process id: 0x4ac
Faulting application start time: 0x01d8135843f2e57a
Faulting application path: C:\Program Files (x86)\Foxit Software\Foxit PDF Reader\FoxitPDFReader.exe
Faulting module path: C:\Program Files (x86)\Foxit Software\Foxit PDF Reader\FoxitPDFReader.exe
Report Id: 84d85f07-7f4b-11ec-82b3-000c29570a3e
Faulting package full name: 
Faulting package-relative application ID: "
Error	1/27/2022 4:31:20 PM	Application Error	1000	(100)	"Faulting application name: FoxitPDFReader.exe, version: 11.1.0.52543, time stamp: 0x6151f24e
Faulting module name: FoxitPDFReader.exe, version: 11.1.0.52543, time stamp: 0x6151f24e
Exception code: 0xc0000005
Fault offset: 0x01b216da
Faulting process id: 0x48c
Faulting application start time: 0x01d81358244d6e9e
Faulting application path: C:\Program Files (x86)\Foxit Software\Foxit PDF Reader\FoxitPDFReader.exe
Faulting module path: C:\Program Files (x86)\Foxit Software\Foxit PDF Reader\FoxitPDFReader.exe
Report Id: 8045bcaa-7f4b-11ec-82b3-000c29570a3e
Faulting package full name: 
Faulting package-relative application ID: "
Error	1/27/2022 4:30:27 PM	Application Error	1000	(100)	"Faulting application name: FoxitPDFReader.exe, version: 11.1.0.52543, time stamp: 0x6151f24e
Faulting module name: FoxitPDFReader.exe, version: 11.1.0.52543, time stamp: 0x6151f24e
Exception code: 0xc0000005
Fault offset: 0x01b216da
Faulting process id: 0xa70
Faulting application start time: 0x01d813581cdc7735
Faulting application path: C:\Program Files (x86)\Foxit Software\Foxit PDF Reader\FoxitPDFReader.exe
Faulting module path: C:\Program Files (x86)\Foxit Software\Foxit PDF Reader\FoxitPDFReader.exe
Report Id: 60a04523-7f4b-11ec-82b3-000c29570a3e
Faulting package full name: 
Faulting package-relative application ID: "
Error	1/27/2022 4:30:14 PM	Application Error	1000	(100)	"Faulting application name: FoxitPDFReader.exe, version: 11.1.0.52543, time stamp: 0x6151f24e
Faulting module name: FoxitPDFReader.exe, version: 11.1.0.52543, time stamp: 0x6151f24e
Exception code: 0xc0000005
Fault offset: 0x01b216da
Faulting process id: 0x5b0
Faulting application start time: 0x01d81357ff5b5cc8
Faulting application path: C:\Program Files (x86)\Foxit Software\Foxit PDF Reader\FoxitPDFReader.exe
Faulting module path: C:\Program Files (x86)\Foxit Software\Foxit PDF Reader\FoxitPDFReader.exe
Report Id: 5931b06a-7f4b-11ec-82b3-000c29570a3e
Faulting package full name: 
Faulting package-relative application ID: "
Error	1/27/2022 4:29:25 PM	Application Error	1000	(100)	"Faulting application name: FoxitPDFReader.exe, version: 11.1.0.52543, time stamp: 0x6151f24e
Faulting module name: FoxitPDFReader.exe, version: 11.1.0.52543, time stamp: 0x6151f24e
Exception code: 0xc0000005
Fault offset: 0x01b216da
Faulting process id: 0x538
Faulting application start time: 0x01d81357e70a4081
Faulting application path: C:\Program Files (x86)\Foxit Software\Foxit PDF Reader\FoxitPDFReader.exe
Faulting module path: C:\Program Files (x86)\Foxit Software\Foxit PDF Reader\FoxitPDFReader.exe
Report Id: 3bae33b8-7f4b-11ec-82b3-000c29570a3e
Faulting package full name: 
Faulting package-relative application ID: "
Error	1/27/2022 4:28:44 PM	Application Error	1000	(100)	"Faulting application name: FoxitPDFReader.exe, version: 11.1.0.52543, time stamp: 0x6151f24e
Faulting module name: FoxitPDFReader.exe, version: 11.1.0.52543, time stamp: 0x6151f24e
Exception code: 0xc0000005
Fault offset: 0x01b216da
Faulting process id: 0x484
Faulting application start time: 0x01d81357d88a12b2
Faulting application path: C:\Program Files (x86)\Foxit Software\Foxit PDF Reader\FoxitPDFReader.exe
Faulting module path: C:\Program Files (x86)\Foxit Software\Foxit PDF Reader\FoxitPDFReader.exe
Report Id: 235852bb-7f4b-11ec-82b3-000c29570a3e
Faulting package full name: 
Faulting package-relative application ID: "
Error	1/27/2022 4:28:20 PM	Application Error	1000	(100)	"Faulting application name: FoxitPDFReader.exe, version: 11.1.0.52543, time stamp: 0x6151f24e
Faulting module name: FoxitPDFReader.exe, version: 11.1.0.52543, time stamp: 0x6151f24e
Exception code: 0xc0000005
Fault offset: 0x01b216da
Faulting process id: 0x8c4
Faulting application start time: 0x01d81357d3e45d26
Faulting application path: C:\Program Files (x86)\Foxit Software\Foxit PDF Reader\FoxitPDFReader.exe
Faulting module path: C:\Program Files (x86)\Foxit Software\Foxit PDF Reader\FoxitPDFReader.exe
Report Id: 14df4bec-7f4b-11ec-82b3-000c29570a3e
Faulting package full name: 
Faulting package-relative application ID: "
Error	1/27/2022 4:28:12 PM	Application Error	1000	(100)	"Faulting application name: FoxitPDFReader.exe, version: 11.1.0.52543, time stamp: 0x6151f24e
Faulting module name: FoxitPDFReader.exe, version: 11.1.0.52543, time stamp: 0x6151f24e
Exception code: 0xc0000005
Fault offset: 0x01b216da
Faulting process id: 0x850
Faulting application start time: 0x01d81357ca21bcab
Faulting application path: C:\Program Files (x86)\Foxit Software\Foxit PDF Reader\FoxitPDFReader.exe
Faulting module path: C:\Program Files (x86)\Foxit Software\Foxit PDF Reader\FoxitPDFReader.exe
Report Id: 104f0b7b-7f4b-11ec-82b3-000c29570a3e
Faulting package full name: 
Faulting package-relative application ID: "
Error	1/27/2022 4:27:55 PM	Application Error	1000	(100)	"Faulting application name: FoxitPDFReader.exe, version: 11.1.0.52543, time stamp: 0x6151f24e
Faulting module name: FoxitPDFReader.exe, version: 11.1.0.52543, time stamp: 0x6151f24e
Exception code: 0xc0000005
Fault offset: 0x01b216da
Faulting process id: 0x794
Faulting application start time: 0x01d81357b3232e0e
Faulting application path: C:\Program Files (x86)\Foxit Software\Foxit PDF Reader\FoxitPDFReader.exe
Faulting module path: C:\Program Files (x86)\Foxit Software\Foxit PDF Reader\FoxitPDFReader.exe
Report Id: 0672312f-7f4b-11ec-82b3-000c29570a3e
Faulting package full name: 
Faulting package-relative application ID: "
Error	1/27/2022 4:27:17 PM	Application Error	1000	(100)	"Faulting application name: FoxitPDFReader.exe, version: 11.1.0.52543, time stamp: 0x6151f24e
Faulting module name: FoxitPDFReader.exe, version: 11.1.0.52543, time stamp: 0x6151f24e
Exception code: 0xc0000005
Fault offset: 0x01b216da
Faulting process id: 0xa88
Faulting application start time: 0x01d813579c2bc6a5
Faulting application path: C:\Program Files (x86)\Foxit Software\Foxit PDF Reader\FoxitPDFReader.exe
Faulting module path: C:\Program Files (x86)\Foxit Software\Foxit PDF Reader\FoxitPDFReader.exe
Report Id: ef78672a-7f4a-11ec-82b3-000c29570a3e
Faulting package full name: 
Faulting package-relative application ID: "
Error	1/27/2022 4:26:38 PM	Application Error	1000	(100)	"Faulting application name: FoxitPDFReader.exe, version: 11.1.0.52543, time stamp: 0x6151f24e
Faulting module name: FoxitPDFReader.exe, version: 11.1.0.52543, time stamp: 0x6151f24e
Exception code: 0xc0000005
Fault offset: 0x01b216da
Faulting process id: 0x8d8
Faulting application start time: 0x01d813578da936b5
Faulting application path: C:\Program Files (x86)\Foxit Software\Foxit PDF Reader\FoxitPDFReader.exe
Faulting module path: C:\Program Files (x86)\Foxit Software\Foxit PDF Reader\FoxitPDFReader.exe
Report Id: d87c3b16-7f4a-11ec-82b3-000c29570a3e
Faulting package full name: 
Faulting package-relative application ID: "
Error	1/27/2022 4:26:14 PM	Application Error	1000	(100)	"Faulting application name: FoxitPDFReader.exe, version: 11.1.0.52543, time stamp: 0x6151f24e
Faulting module name: FoxitPDFReader.exe, version: 11.1.0.52543, time stamp: 0x6151f24e
Exception code: 0xc0000005
Fault offset: 0x01b216da
Faulting process id: 0x610
Faulting application start time: 0x01d8135787c405ea
Faulting application path: C:\Program Files (x86)\Foxit Software\Foxit PDF Reader\FoxitPDFReader.exe
Faulting module path: C:\Program Files (x86)\Foxit Software\Foxit PDF Reader\FoxitPDFReader.exe
Report Id: c9fc0d87-7f4a-11ec-82b3-000c29570a3e
Faulting package full name: 
Faulting package-relative application ID: "
Error	1/27/2022 4:26:04 PM	Application Error	1000	(100)	"Faulting application name: FoxitPDFReader.exe, version: 11.1.0.52543, time stamp: 0x6151f24e
Faulting module name: FoxitPDFReader.exe, version: 11.1.0.52543, time stamp: 0x6151f24e
Exception code: 0xc0000005
Fault offset: 0x01b216da
Faulting process id: 0xab4
Faulting application start time: 0x01d8135773a3cc30
Faulting application path: C:\Program Files (x86)\Foxit Software\Foxit PDF Reader\FoxitPDFReader.exe
Faulting module path: C:\Program Files (x86)\Foxit Software\Foxit PDF Reader\FoxitPDFReader.exe
Report Id: c416dccb-7f4a-11ec-82b3-000c29570a3e
Faulting package full name: 
Faulting package-relative application ID: "
Error	1/27/2022 4:25:30 PM	Application Error	1000	(100)	"Faulting application name: FoxitPDFReader.exe, version: 11.1.0.52543, time stamp: 0x6151f24e
Faulting module name: FoxitPDFReader.exe, version: 11.1.0.52543, time stamp: 0x6151f24e
Exception code: 0xc0000005
Fault offset: 0x01b216da
Faulting process id: 0x580
Faulting application start time: 0x01d81357707467e1
Faulting application path: C:\Program Files (x86)\Foxit Software\Foxit PDF Reader\FoxitPDFReader.exe
Faulting module path: C:\Program Files (x86)\Foxit Software\Foxit PDF Reader\FoxitPDFReader.exe
Report Id: b0075346-7f4a-11ec-82b3-000c29570a3e
Faulting package full name: 
Faulting package-relative application ID: "
Error	1/27/2022 4:25:25 PM	Application Error	1000	(100)	"Faulting application name: FoxitPDFReader.exe, version: 11.1.0.52543, time stamp: 0x6151f24e
Faulting module name: FoxitPDFReader.exe, version: 11.1.0.52543, time stamp: 0x6151f24e
Exception code: 0xc0000005
Fault offset: 0x01b216da
Faulting process id: 0xb3c
Faulting application start time: 0x01d8135768f52275
Faulting application path: C:\Program Files (x86)\Foxit Software\Foxit PDF Reader\FoxitPDFReader.exe
Faulting module path: C:\Program Files (x86)\Foxit Software\Foxit PDF Reader\FoxitPDFReader.exe
Report Id: acc73e92-7f4a-11ec-82b3-000c29570a3e
Faulting package full name: 
Faulting package-relative application ID: "
Error	1/27/2022 4:25:12 PM	Application Error	1000	(100)	"Faulting application name: FoxitPDFReader.exe, version: 11.1.0.52543, time stamp: 0x6151f24e
Faulting module name: FoxitPDFReader.exe, version: 11.1.0.52543, time stamp: 0x6151f24e
Exception code: 0xc0000005
Fault offset: 0x01b216da
Faulting process id: 0xb90
Faulting application start time: 0x01d8135750be3fe6
Faulting application path: C:\Program Files (x86)\Foxit Software\Foxit PDF Reader\FoxitPDFReader.exe
Faulting module path: C:\Program Files (x86)\Foxit Software\Foxit PDF Reader\FoxitPDFReader.exe
Report Id: a547f92f-7f4a-11ec-82b3-000c29570a3e
Faulting package full name: 
Faulting package-relative application ID: "
Error	1/27/2022 4:24:32 PM	Application Error	1000	(100)	"Faulting application name: FoxitPDFReader.exe, version: 11.1.0.52543, time stamp: 0x6151f24e
Faulting module name: FoxitPDFReader.exe, version: 11.1.0.52543, time stamp: 0x6151f24e
Exception code: 0xc0000005
Fault offset: 0x01b216da
Faulting process id: 0x90
Faulting application start time: 0x01d813574654bb00
Faulting application path: C:\Program Files (x86)\Foxit Software\Foxit PDF Reader\FoxitPDFReader.exe
Faulting module path: C:\Program Files (x86)\Foxit Software\Foxit PDF Reader\FoxitPDFReader.exe
Report Id: 8d111696-7f4a-11ec-82b3-000c29570a3e
Faulting package full name: 
Faulting package-relative application ID: "
Error	1/27/2022 4:24:14 PM	Application Error	1000	(100)	"Faulting application name: FoxitPDFReader.exe, version: 11.1.0.52543, time stamp: 0x6151f24e
Faulting module name: FoxitPDFReader.exe, version: 11.1.0.52543, time stamp: 0x6151f24e
Exception code: 0xc0000005
Fault offset: 0x01b216da
Faulting process id: 0x4e4
Faulting application start time: 0x01d81357430d7ed7
Faulting application path: C:\Program Files (x86)\Foxit Software\Foxit PDF Reader\FoxitPDFReader.exe
Faulting module path: C:\Program Files (x86)\Foxit Software\Foxit PDF Reader\FoxitPDFReader.exe
Report Id: 82a52fdc-7f4a-11ec-82b3-000c29570a3e
Faulting package full name: 
Faulting package-relative application ID: "
Error	1/27/2022 4:24:09 PM	Application Error	1000	(100)	"Faulting application name: FoxitPDFReader.exe, version: 11.1.0.52543, time stamp: 0x6151f24e
Faulting module name: FoxitPDFReader.exe, version: 11.1.0.52543, time stamp: 0x6151f24e
Exception code: 0xc0000005
Fault offset: 0x01b216da
Faulting process id: 0xaa0
Faulting application start time: 0x01d813573a42d322
Faulting application path: C:\Program Files (x86)\Foxit Software\Foxit PDF Reader\FoxitPDFReader.exe
Faulting module path: C:\Program Files (x86)\Foxit Software\Foxit PDF Reader\FoxitPDFReader.exe
Report Id: 7f6055a5-7f4a-11ec-82b3-000c29570a3e
Faulting package full name: 
Faulting package-relative application ID: "
Error	1/27/2022 4:23:54 PM	Application Error	1000	(100)	"Faulting application name: FoxitPDFReader.exe, version: 11.1.0.52543, time stamp: 0x6151f24e
Faulting module name: FoxitPDFReader.exe, version: 11.1.0.52543, time stamp: 0x6151f24e
Exception code: 0xc0000005
Fault offset: 0x01b216da
Faulting process id: 0xf4
Faulting application start time: 0x01d81357315463ca
Faulting application path: C:\Program Files (x86)\Foxit Software\Foxit PDF Reader\FoxitPDFReader.exe
Faulting module path: C:\Program Files (x86)\Foxit Software\Foxit PDF Reader\FoxitPDFReader.exe
Report Id: 7690e4d3-7f4a-11ec-82b3-000c29570a3e
Faulting package full name: 
Faulting package-relative application ID: "
Error	1/27/2022 4:23:39 PM	Application Error	1000	(100)	"Faulting application name: FoxitPDFReader.exe, version: 11.1.0.52543, time stamp: 0x6151f24e
Faulting module name: FoxitPDFReader.exe, version: 11.1.0.52543, time stamp: 0x6151f24e
Exception code: 0xc0000005
Fault offset: 0x01b216da
Faulting process id: 0xa58
Faulting application start time: 0x01d813572c8d4cfc
Faulting application path: C:\Program Files (x86)\Foxit Software\Foxit PDF Reader\FoxitPDFReader.exe
Faulting module path: C:\Program Files (x86)\Foxit Software\Foxit PDF Reader\FoxitPDFReader.exe
Report Id: 6da73a5d-7f4a-11ec-82b3-000c29570a3e
Faulting package full name: 
Faulting package-relative application ID: "
Error	1/27/2022 4:23:31 PM	Application Error	1000	(100)	"Faulting application name: FoxitPDFReader.exe, version: 11.1.0.52543, time stamp: 0x6151f24e
Faulting module name: FoxitPDFReader.exe, version: 11.1.0.52543, time stamp: 0x6151f24e
Exception code: 0xc0000005
Fault offset: 0x01b216da
Faulting process id: 0x858
Faulting application start time: 0x01d8135727c636ed
Faulting application path: C:\Program Files (x86)\Foxit Software\Foxit PDF Reader\FoxitPDFReader.exe
Faulting module path: C:\Program Files (x86)\Foxit Software\Foxit PDF Reader\FoxitPDFReader.exe
Report Id: 68db5fa2-7f4a-11ec-82b3-000c29570a3e
Faulting package full name: 
Faulting package-relative application ID: "
Error	1/27/2022 4:23:23 PM	Application Error	1000	(100)	"Faulting application name: FoxitPDFReader.exe, version: 11.1.0.52543, time stamp: 0x6151f24e
Faulting module name: FoxitPDFReader.exe, version: 11.1.0.52543, time stamp: 0x6151f24e
Exception code: 0xc0000005
Fault offset: 0x01b216da
Faulting process id: 0x62c
Faulting application start time: 0x01d8135721c20748
Faulting application path: C:\Program Files (x86)\Foxit Software\Foxit PDF Reader\FoxitPDFReader.exe
Faulting module path: C:\Program Files (x86)\Foxit Software\Foxit PDF Reader\FoxitPDFReader.exe
Report Id: 6416ab19-7f4a-11ec-82b3-000c29570a3e
Faulting package full name: 
Faulting package-relative application ID: "
Error	1/27/2022 4:23:13 PM	Application Error	1000	(100)	"Faulting application name: FoxitPDFReader.exe, version: 11.1.0.52543, time stamp: 0x6151f24e
Faulting module name: FoxitPDFReader.exe, version: 11.1.0.52543, time stamp: 0x6151f24e
Exception code: 0xc0000005
Fault offset: 0x01b21b93
Faulting process id: 0xab8
Faulting application start time: 0x01d8135717a008d7
Faulting application path: C:\Program Files (x86)\Foxit Software\Foxit PDF Reader\FoxitPDFReader.exe
Faulting module path: C:\Program Files (x86)\Foxit Software\Foxit PDF Reader\FoxitPDFReader.exe
Report Id: 5e19a2e9-7f4a-11ec-82b3-000c29570a3e
Faulting package full name: 
Faulting package-relative application ID: "
Error	1/27/2022 4:22:56 PM	Application Error	1000	(100)	"Faulting application name: FoxitPDFReader.exe, version: 11.1.0.52543, time stamp: 0x6151f24e
Faulting module name: FoxitPDFReader.exe, version: 11.1.0.52543, time stamp: 0x6151f24e
Exception code: 0xc0000005
Fault offset: 0x01b216da
Faulting process id: 0xcc
Faulting application start time: 0x01d8135711a7c51c
Faulting application path: C:\Program Files (x86)\Foxit Software\Foxit PDF Reader\FoxitPDFReader.exe
Faulting module path: C:\Program Files (x86)\Foxit Software\Foxit PDF Reader\FoxitPDFReader.exe
Report Id: 53f2df73-7f4a-11ec-82b3-000c29570a3e
Faulting package full name: 
Faulting package-relative application ID: "
Error	1/27/2022 4:22:46 PM	Application Error	1000	(100)	"Faulting application name: FoxitPDFReader.exe, version: 11.1.0.52543, time stamp: 0x6151f24e
Faulting module name: FoxitPDFReader.exe, version: 11.1.0.52543, time stamp: 0x6151f24e
Exception code: 0xc0000005
Fault offset: 0x01b216da
Faulting process id: 0x254
Faulting application start time: 0x01d81356fc329ab1
Faulting application path: C:\Program Files (x86)\Foxit Software\Foxit PDF Reader\FoxitPDFReader.exe
Faulting module path: C:\Program Files (x86)\Foxit Software\Foxit PDF Reader\FoxitPDFReader.exe
Report Id: 4dff60a5-7f4a-11ec-82b3-000c29570a3e
Faulting package full name: 
Faulting package-relative application ID: "
Error	1/27/2022 4:21:01 PM	Application Error	1000	(100)	"Faulting application name: FoxitPDFReader.exe, version: 11.1.0.52543, time stamp: 0x6151f24e
Faulting module name: FoxitPDFReader.exe, version: 11.1.0.52543, time stamp: 0x6151f24e
Exception code: 0xc0000005
Fault offset: 0x01b216da
Faulting process id: 0x2f0
Faulting application start time: 0x01d81356c64629fa
Faulting application path: C:\Program Files (x86)\Foxit Software\Foxit PDF Reader\FoxitPDFReader.exe
Faulting module path: C:\Program Files (x86)\Foxit Software\Foxit PDF Reader\FoxitPDFReader.exe
Report Id: 0fa07b21-7f4a-11ec-82b3-000c29570a3e
Faulting package full name: 
Faulting package-relative application ID: "
Error	1/27/2022 4:20:40 PM	Application Error	1000	(100)	"Faulting application name: FoxitPDFReader.exe, version: 11.1.0.52543, time stamp: 0x6151f24e
Faulting module name: FoxitPDFReader.exe, version: 11.1.0.52543, time stamp: 0x6151f24e
Exception code: 0xc0000005
Fault offset: 0x01b216da
Faulting process id: 0x3d0
Faulting application start time: 0x01d81356a02a1334
Faulting application path: C:\Program Files (x86)\Foxit Software\Foxit PDF Reader\FoxitPDFReader.exe
Faulting module path: C:\Program Files (x86)\Foxit Software\Foxit PDF Reader\FoxitPDFReader.exe
Report Id: 02a027f3-7f4a-11ec-82b3-000c29570a3e
Faulting package full name: 
Faulting package-relative application ID: "
Error	1/27/2022 4:19:36 PM	Application Error	1000	(100)	"Faulting application name: FoxitPDFReader.exe, version: 11.1.0.52543, time stamp: 0x6151f24e
Faulting module name: FoxitPDFReader.exe, version: 11.1.0.52543, time stamp: 0x6151f24e
Exception code: 0xc0000005
Fault offset: 0x01b216da
Faulting process id: 0x4a4
Faulting application start time: 0x01d81356900fd085
Faulting application path: C:\Program Files (x86)\Foxit Software\Foxit PDF Reader\FoxitPDFReader.exe
Faulting module path: C:\Program Files (x86)\Foxit Software\Foxit PDF Reader\FoxitPDFReader.exe
Report Id: dc7a8752-7f49-11ec-82b3-000c29570a3e
Faulting package full name: 
Faulting package-relative application ID: "
Error	1/27/2022 4:19:09 PM	Application Error	1000	(100)	"Faulting application name: FoxitPDFReader.exe, version: 11.1.0.52543, time stamp: 0x6151f24e
Faulting module name: FoxitPDFReader.exe, version: 11.1.0.52543, time stamp: 0x6151f24e
Exception code: 0xc0000005
Fault offset: 0x01b21b93
Faulting process id: 0x82c
Faulting application start time: 0x01d813567ea7c509
Faulting application path: C:\Program Files (x86)\Foxit Software\Foxit PDF Reader\FoxitPDFReader.exe
Faulting module path: C:\Program Files (x86)\Foxit Software\Foxit PDF Reader\FoxitPDFReader.exe
Report Id: cc676c08-7f49-11ec-82b3-000c29570a3e
Faulting package full name: 
Faulting package-relative application ID: "
Error	1/27/2022 4:18:39 PM	Application Error	1000	(100)	"Faulting application name: FoxitPDFReader.exe, version: 11.1.0.52543, time stamp: 0x6151f24e
Faulting module name: FoxitPDFReader.exe, version: 11.1.0.52543, time stamp: 0x6151f24e
Exception code: 0xc0000005
Fault offset: 0x01b216da
Faulting process id: 0x9d8
Faulting application start time: 0x01d81356788e2096
Faulting application path: C:\Program Files (x86)\Foxit Software\Foxit PDF Reader\FoxitPDFReader.exe
Faulting module path: C:\Program Files (x86)\Foxit Software\Foxit PDF Reader\FoxitPDFReader.exe
Report Id: bafcfe51-7f49-11ec-82b3-000c29570a3e
Faulting package full name: 
Faulting package-relative application ID: "
