Error	3/1/2022 5:28:24 AM	Application Error	1000	(100)	"Faulting application name: FoxitPDFReader.exe, version: 11.2.1.53537, time stamp: 0x61ea7adc
Faulting module name: FoxitPDFReader.exe, version: 11.2.1.53537, time stamp: 0x61ea7adc
Exception code: 0xc0000005
Fault offset: 0x01b2b50a
Faulting process id: 0x3c4
Faulting application start time: 0x01d82cea0b43c88c
Faulting application path: C:\Program Files (x86)\Foxit Software\Foxit PDF Reader\FoxitPDFReader.exe
Faulting module path: C:\Program Files (x86)\Foxit Software\Foxit PDF Reader\FoxitPDFReader.exe
Report Id: 5ba648cd-98dd-11ec-82a8-000c29595d67
Faulting package full name: 
Faulting package-relative application ID: "
Error	3/1/2022 5:14:49 AM	Application Error	1000	(100)	"Faulting application name: FoxitPDFReader.exe, version: 11.2.1.53537, time stamp: 0x61ea7adc
Faulting module name: FoxitPDFReader.exe, version: 11.2.1.53537, time stamp: 0x61ea7adc
Exception code: 0xc0000005
Fault offset: 0x01b2b9c3
Faulting process id: 0x588
Faulting application start time: 0x01d82ce810a21c47
Faulting application path: C:\Program Files (x86)\Foxit Software\Foxit PDF Reader\FoxitPDFReader.exe
Faulting module path: C:\Program Files (x86)\Foxit Software\Foxit PDF Reader\FoxitPDFReader.exe
Report Id: 75b3f1b0-98db-11ec-82a8-000c29595d67
Faulting package full name: 
Faulting package-relative application ID: "
Error	3/1/2022 5:11:15 AM	Application Error	1000	(100)	"Faulting application name: FoxitPDFReader.exe, version: 11.2.1.53537, time stamp: 0x61ea7adc
Faulting module name: FoxitPDFReader.exe, version: 11.2.1.53537, time stamp: 0x61ea7adc
Exception code: 0xc0000005
Fault offset: 0x01b2b50a
Faulting process id: 0x9dc
Faulting application start time: 0x01d82ce7ae94d5fb
Faulting application path: C:\Program Files (x86)\Foxit Software\Foxit PDF Reader\FoxitPDFReader.exe
Faulting module path: C:\Program Files (x86)\Foxit Software\Foxit PDF Reader\FoxitPDFReader.exe
Report Id: f6932117-98da-11ec-82a8-000c29595d67
Faulting package full name: 
Faulting package-relative application ID: "
Error	3/1/2022 5:08:29 AM	Application Error	1000	(100)	"Faulting application name: VMwareHostOpen.exe, version: 11.2.6.28747, time stamp: 0x6079cb2f
Faulting module name: KERNELBASE.dll, version: 6.3.9600.19724, time stamp: 0x5ec5262a
Exception code: 0x80000003
Fault offset: 0x00000000000ddca2
Faulting process id: 0x388
Faulting application start time: 0x01d82ce754fc7b37
Faulting application path: C:\Program Files\VMware\VMware Tools\VMwareHostOpen.exe
Faulting module path: C:\Windows\system32\KERNELBASE.dll
Report Id: 93419eb3-98da-11ec-82a8-000c29595d67
Faulting package full name: 
Faulting package-relative application ID: "
Error	3/1/2022 5:01:19 AM	Application Error	1000	(100)	"Faulting application name: FoxitPDFReader.exe, version: 11.2.1.53537, time stamp: 0x61ea7adc
Faulting module name: FoxitPDFReader.exe, version: 11.2.1.53537, time stamp: 0x61ea7adc
Exception code: 0xc0000005
Fault offset: 0x01b2b50a
Faulting process id: 0x2d8
Faulting application start time: 0x01d82ce643d9cee1
Faulting application path: C:\Program Files (x86)\Foxit Software\Foxit PDF Reader\FoxitPDFReader.exe
Faulting module path: C:\Program Files (x86)\Foxit Software\Foxit PDF Reader\FoxitPDFReader.exe
Report Id: 92fa6fa4-98d9-11ec-82a8-000c29595d67
Faulting package full name: 
Faulting package-relative application ID: "
Error	3/1/2022 4:54:47 AM	Application Error	1000	(100)	"Faulting application name: FoxitPDFReader.exe, version: 11.2.1.53537, time stamp: 0x61ea7adc
Faulting module name: FoxitPDFReader.exe, version: 11.2.1.53537, time stamp: 0x61ea7adc
Exception code: 0xc0000005
Fault offset: 0x01b2b50a
Faulting process id: 0x7d0
Faulting application start time: 0x01d82ce568ab2f68
Faulting application path: C:\Program Files (x86)\Foxit Software\Foxit PDF Reader\FoxitPDFReader.exe
Faulting module path: C:\Program Files (x86)\Foxit Software\Foxit PDF Reader\FoxitPDFReader.exe
Report Id: a9b4706b-98d8-11ec-82a8-000c29595d67
Faulting package full name: 
Faulting package-relative application ID: "
Error	3/1/2022 4:48:10 AM	Application Error	1000	(100)	"Faulting application name: FoxitPDFReader.exe, version: 11.2.1.53537, time stamp: 0x61ea7adc
Faulting module name: FoxitPDFReader.exe, version: 11.2.1.53537, time stamp: 0x61ea7adc
Exception code: 0xc0000005
Fault offset: 0x01b2b50a
Faulting process id: 0x7bc
Faulting application start time: 0x01d82ce467f683b5
Faulting application path: C:\Program Files (x86)\Foxit Software\Foxit PDF Reader\FoxitPDFReader.exe
Faulting module path: C:\Program Files (x86)\Foxit Software\Foxit PDF Reader\FoxitPDFReader.exe
Report Id: bd0aa206-98d7-11ec-82a8-000c29595d67
Faulting package full name: 
Faulting package-relative application ID: "
Error	3/1/2022 4:20:10 AM	Application Error	1000	(100)	"Faulting application name: FoxitPDFReader.exe, version: 11.2.1.53537, time stamp: 0x61ea7adc
Faulting module name: FoxitPDFReader.exe, version: 11.2.1.53537, time stamp: 0x61ea7adc
Exception code: 0xc0000005
Fault offset: 0x01b2b9c3
Faulting process id: 0x5f4
Faulting application start time: 0x01d82ce07c7f1cd4
Faulting application path: C:\Program Files (x86)\Foxit Software\Foxit PDF Reader\FoxitPDFReader.exe
Faulting module path: C:\Program Files (x86)\Foxit Software\Foxit PDF Reader\FoxitPDFReader.exe
Report Id: d38a4f40-98d3-11ec-82a8-000c29595d67
Faulting package full name: 
Faulting package-relative application ID: "
Error	3/1/2022 4:13:21 AM	Application Error	1000	(100)	"Faulting application name: FoxitPDFReader.exe, version: 11.2.1.53537, time stamp: 0x61ea7adc
Faulting module name: FoxitPDFReader.exe, version: 11.2.1.53537, time stamp: 0x61ea7adc
Exception code: 0xc0000005
Fault offset: 0x01b2b50a
Faulting process id: 0xad0
Faulting application start time: 0x01d82cdf902dc364
Faulting application path: C:\Program Files (x86)\Foxit Software\Foxit PDF Reader\FoxitPDFReader.exe
Faulting module path: C:\Program Files (x86)\Foxit Software\Foxit PDF Reader\FoxitPDFReader.exe
Report Id: df89e8ff-98d2-11ec-82a8-000c29595d67
Faulting package full name: 
Faulting package-relative application ID: "
Error	3/1/2022 4:02:19 AM	Application Error	1000	(100)	"Faulting application name: FoxitPDFReader.exe, version: 11.2.1.53537, time stamp: 0x61ea7adc
Faulting module name: FoxitPDFReader.exe, version: 11.2.1.53537, time stamp: 0x61ea7adc
Exception code: 0xc0000005
Fault offset: 0x01b2b50a
Faulting process id: 0x44c
Faulting application start time: 0x01d82cde13fcf359
Faulting application path: C:\Program Files (x86)\Foxit Software\Foxit PDF Reader\FoxitPDFReader.exe
Faulting module path: C:\Program Files (x86)\Foxit Software\Foxit PDF Reader\FoxitPDFReader.exe
Report Id: 555c07f2-98d1-11ec-82a8-000c29595d67
Faulting package full name: 
Faulting package-relative application ID: "
Error	3/1/2022 3:59:27 AM	Application Error	1000	(100)	"Faulting application name: VMwareHostOpen.exe, version: 11.2.6.28747, time stamp: 0x6079cb2f
Faulting module name: KERNELBASE.dll, version: 6.3.9600.19724, time stamp: 0x5ec5262a
Exception code: 0x80000003
Fault offset: 0x00000000000ddca2
Faulting process id: 0x674
Faulting application start time: 0x01d82cddb08a53d5
Faulting application path: C:\Program Files\VMware\VMware Tools\VMwareHostOpen.exe
Faulting module path: C:\Windows\system32\KERNELBASE.dll
Report Id: ee80c8f9-98d0-11ec-82a8-000c29595d67
Faulting package full name: 
Faulting package-relative application ID: "
Error	3/1/2022 3:57:17 AM	Application Error	1000	(100)	"Faulting application name: VMwareHostOpen.exe, version: 11.2.6.28747, time stamp: 0x6079cb2f
Faulting module name: KERNELBASE.dll, version: 6.3.9600.19724, time stamp: 0x5ec5262a
Exception code: 0x80000003
Fault offset: 0x00000000000ddca2
Faulting process id: 0x984
Faulting application start time: 0x01d82cdd6298e07f
Faulting application path: C:\Program Files\VMware\VMware Tools\VMwareHostOpen.exe
Faulting module path: C:\Windows\system32\KERNELBASE.dll
Report Id: a1389c56-98d0-11ec-82a8-000c29595d67
Faulting package full name: 
Faulting package-relative application ID: "
Error	3/1/2022 3:49:43 AM	Application Error	1000	(100)	"Faulting application name: FoxitPDFReader.exe, version: 11.2.1.53537, time stamp: 0x61ea7adc
Faulting module name: FoxitPDFReader.exe, version: 11.2.1.53537, time stamp: 0x61ea7adc
Exception code: 0xc0000005
Fault offset: 0x01b2b50a
Faulting process id: 0x5f0
Faulting application start time: 0x01d82cdc29c81f2e
Faulting application path: C:\Program Files (x86)\Foxit Software\Foxit PDF Reader\FoxitPDFReader.exe
Faulting module path: C:\Program Files (x86)\Foxit Software\Foxit PDF Reader\FoxitPDFReader.exe
Report Id: 92b2a513-98cf-11ec-82a8-000c29595d67
Faulting package full name: 
Faulting package-relative application ID: "
Error	3/1/2022 3:32:15 AM	Application Error	1000	(100)	"Faulting application name: FoxitPDFReader.exe, version: 11.2.1.53537, time stamp: 0x61ea7adc
Faulting module name: FoxitPDFReader.exe, version: 11.2.1.53537, time stamp: 0x61ea7adc
Exception code: 0xc0000005
Fault offset: 0x01b2b50a
Faulting process id: 0x844
Faulting application start time: 0x01d82cd9cd7f7549
Faulting application path: C:\Program Files (x86)\Foxit Software\Foxit PDF Reader\FoxitPDFReader.exe
Faulting module path: C:\Program Files (x86)\Foxit Software\Foxit PDF Reader\FoxitPDFReader.exe
Report Id: 220bae6c-98cd-11ec-82a8-000c29595d67
Faulting package full name: 
Faulting package-relative application ID: "
Error	3/1/2022 3:28:27 AM	Application Error	1000	(100)	"Faulting application name: FoxitPDFReader.exe, version: 11.2.1.53537, time stamp: 0x61ea7adc
Faulting module name: FoxitPDFReader.exe, version: 11.2.1.53537, time stamp: 0x61ea7adc
Exception code: 0xc0000005
Fault offset: 0x01b2b9c3
Faulting process id: 0xaf8
Faulting application start time: 0x01d82cd9521840cd
Faulting application path: C:\Program Files (x86)\Foxit Software\Foxit PDF Reader\FoxitPDFReader.exe
Faulting module path: C:\Program Files (x86)\Foxit Software\Foxit PDF Reader\FoxitPDFReader.exe
Report Id: 99e6d8cd-98cc-11ec-82a8-000c29595d67
Faulting package full name: 
Faulting package-relative application ID: "
Error	3/1/2022 3:04:31 AM	Application Error	1000	(100)	"Faulting application name: FoxitPDFReader.exe, version: 11.2.1.53537, time stamp: 0x61ea7adc
Faulting module name: FoxitPDFReader.exe, version: 11.2.1.53537, time stamp: 0x61ea7adc
Exception code: 0xc0000005
Fault offset: 0x01b2b50a
Faulting process id: 0x260
Faulting application start time: 0x01d82cd5f12ca671
Faulting application path: C:\Program Files (x86)\Foxit Software\Foxit PDF Reader\FoxitPDFReader.exe
Faulting module path: C:\Program Files (x86)\Foxit Software\Foxit PDF Reader\FoxitPDFReader.exe
Report Id: 422edd72-98c9-11ec-82a8-000c29595d67
Faulting package full name: 
Faulting package-relative application ID: "
Error	3/1/2022 2:57:52 AM	Application Error	1000	(100)	"Faulting application name: FoxitPDFReader.exe, version: 11.2.1.53537, time stamp: 0x61ea7adc
Faulting module name: FoxitPDFReader.exe, version: 11.2.1.53537, time stamp: 0x61ea7adc
Exception code: 0xc0000005
Fault offset: 0x01b2b9c3
Faulting process id: 0x5d0
Faulting application start time: 0x01d82cd5123d3413
Faulting application path: C:\Program Files (x86)\Foxit Software\Foxit PDF Reader\FoxitPDFReader.exe
Faulting module path: C:\Program Files (x86)\Foxit Software\Foxit PDF Reader\FoxitPDFReader.exe
Report Id: 547c6868-98c8-11ec-82a8-000c29595d67
Faulting package full name: 
Faulting package-relative application ID: "
Error	3/1/2022 2:55:42 AM	Application Error	1000	(100)	"Faulting application name: FoxitPDFReader.exe, version: 11.2.1.53537, time stamp: 0x61ea7adc
Faulting module name: FoxitPDFReader.exe, version: 11.2.1.53537, time stamp: 0x61ea7adc
Exception code: 0xc0000005
Fault offset: 0x01b2b50a
Faulting process id: 0x110
Faulting application start time: 0x01d82cd4b5d4d7a2
Faulting application path: C:\Program Files (x86)\Foxit Software\Foxit PDF Reader\FoxitPDFReader.exe
Faulting module path: C:\Program Files (x86)\Foxit Software\Foxit PDF Reader\FoxitPDFReader.exe
Report Id: 06fad230-98c8-11ec-82a8-000c29595d67
Faulting package full name: 
Faulting package-relative application ID: "
Error	3/1/2022 2:37:15 AM	Application Error	1000	(100)	"Faulting application name: FoxitPDFReader.exe, version: 11.2.1.53537, time stamp: 0x61ea7adc
Faulting module name: FoxitPDFReader.exe, version: 11.2.1.53537, time stamp: 0x61ea7adc
Exception code: 0xc0000005
Fault offset: 0x01b2b50a
Faulting process id: 0x774
Faulting application start time: 0x01d82cd22c3fbc03
Faulting application path: C:\Program Files (x86)\Foxit Software\Foxit PDF Reader\FoxitPDFReader.exe
Faulting module path: C:\Program Files (x86)\Foxit Software\Foxit PDF Reader\FoxitPDFReader.exe
Report Id: 72ca1215-98c5-11ec-82a8-000c29595d67
Faulting package full name: 
Faulting package-relative application ID: "
Error	3/1/2022 2:31:54 AM	Application Error	1000	(100)	"Faulting application name: VMwareHostOpen.exe, version: 11.2.6.28747, time stamp: 0x6079cb2f
Faulting module name: KERNELBASE.dll, version: 6.3.9600.19724, time stamp: 0x5ec5262a
Exception code: 0x80000003
Fault offset: 0x00000000000ddca2
Faulting process id: 0x45c
Faulting application start time: 0x01d82cd1756d26aa
Faulting application path: C:\Program Files\VMware\VMware Tools\VMwareHostOpen.exe
Faulting module path: C:\Windows\system32\KERNELBASE.dll
Report Id: b3a65d9d-98c4-11ec-82a8-000c29595d67
Faulting package full name: 
Faulting package-relative application ID: "
Error	3/1/2022 2:29:49 AM	Application Error	1000	(100)	"Faulting application name: FoxitPDFReader.exe, version: 11.2.1.53537, time stamp: 0x61ea7adc
Faulting module name: FoxitPDFReader.exe, version: 11.2.1.53537, time stamp: 0x61ea7adc
Exception code: 0xc0000005
Fault offset: 0x01b2b50a
Faulting process id: 0x7c4
Faulting application start time: 0x01d82cd121f80233
Faulting application path: C:\Program Files (x86)\Foxit Software\Foxit PDF Reader\FoxitPDFReader.exe
Faulting module path: C:\Program Files (x86)\Foxit Software\Foxit PDF Reader\FoxitPDFReader.exe
Report Id: 691aef66-98c4-11ec-82a8-000c29595d67
Faulting package full name: 
Faulting package-relative application ID: "
Error	3/1/2022 1:57:45 AM	Application Error	1000	(100)	"Faulting application name: FoxitPDFReader.exe, version: 11.2.1.53537, time stamp: 0x61ea7adc
Faulting module name: FoxitPDFReader.exe, version: 11.2.1.53537, time stamp: 0x61ea7adc
Exception code: 0xc0000005
Fault offset: 0x01b2b50a
Faulting process id: 0xb34
Faulting application start time: 0x01d82ccca36ed655
Faulting application path: C:\Program Files (x86)\Foxit Software\Foxit PDF Reader\FoxitPDFReader.exe
Faulting module path: C:\Program Files (x86)\Foxit Software\Foxit PDF Reader\FoxitPDFReader.exe
Report Id: ee5503fb-98bf-11ec-82a8-000c29595d67
Faulting package full name: 
Faulting package-relative application ID: "
Error	3/1/2022 1:57:21 AM	Application Error	1000	(100)	"Faulting application name: FoxitPDFReader.exe, version: 11.2.1.53537, time stamp: 0x61ea7adc
Faulting module name: FoxitPDFReader.exe, version: 11.2.1.53537, time stamp: 0x61ea7adc
Exception code: 0xc0000005
Fault offset: 0x01b2b50a
Faulting process id: 0x540
Faulting application start time: 0x01d82ccc91c64d60
Faulting application path: C:\Program Files (x86)\Foxit Software\Foxit PDF Reader\FoxitPDFReader.exe
Faulting module path: C:\Program Files (x86)\Foxit Software\Foxit PDF Reader\FoxitPDFReader.exe
Report Id: dfc40d2e-98bf-11ec-82a8-000c29595d67
Faulting package full name: 
Faulting package-relative application ID: "
Error	3/1/2022 1:46:31 AM	Application Error	1000	(100)	"Faulting application name: FoxitPDFReader.exe, version: 11.2.1.53537, time stamp: 0x61ea7adc
Faulting module name: FoxitPDFReader.exe, version: 11.2.1.53537, time stamp: 0x61ea7adc
Exception code: 0xc0000005
Fault offset: 0x01b2b9c3
Faulting process id: 0x580
Faulting application start time: 0x01d82ccb1d0ca210
Faulting application path: C:\Program Files (x86)\Foxit Software\Foxit PDF Reader\FoxitPDFReader.exe
Faulting module path: C:\Program Files (x86)\Foxit Software\Foxit PDF Reader\FoxitPDFReader.exe
Report Id: 5cbc2e06-98be-11ec-82a8-000c29595d67
Faulting package full name: 
Faulting package-relative application ID: "
Error	3/1/2022 1:17:36 AM	Application Error	1000	(100)	"Faulting application name: FoxitPDFReader.exe, version: 11.2.1.53537, time stamp: 0x61ea7adc
Faulting module name: FoxitPDFReader.exe, version: 11.2.1.53537, time stamp: 0x61ea7adc
Exception code: 0xc0000005
Fault offset: 0x01b2b50a
Faulting process id: 0x41c
Faulting application start time: 0x01d82cc70cd8d28f
Faulting application path: C:\Program Files (x86)\Foxit Software\Foxit PDF Reader\FoxitPDFReader.exe
Faulting module path: C:\Program Files (x86)\Foxit Software\Foxit PDF Reader\FoxitPDFReader.exe
Report Id: 522873c3-98ba-11ec-82a8-000c29595d67
Faulting package full name: 
Faulting package-relative application ID: "
Error	3/1/2022 12:58:50 AM	Application Error	1000	(100)	"Faulting application name: FoxitPDFReader.exe, version: 11.2.1.53537, time stamp: 0x61ea7adc
Faulting module name: FoxitPDFReader.exe, version: 11.2.1.53537, time stamp: 0x61ea7adc
Exception code: 0xc0000005
Fault offset: 0x01b2b50a
Faulting process id: 0xb24
Faulting application start time: 0x01d82cc47397ce42
Faulting application path: C:\Program Files (x86)\Foxit Software\Foxit PDF Reader\FoxitPDFReader.exe
Faulting module path: C:\Program Files (x86)\Foxit Software\Foxit PDF Reader\FoxitPDFReader.exe
Report Id: b353446c-98b7-11ec-82a8-000c29595d67
Faulting package full name: 
Faulting package-relative application ID: "
Error	3/1/2022 12:56:00 AM	Application Error	1000	(100)	"Faulting application name: FoxitPDFReader.exe, version: 11.2.1.53537, time stamp: 0x61ea7adc
Faulting module name: FoxitPDFReader.exe, version: 11.2.1.53537, time stamp: 0x61ea7adc
Exception code: 0xc0000005
Fault offset: 0x01b2b50a
Faulting process id: 0x278
Faulting application start time: 0x01d82cc408a0d482
Faulting application path: C:\Program Files (x86)\Foxit Software\Foxit PDF Reader\FoxitPDFReader.exe
Faulting module path: C:\Program Files (x86)\Foxit Software\Foxit PDF Reader\FoxitPDFReader.exe
Report Id: 4e1b5d2a-98b7-11ec-82a8-000c29595d67
Faulting package full name: 
Faulting package-relative application ID: "
Error	3/1/2022 12:25:12 AM	Application Error	1000	(100)	"Faulting application name: FoxitPDFReader.exe, version: 11.2.1.53537, time stamp: 0x61ea7adc
Faulting module name: FoxitPDFReader.exe, version: 11.2.1.53537, time stamp: 0x61ea7adc
Exception code: 0xc0000005
Fault offset: 0x01b2b9c3
Faulting process id: 0x6d0
Faulting application start time: 0x01d82cbfb4650cc7
Faulting application path: C:\Program Files (x86)\Foxit Software\Foxit PDF Reader\FoxitPDFReader.exe
Faulting module path: C:\Program Files (x86)\Foxit Software\Foxit PDF Reader\FoxitPDFReader.exe
Report Id: 0040ce75-98b3-11ec-82a8-000c29595d67
Faulting package full name: 
Faulting package-relative application ID: "
Error	3/1/2022 12:16:47 AM	Application Error	1000	(100)	"Faulting application name: FoxitPDFReader.exe, version: 11.2.1.53537, time stamp: 0x61ea7adc
Faulting module name: FoxitPDFReader.exe, version: 11.2.1.53537, time stamp: 0x61ea7adc
Exception code: 0xc0000005
Fault offset: 0x01b2b50a
Faulting process id: 0x3b8
Faulting application start time: 0x01d82cbe87c6cdb9
Faulting application path: C:\Program Files (x86)\Foxit Software\Foxit PDF Reader\FoxitPDFReader.exe
Faulting module path: C:\Program Files (x86)\Foxit Software\Foxit PDF Reader\FoxitPDFReader.exe
Report Id: d337398d-98b1-11ec-82a8-000c29595d67
Faulting package full name: 
Faulting package-relative application ID: "
Error	3/1/2022 12:04:59 AM	Application Error	1000	(100)	"Faulting application name: FoxitPDFReader.exe, version: 11.2.1.53537, time stamp: 0x61ea7adc
Faulting module name: FoxitPDFReader.exe, version: 11.2.1.53537, time stamp: 0x61ea7adc
Exception code: 0xc0000005
Fault offset: 0x01b2b9c3
Faulting process id: 0xb34
Faulting application start time: 0x01d82cbcea3933a5
Faulting application path: C:\Program Files (x86)\Foxit Software\Foxit PDF Reader\FoxitPDFReader.exe
Faulting module path: C:\Program Files (x86)\Foxit Software\Foxit PDF Reader\FoxitPDFReader.exe
Report Id: 2da26f60-98b0-11ec-82a8-000c29595d67
Faulting package full name: 
Faulting package-relative application ID: "
Error	3/1/2022 12:03:44 AM	Application Error	1000	(100)	"Faulting application name: FoxitPDFReader.exe, version: 11.2.1.53537, time stamp: 0x61ea7adc
Faulting module name: FoxitPDFReader.exe, version: 11.2.1.53537, time stamp: 0x61ea7adc
Exception code: 0xc0000005
Fault offset: 0x01b2b50a
Faulting process id: 0x938
Faulting application start time: 0x01d82cbcb2a66dbc
Faulting application path: C:\Program Files (x86)\Foxit Software\Foxit PDF Reader\FoxitPDFReader.exe
Faulting module path: C:\Program Files (x86)\Foxit Software\Foxit PDF Reader\FoxitPDFReader.exe
Report Id: 00bc02d1-98b0-11ec-82a8-000c29595d67
Faulting package full name: 
Faulting package-relative application ID: "
Error	2/28/2022 11:26:13 PM	Application Error	1000	(100)	"Faulting application name: VMwareHostOpen.exe, version: 11.2.6.28747, time stamp: 0x6079cb2f
Faulting module name: KERNELBASE.dll, version: 6.3.9600.19724, time stamp: 0x5ec5262a
Exception code: 0x80000003
Fault offset: 0x00000000000ddca2
Faulting process id: 0x660
Faulting application start time: 0x01d82cb7852f8ea5
Faulting application path: C:\Program Files\VMware\VMware Tools\VMwareHostOpen.exe
Faulting module path: C:\Windows\system32\KERNELBASE.dll
Report Id: c323a10e-98aa-11ec-82a8-000c29595d67
Faulting package full name: 
Faulting package-relative application ID: "
Error	2/28/2022 11:24:48 PM	Application Error	1000	(100)	"Faulting application name: FoxitPDFReader.exe, version: 11.2.1.53537, time stamp: 0x61ea7adc
Faulting module name: FoxitPDFReader.exe, version: 11.2.1.53537, time stamp: 0x61ea7adc
Exception code: 0xc0000005
Fault offset: 0x01b2b50a
Faulting process id: 0x85c
Faulting application start time: 0x01d82cb738e1c866
Faulting application path: C:\Program Files (x86)\Foxit Software\Foxit PDF Reader\FoxitPDFReader.exe
Faulting module path: C:\Program Files (x86)\Foxit Software\Foxit PDF Reader\FoxitPDFReader.exe
Report Id: 901a329d-98aa-11ec-82a8-000c29595d67
Faulting package full name: 
Faulting package-relative application ID: "
Error	2/28/2022 11:21:41 PM	Application Error	1000	(100)	"Faulting application name: VMwareHostOpen.exe, version: 11.2.6.28747, time stamp: 0x6079cb2f
Faulting module name: KERNELBASE.dll, version: 6.3.9600.19724, time stamp: 0x5ec5262a
Exception code: 0x80000003
Fault offset: 0x00000000000ddca2
Faulting process id: 0xa9c
Faulting application start time: 0x01d82cb6e2f05f0d
Faulting application path: C:\Program Files\VMware\VMware Tools\VMwareHostOpen.exe
Faulting module path: C:\Windows\system32\KERNELBASE.dll
Report Id: 210cf928-98aa-11ec-82a8-000c29595d67
Faulting package full name: 
Faulting package-relative application ID: "
