Error	1/24/2022 1:22:10 PM	Application Error	1000	(100)	"Faulting application name: FoxitPDFReader.exe, version: 11.1.0.52543, time stamp: 0x6151f24e
Faulting module name: FoxitPDFReader.exe, version: 11.1.0.52543, time stamp: 0x6151f24e
Exception code: 0xc0000005
Fault offset: 0x0295ef31
Faulting process id: 0x658
Faulting application start time: 0x01d810e2530b0c26
Faulting application path: C:\Program Files (x86)\Foxit Software\Foxit PDF Reader\FoxitPDFReader.exe
Faulting module path: C:\Program Files (x86)\Foxit Software\Foxit PDF Reader\FoxitPDFReader.exe
Report Id: 940f84c3-7cd5-11ec-82b2-000c29570a3e
Faulting package full name: 
Faulting package-relative application ID: "
Error	1/24/2022 1:22:02 PM	Application Error	1000	(100)	"Faulting application name: FoxitPDFReader.exe, version: 11.1.0.52543, time stamp: 0x6151f24e
Faulting module name: FoxitPDFReader.exe, version: 11.1.0.52543, time stamp: 0x6151f24e
Exception code: 0xc0000005
Fault offset: 0x0295e928
Faulting process id: 0x440
Faulting application start time: 0x01d810e24cf16815
Faulting application path: C:\Program Files (x86)\Foxit Software\Foxit PDF Reader\FoxitPDFReader.exe
Faulting module path: C:\Program Files (x86)\Foxit Software\Foxit PDF Reader\FoxitPDFReader.exe
Report Id: 8f5b8082-7cd5-11ec-82b2-000c29570a3e
Faulting package full name: 
Faulting package-relative application ID: "
Error	1/24/2022 1:21:52 PM	Application Error	1000	(100)	"Faulting application name: FoxitPDFReader.exe, version: 11.1.0.52543, time stamp: 0x6151f24e
Faulting module name: FoxitPDFReader.exe, version: 11.1.0.52543, time stamp: 0x6151f24e
Exception code: 0xc0000005
Fault offset: 0x0295e928
Faulting process id: 0x9ac
Faulting application start time: 0x01d810e249aa2bf1
Faulting application path: C:\Program Files (x86)\Foxit Software\Foxit PDF Reader\FoxitPDFReader.exe
Faulting module path: C:\Program Files (x86)\Foxit Software\Foxit PDF Reader\FoxitPDFReader.exe
Report Id: 8941dc15-7cd5-11ec-82b2-000c29570a3e
Faulting package full name: 
Faulting package-relative application ID: "
Error	1/24/2022 1:21:41 PM	Application Error	1000	(100)	"Faulting application name: VMwareHostOpen.exe, version: 11.3.5.31214, time stamp: 0x612df688
Faulting module name: KERNELBASE.dll, version: 6.3.9600.19724, time stamp: 0x5ec5262a
Exception code: 0x80000003
Fault offset: 0x00000000000ddca2
Faulting process id: 0x9d4
Faulting application start time: 0x01d810e244f16389
Faulting application path: C:\Program Files\VMware\VMware Tools\VMwareHostOpen.exe
Faulting module path: C:\Windows\system32\KERNELBASE.dll
Report Id: 82b10211-7cd5-11ec-82b2-000c29570a3e
Faulting package full name: 
Faulting package-relative application ID: "
Error	1/24/2022 1:21:35 PM	Application Error	1000	(100)	"Faulting application name: FoxitPDFReader.exe, version: 11.1.0.52543, time stamp: 0x6151f24e
Faulting module name: FoxitPDFReader.exe, version: 11.1.0.52543, time stamp: 0x6151f24e
Exception code: 0xc0000005
Fault offset: 0x0295ef31
Faulting process id: 0xa7c
Faulting application start time: 0x01d810e23710f3e0
Faulting application path: C:\Program Files (x86)\Foxit Software\Foxit PDF Reader\FoxitPDFReader.exe
Faulting module path: C:\Program Files (x86)\Foxit Software\Foxit PDF Reader\FoxitPDFReader.exe
Report Id: 7f56b41e-7cd5-11ec-82b2-000c29570a3e
Faulting package full name: 
Faulting package-relative application ID: "
Error	1/24/2022 1:21:15 PM	Application Error	1000	(100)	"Faulting application name: FoxitPDFReader.exe, version: 11.1.0.52543, time stamp: 0x6151f24e
Faulting module name: FoxitPDFReader.exe, version: 11.1.0.52543, time stamp: 0x6151f24e
Exception code: 0xc0000005
Fault offset: 0x0295e928
Faulting process id: 0x358
Faulting application start time: 0x01d810e2310a61f1
Faulting application path: C:\Program Files (x86)\Foxit Software\Foxit PDF Reader\FoxitPDFReader.exe
Faulting module path: C:\Program Files (x86)\Foxit Software\Foxit PDF Reader\FoxitPDFReader.exe
Report Id: 7363ca69-7cd5-11ec-82b2-000c29570a3e
Faulting package full name: 
Faulting package-relative application ID: "
Error	1/24/2022 1:21:05 PM	Application Error	1000	(100)	"Faulting application name: FoxitPDFReader.exe, version: 11.1.0.52543, time stamp: 0x6151f24e
Faulting module name: FoxitPDFReader.exe, version: 11.1.0.52543, time stamp: 0x6151f24e
Exception code: 0xc0000005
Fault offset: 0x0295ef31
Faulting process id: 0xb00
Faulting application start time: 0x01d810e22b089506
Faulting application path: C:\Program Files (x86)\Foxit Software\Foxit PDF Reader\FoxitPDFReader.exe
Faulting module path: C:\Program Files (x86)\Foxit Software\Foxit PDF Reader\FoxitPDFReader.exe
Report Id: 6d5ad828-7cd5-11ec-82b2-000c29570a3e
Faulting package full name: 
Faulting package-relative application ID: "
Error	1/24/2022 1:20:55 PM	Application Error	1000	(100)	"Faulting application name: FoxitPDFReader.exe, version: 11.1.0.52543, time stamp: 0x6151f24e
Faulting module name: FoxitPDFReader.exe, version: 11.1.0.52543, time stamp: 0x6151f24e
Exception code: 0xc0000005
Fault offset: 0x0295e928
Faulting process id: 0xbf4
Faulting application start time: 0x01d810e22635935b
Faulting application path: C:\Program Files (x86)\Foxit Software\Foxit PDF Reader\FoxitPDFReader.exe
Faulting module path: C:\Program Files (x86)\Foxit Software\Foxit PDF Reader\FoxitPDFReader.exe
Report Id: 67590a22-7cd5-11ec-82b2-000c29570a3e
Faulting package full name: 
Faulting package-relative application ID: "
Error	1/24/2022 1:20:47 PM	Application Error	1000	(100)	"Faulting application name: FoxitPDFReader.exe, version: 11.1.0.52543, time stamp: 0x6151f24e
Faulting module name: FoxitPDFReader.exe, version: 11.1.0.52543, time stamp: 0x6151f24e
Exception code: 0xc0000005
Fault offset: 0x0295e928
Faulting process id: 0x904
Faulting application start time: 0x01d810e21eded5f4
Faulting application path: C:\Program Files (x86)\Foxit Software\Foxit PDF Reader\FoxitPDFReader.exe
Faulting module path: C:\Program Files (x86)\Foxit Software\Foxit PDF Reader\FoxitPDFReader.exe
Report Id: 6283a4db-7cd5-11ec-82b2-000c29570a3e
Faulting package full name: 
Faulting package-relative application ID: "
Error	1/24/2022 1:20:35 PM	Application Error	1000	(100)	"Faulting application name: FoxitPDFReader.exe, version: 11.1.0.52543, time stamp: 0x6151f24e
Faulting module name: FoxitPDFReader.exe, version: 11.1.0.52543, time stamp: 0x6151f24e
Exception code: 0xc0000005
Fault offset: 0x0295e928
Faulting process id: 0x51c
Faulting application start time: 0x01d810e218e8f470
Faulting application path: C:\Program Files (x86)\Foxit Software\Foxit PDF Reader\FoxitPDFReader.exe
Faulting module path: C:\Program Files (x86)\Foxit Software\Foxit PDF Reader\FoxitPDFReader.exe
Report Id: 5b36710c-7cd5-11ec-82b2-000c29570a3e
Faulting package full name: 
Faulting package-relative application ID: "
Error	1/24/2022 1:20:25 PM	Application Error	1000	(100)	"Faulting application name: FoxitPDFReader.exe, version: 11.1.0.52543, time stamp: 0x6151f24e
Faulting module name: FoxitPDFReader.exe, version: 11.1.0.52543, time stamp: 0x6151f24e
Exception code: 0xc0000005
Fault offset: 0x0295ef31
Faulting process id: 0x650
Faulting application start time: 0x01d810e21440dca8
Faulting application path: C:\Program Files (x86)\Foxit Software\Foxit PDF Reader\FoxitPDFReader.exe
Faulting module path: C:\Program Files (x86)\Foxit Software\Foxit PDF Reader\FoxitPDFReader.exe
Report Id: 553bcb56-7cd5-11ec-82b2-000c29570a3e
Faulting package full name: 
Faulting package-relative application ID: "
Error	1/24/2022 1:20:17 PM	Application Error	1000	(100)	"Faulting application name: FoxitPDFReader.exe, version: 11.1.0.52543, time stamp: 0x6151f24e
Faulting module name: FoxitPDFReader.exe, version: 11.1.0.52543, time stamp: 0x6151f24e
Exception code: 0xc0000005
Fault offset: 0x0295e928
Faulting process id: 0x72c
Faulting application start time: 0x01d810e20cbcd2b6
Faulting application path: C:\Program Files (x86)\Foxit Software\Foxit PDF Reader\FoxitPDFReader.exe
Faulting module path: C:\Program Files (x86)\Foxit Software\Foxit PDF Reader\FoxitPDFReader.exe
Report Id: 5093b389-7cd5-11ec-82b2-000c29570a3e
Faulting package full name: 
Faulting package-relative application ID: "
Error	1/24/2022 1:20:04 PM	Application Error	1000	(100)	"Faulting application name: FoxitPDFReader.exe, version: 11.1.0.52543, time stamp: 0x6151f24e
Faulting module name: FoxitPDFReader.exe, version: 11.1.0.52543, time stamp: 0x6151f24e
Exception code: 0xc0000005
Fault offset: 0x0295e928
Faulting process id: 0x560
Faulting application start time: 0x01d810e1f1d02426
Faulting application path: C:\Program Files (x86)\Foxit Software\Foxit PDF Reader\FoxitPDFReader.exe
Faulting module path: C:\Program Files (x86)\Foxit Software\Foxit PDF Reader\FoxitPDFReader.exe
Report Id: 49120c08-7cd5-11ec-82b2-000c29570a3e
Faulting package full name: 
Faulting package-relative application ID: "
Error	1/24/2022 1:19:19 PM	Application Error	1000	(100)	"Faulting application name: FoxitPDFReader.exe, version: 11.1.0.52543, time stamp: 0x6151f24e
Faulting module name: FoxitPDFReader.exe, version: 11.1.0.52543, time stamp: 0x6151f24e
Exception code: 0xc0000005
Fault offset: 0x02a9b55f
Faulting process id: 0x268
Faulting application start time: 0x01d810e1e74c649d
Faulting application path: C:\Program Files (x86)\Foxit Software\Foxit PDF Reader\FoxitPDFReader.exe
Faulting module path: C:\Program Files (x86)\Foxit Software\Foxit PDF Reader\FoxitPDFReader.exe
Report Id: 2e22faa0-7cd5-11ec-82b2-000c29570a3e
Faulting package full name: 
Faulting package-relative application ID: "
Error	1/24/2022 1:19:01 PM	Application Error	1000	(100)	"Faulting application name: FoxitPDFReader.exe, version: 11.1.0.52543, time stamp: 0x6151f24e
Faulting module name: FoxitPDFReader.exe, version: 11.1.0.52543, time stamp: 0x6151f24e
Exception code: 0xc0000005
Fault offset: 0x0295e928
Faulting process id: 0x3b8
Faulting application start time: 0x01d810e1e14f5c9d
Faulting application path: C:\Program Files (x86)\Foxit Software\Foxit PDF Reader\FoxitPDFReader.exe
Faulting module path: C:\Program Files (x86)\Foxit Software\Foxit PDF Reader\FoxitPDFReader.exe
Report Id: 239f3b8c-7cd5-11ec-82b2-000c29570a3e
Faulting package full name: 
Faulting package-relative application ID: "
Error	1/24/2022 1:18:51 PM	Application Error	1000	(100)	"Faulting application name: FoxitPDFReader.exe, version: 11.1.0.52543, time stamp: 0x6151f24e
Faulting module name: FoxitPDFReader.exe, version: 11.1.0.52543, time stamp: 0x6151f24e
Exception code: 0xc0000005
Fault offset: 0x0295e928
Faulting process id: 0xb18
Faulting application start time: 0x01d810e1d9d73ecc
Faulting application path: C:\Program Files (x86)\Foxit Software\Foxit PDF Reader\FoxitPDFReader.exe
Faulting module path: C:\Program Files (x86)\Foxit Software\Foxit PDF Reader\FoxitPDFReader.exe
Report Id: 1d9fd126-7cd5-11ec-82b2-000c29570a3e
Faulting package full name: 
Faulting package-relative application ID: "
Error	1/24/2022 1:18:39 PM	Application Error	1000	(100)	"Faulting application name: FoxitPDFReader.exe, version: 11.1.0.52543, time stamp: 0x6151f24e
Faulting module name: FoxitPDFReader.exe, version: 11.1.0.52543, time stamp: 0x6151f24e
Exception code: 0xc0000005
Fault offset: 0x0295e928
Faulting process id: 0x6ac
Faulting application start time: 0x01d810e1cb655f5a
Faulting application path: C:\Program Files (x86)\Foxit Software\Foxit PDF Reader\FoxitPDFReader.exe
Faulting module path: C:\Program Files (x86)\Foxit Software\Foxit PDF Reader\FoxitPDFReader.exe
Report Id: 1627b390-7cd5-11ec-82b2-000c29570a3e
Faulting package full name: 
Faulting package-relative application ID: "
Error	1/24/2022 1:18:15 PM	Application Error	1000	(100)	"Faulting application name: FoxitPDFReader.exe, version: 11.1.0.52543, time stamp: 0x6151f24e
Faulting module name: FoxitPDFReader.exe, version: 11.1.0.52543, time stamp: 0x6151f24e
Exception code: 0xc0000005
Fault offset: 0x0295e928
Faulting process id: 0x280
Faulting application start time: 0x01d810e1bf8a4d15
Faulting application path: C:\Program Files (x86)\Foxit Software\Foxit PDF Reader\FoxitPDFReader.exe
Faulting module path: C:\Program Files (x86)\Foxit Software\Foxit PDF Reader\FoxitPDFReader.exe
Report Id: 07b835cf-7cd5-11ec-82b2-000c29570a3e
Faulting package full name: 
Faulting package-relative application ID: "
Error	1/24/2022 1:18:07 PM	Application Error	1000	(100)	"Faulting application name: VMwareHostOpen.exe, version: 11.3.5.31214, time stamp: 0x612df688
Faulting module name: KERNELBASE.dll, version: 6.3.9600.19724, time stamp: 0x5ec5262a
Exception code: 0x80000003
Fault offset: 0x00000000000ddca2
Faulting process id: 0x750
Faulting application start time: 0x01d810e1c5a65410
Faulting application path: C:\Program Files\VMware\VMware Tools\VMwareHostOpen.exe
Faulting module path: C:\Windows\system32\KERNELBASE.dll
Report Id: 036d19c4-7cd5-11ec-82b2-000c29570a3e
Faulting package full name: 
Faulting package-relative application ID: "
Error	1/24/2022 1:17:55 PM	Application Error	1000	(100)	"Faulting application name: FoxitPDFReader.exe, version: 11.1.0.52543, time stamp: 0x6151f24e
Faulting module name: FoxitPDFReader.exe, version: 11.1.0.52543, time stamp: 0x6151f24e
Exception code: 0xc0000005
Fault offset: 0x02a9b55f
Faulting process id: 0xfc
Faulting application start time: 0x01d810e1b983bbf3
Faulting application path: C:\Program Files (x86)\Foxit Software\Foxit PDF Reader\FoxitPDFReader.exe
Faulting module path: C:\Program Files (x86)\Foxit Software\Foxit PDF Reader\FoxitPDFReader.exe
Report Id: fbdf8627-7cd4-11ec-82b2-000c29570a3e
Faulting package full name: 
Faulting package-relative application ID: "
Error	1/24/2022 1:17:45 PM	Application Error	1000	(100)	"Faulting application name: FoxitPDFReader.exe, version: 11.1.0.52543, time stamp: 0x6151f24e
Faulting module name: FoxitPDFReader.exe, version: 11.1.0.52543, time stamp: 0x6151f24e
Exception code: 0xc0000005
Fault offset: 0x02a9b55f
Faulting process id: 0x4d8
Faulting application start time: 0x01d810e1b4bca543
Faulting application path: C:\Program Files (x86)\Foxit Software\Foxit PDF Reader\FoxitPDFReader.exe
Faulting module path: C:\Program Files (x86)\Foxit Software\Foxit PDF Reader\FoxitPDFReader.exe
Report Id: f5d8f4a4-7cd4-11ec-82b2-000c29570a3e
Faulting package full name: 
Faulting package-relative application ID: "
Error	1/24/2022 1:17:37 PM	Application Error	1000	(100)	"Faulting application name: FoxitPDFReader.exe, version: 11.1.0.52543, time stamp: 0x6151f24e
Faulting module name: FoxitPDFReader.exe, version: 11.1.0.52543, time stamp: 0x6151f24e
Exception code: 0xc0000005
Fault offset: 0x0295ef31
Faulting process id: 0xb7c
Faulting application start time: 0x01d810e1affa534d
Faulting application path: C:\Program Files (x86)\Foxit Software\Foxit PDF Reader\FoxitPDFReader.exe
Faulting module path: C:\Program Files (x86)\Foxit Software\Foxit PDF Reader\FoxitPDFReader.exe
Report Id: f10f7bcc-7cd4-11ec-82b2-000c29570a3e
Faulting package full name: 
Faulting package-relative application ID: "
Error	1/24/2022 1:17:29 PM	Application Error	1000	(100)	"Faulting application name: FoxitPDFReader.exe, version: 11.1.0.52543, time stamp: 0x6151f24e
Faulting module name: FoxitPDFReader.exe, version: 11.1.0.52543, time stamp: 0x6151f24e
Exception code: 0xc0000005
Fault offset: 0x0295e928
Faulting process id: 0x5a4
Faulting application start time: 0x01d810e1ab29b358
Faulting application path: C:\Program Files (x86)\Foxit Software\Foxit PDF Reader\FoxitPDFReader.exe
Faulting module path: C:\Program Files (x86)\Foxit Software\Foxit PDF Reader\FoxitPDFReader.exe
Report Id: ec4f8c95-7cd4-11ec-82b2-000c29570a3e
Faulting package full name: 
Faulting package-relative application ID: "
Error	1/24/2022 1:17:21 PM	Application Error	1000	(100)	"Faulting application name: FoxitPDFReader.exe, version: 11.1.0.52543, time stamp: 0x6151f24e
Faulting module name: FoxitPDFReader.exe, version: 11.1.0.52543, time stamp: 0x6151f24e
Exception code: 0xc0000005
Fault offset: 0x0295e928
Faulting process id: 0x580
Faulting application start time: 0x01d810e1a520bf9a
Faulting application path: C:\Program Files (x86)\Foxit Software\Foxit PDF Reader\FoxitPDFReader.exe
Faulting module path: C:\Program Files (x86)\Foxit Software\Foxit PDF Reader\FoxitPDFReader.exe
Report Id: e77c8a61-7cd4-11ec-82b2-000c29570a3e
Faulting package full name: 
Faulting package-relative application ID: "
Error	1/24/2022 1:17:10 PM	Application Error	1000	(100)	"Faulting application name: FoxitPDFReader.exe, version: 11.1.0.52543, time stamp: 0x6151f24e
Faulting module name: FoxitPDFReader.exe, version: 11.1.0.52543, time stamp: 0x6151f24e
Exception code: 0xc0000005
Fault offset: 0x0295e928
Faulting process id: 0xbb8
Faulting application start time: 0x01d810e1a0849360
Faulting application path: C:\Program Files (x86)\Foxit Software\Foxit PDF Reader\FoxitPDFReader.exe
Faulting module path: C:\Program Files (x86)\Foxit Software\Foxit PDF Reader\FoxitPDFReader.exe
Report Id: e175fa47-7cd4-11ec-82b2-000c29570a3e
Faulting package full name: 
Faulting package-relative application ID: "
Error	1/24/2022 1:17:03 PM	Application Error	1000	(100)	"Faulting application name: FoxitPDFReader.exe, version: 11.1.0.52543, time stamp: 0x6151f24e
Faulting module name: FoxitPDFReader.exe, version: 11.1.0.52543, time stamp: 0x6151f24e
Exception code: 0xc0000005
Fault offset: 0x02a9b55f
Faulting process id: 0x224
Faulting application start time: 0x01d810e19d52cd03
Faulting application path: C:\Program Files (x86)\Foxit Software\Foxit PDF Reader\FoxitPDFReader.exe
Faulting module path: C:\Program Files (x86)\Foxit Software\Foxit PDF Reader\FoxitPDFReader.exe
Report Id: dce81ab1-7cd4-11ec-82b2-000c29570a3e
Faulting package full name: 
Faulting package-relative application ID: "
Error	1/24/2022 1:16:57 PM	Application Error	1000	(100)	"Faulting application name: FoxitPDFReader.exe, version: 11.1.0.52543, time stamp: 0x6151f24e
Faulting module name: FoxitPDFReader.exe, version: 11.1.0.52543, time stamp: 0x6151f24e
Exception code: 0xc0000005
Fault offset: 0x02a9b55f
Faulting process id: 0x858
Faulting application start time: 0x01d810e195f74b08
Faulting application path: C:\Program Files (x86)\Foxit Software\Foxit PDF Reader\FoxitPDFReader.exe
Faulting module path: C:\Program Files (x86)\Foxit Software\Foxit PDF Reader\FoxitPDFReader.exe
Report Id: d9a5a387-7cd4-11ec-82b2-000c29570a3e
Faulting package full name: 
Faulting package-relative application ID: "
Error	1/24/2022 1:16:45 PM	Application Error	1000	(100)	"Faulting application name: FoxitPDFReader.exe, version: 11.1.0.52543, time stamp: 0x6151f24e
Faulting module name: FoxitPDFReader.exe, version: 11.1.0.52543, time stamp: 0x6151f24e
Exception code: 0xc0000005
Fault offset: 0x02a9b55f
Faulting process id: 0xba8
Faulting application start time: 0x01d810e191290d67
Faulting application path: C:\Program Files (x86)\Foxit Software\Foxit PDF Reader\FoxitPDFReader.exe
Faulting module path: C:\Program Files (x86)\Foxit Software\Foxit PDF Reader\FoxitPDFReader.exe
Report Id: d2409826-7cd4-11ec-82b2-000c29570a3e
Faulting package full name: 
Faulting package-relative application ID: "
Error	1/24/2022 1:16:37 PM	Application Error	1000	(100)	"Faulting application name: FoxitPDFReader.exe, version: 11.1.0.52543, time stamp: 0x6151f24e
Faulting module name: FoxitPDFReader.exe, version: 11.1.0.52543, time stamp: 0x6151f24e
Exception code: 0xc0000005
Fault offset: 0x02a9b55f
Faulting process id: 0x6ac
Faulting application start time: 0x01d810e18de433e5
Faulting application path: C:\Program Files (x86)\Foxit Software\Foxit PDF Reader\FoxitPDFReader.exe
Faulting module path: C:\Program Files (x86)\Foxit Software\Foxit PDF Reader\FoxitPDFReader.exe
Report Id: cd7981bf-7cd4-11ec-82b2-000c29570a3e
Faulting package full name: 
Faulting package-relative application ID: "
Error	1/24/2022 1:16:31 PM	Application Error	1000	(100)	"Faulting application name: FoxitPDFReader.exe, version: 11.1.0.52543, time stamp: 0x6151f24e
Faulting module name: FoxitPDFReader.exe, version: 11.1.0.52543, time stamp: 0x6151f24e
Exception code: 0xc0000005
Fault offset: 0x0295e928
Faulting process id: 0x898
Faulting application start time: 0x01d810e187c10672
Faulting application path: C:\Program Files (x86)\Foxit Software\Foxit PDF Reader\FoxitPDFReader.exe
Faulting module path: C:\Program Files (x86)\Foxit Software\Foxit PDF Reader\FoxitPDFReader.exe
Report Id: ca370ac6-7cd4-11ec-82b2-000c29570a3e
Faulting package full name: 
Faulting package-relative application ID: "
Error	1/24/2022 1:16:21 PM	Application Error	1000	(100)	"Faulting application name: FoxitPDFReader.exe, version: 11.1.0.52543, time stamp: 0x6151f24e
Faulting module name: FoxitPDFReader.exe, version: 11.1.0.52543, time stamp: 0x6151f24e
Exception code: 0xc0000005
Fault offset: 0x0295e928
Faulting process id: 0xbd0
Faulting application start time: 0x01d810e181ae893f
Faulting application path: C:\Program Files (x86)\Foxit Software\Foxit PDF Reader\FoxitPDFReader.exe
Faulting module path: C:\Program Files (x86)\Foxit Software\Foxit PDF Reader\FoxitPDFReader.exe
Report Id: c413dce3-7cd4-11ec-82b2-000c29570a3e
Faulting package full name: 
Faulting package-relative application ID: "
Error	1/24/2022 1:16:03 PM	Application Error	1000	(100)	"Faulting application name: VMwareHostOpen.exe, version: 11.3.5.31214, time stamp: 0x612df688
Faulting module name: KERNELBASE.dll, version: 6.3.9600.19724, time stamp: 0x5ec5262a
Exception code: 0x80000003
Fault offset: 0x00000000000ddca2
Faulting process id: 0xadc
Faulting application start time: 0x01d810e17b86963b
Faulting application path: C:\Program Files\VMware\VMware Tools\VMwareHostOpen.exe
Faulting module path: C:\Windows\system32\KERNELBASE.dll
Report Id: b94afc6a-7cd4-11ec-82b2-000c29570a3e
Faulting package full name: 
Faulting package-relative application ID: "
Error	1/24/2022 1:15:37 PM	Application Error	1000	(100)	"Faulting application name: VMwareHostOpen.exe, version: 11.3.5.31214, time stamp: 0x612df688
Faulting module name: KERNELBASE.dll, version: 6.3.9600.19724, time stamp: 0x5ec5262a
Exception code: 0x80000003
Fault offset: 0x00000000000ddca2
Faulting process id: 0x194
Faulting application start time: 0x01d810e16bcbb215
Faulting application path: C:\Program Files\VMware\VMware Tools\VMwareHostOpen.exe
Faulting module path: C:\Windows\system32\KERNELBASE.dll
Report Id: a98b50d3-7cd4-11ec-82b2-000c29570a3e
Faulting package full name: 
Faulting package-relative application ID: "
Error	1/24/2022 1:15:21 PM	Application Error	1000	(100)	"Faulting application name: VMwareHostOpen.exe, version: 11.3.5.31214, time stamp: 0x612df688
Faulting module name: KERNELBASE.dll, version: 6.3.9600.19724, time stamp: 0x5ec5262a
Exception code: 0x80000003
Fault offset: 0x00000000000ddca2
Faulting process id: 0x318
Faulting application start time: 0x01d810e162555cca
Faulting application path: C:\Program Files\VMware\VMware Tools\VMwareHostOpen.exe
Faulting module path: C:\Windows\system32\KERNELBASE.dll
Report Id: a03fe5c9-7cd4-11ec-82b2-000c29570a3e
Faulting package full name: 
Faulting package-relative application ID: "
Error	1/24/2022 1:14:38 PM	Application Error	1000	(100)	"Faulting application name: FoxitPDFReader.exe, version: 11.1.0.52543, time stamp: 0x6151f24e
Faulting module name: FoxitPDFReader.exe, version: 11.1.0.52543, time stamp: 0x6151f24e
Exception code: 0xc0000005
Fault offset: 0x0295e928
Faulting process id: 0xafc
Faulting application start time: 0x01d810e143deb039
Faulting application path: C:\Program Files (x86)\Foxit Software\Foxit PDF Reader\FoxitPDFReader.exe
Faulting module path: C:\Program Files (x86)\Foxit Software\Foxit PDF Reader\FoxitPDFReader.exe
Report Id: 866c8c71-7cd4-11ec-82b2-000c29570a3e
Faulting package full name: 
Faulting package-relative application ID: "
Error	1/24/2022 1:14:35 PM	Application Error	1000	(100)	"Faulting application name: VMwareHostOpen.exe, version: 11.3.5.31214, time stamp: 0x612df688
Faulting module name: KERNELBASE.dll, version: 6.3.9600.19724, time stamp: 0x5ec5262a
Exception code: 0x80000003
Fault offset: 0x00000000000ddca2
Faulting process id: 0x9e4
Faulting application start time: 0x01d810e1472d133f
Faulting application path: C:\Program Files\VMware\VMware Tools\VMwareHostOpen.exe
Faulting module path: C:\Windows\system32\KERNELBASE.dll
Report Id: 85094de2-7cd4-11ec-82b2-000c29570a3e
Faulting package full name: 
Faulting package-relative application ID: "
Error	1/24/2022 1:14:27 PM	Application Error	1000	(100)	"Faulting application name: FoxitPDFReader.exe, version: 11.1.0.52543, time stamp: 0x6151f24e
Faulting module name: FoxitPDFReader.exe, version: 11.1.0.52543, time stamp: 0x6151f24e
Exception code: 0xc0000005
Fault offset: 0x0295e928
Faulting process id: 0xbd0
Faulting application start time: 0x01d810e139562cd6
Faulting application path: C:\Program Files (x86)\Foxit Software\Foxit PDF Reader\FoxitPDFReader.exe
Faulting module path: C:\Program Files (x86)\Foxit Software\Foxit PDF Reader\FoxitPDFReader.exe
Report Id: 8033e94b-7cd4-11ec-82b2-000c29570a3e
Faulting package full name: 
Faulting package-relative application ID: "
Error	1/24/2022 1:13:47 PM	Application Error	1000	(100)	"Faulting application name: VMwareHostOpen.exe, version: 11.3.5.31214, time stamp: 0x612df688
Faulting module name: KERNELBASE.dll, version: 6.3.9600.19724, time stamp: 0x5ec5262a
Exception code: 0x80000003
Fault offset: 0x00000000000ddca2
Faulting process id: 0x2ec
Faulting application start time: 0x01d810e12a6f7967
Faulting application path: C:\Program Files\VMware\VMware Tools\VMwareHostOpen.exe
Faulting module path: C:\Windows\system32\KERNELBASE.dll
Report Id: 6827f111-7cd4-11ec-82b2-000c29570a3e
Faulting package full name: 
Faulting package-relative application ID: "
Error	1/24/2022 1:13:44 PM	Application Error	1000	(100)	"Faulting application name: FoxitPDFReader.exe, version: 11.1.0.52543, time stamp: 0x6151f24e
Faulting module name: FoxitPDFReader.exe, version: 11.1.0.52543, time stamp: 0x6151f24e
Exception code: 0xc0000005
Fault offset: 0x0295e928
Faulting process id: 0x3d4
Faulting application start time: 0x01d810e123e10204
Faulting application path: C:\Program Files (x86)\Foxit Software\Foxit PDF Reader\FoxitPDFReader.exe
Faulting module path: C:\Program Files (x86)\Foxit Software\Foxit PDF Reader\FoxitPDFReader.exe
Report Id: 6654a443-7cd4-11ec-82b2-000c29570a3e
Faulting package full name: 
Faulting package-relative application ID: "
Error	1/24/2022 1:13:34 PM	Application Error	1000	(100)	"Faulting application name: FoxitPDFReader.exe, version: 11.1.0.52543, time stamp: 0x6151f24e
Faulting module name: FoxitPDFReader.exe, version: 11.1.0.52543, time stamp: 0x6151f24e
Exception code: 0xc0000005
Fault offset: 0x02a9b55f
Faulting process id: 0x81c
Faulting application start time: 0x01d810e11aa8aa01
Faulting application path: C:\Program Files (x86)\Foxit Software\Foxit PDF Reader\FoxitPDFReader.exe
Faulting module path: C:\Program Files (x86)\Foxit Software\Foxit PDF Reader\FoxitPDFReader.exe
Report Id: 603177a3-7cd4-11ec-82b2-000c29570a3e
Faulting package full name: 
Faulting package-relative application ID: "
Error	1/24/2022 1:13:03 PM	Application Error	1000	(100)	"Faulting application name: VMwareHostOpen.exe, version: 11.3.5.31214, time stamp: 0x612df688
Faulting module name: KERNELBASE.dll, version: 6.3.9600.19724, time stamp: 0x5ec5262a
Exception code: 0x80000003
Fault offset: 0x00000000000ddca2
Faulting process id: 0x5d4
Faulting application start time: 0x01d810e11029af99
Faulting application path: C:\Program Files\VMware\VMware Tools\VMwareHostOpen.exe
Faulting module path: C:\Windows\system32\KERNELBASE.dll
Report Id: 4dee13d0-7cd4-11ec-82b2-000c29570a3e
Faulting package full name: 
Faulting package-relative application ID: "
Error	1/24/2022 1:12:57 PM	Application Error	1000	(100)	"Faulting application name: FoxitPDFReader.exe, version: 11.1.0.52543, time stamp: 0x6151f24e
Faulting module name: FoxitPDFReader.exe, version: 11.1.0.52543, time stamp: 0x6151f24e
Exception code: 0xc0000005
Fault offset: 0x0295e928
Faulting process id: 0x794
Faulting application start time: 0x01d810e100da150c
Faulting application path: C:\Program Files (x86)\Foxit Software\Foxit PDF Reader\FoxitPDFReader.exe
Faulting module path: C:\Program Files (x86)\Foxit Software\Foxit PDF Reader\FoxitPDFReader.exe
Report Id: 4a80b14e-7cd4-11ec-82b2-000c29570a3e
Faulting package full name: 
Faulting package-relative application ID: "
Error	1/24/2022 1:12:35 PM	Application Error	1000	(100)	"Faulting application name: FoxitPDFReader.exe, version: 11.1.0.52543, time stamp: 0x6151f24e
Faulting module name: FoxitPDFReader.exe, version: 11.1.0.52543, time stamp: 0x6151f24e
Exception code: 0xc0000005
Fault offset: 0x0295e928
Faulting process id: 0x3b8
Faulting application start time: 0x01d810e0fc31fd3a
Faulting application path: C:\Program Files (x86)\Foxit Software\Foxit PDF Reader\FoxitPDFReader.exe
Faulting module path: C:\Program Files (x86)\Foxit Software\Foxit PDF Reader\FoxitPDFReader.exe
Report Id: 3d2f4e45-7cd4-11ec-82b2-000c29570a3e
Faulting package full name: 
Faulting package-relative application ID: "
Error	1/24/2022 1:12:27 PM	Application Error	1000	(100)	"Faulting application name: FoxitPDFReader.exe, version: 11.1.0.52543, time stamp: 0x6151f24e
Faulting module name: FoxitPDFReader.exe, version: 11.1.0.52543, time stamp: 0x6151f24e
Exception code: 0xc0000005
Fault offset: 0x0295e928
Faulting process id: 0x894
Faulting application start time: 0x01d810e0f4d8ddbf
Faulting application path: C:\Program Files (x86)\Foxit Software\Foxit PDF Reader\FoxitPDFReader.exe
Faulting module path: C:\Program Files (x86)\Foxit Software\Foxit PDF Reader\FoxitPDFReader.exe
Report Id: 3884d439-7cd4-11ec-82b2-000c29570a3e
Faulting package full name: 
Faulting package-relative application ID: "
Error	1/24/2022 1:12:15 PM	Application Error	1000	(100)	"Faulting application name: FoxitPDFReader.exe, version: 11.1.0.52543, time stamp: 0x6151f24e
Faulting module name: FoxitPDFReader.exe, version: 11.1.0.52543, time stamp: 0x6151f24e
Exception code: 0xc0000005
Fault offset: 0x02a9b55f
Faulting process id: 0x460
Faulting application start time: 0x01d810e0f1966669
Faulting application path: C:\Program Files (x86)\Foxit Software\Foxit PDF Reader\FoxitPDFReader.exe
Faulting module path: C:\Program Files (x86)\Foxit Software\Foxit PDF Reader\FoxitPDFReader.exe
Report Id: 312bb46b-7cd4-11ec-82b2-000c29570a3e
Faulting package full name: 
Faulting package-relative application ID: "
Error	1/24/2022 1:12:09 PM	Application Error	1000	(100)	"Faulting application name: FoxitPDFReader.exe, version: 11.1.0.52543, time stamp: 0x6151f24e
Faulting module name: FoxitPDFReader.exe, version: 11.1.0.52543, time stamp: 0x6151f24e
Exception code: 0xc0000005
Fault offset: 0x02a9b55f
Faulting process id: 0x644
Faulting application start time: 0x01d810e0eb7f24bb
Faulting application path: C:\Program Files (x86)\Foxit Software\Foxit PDF Reader\FoxitPDFReader.exe
Faulting module path: C:\Program Files (x86)\Foxit Software\Foxit PDF Reader\FoxitPDFReader.exe
Report Id: 2de93d4a-7cd4-11ec-82b2-000c29570a3e
Faulting package full name: 
Faulting package-relative application ID: "
Error	1/24/2022 1:11:59 PM	Application Error	1000	(100)	"Faulting application name: FoxitPDFReader.exe, version: 11.1.0.52543, time stamp: 0x6151f24e
Faulting module name: FoxitPDFReader.exe, version: 11.1.0.52543, time stamp: 0x6151f24e
Exception code: 0xc0000005
Fault offset: 0x0295e928
Faulting process id: 0x394
Faulting application start time: 0x01d810e0e5906ad7
Faulting application path: C:\Program Files (x86)\Foxit Software\Foxit PDF Reader\FoxitPDFReader.exe
Faulting module path: C:\Program Files (x86)\Foxit Software\Foxit PDF Reader\FoxitPDFReader.exe
Report Id: 27d45db0-7cd4-11ec-82b2-000c29570a3e
Faulting package full name: 
Faulting package-relative application ID: "
Error	1/24/2022 1:11:49 PM	Application Error	1000	(100)	"Faulting application name: FoxitPDFReader.exe, version: 11.1.0.52543, time stamp: 0x6151f24e
Faulting module name: FoxitPDFReader.exe, version: 11.1.0.52543, time stamp: 0x6151f24e
Exception code: 0xc0000005
Fault offset: 0x0295e928
Faulting process id: 0x4c8
Faulting application start time: 0x01d810e0ddfe124f
Faulting application path: C:\Program Files (x86)\Foxit Software\Foxit PDF Reader\FoxitPDFReader.exe
Faulting module path: C:\Program Files (x86)\Foxit Software\Foxit PDF Reader\FoxitPDFReader.exe
Report Id: 21de7c70-7cd4-11ec-82b2-000c29570a3e
Faulting package full name: 
Faulting package-relative application ID: "
Error	1/24/2022 1:11:36 PM	Application Error	1000	(100)	"Faulting application name: FoxitPDFReader.exe, version: 11.1.0.52543, time stamp: 0x6151f24e
Faulting module name: FoxitPDFReader.exe, version: 11.1.0.52543, time stamp: 0x6151f24e
Exception code: 0xc0000005
Fault offset: 0x02a9b55f
Faulting process id: 0xb90
Faulting application start time: 0x01d810e0d50d40cf
Faulting application path: C:\Program Files (x86)\Foxit Software\Foxit PDF Reader\FoxitPDFReader.exe
Faulting module path: C:\Program Files (x86)\Foxit Software\Foxit PDF Reader\FoxitPDFReader.exe
Report Id: 1a55ae12-7cd4-11ec-82b2-000c29570a3e
Faulting package full name: 
Faulting package-relative application ID: "
Error	1/24/2022 1:11:16 PM	Application Error	1000	(100)	"Faulting application name: VMwareHostOpen.exe, version: 11.3.5.31214, time stamp: 0x612df688
Faulting module name: KERNELBASE.dll, version: 6.3.9600.19724, time stamp: 0x5ec5262a
Exception code: 0x80000003
Fault offset: 0x00000000000ddca2
Faulting process id: 0xb78
Faulting application start time: 0x01d810e0d0606430
Faulting application path: C:\Program Files\VMware\VMware Tools\VMwareHostOpen.exe
Faulting module path: C:\Windows\system32\KERNELBASE.dll
Report Id: 0e24c769-7cd4-11ec-82b2-000c29570a3e
Faulting package full name: 
Faulting package-relative application ID: "
Error	1/24/2022 1:11:05 PM	Application Error	1000	(100)	"Faulting application name: FoxitPDFReader.exe, version: 11.1.0.52543, time stamp: 0x6151f24e
Faulting module name: FoxitPDFReader.exe, version: 11.1.0.52543, time stamp: 0x6151f24e
Exception code: 0xc0000005
Fault offset: 0x0295ef31
Faulting process id: 0xb00
Faulting application start time: 0x01d810e0c84aeb02
Faulting application path: C:\Program Files (x86)\Foxit Software\Foxit PDF Reader\FoxitPDFReader.exe
Faulting module path: C:\Program Files (x86)\Foxit Software\Foxit PDF Reader\FoxitPDFReader.exe
Report Id: 07e038d8-7cd4-11ec-82b2-000c29570a3e
Faulting package full name: 
Faulting package-relative application ID: "
Error	1/24/2022 1:09:54 PM	Application Error	1000	(100)	"Faulting application name: VMwareHostOpen.exe, version: 11.3.5.31214, time stamp: 0x612df688
Faulting module name: KERNELBASE.dll, version: 6.3.9600.19724, time stamp: 0x5ec5262a
Exception code: 0x80000003
Fault offset: 0x00000000000ddca2
Faulting process id: 0xae8
Faulting application start time: 0x01d810e09f87556c
Faulting application path: C:\Program Files\VMware\VMware Tools\VMwareHostOpen.exe
Faulting module path: C:\Windows\system32\KERNELBASE.dll
Report Id: dd5ecbb6-7cd3-11ec-82b2-000c29570a3e
Faulting package full name: 
Faulting package-relative application ID: "
Error	1/24/2022 1:09:48 PM	Application Error	1000	(100)	"Faulting application name: FoxitPDFReader.exe, version: 11.1.0.52543, time stamp: 0x6151f24e
Faulting module name: FoxitPDFReader.exe, version: 11.1.0.52543, time stamp: 0x6151f24e
Exception code: 0xc0000005
Fault offset: 0x0295ef31
Faulting process id: 0x90
Faulting application start time: 0x01d810e08ff9bde9
Faulting application path: C:\Program Files (x86)\Foxit Software\Foxit PDF Reader\FoxitPDFReader.exe
Faulting module path: C:\Program Files (x86)\Foxit Software\Foxit PDF Reader\FoxitPDFReader.exe
Report Id: d9eca55b-7cd3-11ec-82b2-000c29570a3e
Faulting package full name: 
Faulting package-relative application ID: "
Error	1/24/2022 1:09:25 PM	Application Error	1000	(100)	"Faulting application name: FoxitPDFReader.exe, version: 11.1.0.52543, time stamp: 0x6151f24e
Faulting module name: FoxitPDFReader.exe, version: 11.1.0.52543, time stamp: 0x6151f24e
Exception code: 0xc0000005
Fault offset: 0x0295e928
Faulting process id: 0x318
Faulting application start time: 0x01d810e08cb9a904
Faulting application path: C:\Program Files (x86)\Foxit Software\Foxit PDF Reader\FoxitPDFReader.exe
Faulting module path: C:\Program Files (x86)\Foxit Software\Foxit PDF Reader\FoxitPDFReader.exe
Report Id: cc4c950a-7cd3-11ec-82b2-000c29570a3e
Faulting package full name: 
Faulting package-relative application ID: "
Error	1/24/2022 1:09:20 PM	Application Error	1000	(100)	"Faulting application name: FoxitPDFReader.exe, version: 11.1.0.52543, time stamp: 0x6151f24e
Faulting module name: FoxitPDFReader.exe, version: 11.1.0.52543, time stamp: 0x6151f24e
Exception code: 0xc0000005
Fault offset: 0x0295e928
Faulting process id: 0x78c
Faulting application start time: 0x01d810e0866469c8
Faulting application path: C:\Program Files (x86)\Foxit Software\Foxit PDF Reader\FoxitPDFReader.exe
Faulting module path: C:\Program Files (x86)\Foxit Software\Foxit PDF Reader\FoxitPDFReader.exe
Report Id: c90c7fd1-7cd3-11ec-82b2-000c29570a3e
Faulting package full name: 
Faulting package-relative application ID: "
Error	1/24/2022 1:09:09 PM	Application Error	1000	(100)	"Faulting application name: FoxitPDFReader.exe, version: 11.1.0.52543, time stamp: 0x6151f24e
Faulting module name: FoxitPDFReader.exe, version: 11.1.0.52543, time stamp: 0x6151f24e
Exception code: 0xc0000005
Fault offset: 0x0295e928
Faulting process id: 0x918
Faulting application start time: 0x01d810e0831f9063
Faulting application path: C:\Program Files (x86)\Foxit Software\Foxit PDF Reader\FoxitPDFReader.exe
Faulting module path: C:\Program Files (x86)\Foxit Software\Foxit PDF Reader\FoxitPDFReader.exe
Report Id: c2b9a2fd-7cd3-11ec-82b2-000c29570a3e
Faulting package full name: 
Faulting package-relative application ID: "
Error	1/24/2022 1:08:56 PM	Application Error	1000	(100)	"Faulting application name: VMwareHostOpen.exe, version: 11.3.5.31214, time stamp: 0x612df688
Faulting module name: KERNELBASE.dll, version: 6.3.9600.19724, time stamp: 0x5ec5262a
Exception code: 0x80000003
Fault offset: 0x00000000000ddca2
Faulting process id: 0x130
Faulting application start time: 0x01d810e07d43e939
Faulting application path: C:\Program Files\VMware\VMware Tools\VMwareHostOpen.exe
Faulting module path: C:\Windows\system32\KERNELBASE.dll
Report Id: bb084cca-7cd3-11ec-82b2-000c29570a3e
Faulting package full name: 
Faulting package-relative application ID: "
Error	1/24/2022 1:07:51 PM	Application Error	1000	(100)	"Faulting application name: VMwareHostOpen.exe, version: 11.3.5.31214, time stamp: 0x612df688
Faulting module name: KERNELBASE.dll, version: 6.3.9600.19724, time stamp: 0x5ec5262a
Exception code: 0x80000003
Fault offset: 0x00000000000ddca2
Faulting process id: 0x9c8
Faulting application start time: 0x01d810e05680ed67
Faulting application path: C:\Program Files\VMware\VMware Tools\VMwareHostOpen.exe
Faulting module path: C:\Windows\system32\KERNELBASE.dll
Report Id: 9447b302-7cd3-11ec-82b2-000c29570a3e
Faulting package full name: 
Faulting package-relative application ID: "
Error	1/24/2022 1:07:32 PM	Application Error	1000	(100)	"Faulting application name: FoxitPDFReader.exe, version: 11.1.0.52543, time stamp: 0x6151f24e
Faulting module name: FoxitPDFReader.exe, version: 11.1.0.52543, time stamp: 0x6151f24e
Exception code: 0xc0000005
Fault offset: 0x0295e928
Faulting process id: 0x7fc
Faulting application start time: 0x01d810e0494761c8
Faulting application path: C:\Program Files (x86)\Foxit Software\Foxit PDF Reader\FoxitPDFReader.exe
Faulting module path: C:\Program Files (x86)\Foxit Software\Foxit PDF Reader\FoxitPDFReader.exe
Report Id: 88dcafa8-7cd3-11ec-82b2-000c29570a3e
Faulting package full name: 
Faulting package-relative application ID: "
Error	1/24/2022 1:07:27 PM	Application Error	1000	(100)	"Faulting application name: FoxitPDFReader.exe, version: 11.1.0.52543, time stamp: 0x6151f24e
Faulting module name: FoxitPDFReader.exe, version: 11.1.0.52543, time stamp: 0x6151f24e
Exception code: 0xc0000005
Fault offset: 0x028a6f8c
Faulting process id: 0xbc4
Faulting application start time: 0x01d810e0447b86e1
Faulting application path: C:\Program Files (x86)\Foxit Software\Foxit PDF Reader\FoxitPDFReader.exe
Faulting module path: C:\Program Files (x86)\Foxit Software\Foxit PDF Reader\FoxitPDFReader.exe
Report Id: 8597d6a4-7cd3-11ec-82b2-000c29570a3e
Faulting package full name: 
Faulting package-relative application ID: "
Error	1/24/2022 1:07:01 PM	Application Error	1000	(100)	"Faulting application name: FoxitPDFReader.exe, version: 11.1.0.52543, time stamp: 0x6151f24e
Faulting module name: FoxitPDFReader.exe, version: 11.1.0.52543, time stamp: 0x6151f24e
Exception code: 0xc0000005
Fault offset: 0x0295e928
Faulting process id: 0x9f0
Faulting application start time: 0x01d810e036690518
Faulting application path: C:\Program Files (x86)\Foxit Software\Foxit PDF Reader\FoxitPDFReader.exe
Faulting module path: C:\Program Files (x86)\Foxit Software\Foxit PDF Reader\FoxitPDFReader.exe
Report Id: 75fe5363-7cd3-11ec-82b2-000c29570a3e
Faulting package full name: 
Faulting package-relative application ID: "
Error	1/24/2022 1:06:55 PM	Application Error	1000	(100)	"Faulting application name: FoxitPDFReader.exe, version: 11.1.0.52543, time stamp: 0x6151f24e
Faulting module name: FoxitPDFReader.exe, version: 11.1.0.52543, time stamp: 0x6151f24e
Exception code: 0xc0000005
Fault offset: 0x0295ef31
Faulting process id: 0x9c0
Faulting application start time: 0x01d810e0305daf41
Faulting application path: C:\Program Files (x86)\Foxit Software\Foxit PDF Reader\FoxitPDFReader.exe
Faulting module path: C:\Program Files (x86)\Foxit Software\Foxit PDF Reader\FoxitPDFReader.exe
Report Id: 72b979b4-7cd3-11ec-82b2-000c29570a3e
Faulting package full name: 
Faulting package-relative application ID: "
Error	1/24/2022 1:06:45 PM	Application Error	1000	(100)	"Faulting application name: FoxitPDFReader.exe, version: 11.1.0.52543, time stamp: 0x6151f24e
Faulting module name: FoxitPDFReader.exe, version: 11.1.0.52543, time stamp: 0x6151f24e
Exception code: 0xc0000005
Fault offset: 0x0295e928
Faulting process id: 0x494
Faulting application start time: 0x01d810e02b9b5d01
Faulting application path: C:\Program Files (x86)\Foxit Software\Foxit PDF Reader\FoxitPDFReader.exe
Faulting module path: C:\Program Files (x86)\Foxit Software\Foxit PDF Reader\FoxitPDFReader.exe
Report Id: 6cb2e7fb-7cd3-11ec-82b2-000c29570a3e
Faulting package full name: 
Faulting package-relative application ID: "
Error	1/24/2022 1:06:37 PM	Application Error	1000	(100)	"Faulting application name: FoxitPDFReader.exe, version: 11.1.0.52543, time stamp: 0x6151f24e
Faulting module name: FoxitPDFReader.exe, version: 11.1.0.52543, time stamp: 0x6151f24e
Exception code: 0xc0000005
Fault offset: 0x0295e928
Faulting process id: 0x82c
Faulting application start time: 0x01d810e02864d1bd
Faulting application path: C:\Program Files (x86)\Foxit Software\Foxit PDF Reader\FoxitPDFReader.exe
Faulting module path: C:\Program Files (x86)\Foxit Software\Foxit PDF Reader\FoxitPDFReader.exe
Report Id: 67fee435-7cd3-11ec-82b2-000c29570a3e
Faulting package full name: 
Faulting package-relative application ID: "
Error	1/24/2022 1:06:32 PM	Application Error	1000	(100)	"Faulting application name: FoxitPDFReader.exe, version: 11.1.0.52543, time stamp: 0x6151f24e
Faulting module name: FoxitPDFReader.exe, version: 11.1.0.52543, time stamp: 0x6151f24e
Exception code: 0xc0000005
Fault offset: 0x02a9b55f
Faulting process id: 0xb6c
Faulting application start time: 0x01d810e023d49178
Faulting application path: C:\Program Files (x86)\Foxit Software\Foxit PDF Reader\FoxitPDFReader.exe
Faulting module path: C:\Program Files (x86)\Foxit Software\Foxit PDF Reader\FoxitPDFReader.exe
Report Id: 64ba0acb-7cd3-11ec-82b2-000c29570a3e
Faulting package full name: 
Faulting package-relative application ID: "
Error	1/24/2022 1:06:01 PM	Application Error	1000	(100)	"Faulting application name: FoxitPDFReader.exe, version: 11.1.0.52543, time stamp: 0x6151f24e
Faulting module name: FoxitPDFReader.exe, version: 11.1.0.52543, time stamp: 0x6151f24e
Exception code: 0xc0000005
Fault offset: 0x0295e928
Faulting process id: 0x7b4
Faulting application start time: 0x01d810e0100ef094
Faulting application path: C:\Program Files (x86)\Foxit Software\Foxit PDF Reader\FoxitPDFReader.exe
Faulting module path: C:\Program Files (x86)\Foxit Software\Foxit PDF Reader\FoxitPDFReader.exe
Report Id: 526858f4-7cd3-11ec-82b2-000c29570a3e
Faulting package full name: 
Faulting package-relative application ID: "
Error	1/24/2022 1:05:51 PM	Application Error	1000	(100)	"Faulting application name: FoxitPDFReader.exe, version: 11.1.0.52543, time stamp: 0x6151f24e
Faulting module name: FoxitPDFReader.exe, version: 11.1.0.52543, time stamp: 0x6151f24e
Exception code: 0xc0000005
Fault offset: 0x0295e928
Faulting process id: 0x90
Faulting application start time: 0x01d810e00ccc7996
Faulting application path: C:\Program Files (x86)\Foxit Software\Foxit PDF Reader\FoxitPDFReader.exe
Faulting module path: C:\Program Files (x86)\Foxit Software\Foxit PDF Reader\FoxitPDFReader.exe
Report Id: 4c6429ac-7cd3-11ec-82b2-000c29570a3e
Faulting package full name: 
Faulting package-relative application ID: "
Error	1/24/2022 1:05:45 PM	Application Error	1000	(100)	"Faulting application name: FoxitPDFReader.exe, version: 11.1.0.52543, time stamp: 0x6151f24e
Faulting module name: FoxitPDFReader.exe, version: 11.1.0.52543, time stamp: 0x6151f24e
Exception code: 0xc0000005
Fault offset: 0x0295ee8f
Faulting process id: 0xa40
Faulting application start time: 0x01d810e0068cafb1
Faulting application path: C:\Program Files (x86)\Foxit Software\Foxit PDF Reader\FoxitPDFReader.exe
Faulting module path: C:\Program Files (x86)\Foxit Software\Foxit PDF Reader\FoxitPDFReader.exe
Report Id: 491a8b91-7cd3-11ec-82b2-000c29570a3e
Faulting package full name: 
Faulting package-relative application ID: "
Error	1/24/2022 1:05:35 PM	Application Error	1000	(100)	"Faulting application name: FoxitPDFReader.exe, version: 11.1.0.52543, time stamp: 0x6151f24e
Faulting module name: FoxitPDFReader.exe, version: 11.1.0.52543, time stamp: 0x6151f24e
Exception code: 0xc0000005
Fault offset: 0x0295e928
Faulting process id: 0x104
Faulting application start time: 0x01d810dffbe0687f
Faulting application path: C:\Program Files (x86)\Foxit Software\Foxit PDF Reader\FoxitPDFReader.exe
Faulting module path: C:\Program Files (x86)\Foxit Software\Foxit PDF Reader\FoxitPDFReader.exe
Report Id: 42dac19d-7cd3-11ec-82b2-000c29570a3e
Faulting package full name: 
Faulting package-relative application ID: "
Error	1/24/2022 1:05:17 PM	Application Error	1000	(100)	"Faulting application name: FoxitPDFReader.exe, version: 11.1.0.52543, time stamp: 0x6151f24e
Faulting module name: FoxitPDFReader.exe, version: 11.1.0.52543, time stamp: 0x6151f24e
Exception code: 0xc0000005
Fault offset: 0x0295e928
Faulting process id: 0x84c
Faulting application start time: 0x01d810dff5a7c5d9
Faulting application path: C:\Program Files (x86)\Foxit Software\Foxit PDF Reader\FoxitPDFReader.exe
Faulting module path: C:\Program Files (x86)\Foxit Software\Foxit PDF Reader\FoxitPDFReader.exe
Report Id: 382e7ab0-7cd3-11ec-82b2-000c29570a3e
Faulting package full name: 
Faulting package-relative application ID: "
Error	1/24/2022 1:05:06 PM	Application Error	1000	(100)	"Faulting application name: FoxitPDFReader.exe, version: 11.1.0.52543, time stamp: 0x6151f24e
Faulting module name: FoxitPDFReader.exe, version: 11.1.0.52543, time stamp: 0x6151f24e
Exception code: 0xc0000005
Fault offset: 0x0295e928
Faulting process id: 0x2f0
Faulting application start time: 0x01d810dfeaf45746
Faulting application path: C:\Program Files (x86)\Foxit Software\Foxit PDF Reader\FoxitPDFReader.exe
Faulting module path: C:\Program Files (x86)\Foxit Software\Foxit PDF Reader\FoxitPDFReader.exe
Report Id: 31f5d785-7cd3-11ec-82b2-000c29570a3e
Faulting package full name: 
Faulting package-relative application ID: "
Error	1/24/2022 1:04:49 PM	Application Error	1000	(100)	"Faulting application name: FoxitPDFReader.exe, version: 11.1.0.52543, time stamp: 0x6151f24e
Faulting module name: FoxitPDFReader.exe, version: 11.1.0.52543, time stamp: 0x6151f24e
Exception code: 0xc0000005
Fault offset: 0x0295e928
Faulting process id: 0x118
Faulting application start time: 0x01d810dfe7af7dab
Faulting application path: C:\Program Files (x86)\Foxit Software\Foxit PDF Reader\FoxitPDFReader.exe
Faulting module path: C:\Program Files (x86)\Foxit Software\Foxit PDF Reader\FoxitPDFReader.exe
Report Id: 27426976-7cd3-11ec-82b2-000c29570a3e
Faulting package full name: 
Faulting package-relative application ID: "
