Error	1/25/2022 12:49:06 AM	Application Error	1000	(100)	"Faulting application name: AcroRd32.exe, version: 19.21.20048.26832, time stamp: 0x5da76dd8
Faulting module name: VCRUNTIME140.dll, version: 14.29.30037.0, time stamp: 0x609de41f
Exception code: 0xc0000005
Fault offset: 0x000032ae
Faulting process id: 0x98
Faulting application start time: 0x01d811423fedcc15
Faulting application path: C:\Program Files (x86)\Adobe\Acrobat Reader DC\Reader\AcroRd32.exe
Faulting module path: C:\Windows\SYSTEM32\VCRUNTIME140.dll
Report Id: 8aeb4844-7d35-11ec-82b2-000c29d75245
Faulting package full name: 
Faulting package-relative application ID: "
Error	1/25/2022 12:48:43 AM	Application Error	1000	(100)	"Faulting application name: AcroRd32.exe, version: 19.21.20048.26832, time stamp: 0x5da76dd8
Faulting module name: ucrtbase.DLL, version: 10.0.14393.2990, time stamp: 0x5caeb859
Exception code: 0xc0000409
Fault offset: 0x000884cb
Faulting process id: 0x780
Faulting application start time: 0x01d811422a7285b9
Faulting application path: C:\Program Files (x86)\Adobe\Acrobat Reader DC\Reader\AcroRd32.exe
Faulting module path: C:\Windows\SYSTEM32\ucrtbase.DLL
Report Id: 7d20bfe1-7d35-11ec-82b2-000c29d75245
Faulting package full name: 
Faulting package-relative application ID: "
Error	1/25/2022 12:48:05 AM	Application Error	1000	(100)	"Faulting application name: AcroRd32.exe, version: 19.21.20048.26832, time stamp: 0x5da76dd8
Faulting module name: VCRUNTIME140.dll, version: 14.29.30037.0, time stamp: 0x609de41f
Exception code: 0xc0000005
Fault offset: 0x000032ae
Faulting process id: 0xb44
Faulting application start time: 0x01d811422887876c
Faulting application path: C:\Program Files (x86)\Adobe\Acrobat Reader DC\Reader\AcroRd32.exe
Faulting module path: C:\Windows\SYSTEM32\VCRUNTIME140.dll
Report Id: 669a7287-7d35-11ec-82b2-000c29d75245
Faulting package full name: 
Faulting package-relative application ID: "
Error	1/25/2022 12:48:02 AM	Application Error	1000	(100)	"Faulting application name: AcroRd32.exe, version: 19.21.20048.26832, time stamp: 0x5da76dd8
Faulting module name: VCRUNTIME140.dll, version: 14.29.30037.0, time stamp: 0x609de41f
Exception code: 0xc0000005
Fault offset: 0x000032ae
Faulting process id: 0x484
Faulting application start time: 0x01d8114226a8c13d
Faulting application path: C:\Program Files (x86)\Adobe\Acrobat Reader DC\Reader\AcroRd32.exe
Faulting module path: C:\Windows\SYSTEM32\VCRUNTIME140.dll
Report Id: 64cc102a-7d35-11ec-82b2-000c29d75245
Faulting package full name: 
Faulting package-relative application ID: "
Error	1/25/2022 12:47:59 AM	Application Error	1000	(100)	"Faulting application name: AcroRd32.exe, version: 19.21.20048.26832, time stamp: 0x5da76dd8
Faulting module name: VCRUNTIME140.dll, version: 14.29.30037.0, time stamp: 0x609de41f
Exception code: 0xc0000005
Fault offset: 0x000032ae
Faulting process id: 0xba0
Faulting application start time: 0x01d811421bd3d0e8
Faulting application path: C:\Program Files (x86)\Adobe\Acrobat Reader DC\Reader\AcroRd32.exe
Faulting module path: C:\Windows\SYSTEM32\VCRUNTIME140.dll
Report Id: 62f935bc-7d35-11ec-82b2-000c29d75245
Faulting package full name: 
Faulting package-relative application ID: "
Error	1/25/2022 12:47:41 AM	Application Error	1000	(100)	"Faulting application name: AcroRd32.exe, version: 19.21.20048.26832, time stamp: 0x5da76dd8
Faulting module name: VCRUNTIME140.dll, version: 14.29.30037.0, time stamp: 0x609de41f
Exception code: 0xc0000005
Fault offset: 0x000032ae
Faulting process id: 0x4e0
Faulting application start time: 0x01d8114219f6372c
Faulting application path: C:\Program Files (x86)\Adobe\Acrobat Reader DC\Reader\AcroRd32.exe
Faulting module path: C:\Windows\SYSTEM32\VCRUNTIME140.dll
Report Id: 581ab73c-7d35-11ec-82b2-000c29d75245
Faulting package full name: 
Faulting package-relative application ID: "
Error	1/25/2022 12:47:38 AM	Application Error	1000	(100)	"Faulting application name: AcroRd32.exe, version: 19.21.20048.26832, time stamp: 0x5da76dd8
Faulting module name: VCRUNTIME140.dll, version: 14.29.30037.0, time stamp: 0x609de41f
Exception code: 0xc0000005
Fault offset: 0x000032ae
Faulting process id: 0x74c
Faulting application start time: 0x01d8114218179750
Faulting application path: C:\Program Files (x86)\Adobe\Acrobat Reader DC\Reader\AcroRd32.exe
Faulting module path: C:\Windows\SYSTEM32\VCRUNTIME140.dll
Report Id: 563f84c2-7d35-11ec-82b2-000c29d75245
Faulting package full name: 
Faulting package-relative application ID: "
Error	1/25/2022 12:47:35 AM	Application Error	1000	(100)	"Faulting application name: AcroRd32.exe, version: 19.21.20048.26832, time stamp: 0x5da76dd8
Faulting module name: VCRUNTIME140.dll, version: 14.29.30037.0, time stamp: 0x609de41f
Exception code: 0xc0000005
Fault offset: 0x000032ae
Faulting process id: 0xbc8
Faulting application start time: 0x01d81142162ce503
Faulting application path: C:\Program Files (x86)\Adobe\Acrobat Reader DC\Reader\AcroRd32.exe
Faulting module path: C:\Windows\SYSTEM32\VCRUNTIME140.dll
Report Id: 5454f89e-7d35-11ec-82b2-000c29d75245
Faulting package full name: 
Faulting package-relative application ID: "
Error	1/25/2022 12:47:33 AM	Application Error	1000	(100)	"Faulting application name: AcroRd32.exe, version: 19.21.20048.26832, time stamp: 0x5da76dd8
Faulting module name: ucrtbase.DLL, version: 10.0.14393.2990, time stamp: 0x5caeb859
Exception code: 0xc0000409
Fault offset: 0x000884cb
Faulting process id: 0xb8c
Faulting application start time: 0x01d811420ab9fc01
Faulting application path: C:\Program Files (x86)\Adobe\Acrobat Reader DC\Reader\AcroRd32.exe
Faulting module path: C:\Windows\SYSTEM32\ucrtbase.DLL
Report Id: 535fd8ca-7d35-11ec-82b2-000c29d75245
Faulting package full name: 
Faulting package-relative application ID: "
Error	1/25/2022 12:47:13 AM	Application Error	1000	(100)	"Faulting application name: AcroRd32.exe, version: 19.21.20048.26832, time stamp: 0x5da76dd8
Faulting module name: VCRUNTIME140.dll, version: 14.29.30037.0, time stamp: 0x609de41f
Exception code: 0xc0000005
Fault offset: 0x000032ae
Faulting process id: 0x424
Faulting application start time: 0x01d8114208dae97f
Faulting application path: C:\Program Files (x86)\Adobe\Acrobat Reader DC\Reader\AcroRd32.exe
Faulting module path: C:\Windows\SYSTEM32\VCRUNTIME140.dll
Report Id: 4737bd34-7d35-11ec-82b2-000c29d75245
Faulting package full name: 
Faulting package-relative application ID: "
Error	1/25/2022 12:47:09 AM	Application Error	1000	(100)	"Faulting application name: AcroRd32.exe, version: 19.21.20048.26832, time stamp: 0x5da76dd8
Faulting module name: VCRUNTIME140.dll, version: 14.29.30037.0, time stamp: 0x609de41f
Exception code: 0xc0000005
Fault offset: 0x000032ae
Faulting process id: 0x3b8
Faulting application start time: 0x01d8114206fbfd75
Faulting application path: C:\Program Files (x86)\Adobe\Acrobat Reader DC\Reader\AcroRd32.exe
Faulting module path: C:\Windows\SYSTEM32\VCRUNTIME140.dll
Report Id: 450c5fa0-7d35-11ec-82b2-000c29d75245
Faulting package full name: 
Faulting package-relative application ID: "
Error	1/25/2022 12:47:08 AM	Application Error	1000	(100)	"Faulting application name: AcroRd32.exe, version: 19.21.20048.26832, time stamp: 0x5da76dd8
Faulting module name: ucrtbase.DLL, version: 10.0.14393.2990, time stamp: 0x5caeb859
Exception code: 0xc0000409
Fault offset: 0x000884cb
Faulting process id: 0xaa8
Faulting application start time: 0x01d81141dddaf9d5
Faulting application path: C:\Program Files (x86)\Adobe\Acrobat Reader DC\Reader\AcroRd32.exe
Faulting module path: C:\Windows\SYSTEM32\ucrtbase.DLL
Report Id: 442c8e84-7d35-11ec-82b2-000c29d75245
Faulting package full name: 
Faulting package-relative application ID: "
Error	1/25/2022 12:45:57 AM	Application Error	1000	(100)	"Faulting application name: AcroRd32.exe, version: 19.21.20048.26832, time stamp: 0x5da76dd8
Faulting module name: VCRUNTIME140.dll, version: 14.29.30037.0, time stamp: 0x609de41f
Exception code: 0xc0000005
Fault offset: 0x000032ae
Faulting process id: 0x774
Faulting application start time: 0x01d81141dbfd184b
Faulting application path: C:\Program Files (x86)\Adobe\Acrobat Reader DC\Reader\AcroRd32.exe
Faulting module path: C:\Windows\SYSTEM32\VCRUNTIME140.dll
Report Id: 1a0ed1ec-7d35-11ec-82b2-000c29d75245
Faulting package full name: 
Faulting package-relative application ID: "
Error	1/25/2022 12:45:56 AM	Application Error	1000	(100)	"Faulting application name: AcroRd32.exe, version: 19.21.20048.26832, time stamp: 0x5da76dd8
Faulting module name: ucrtbase.DLL, version: 10.0.14393.2990, time stamp: 0x5caeb859
Exception code: 0xc0000409
Fault offset: 0x000884cb
Faulting process id: 0xa70
Faulting application start time: 0x01d81141caf2a190
Faulting application path: C:\Program Files (x86)\Adobe\Acrobat Reader DC\Reader\AcroRd32.exe
Faulting module path: C:\Windows\SYSTEM32\ucrtbase.DLL
Report Id: 19326e82-7d35-11ec-82b2-000c29d75245
Faulting package full name: 
Faulting package-relative application ID: "
Error	1/25/2022 12:45:27 AM	Application Error	1000	(100)	"Faulting application name: AcroRd32.exe, version: 19.21.20048.26832, time stamp: 0x5da76dd8
Faulting module name: ucrtbase.DLL, version: 10.0.14393.2990, time stamp: 0x5caeb859
Exception code: 0xc0000409
Fault offset: 0x000884cb
Faulting process id: 0x5e4
Faulting application start time: 0x01d81141c161c5e8
Faulting application path: C:\Program Files (x86)\Adobe\Acrobat Reader DC\Reader\AcroRd32.exe
Faulting module path: C:\Windows\SYSTEM32\ucrtbase.DLL
Report Id: 08259540-7d35-11ec-82b2-000c29d75245
Faulting package full name: 
Faulting package-relative application ID: "
Error	1/25/2022 12:45:09 AM	Application Error	1000	(100)	"Faulting application name: AcroRd32.exe, version: 19.21.20048.26832, time stamp: 0x5da76dd8
Faulting module name: VCRUNTIME140.dll, version: 14.29.30037.0, time stamp: 0x609de41f
Exception code: 0xc0000005
Fault offset: 0x000032ae
Faulting process id: 0x6d8
Faulting application start time: 0x01d81141bf7bfec1
Faulting application path: C:\Program Files (x86)\Adobe\Acrobat Reader DC\Reader\AcroRd32.exe
Faulting module path: C:\Windows\SYSTEM32\VCRUNTIME140.dll
Report Id: fdad75b9-7d34-11ec-82b2-000c29d75245
Faulting package full name: 
Faulting package-relative application ID: "
Error	1/25/2022 12:45:07 AM	Application Error	1000	(100)	"Faulting application name: AcroRd32.exe, version: 19.21.20048.26832, time stamp: 0x5da76dd8
Faulting module name: VCRUNTIME140.dll, version: 14.29.30037.0, time stamp: 0x609de41f
Exception code: 0xc0000005
Fault offset: 0x000032ae
Faulting process id: 0x964
Faulting application start time: 0x01d811419e6272cc
Faulting application path: C:\Program Files (x86)\Adobe\Acrobat Reader DC\Reader\AcroRd32.exe
Faulting module path: C:\Windows\SYSTEM32\VCRUNTIME140.dll
Report Id: fbf4fb2f-7d34-11ec-82b2-000c29d75245
Faulting package full name: 
Faulting package-relative application ID: "
Error	1/25/2022 12:44:12 AM	Application Error	1000	(100)	"Faulting application name: AcroRd32.exe, version: 19.21.20048.26832, time stamp: 0x5da76dd8
Faulting module name: ucrtbase.DLL, version: 10.0.14393.2990, time stamp: 0x5caeb859
Exception code: 0xc0000409
Fault offset: 0x000884cb
Faulting process id: 0x390
Faulting application start time: 0x01d8114187b3e996
Faulting application path: C:\Program Files (x86)\Adobe\Acrobat Reader DC\Reader\AcroRd32.exe
Faulting module path: C:\Windows\SYSTEM32\ucrtbase.DLL
Report Id: db9566a7-7d34-11ec-82b2-000c29d75245
Faulting package full name: 
Faulting package-relative application ID: "
Error	1/25/2022 12:43:34 AM	Application Error	1000	(100)	"Faulting application name: AcroRd32.exe, version: 19.21.20048.26832, time stamp: 0x5da76dd8
Faulting module name: ucrtbase.DLL, version: 10.0.14393.2990, time stamp: 0x5caeb859
Exception code: 0xc0000409
Fault offset: 0x000884cb
Faulting process id: 0x984
Faulting application start time: 0x01d8114172722802
Faulting application path: C:\Program Files (x86)\Adobe\Acrobat Reader DC\Reader\AcroRd32.exe
Faulting module path: C:\Windows\SYSTEM32\ucrtbase.DLL
Report Id: c4e47af9-7d34-11ec-82b2-000c29d75245
Faulting package full name: 
Faulting package-relative application ID: "
Error	1/25/2022 12:42:57 AM	Application Error	1000	(100)	"Faulting application name: AcroRd32.exe, version: 19.21.20048.26832, time stamp: 0x5da76dd8
Faulting module name: VCRUNTIME140.dll, version: 14.29.30037.0, time stamp: 0x609de41f
Exception code: 0xc0000005
Fault offset: 0x000032ae
Faulting process id: 0x83c
Faulting application start time: 0x01d8114167b8c404
Faulting application path: C:\Program Files (x86)\Adobe\Acrobat Reader DC\Reader\AcroRd32.exe
Faulting module path: C:\Windows\SYSTEM32\VCRUNTIME140.dll
Report Id: aec4ff3f-7d34-11ec-82b2-000c29d75245
Faulting package full name: 
Faulting package-relative application ID: "
Error	1/25/2022 12:42:39 AM	Application Error	1000	(100)	"Faulting application name: AcroRd32.exe, version: 19.21.20048.26832, time stamp: 0x5da76dd8
Faulting module name: VCRUNTIME140.dll, version: 14.29.30037.0, time stamp: 0x609de41f
Exception code: 0xc0000005
Fault offset: 0x000032ae
Faulting process id: 0x11c
Faulting application start time: 0x01d8114165db08d2
Faulting application path: C:\Program Files (x86)\Adobe\Acrobat Reader DC\Reader\AcroRd32.exe
Faulting module path: C:\Windows\SYSTEM32\VCRUNTIME140.dll
Report Id: a3f160f7-7d34-11ec-82b2-000c29d75245
Faulting package full name: 
Faulting package-relative application ID: "
Error	1/25/2022 12:42:36 AM	Application Error	1000	(100)	"Faulting application name: AcroRd32.exe, version: 19.21.20048.26832, time stamp: 0x5da76dd8
Faulting module name: VCRUNTIME140.dll, version: 14.29.30037.0, time stamp: 0x609de41f
Exception code: 0xc0000005
Fault offset: 0x000032ae
Faulting process id: 0x858
Faulting application start time: 0x01d8114163f2207b
Faulting application path: C:\Program Files (x86)\Adobe\Acrobat Reader DC\Reader\AcroRd32.exe
Faulting module path: C:\Windows\SYSTEM32\VCRUNTIME140.dll
Report Id: a207ba58-7d34-11ec-82b2-000c29d75245
Faulting package full name: 
Faulting package-relative application ID: "
Error	1/25/2022 12:42:33 AM	Application Error	1000	(100)	"Faulting application name: AcroRd32.exe, version: 19.21.20048.26832, time stamp: 0x5da76dd8
Faulting module name: VCRUNTIME140.dll, version: 14.29.30037.0, time stamp: 0x609de41f
Exception code: 0xc0000005
Fault offset: 0x000032ae
Faulting process id: 0x594
Faulting application start time: 0x01d811416213a6bf
Faulting application path: C:\Program Files (x86)\Adobe\Acrobat Reader DC\Reader\AcroRd32.exe
Faulting module path: C:\Windows\SYSTEM32\VCRUNTIME140.dll
Report Id: a031e4d6-7d34-11ec-82b2-000c29d75245
Faulting package full name: 
Faulting package-relative application ID: "
Error	1/25/2022 12:42:29 AM	Application Error	1000	(100)	"Faulting application name: AcroRd32.exe, version: 19.21.20048.26832, time stamp: 0x5da76dd8
Faulting module name: VCRUNTIME140.dll, version: 14.29.30037.0, time stamp: 0x609de41f
Exception code: 0xc0000005
Fault offset: 0x000032ae
Faulting process id: 0x824
Faulting application start time: 0x01d81141602e785b
Faulting application path: C:\Program Files (x86)\Adobe\Acrobat Reader DC\Reader\AcroRd32.exe
Faulting module path: C:\Windows\SYSTEM32\VCRUNTIME140.dll
Report Id: 9e49e13b-7d34-11ec-82b2-000c29d75245
Faulting package full name: 
Faulting package-relative application ID: "
Error	1/25/2022 12:42:26 AM	Application Error	1000	(100)	"Faulting application name: AcroRd32.exe, version: 19.21.20048.26832, time stamp: 0x5da76dd8
Faulting module name: VCRUNTIME140.dll, version: 14.29.30037.0, time stamp: 0x609de41f
Exception code: 0xc0000005
Fault offset: 0x000032ae
Faulting process id: 0x48c
Faulting application start time: 0x01d811415e43c640
Faulting application path: C:\Program Files (x86)\Adobe\Acrobat Reader DC\Reader\AcroRd32.exe
Faulting module path: C:\Windows\SYSTEM32\VCRUNTIME140.dll
Report Id: 9c5d8bdf-7d34-11ec-82b2-000c29d75245
Faulting package full name: 
Faulting package-relative application ID: "
Error	1/25/2022 12:42:23 AM	Application Error	1000	(100)	"Faulting application name: AcroRd32.exe, version: 19.21.20048.26832, time stamp: 0x5da76dd8
Faulting module name: VCRUNTIME140.dll, version: 14.29.30037.0, time stamp: 0x609de41f
Exception code: 0xc0000005
Fault offset: 0x000032ae
Faulting process id: 0xa70
Faulting application start time: 0x01d811415c5bc316
Faulting application path: C:\Program Files (x86)\Adobe\Acrobat Reader DC\Reader\AcroRd32.exe
Faulting module path: C:\Windows\SYSTEM32\VCRUNTIME140.dll
Report Id: 9a6e14e3-7d34-11ec-82b2-000c29d75245
Faulting package full name: 
Faulting package-relative application ID: "
Error	1/25/2022 12:42:21 AM	Application Error	1000	(100)	"Faulting application name: AcroRd32.exe, version: 19.21.20048.26832, time stamp: 0x5da76dd8
Faulting module name: ucrtbase.DLL, version: 10.0.14393.2990, time stamp: 0x5caeb859
Exception code: 0xc0000409
Fault offset: 0x000884cb
Faulting process id: 0xbc0
Faulting application start time: 0x01d81141542dd973
Faulting application path: C:\Program Files (x86)\Adobe\Acrobat Reader DC\Reader\AcroRd32.exe
Faulting module path: C:\Windows\SYSTEM32\ucrtbase.DLL
Report Id: 998eb685-7d34-11ec-82b2-000c29d75245
Faulting package full name: 
Faulting package-relative application ID: "
Error	1/25/2022 12:42:06 AM	Application Error	1000	(100)	"Faulting application name: AcroRd32.exe, version: 19.21.20048.26832, time stamp: 0x5da76dd8
Faulting module name: VCRUNTIME140.dll, version: 14.29.30037.0, time stamp: 0x609de41f
Exception code: 0xc0000005
Fault offset: 0x000032ae
Faulting process id: 0x7e0
Faulting application start time: 0x01d8114152510302
Faulting application path: C:\Program Files (x86)\Adobe\Acrobat Reader DC\Reader\AcroRd32.exe
Faulting module path: C:\Windows\SYSTEM32\VCRUNTIME140.dll
Report Id: 90667687-7d34-11ec-82b2-000c29d75245
Faulting package full name: 
Faulting package-relative application ID: "
Error	1/25/2022 12:42:03 AM	Application Error	1000	(100)	"Faulting application name: AcroRd32.exe, version: 19.21.20048.26832, time stamp: 0x5da76dd8
Faulting module name: VCRUNTIME140.dll, version: 14.29.30037.0, time stamp: 0x609de41f
Exception code: 0xc0000005
Fault offset: 0x000032ae
Faulting process id: 0x708
Faulting application start time: 0x01d8114140554c5b
Faulting application path: C:\Program Files (x86)\Adobe\Acrobat Reader DC\Reader\AcroRd32.exe
Faulting module path: C:\Windows\SYSTEM32\VCRUNTIME140.dll
Report Id: 8e9755a5-7d34-11ec-82b2-000c29d75245
Faulting package full name: 
Faulting package-relative application ID: "
Error	1/25/2022 12:41:34 AM	Application Error	1000	(100)	"Faulting application name: AcroRd32.exe, version: 19.21.20048.26832, time stamp: 0x5da76dd8
Faulting module name: VCRUNTIME140.dll, version: 14.29.30037.0, time stamp: 0x609de41f
Exception code: 0xc0000005
Fault offset: 0x000032ae
Faulting process id: 0xbe4
Faulting application start time: 0x01d81141361212e4
Faulting application path: C:\Program Files (x86)\Adobe\Acrobat Reader DC\Reader\AcroRd32.exe
Faulting module path: C:\Windows\SYSTEM32\VCRUNTIME140.dll
Report Id: 7d267fae-7d34-11ec-82b2-000c29d75245
Faulting package full name: 
Faulting package-relative application ID: "
Error	1/25/2022 12:41:16 AM	Application Error	1000	(100)	"Faulting application name: AcroRd32.exe, version: 19.21.20048.26832, time stamp: 0x5da76dd8
Faulting module name: VCRUNTIME140.dll, version: 14.29.30037.0, time stamp: 0x609de41f
Exception code: 0xc0000005
Fault offset: 0x000032ae
Faulting process id: 0x8cc
Faulting application start time: 0x01d8114134340b48
Faulting application path: C:\Program Files (x86)\Adobe\Acrobat Reader DC\Reader\AcroRd32.exe
Faulting module path: C:\Windows\SYSTEM32\VCRUNTIME140.dll
Report Id: 724aaffd-7d34-11ec-82b2-000c29d75245
Faulting package full name: 
Faulting package-relative application ID: "
Error	1/25/2022 12:41:14 AM	Application Error	1000	(100)	"Faulting application name: AcroRd32.exe, version: 19.21.20048.26832, time stamp: 0x5da76dd8
Faulting module name: ucrtbase.DLL, version: 10.0.14393.2990, time stamp: 0x5caeb859
Exception code: 0xc0000409
Fault offset: 0x000884cb
Faulting process id: 0x21c
Faulting application start time: 0x01d811412260b60d
Faulting application path: C:\Program Files (x86)\Adobe\Acrobat Reader DC\Reader\AcroRd32.exe
Faulting module path: C:\Windows\SYSTEM32\ucrtbase.DLL
Report Id: 7166ff2c-7d34-11ec-82b2-000c29d75245
Faulting package full name: 
Faulting package-relative application ID: "
Error	1/25/2022 12:40:43 AM	Application Error	1000	(100)	"Faulting application name: AcroRd32.exe, version: 19.21.20048.26832, time stamp: 0x5da76dd8
Faulting module name: VCRUNTIME140.dll, version: 14.29.30037.0, time stamp: 0x609de41f
Exception code: 0xc0000005
Fault offset: 0x000032ae
Faulting process id: 0x98
Faulting application start time: 0x01d811412085cfaa
Faulting application path: C:\Program Files (x86)\Adobe\Acrobat Reader DC\Reader\AcroRd32.exe
Faulting module path: C:\Windows\SYSTEM32\VCRUNTIME140.dll
Report Id: 5ea543ce-7d34-11ec-82b2-000c29d75245
Faulting package full name: 
Faulting package-relative application ID: "
Error	1/25/2022 12:40:39 AM	Application Error	1000	(100)	"Faulting application name: AcroRd32.exe, version: 19.21.20048.26832, time stamp: 0x5da76dd8
Faulting module name: VCRUNTIME140.dll, version: 14.29.30037.0, time stamp: 0x609de41f
Exception code: 0xc0000005
Fault offset: 0x000032ae
Faulting process id: 0x494
Faulting application start time: 0x01d8114118a5af02
Faulting application path: C:\Program Files (x86)\Adobe\Acrobat Reader DC\Reader\AcroRd32.exe
Faulting module path: C:\Windows\SYSTEM32\VCRUNTIME140.dll
Report Id: 5cc0cf48-7d34-11ec-82b2-000c29d75245
Faulting package full name: 
Faulting package-relative application ID: "
Error	1/25/2022 12:40:26 AM	Application Error	1000	(100)	"Faulting application name: AcroRd32.exe, version: 19.21.20048.26832, time stamp: 0x5da76dd8
Faulting module name: VCRUNTIME140.dll, version: 14.29.30037.0, time stamp: 0x609de41f
Exception code: 0xc0000005
Fault offset: 0x000032ae
Faulting process id: 0x9c4
Faulting application start time: 0x01d8114116ca30ab
Faulting application path: C:\Program Files (x86)\Adobe\Acrobat Reader DC\Reader\AcroRd32.exe
Faulting module path: C:\Windows\SYSTEM32\VCRUNTIME140.dll
Report Id: 54e0ae9c-7d34-11ec-82b2-000c29d75245
Faulting package full name: 
Faulting package-relative application ID: "
Error	1/25/2022 12:40:23 AM	Application Error	1000	(100)	"Faulting application name: AcroRd32.exe, version: 19.21.20048.26832, time stamp: 0x5da76dd8
Faulting module name: VCRUNTIME140.dll, version: 14.29.30037.0, time stamp: 0x609de41f
Exception code: 0xc0000005
Fault offset: 0x000032ae
Faulting process id: 0x798
Faulting application start time: 0x01d8114114e848a8
Faulting application path: C:\Program Files (x86)\Adobe\Acrobat Reader DC\Reader\AcroRd32.exe
Faulting module path: C:\Windows\SYSTEM32\VCRUNTIME140.dll
Report Id: 53052fb9-7d34-11ec-82b2-000c29d75245
Faulting package full name: 
Faulting package-relative application ID: "
Error	1/25/2022 12:40:20 AM	Application Error	1000	(100)	"Faulting application name: AcroRd32.exe, version: 19.21.20048.26832, time stamp: 0x5da76dd8
Faulting module name: VCRUNTIME140.dll, version: 14.29.30037.0, time stamp: 0x609de41f
Exception code: 0xc0000005
Fault offset: 0x000032ae
Faulting process id: 0x514
Faulting application start time: 0x01d8114108fa4aa5
Faulting application path: C:\Program Files (x86)\Adobe\Acrobat Reader DC\Reader\AcroRd32.exe
Faulting module path: C:\Windows\SYSTEM32\VCRUNTIME140.dll
Report Id: 513b1f88-7d34-11ec-82b2-000c29d75245
Faulting package full name: 
Faulting package-relative application ID: "
Error	1/25/2022 12:40:00 AM	Application Error	1000	(100)	"Faulting application name: AcroRd32.exe, version: 19.21.20048.26832, time stamp: 0x5da76dd8
Faulting module name: VCRUNTIME140.dll, version: 14.29.30037.0, time stamp: 0x609de41f
Exception code: 0xc0000005
Fault offset: 0x000032ae
Faulting process id: 0x530
Faulting application start time: 0x01d811410119de1f
Faulting application path: C:\Program Files (x86)\Adobe\Acrobat Reader DC\Reader\AcroRd32.exe
Faulting module path: C:\Windows\SYSTEM32\VCRUNTIME140.dll
Report Id: 457cd060-7d34-11ec-82b2-000c29d75245
Faulting package full name: 
Faulting package-relative application ID: "
Error	1/25/2022 12:39:47 AM	Application Error	1000	(100)	"Faulting application name: AcroRd32.exe, version: 19.21.20048.26832, time stamp: 0x5da76dd8
Faulting module name: VCRUNTIME140.dll, version: 14.29.30037.0, time stamp: 0x609de41f
Exception code: 0xc0000005
Fault offset: 0x000032ae
Faulting process id: 0xbbc
Faulting application start time: 0x01d81140ff324cfc
Faulting application path: C:\Program Files (x86)\Adobe\Acrobat Reader DC\Reader\AcroRd32.exe
Faulting module path: C:\Windows\SYSTEM32\VCRUNTIME140.dll
Report Id: 3d468f9c-7d34-11ec-82b2-000c29d75245
Faulting package full name: 
Faulting package-relative application ID: "
Error	1/25/2022 12:39:44 AM	Application Error	1000	(100)	"Faulting application name: AcroRd32.exe, version: 19.21.20048.26832, time stamp: 0x5da76dd8
Faulting module name: VCRUNTIME140.dll, version: 14.29.30037.0, time stamp: 0x609de41f
Exception code: 0xc0000005
Fault offset: 0x000032ae
Faulting process id: 0x194
Faulting application start time: 0x01d81140fd52a17c
Faulting application path: C:\Program Files (x86)\Adobe\Acrobat Reader DC\Reader\AcroRd32.exe
Faulting module path: C:\Windows\SYSTEM32\VCRUNTIME140.dll
Report Id: 3b76d546-7d34-11ec-82b2-000c29d75245
Faulting package full name: 
Faulting package-relative application ID: "
Error	1/25/2022 12:39:40 AM	Application Error	1000	(100)	"Faulting application name: AcroRd32.exe, version: 19.21.20048.26832, time stamp: 0x5da76dd8
Faulting module name: VCRUNTIME140.dll, version: 14.29.30037.0, time stamp: 0x609de41f
Exception code: 0xc0000005
Fault offset: 0x000032ae
Faulting process id: 0x86c
Faulting application start time: 0x01d81140fb715312
Faulting application path: C:\Program Files (x86)\Adobe\Acrobat Reader DC\Reader\AcroRd32.exe
Faulting module path: C:\Windows\SYSTEM32\VCRUNTIME140.dll
Report Id: 399003c5-7d34-11ec-82b2-000c29d75245
Faulting package full name: 
Faulting package-relative application ID: "
Error	1/25/2022 12:39:37 AM	Application Error	1000	(100)	"Faulting application name: AcroRd32.exe, version: 19.21.20048.26832, time stamp: 0x5da76dd8
Faulting module name: VCRUNTIME140.dll, version: 14.29.30037.0, time stamp: 0x609de41f
Exception code: 0xc0000005
Fault offset: 0x000032ae
Faulting process id: 0xbec
Faulting application start time: 0x01d81140f98a8082
Faulting application path: C:\Program Files (x86)\Adobe\Acrobat Reader DC\Reader\AcroRd32.exe
Faulting module path: C:\Windows\SYSTEM32\VCRUNTIME140.dll
Report Id: 37b11701-7d34-11ec-82b2-000c29d75245
Faulting package full name: 
Faulting package-relative application ID: "
Error	1/25/2022 12:39:35 AM	Application Error	1000	(100)	"Faulting application name: AcroRd32.exe, version: 19.21.20048.26832, time stamp: 0x5da76dd8
Faulting module name: VCRUNTIME140.dll, version: 14.29.30037.0, time stamp: 0x609de41f
Exception code: 0xc0000005
Fault offset: 0x000032ae
Faulting process id: 0x9c8
Faulting application start time: 0x01d81140e42f1de4
Faulting application path: C:\Program Files (x86)\Adobe\Acrobat Reader DC\Reader\AcroRd32.exe
Faulting module path: C:\Windows\SYSTEM32\VCRUNTIME140.dll
Report Id: 360aa3fe-7d34-11ec-82b2-000c29d75245
Faulting package full name: 
Faulting package-relative application ID: "
Error	1/25/2022 12:38:58 AM	Application Error	1000	(100)	"Faulting application name: AcroRd32.exe, version: 19.21.20048.26832, time stamp: 0x5da76dd8
Faulting module name: VCRUNTIME140.dll, version: 14.29.30037.0, time stamp: 0x609de41f
Exception code: 0xc0000005
Fault offset: 0x000032ae
Faulting process id: 0xaa8
Faulting application start time: 0x01d81140daac1deb
Faulting application path: C:\Program Files (x86)\Adobe\Acrobat Reader DC\Reader\AcroRd32.exe
Faulting module path: C:\Windows\SYSTEM32\VCRUNTIME140.dll
Report Id: 207d3003-7d34-11ec-82b2-000c29d75245
Faulting package full name: 
Faulting package-relative application ID: "
Error	1/25/2022 12:38:44 AM	Application Error	1000	(100)	"Faulting application name: AcroRd32.exe, version: 19.21.20048.26832, time stamp: 0x5da76dd8
Faulting module name: ucrtbase.DLL, version: 10.0.14393.2990, time stamp: 0x5caeb859
Exception code: 0xc0000409
Fault offset: 0x000884cb
Faulting process id: 0x9e4
Faulting application start time: 0x01d81140cfa0793a
Faulting application path: C:\Program Files (x86)\Adobe\Acrobat Reader DC\Reader\AcroRd32.exe
Faulting module path: C:\Windows\SYSTEM32\ucrtbase.DLL
Report Id: 17dcaf6f-7d34-11ec-82b2-000c29d75245
Faulting package full name: 
Faulting package-relative application ID: "
Error	1/25/2022 12:38:24 AM	Application Error	1000	(100)	"Faulting application name: AcroRd32.exe, version: 19.21.20048.26832, time stamp: 0x5da76dd8
Faulting module name: VCRUNTIME140.dll, version: 14.29.30037.0, time stamp: 0x609de41f
Exception code: 0xc0000005
Fault offset: 0x000032ae
Faulting process id: 0xb54
Faulting application start time: 0x01d81140cdb4494c
Faulting application path: C:\Program Files (x86)\Adobe\Acrobat Reader DC\Reader\AcroRd32.exe
Faulting module path: C:\Windows\SYSTEM32\VCRUNTIME140.dll
Report Id: 0bd1ef31-7d34-11ec-82b2-000c29d75245
Faulting package full name: 
Faulting package-relative application ID: "
Error	1/25/2022 12:38:21 AM	Application Error	1000	(100)	"Faulting application name: AcroRd32.exe, version: 19.21.20048.26832, time stamp: 0x5da76dd8
Faulting module name: VCRUNTIME140.dll, version: 14.29.30037.0, time stamp: 0x609de41f
Exception code: 0xc0000005
Fault offset: 0x000032ae
Faulting process id: 0x774
Faulting application start time: 0x01d81140ca69c658
Faulting application path: C:\Program Files (x86)\Adobe\Acrobat Reader DC\Reader\AcroRd32.exe
Faulting module path: C:\Windows\SYSTEM32\VCRUNTIME140.dll
Report Id: 0a261ed5-7d34-11ec-82b2-000c29d75245
Faulting package full name: 
Faulting package-relative application ID: "
Error	1/25/2022 12:38:15 AM	Application Error	1000	(100)	"Faulting application name: AcroRd32.exe, version: 19.21.20048.26832, time stamp: 0x5da76dd8
Faulting module name: VCRUNTIME140.dll, version: 14.29.30037.0, time stamp: 0x609de41f
Exception code: 0xc0000005
Fault offset: 0x000032ae
Faulting process id: 0x4e4
Faulting application start time: 0x01d81140bf87dac0
Faulting application path: C:\Program Files (x86)\Adobe\Acrobat Reader DC\Reader\AcroRd32.exe
Faulting module path: C:\Windows\SYSTEM32\VCRUNTIME140.dll
Report Id: 06bc9dad-7d34-11ec-82b2-000c29d75245
Faulting package full name: 
Faulting package-relative application ID: "
Error	1/25/2022 12:37:57 AM	Application Error	1000	(100)	"Faulting application name: AcroRd32.exe, version: 19.21.20048.26832, time stamp: 0x5da76dd8
Faulting module name: VCRUNTIME140.dll, version: 14.29.30037.0, time stamp: 0x609de41f
Exception code: 0xc0000005
Fault offset: 0x000032ae
Faulting process id: 0x788
Faulting application start time: 0x01d81140bda93a6b
Faulting application path: C:\Program Files (x86)\Adobe\Acrobat Reader DC\Reader\AcroRd32.exe
Faulting module path: C:\Windows\SYSTEM32\VCRUNTIME140.dll
Report Id: fbb95056-7d33-11ec-82b2-000c29d75245
Faulting package full name: 
Faulting package-relative application ID: "
Error	1/25/2022 12:36:37 AM	Application Error	1000	(100)	"Faulting application name: AcroRd32.exe, version: 19.21.20048.26832, time stamp: 0x5da76dd8
Faulting module name: VCRUNTIME140.dll, version: 14.29.30037.0, time stamp: 0x609de41f
Exception code: 0xc0000005
Fault offset: 0x000032ae
Faulting process id: 0x9bc
Faulting application start time: 0x01d81140864a7eec
Faulting application path: C:\Program Files (x86)\Adobe\Acrobat Reader DC\Reader\AcroRd32.exe
Faulting module path: C:\Windows\SYSTEM32\VCRUNTIME140.dll
Report Id: cc0d8f07-7d33-11ec-82b2-000c29d75245
Faulting package full name: 
Faulting package-relative application ID: "
Error	1/25/2022 12:36:21 AM	Application Error	1000	(100)	"Faulting application name: AcroRd32.exe, version: 19.21.20048.26832, time stamp: 0x5da76dd8
Faulting module name: VCRUNTIME140.dll, version: 14.29.30037.0, time stamp: 0x609de41f
Exception code: 0xc0000005
Fault offset: 0x000032ae
Faulting process id: 0x11c
Faulting application start time: 0x01d81140846af9f7
Faulting application path: C:\Program Files (x86)\Adobe\Acrobat Reader DC\Reader\AcroRd32.exe
Faulting module path: C:\Windows\SYSTEM32\VCRUNTIME140.dll
Report Id: c2c37b71-7d33-11ec-82b2-000c29d75245
Faulting package full name: 
Faulting package-relative application ID: "
Error	1/25/2022 12:36:19 AM	Application Error	1000	(100)	"Faulting application name: AcroRd32.exe, version: 19.21.20048.26832, time stamp: 0x5da76dd8
Faulting module name: ucrtbase.DLL, version: 10.0.14393.2990, time stamp: 0x5caeb859
Exception code: 0xc0000409
Fault offset: 0x000884cb
Faulting process id: 0x2ac
Faulting application start time: 0x01d8114069e542d6
Faulting application path: C:\Program Files (x86)\Adobe\Acrobat Reader DC\Reader\AcroRd32.exe
Faulting module path: C:\Windows\SYSTEM32\ucrtbase.DLL
Report Id: c19deddb-7d33-11ec-82b2-000c29d75245
Faulting package full name: 
Faulting package-relative application ID: "
Error	1/25/2022 12:35:33 AM	Application Error	1000	(100)	"Faulting application name: AcroRd32.exe, version: 19.21.20048.26832, time stamp: 0x5da76dd8
Faulting module name: VCRUNTIME140.dll, version: 14.29.30037.0, time stamp: 0x609de41f
Exception code: 0xc0000005
Fault offset: 0x000032ae
Faulting process id: 0xb98
Faulting application start time: 0x01d8114067fa6ab3
Faulting application path: C:\Program Files (x86)\Adobe\Acrobat Reader DC\Reader\AcroRd32.exe
Faulting module path: C:\Windows\SYSTEM32\VCRUNTIME140.dll
Report Id: a61b7da1-7d33-11ec-82b2-000c29d75245
Faulting package full name: 
Faulting package-relative application ID: "
Error	1/25/2022 12:35:30 AM	Application Error	1000	(100)	"Faulting application name: AcroRd32.exe, version: 19.21.20048.26832, time stamp: 0x5da76dd8
Faulting module name: VCRUNTIME140.dll, version: 14.29.30037.0, time stamp: 0x609de41f
Exception code: 0xc0000005
Fault offset: 0x000032ae
Faulting process id: 0x2a0
Faulting application start time: 0x01d81140661abfb4
Faulting application path: C:\Program Files (x86)\Adobe\Acrobat Reader DC\Reader\AcroRd32.exe
Faulting module path: C:\Windows\SYSTEM32\VCRUNTIME140.dll
Report Id: a44d41f0-7d33-11ec-82b2-000c29d75245
Faulting package full name: 
Faulting package-relative application ID: "
Error	1/25/2022 12:35:27 AM	Application Error	1000	(100)	"Faulting application name: AcroRd32.exe, version: 19.21.20048.26832, time stamp: 0x5da76dd8
Faulting module name: VCRUNTIME140.dll, version: 14.29.30037.0, time stamp: 0x609de41f
Exception code: 0xc0000005
Fault offset: 0x000032ae
Faulting process id: 0x508
Faulting application start time: 0x01d81140643e81ce
Faulting application path: C:\Program Files (x86)\Adobe\Acrobat Reader DC\Reader\AcroRd32.exe
Faulting module path: C:\Windows\SYSTEM32\VCRUNTIME140.dll
Report Id: a250fa51-7d33-11ec-82b2-000c29d75245
Faulting package full name: 
Faulting package-relative application ID: "
Error	1/25/2022 12:35:25 AM	Application Error	1000	(100)	"Faulting application name: AcroRd32.exe, version: 19.21.20048.26832, time stamp: 0x5da76dd8
Faulting module name: ucrtbase.DLL, version: 10.0.14393.2990, time stamp: 0x5caeb859
Exception code: 0xc0000409
Fault offset: 0x000884cb
Faulting process id: 0x9d0
Faulting application start time: 0x01d81140463e98dd
Faulting application path: C:\Program Files (x86)\Adobe\Acrobat Reader DC\Reader\AcroRd32.exe
Faulting module path: C:\Windows\SYSTEM32\ucrtbase.DLL
Report Id: a17175d2-7d33-11ec-82b2-000c29d75245
Faulting package full name: 
Faulting package-relative application ID: "
Error	1/25/2022 12:34:33 AM	Application Error	1000	(100)	"Faulting application name: AcroRd32.exe, version: 19.21.20048.26832, time stamp: 0x5da76dd8
Faulting module name: VCRUNTIME140.dll, version: 14.29.30037.0, time stamp: 0x609de41f
Exception code: 0xc0000005
Fault offset: 0x000032ae
Faulting process id: 0xb3c
Faulting application start time: 0x01d811404453e6b9
Faulting application path: C:\Program Files (x86)\Adobe\Acrobat Reader DC\Reader\AcroRd32.exe
Faulting module path: C:\Windows\SYSTEM32\VCRUNTIME140.dll
Report Id: 82727168-7d33-11ec-82b2-000c29d75245
Faulting package full name: 
Faulting package-relative application ID: "
Error	1/25/2022 12:34:31 AM	Application Error	1000	(100)	"Faulting application name: AcroRd32.exe, version: 19.21.20048.26832, time stamp: 0x5da76dd8
Faulting module name: VCRUNTIME140.dll, version: 14.29.30037.0, time stamp: 0x609de41f
Exception code: 0xc0000005
Fault offset: 0x000032ae
Faulting process id: 0xe8
Faulting application start time: 0x01d8114040fb1591
Faulting application path: C:\Program Files (x86)\Adobe\Acrobat Reader DC\Reader\AcroRd32.exe
Faulting module path: C:\Windows\SYSTEM32\VCRUNTIME140.dll
Report Id: 80d8cef1-7d33-11ec-82b2-000c29d75245
Faulting package full name: 
Faulting package-relative application ID: "
Error	1/25/2022 12:34:24 AM	Application Error	1000	(100)	"Faulting application name: AcroRd32.exe, version: 19.21.20048.26832, time stamp: 0x5da76dd8
Faulting module name: VCRUNTIME140.dll, version: 14.29.30037.0, time stamp: 0x609de41f
Exception code: 0xc0000005
Fault offset: 0x000032ae
Faulting process id: 0x8b8
Faulting application start time: 0x01d811403f135eb0
Faulting application path: C:\Program Files (x86)\Adobe\Acrobat Reader DC\Reader\AcroRd32.exe
Faulting module path: C:\Windows\SYSTEM32\VCRUNTIME140.dll
Report Id: 7d2c8bbb-7d33-11ec-82b2-000c29d75245
Faulting package full name: 
Faulting package-relative application ID: "
Error	1/25/2022 12:34:23 AM	Application Error	1000	(100)	"Faulting application name: AcroRd32.exe, version: 19.21.20048.26832, time stamp: 0x5da76dd8
Faulting module name: ucrtbase.DLL, version: 10.0.14393.2990, time stamp: 0x5caeb859
Exception code: 0xc0000409
Fault offset: 0x000884cb
Faulting process id: 0x7a0
Faulting application start time: 0x01d81140222c7e87
Faulting application path: C:\Program Files (x86)\Adobe\Acrobat Reader DC\Reader\AcroRd32.exe
Faulting module path: C:\Windows\SYSTEM32\ucrtbase.DLL
Report Id: 7c48b4b3-7d33-11ec-82b2-000c29d75245
Faulting package full name: 
Faulting package-relative application ID: "
Error	1/25/2022 12:33:33 AM	Application Error	1000	(100)	"Faulting application name: AcroRd32.exe, version: 19.21.20048.26832, time stamp: 0x5da76dd8
Faulting module name: VCRUNTIME140.dll, version: 14.29.30037.0, time stamp: 0x609de41f
Exception code: 0xc0000005
Fault offset: 0x000032ae
Faulting process id: 0x4b0
Faulting application start time: 0x01d81140204bee86
Faulting application path: C:\Program Files (x86)\Adobe\Acrobat Reader DC\Reader\AcroRd32.exe
Faulting module path: C:\Windows\SYSTEM32\VCRUNTIME140.dll
Report Id: 5e9e5443-7d33-11ec-82b2-000c29d75245
Faulting package full name: 
Faulting package-relative application ID: "
Error	1/25/2022 12:33:30 AM	Application Error	1000	(100)	"Faulting application name: AcroRd32.exe, version: 19.21.20048.26832, time stamp: 0x5da76dd8
Faulting module name: VCRUNTIME140.dll, version: 14.29.30037.0, time stamp: 0x609de41f
Exception code: 0xc0000005
Fault offset: 0x000032ae
Faulting process id: 0x900
Faulting application start time: 0x01d811401e61af2a
Faulting application path: C:\Program Files (x86)\Adobe\Acrobat Reader DC\Reader\AcroRd32.exe
Faulting module path: C:\Windows\SYSTEM32\VCRUNTIME140.dll
Report Id: 5c7b0280-7d33-11ec-82b2-000c29d75245
Faulting package full name: 
Faulting package-relative application ID: "
Error	1/25/2022 12:33:27 AM	Application Error	1000	(100)	"Faulting application name: AcroRd32.exe, version: 19.21.20048.26832, time stamp: 0x5da76dd8
Faulting module name: VCRUNTIME140.dll, version: 14.29.30037.0, time stamp: 0x609de41f
Exception code: 0xc0000005
Fault offset: 0x000032ae
Faulting process id: 0x5e4
Faulting application start time: 0x01d8114016818e6b
Faulting application path: C:\Program Files (x86)\Adobe\Acrobat Reader DC\Reader\AcroRd32.exe
Faulting module path: C:\Windows\SYSTEM32\VCRUNTIME140.dll
Report Id: 5ab223b3-7d33-11ec-82b2-000c29d75245
Faulting package full name: 
Faulting package-relative application ID: "
Error	1/25/2022 12:33:13 AM	Application Error	1000	(100)	"Faulting application name: AcroRd32.exe, version: 19.21.20048.26832, time stamp: 0x5da76dd8
Faulting module name: VCRUNTIME140.dll, version: 14.29.30037.0, time stamp: 0x609de41f
Exception code: 0xc0000005
Fault offset: 0x000032ae
Faulting process id: 0xa28
Faulting application start time: 0x01d8114014998aed
Faulting application path: C:\Program Files (x86)\Adobe\Acrobat Reader DC\Reader\AcroRd32.exe
Faulting module path: C:\Windows\SYSTEM32\VCRUNTIME140.dll
Report Id: 52b566d6-7d33-11ec-82b2-000c29d75245
Faulting package full name: 
Faulting package-relative application ID: "
Error	1/25/2022 12:33:08 AM	Application Error	1000	(100)	"Faulting application name: AcroRd32.exe, version: 19.21.20048.26832, time stamp: 0x5da76dd8
Faulting module name: VCRUNTIME140.dll, version: 14.29.30037.0, time stamp: 0x609de41f
Exception code: 0xc0000005
Fault offset: 0x000032ae
Faulting process id: 0x140
Faulting application start time: 0x01d811400fba779b
Faulting application path: C:\Program Files (x86)\Adobe\Acrobat Reader DC\Reader\AcroRd32.exe
Faulting module path: C:\Windows\SYSTEM32\VCRUNTIME140.dll
Report Id: 4fd0a9f8-7d33-11ec-82b2-000c29d75245
Faulting package full name: 
Faulting package-relative application ID: "
Error	1/25/2022 12:33:02 AM	Application Error	1000	(100)	"Faulting application name: AcroRd32.exe, version: 19.21.20048.26832, time stamp: 0x5da76dd8
Faulting module name: VCRUNTIME140.dll, version: 14.29.30037.0, time stamp: 0x609de41f
Exception code: 0xc0000005
Fault offset: 0x000032ae
Faulting process id: 0x798
Faulting application start time: 0x01d811400dd6797d
Faulting application path: C:\Program Files (x86)\Adobe\Acrobat Reader DC\Reader\AcroRd32.exe
Faulting module path: C:\Windows\SYSTEM32\VCRUNTIME140.dll
Report Id: 4c016252-7d33-11ec-82b2-000c29d75245
Faulting package full name: 
Faulting package-relative application ID: "
Error	1/25/2022 12:32:59 AM	Application Error	1000	(100)	"Faulting application name: AcroRd32.exe, version: 19.21.20048.26832, time stamp: 0x5da76dd8
Faulting module name: VCRUNTIME140.dll, version: 14.29.30037.0, time stamp: 0x609de41f
Exception code: 0xc0000005
Fault offset: 0x000032ae
Faulting process id: 0xa80
Faulting application start time: 0x01d811400bf08c64
Faulting application path: C:\Program Files (x86)\Adobe\Acrobat Reader DC\Reader\AcroRd32.exe
Faulting module path: C:\Windows\SYSTEM32\VCRUNTIME140.dll
Report Id: 4a3a00fb-7d33-11ec-82b2-000c29d75245
Faulting package full name: 
Faulting package-relative application ID: "
Error	1/25/2022 12:32:55 AM	Application Error	1000	(100)	"Faulting application name: AcroRd32.exe, version: 19.21.20048.26832, time stamp: 0x5da76dd8
Faulting module name: VCRUNTIME140.dll, version: 14.29.30037.0, time stamp: 0x609de41f
Exception code: 0xc0000005
Fault offset: 0x000032ae
Faulting process id: 0x674
Faulting application start time: 0x01d811400a0626c2
Faulting application path: C:\Program Files (x86)\Adobe\Acrobat Reader DC\Reader\AcroRd32.exe
Faulting module path: C:\Windows\SYSTEM32\VCRUNTIME140.dll
Report Id: 481fa05d-7d33-11ec-82b2-000c29d75245
Faulting package full name: 
Faulting package-relative application ID: "
Error	1/25/2022 12:32:52 AM	Application Error	1000	(100)	"Faulting application name: AcroRd32.exe, version: 19.21.20048.26832, time stamp: 0x5da76dd8
Faulting module name: VCRUNTIME140.dll, version: 14.29.30037.0, time stamp: 0x609de41f
Exception code: 0xc0000005
Fault offset: 0x000032ae
Faulting process id: 0xac0
Faulting application start time: 0x01d811400825241b
Faulting application path: C:\Program Files (x86)\Adobe\Acrobat Reader DC\Reader\AcroRd32.exe
Faulting module path: C:\Windows\SYSTEM32\VCRUNTIME140.dll
Report Id: 463ec395-7d33-11ec-82b2-000c29d75245
Faulting package full name: 
Faulting package-relative application ID: "
Error	1/25/2022 12:32:49 AM	Application Error	1000	(100)	"Faulting application name: AcroRd32.exe, version: 19.21.20048.26832, time stamp: 0x5da76dd8
Faulting module name: VCRUNTIME140.dll, version: 14.29.30037.0, time stamp: 0x609de41f
Exception code: 0xc0000005
Fault offset: 0x000032ae
Faulting process id: 0xa1c
Faulting application start time: 0x01d81140063d9319
Faulting application path: C:\Program Files (x86)\Adobe\Acrobat Reader DC\Reader\AcroRd32.exe
Faulting module path: C:\Windows\SYSTEM32\VCRUNTIME140.dll
Report Id: 44759891-7d33-11ec-82b2-000c29d75245
Faulting package full name: 
Faulting package-relative application ID: "
Error	1/25/2022 12:32:48 AM	Application Error	1000	(100)	"Faulting application name: AcroRd32.exe, version: 19.21.20048.26832, time stamp: 0x5da76dd8
Faulting module name: ucrtbase.DLL, version: 10.0.14393.2990, time stamp: 0x5caeb859
Exception code: 0xc0000409
Fault offset: 0x000884cb
Faulting process id: 0x5a4
Faulting application start time: 0x01d8113ff40bc4f0
Faulting application path: C:\Program Files (x86)\Adobe\Acrobat Reader DC\Reader\AcroRd32.exe
Faulting module path: C:\Windows\SYSTEM32\ucrtbase.DLL
Report Id: 4372e958-7d33-11ec-82b2-000c29d75245
Faulting package full name: 
Faulting package-relative application ID: "
Error	1/25/2022 12:32:17 AM	Application Error	1000	(100)	"Faulting application name: AcroRd32.exe, version: 19.21.20048.26832, time stamp: 0x5da76dd8
Faulting module name: ucrtbase.DLL, version: 10.0.14393.2990, time stamp: 0x5caeb859
Exception code: 0xc0000409
Fault offset: 0x000884cb
Faulting process id: 0x598
Faulting application start time: 0x01d8113fe759d34e
Faulting application path: C:\Program Files (x86)\Adobe\Acrobat Reader DC\Reader\AcroRd32.exe
Faulting module path: C:\Windows\SYSTEM32\ucrtbase.DLL
Report Id: 31437d79-7d33-11ec-82b2-000c29d75245
Faulting package full name: 
Faulting package-relative application ID: "
Error	1/25/2022 12:31:56 AM	Application Error	1000	(100)	"Faulting application name: AcroRd32.exe, version: 19.21.20048.26832, time stamp: 0x5da76dd8
Faulting module name: ucrtbase.DLL, version: 10.0.14393.2990, time stamp: 0x5caeb859
Exception code: 0xc0000409
Fault offset: 0x000884cb
Faulting process id: 0xf0
Faulting application start time: 0x01d8113fc4086534
Faulting application path: C:\Program Files (x86)\Adobe\Acrobat Reader DC\Reader\AcroRd32.exe
Faulting module path: C:\Windows\SYSTEM32\ucrtbase.DLL
Report Id: 248f2980-7d33-11ec-82b2-000c29d75245
Faulting package full name: 
Faulting package-relative application ID: "
Error	1/25/2022 12:30:55 AM	Application Error	1000	(100)	"Faulting application name: AcroRd32.exe, version: 19.21.20048.26832, time stamp: 0x5da76dd8
Faulting module name: VCRUNTIME140.dll, version: 14.29.30037.0, time stamp: 0x609de41f
Exception code: 0xc0000005
Fault offset: 0x000032ae
Faulting process id: 0x240
Faulting application start time: 0x01d8113fc22bdb2e
Faulting application path: C:\Program Files (x86)\Adobe\Acrobat Reader DC\Reader\AcroRd32.exe
Faulting module path: C:\Windows\SYSTEM32\VCRUNTIME140.dll
Report Id: 003e9fd5-7d33-11ec-82b2-000c29d75245
Faulting package full name: 
Faulting package-relative application ID: "
Error	1/25/2022 12:30:53 AM	Application Error	1000	(100)	"Faulting application name: AcroRd32.exe, version: 19.21.20048.26832, time stamp: 0x5da76dd8
Faulting module name: ucrtbase.DLL, version: 10.0.14393.2990, time stamp: 0x5caeb859
Exception code: 0xc0000409
Fault offset: 0x000884cb
Faulting process id: 0xae0
Faulting application start time: 0x01d8113fb68cd73e
Faulting application path: C:\Program Files (x86)\Adobe\Acrobat Reader DC\Reader\AcroRd32.exe
Faulting module path: C:\Windows\SYSTEM32\ucrtbase.DLL
Report Id: ff5ecf37-7d32-11ec-82b2-000c29d75245
Faulting package full name: 
Faulting package-relative application ID: "
Error	1/25/2022 12:30:32 AM	Application Error	1000	(100)	"Faulting application name: AcroRd32.exe, version: 19.21.20048.26832, time stamp: 0x5da76dd8
Faulting module name: VCRUNTIME140.dll, version: 14.29.30037.0, time stamp: 0x609de41f
Exception code: 0xc0000005
Fault offset: 0x000032ae
Faulting process id: 0x6b4
Faulting application start time: 0x01d8113fb4b072df
Faulting application path: C:\Program Files (x86)\Adobe\Acrobat Reader DC\Reader\AcroRd32.exe
Faulting module path: C:\Windows\SYSTEM32\VCRUNTIME140.dll
Report Id: f2ca38b6-7d32-11ec-82b2-000c29d75245
Faulting package full name: 
Faulting package-relative application ID: "
