Error	5/1/2022 5:43:47 PM	Application Error	1000	(100)	"Faulting application name: FoxitPDFReader.exe, version: 11.2.1.53537, time stamp: 0x61ea7adc
Faulting module name: FoxitPDFReader.exe, version: 11.2.1.53537, time stamp: 0x61ea7adc
Exception code: 0xc0000005
Fault offset: 0x02963028
Faulting process id: 0x86c
Faulting application start time: 0x01d85d3fde9b5946
Faulting application path: C:\Program Files (x86)\Foxit Software\Foxit PDF Reader\FoxitPDFReader.exe
Faulting module path: C:\Program Files (x86)\Foxit Software\Foxit PDF Reader\FoxitPDFReader.exe
Report Id: 327be83c-c933-11ec-82ab-000c29dc2d29
Faulting package full name: 
Faulting package-relative application ID: "
Error	5/1/2022 5:43:08 PM	Application Error	1000	(100)	"Faulting application name: FoxitPDFReader.exe, version: 11.2.1.53537, time stamp: 0x61ea7adc
Faulting module name: FoxitPDFReader.exe, version: 11.2.1.53537, time stamp: 0x61ea7adc
Exception code: 0xc0000005
Fault offset: 0x029635e1
Faulting process id: 0x524
Faulting application start time: 0x01d85d3fd5af40ce
Faulting application path: C:\Program Files (x86)\Foxit Software\Foxit PDF Reader\FoxitPDFReader.exe
Faulting module path: C:\Program Files (x86)\Foxit Software\Foxit PDF Reader\FoxitPDFReader.exe
Report Id: 1ae4a4ee-c933-11ec-82ab-000c29dc2d29
Faulting package full name: 
Faulting package-relative application ID: "
Error	5/1/2022 5:42:53 PM	Application Error	1000	(100)	"Faulting application name: FoxitPDFReader.exe, version: 11.2.1.53537, time stamp: 0x61ea7adc
Faulting module name: FoxitPDFReader.exe, version: 11.2.1.53537, time stamp: 0x61ea7adc
Exception code: 0xc0000005
Fault offset: 0x02aa00cf
Faulting process id: 0xbcc
Faulting application start time: 0x01d85d3fd0dc38b9
Faulting application path: C:\Program Files (x86)\Foxit Software\Foxit PDF Reader\FoxitPDFReader.exe
Faulting module path: C:\Program Files (x86)\Foxit Software\Foxit PDF Reader\FoxitPDFReader.exe
Report Id: 11faeecc-c933-11ec-82ab-000c29dc2d29
Faulting package full name: 
Faulting package-relative application ID: "
Error	5/1/2022 5:42:45 PM	Application Error	1000	(100)	"Faulting application name: FoxitPDFReader.exe, version: 11.2.1.53537, time stamp: 0x61ea7adc
Faulting module name: FoxitPDFReader.exe, version: 11.2.1.53537, time stamp: 0x61ea7adc
Exception code: 0xc0000005
Fault offset: 0x029635e1
Faulting process id: 0x124
Faulting application start time: 0x01d85d3fcc3da40b
Faulting application path: C:\Program Files (x86)\Foxit Software\Foxit PDF Reader\FoxitPDFReader.exe
Faulting module path: C:\Program Files (x86)\Foxit Software\Foxit PDF Reader\FoxitPDFReader.exe
Report Id: 0d33d268-c933-11ec-82ab-000c29dc2d29
Faulting package full name: 
Faulting package-relative application ID: "
Error	5/1/2022 5:42:37 PM	Application Error	1000	(100)	"Faulting application name: FoxitPDFReader.exe, version: 11.2.1.53537, time stamp: 0x61ea7adc
Faulting module name: FoxitPDFReader.exe, version: 11.2.1.53537, time stamp: 0x61ea7adc
Exception code: 0xc0000005
Fault offset: 0x02aa00cf
Faulting process id: 0x508
Faulting application start time: 0x01d85d3fc8fb28bd
Faulting application path: C:\Program Files (x86)\Foxit Software\Foxit PDF Reader\FoxitPDFReader.exe
Faulting module path: C:\Program Files (x86)\Foxit Software\Foxit PDF Reader\FoxitPDFReader.exe
Report Id: 088e16ca-c933-11ec-82ab-000c29dc2d29
Faulting package full name: 
Faulting package-relative application ID: "
Error	5/1/2022 5:42:32 PM	Application Error	1000	(100)	"Faulting application name: FoxitPDFReader.exe, version: 11.2.1.53537, time stamp: 0x61ea7adc
Faulting module name: FoxitPDFReader.exe, version: 11.2.1.53537, time stamp: 0x61ea7adc
Exception code: 0xc0000005
Fault offset: 0x02963028
Faulting process id: 0x5d4
Faulting application start time: 0x01d85d3fc5bb0fb8
Faulting application path: C:\Program Files (x86)\Foxit Software\Foxit PDF Reader\FoxitPDFReader.exe
Faulting module path: C:\Program Files (x86)\Foxit Software\Foxit PDF Reader\FoxitPDFReader.exe
Report Id: 054dfdb1-c933-11ec-82ab-000c29dc2d29
Faulting package full name: 
Faulting package-relative application ID: "
Error	5/1/2022 5:42:26 PM	Application Error	1000	(100)	"Faulting application name: FoxitPDFReader.exe, version: 11.2.1.53537, time stamp: 0x61ea7adc
Faulting module name: unknown, version: 0.0.0.0, time stamp: 0x00000000
Exception code: 0xc0000005
Fault offset: 0xffffffff
Faulting process id: 0xb20
Faulting application start time: 0x01d85d3fc27d5935
Faulting application path: C:\Program Files (x86)\Foxit Software\Foxit PDF Reader\FoxitPDFReader.exe
Faulting module path: unknown
Report Id: 0212a9b5-c933-11ec-82ab-000c29dc2d29
Faulting package full name: 
Faulting package-relative application ID: "
Error	5/1/2022 5:42:21 PM	Application Error	1000	(100)	"Faulting application name: FoxitPDFReader.exe, version: 11.2.1.53537, time stamp: 0x61ea7adc
Faulting module name: FoxitPDFReader.exe, version: 11.2.1.53537, time stamp: 0x61ea7adc
Exception code: 0xc0000005
Fault offset: 0x02963028
Faulting process id: 0xba4
Faulting application start time: 0x01d85d3fac448909
Faulting application path: C:\Program Files (x86)\Foxit Software\Foxit PDF Reader\FoxitPDFReader.exe
Faulting module path: C:\Program Files (x86)\Foxit Software\Foxit PDF Reader\FoxitPDFReader.exe
Report Id: fecdcc2a-c932-11ec-82ab-000c29dc2d29
Faulting package full name: 
Faulting package-relative application ID: "
Error	5/1/2022 5:41:43 PM	Application Error	1000	(100)	"Faulting application name: FoxitPDFReader.exe, version: 11.2.1.53537, time stamp: 0x61ea7adc
Faulting module name: FoxitPDFReader.exe, version: 11.2.1.53537, time stamp: 0x61ea7adc
Exception code: 0xc0000005
Fault offset: 0x029636f3
Faulting process id: 0x998
Faulting application start time: 0x01d85d3fa4c9fbdf
Faulting application path: C:\Program Files (x86)\Foxit Software\Foxit PDF Reader\FoxitPDFReader.exe
Faulting module path: C:\Program Files (x86)\Foxit Software\Foxit PDF Reader\FoxitPDFReader.exe
Report Id: e8975d94-c932-11ec-82ab-000c29dc2d29
Faulting package full name: 
Faulting package-relative application ID: "
Error	5/1/2022 5:41:31 PM	Application Error	1000	(100)	"Faulting application name: FoxitPDFReader.exe, version: 11.2.1.53537, time stamp: 0x61ea7adc
Faulting module name: FoxitPDFReader.exe, version: 11.2.1.53537, time stamp: 0x61ea7adc
Exception code: 0xc0000005
Fault offset: 0x02aa00cf
Faulting process id: 0x370
Faulting application start time: 0x01d85d3f9b9fe2be
Faulting application path: C:\Program Files (x86)\Foxit Software\Foxit PDF Reader\FoxitPDFReader.exe
Faulting module path: C:\Program Files (x86)\Foxit Software\Foxit PDF Reader\FoxitPDFReader.exe
Report Id: e11a6e22-c932-11ec-82ab-000c29dc2d29
Faulting package full name: 
Faulting package-relative application ID: "
Error	5/1/2022 5:41:15 PM	Application Error	1000	(100)	"Faulting application name: FoxitPDFReader.exe, version: 11.2.1.53537, time stamp: 0x61ea7adc
Faulting module name: FoxitPDFReader.exe, version: 11.2.1.53537, time stamp: 0x61ea7adc
Exception code: 0xc0000005
Fault offset: 0x02963028
Faulting process id: 0x918
Faulting application start time: 0x01d85d3f94019529
Faulting application path: C:\Program Files (x86)\Foxit Software\Foxit PDF Reader\FoxitPDFReader.exe
Faulting module path: C:\Program Files (x86)\Foxit Software\Foxit PDF Reader\FoxitPDFReader.exe
Report Id: d7edf2fa-c932-11ec-82ab-000c29dc2d29
Faulting package full name: 
Faulting package-relative application ID: "
Error	5/1/2022 5:41:03 PM	Application Error	1000	(100)	"Faulting application name: FoxitPDFReader.exe, version: 11.2.1.53537, time stamp: 0x61ea7adc
Faulting module name: FoxitPDFReader.exe, version: 11.2.1.53537, time stamp: 0x61ea7adc
Exception code: 0xc0000409
Fault offset: 0x03ccb7cf
Faulting process id: 0xbcc
Faulting application start time: 0x01d85d3f90c6411a
Faulting application path: C:\Program Files (x86)\Foxit Software\Foxit PDF Reader\FoxitPDFReader.exe
Faulting module path: C:\Program Files (x86)\Foxit Software\Foxit PDF Reader\FoxitPDFReader.exe
Report Id: d060560d-c932-11ec-82ab-000c29dc2d29
Faulting package full name: 
Faulting package-relative application ID: "
Error	5/1/2022 5:40:57 PM	Application Error	1000	(100)	"Faulting application name: FoxitPDFReader.exe, version: 11.2.1.53537, time stamp: 0x61ea7adc
Faulting module name: FoxitPDFReader.exe, version: 11.2.1.53537, time stamp: 0x61ea7adc
Exception code: 0xc0000005
Fault offset: 0x02963028
Faulting process id: 0x6d4
Faulting application start time: 0x01d85d3f8aa0a909
Faulting application path: C:\Program Files (x86)\Foxit Software\Foxit PDF Reader\FoxitPDFReader.exe
Faulting module path: C:\Program Files (x86)\Foxit Software\Foxit PDF Reader\FoxitPDFReader.exe
Report Id: cd16b3ad-c932-11ec-82ab-000c29dc2d29
Faulting package full name: 
Faulting package-relative application ID: "
Error	5/1/2022 5:40:47 PM	Application Error	1000	(100)	"Faulting application name: FoxitPDFReader.exe, version: 11.2.1.53537, time stamp: 0x61ea7adc
Faulting module name: FoxitPDFReader.exe, version: 11.2.1.53537, time stamp: 0x61ea7adc
Exception code: 0xc0000005
Fault offset: 0x029635e1
Faulting process id: 0xa3c
Faulting application start time: 0x01d85d3f790d9cc7
Faulting application path: C:\Program Files (x86)\Foxit Software\Foxit PDF Reader\FoxitPDFReader.exe
Faulting module path: C:\Program Files (x86)\Foxit Software\Foxit PDF Reader\FoxitPDFReader.exe
Report Id: c6eeb993-c932-11ec-82ab-000c29dc2d29
Faulting package full name: 
Faulting package-relative application ID: "
Error	5/1/2022 5:40:17 PM	Application Error	1000	(100)	"Faulting application name: FoxitPDFReader.exe, version: 11.2.1.53537, time stamp: 0x61ea7adc
Faulting module name: FoxitPDFReader.exe, version: 11.2.1.53537, time stamp: 0x61ea7adc
Exception code: 0xc0000005
Fault offset: 0x02963028
Faulting process id: 0x5b8
Faulting application start time: 0x01d85d3f6ec56b46
Faulting application path: C:\Program Files (x86)\Foxit Software\Foxit PDF Reader\FoxitPDFReader.exe
Faulting module path: C:\Program Files (x86)\Foxit Software\Foxit PDF Reader\FoxitPDFReader.exe
Report Id: b55badaa-c932-11ec-82ab-000c29dc2d29
Faulting package full name: 
Faulting package-relative application ID: "
Error	5/1/2022 5:40:00 PM	Application Error	1000	(100)	"Faulting application name: FoxitPDFReader.exe, version: 11.2.1.53537, time stamp: 0x61ea7adc
Faulting module name: FoxitPDFReader.exe, version: 11.2.1.53537, time stamp: 0x61ea7adc
Exception code: 0xc0000005
Fault offset: 0x02963028
Faulting process id: 0x898
Faulting application start time: 0x01d85d3f5ff8df7f
Faulting application path: C:\Program Files (x86)\Foxit Software\Foxit PDF Reader\FoxitPDFReader.exe
Faulting module path: C:\Program Files (x86)\Foxit Software\Foxit PDF Reader\FoxitPDFReader.exe
Report Id: ab137b96-c932-11ec-82ab-000c29dc2d29
Faulting package full name: 
Faulting package-relative application ID: "
Error	5/1/2022 5:39:35 PM	Application Error	1000	(100)	"Faulting application name: FoxitPDFReader.exe, version: 11.2.1.53537, time stamp: 0x61ea7adc
Faulting module name: FoxitPDFReader.exe, version: 11.2.1.53537, time stamp: 0x61ea7adc
Exception code: 0xc0000005
Fault offset: 0x02963028
Faulting process id: 0x664
Faulting application start time: 0x01d85d3f526e327f
Faulting application path: C:\Program Files (x86)\Foxit Software\Foxit PDF Reader\FoxitPDFReader.exe
Faulting module path: C:\Program Files (x86)\Foxit Software\Foxit PDF Reader\FoxitPDFReader.exe
Report Id: 9c422b31-c932-11ec-82ab-000c29dc2d29
Faulting package full name: 
Faulting package-relative application ID: "
Error	5/1/2022 5:39:13 PM	Application Error	1000	(100)	"Faulting application name: FoxitPDFReader.exe, version: 11.2.1.53537, time stamp: 0x61ea7adc
Faulting module name: FoxitPDFReader.exe, version: 11.2.1.53537, time stamp: 0x61ea7adc
Exception code: 0xc0000005
Fault offset: 0x02963028
Faulting process id: 0xb14
Faulting application start time: 0x01d85d3f496a42aa
Faulting application path: C:\Program Files (x86)\Foxit Software\Foxit PDF Reader\FoxitPDFReader.exe
Faulting module path: C:\Program Files (x86)\Foxit Software\Foxit PDF Reader\FoxitPDFReader.exe
Report Id: 8ebc4300-c932-11ec-82ab-000c29dc2d29
Faulting package full name: 
Faulting package-relative application ID: "
Error	5/1/2022 5:38:58 PM	Application Error	1000	(100)	"Faulting application name: FoxitPDFReader.exe, version: 11.2.1.53537, time stamp: 0x61ea7adc
Faulting module name: FoxitPDFReader.exe, version: 11.2.1.53537, time stamp: 0x61ea7adc
Exception code: 0xc0000005
Fault offset: 0x02963028
Faulting process id: 0xb10
Faulting application start time: 0x01d85d3f43470cfe
Faulting application path: C:\Program Files (x86)\Foxit Software\Foxit PDF Reader\FoxitPDFReader.exe
Faulting module path: C:\Program Files (x86)\Foxit Software\Foxit PDF Reader\FoxitPDFReader.exe
Report Id: 85bab560-c932-11ec-82ab-000c29dc2d29
Faulting package full name: 
Faulting package-relative application ID: "
Error	5/1/2022 5:38:47 PM	Application Error	1000	(100)	"Faulting application name: FoxitPDFReader.exe, version: 11.2.1.53537, time stamp: 0x61ea7adc
Faulting module name: FoxitPDFReader.exe, version: 11.2.1.53537, time stamp: 0x61ea7adc
Exception code: 0xc0000005
Fault offset: 0x02963028
Faulting process id: 0x48
Faulting application start time: 0x01d85d3f389d1a62
Faulting application path: C:\Program Files (x86)\Foxit Software\Foxit PDF Reader\FoxitPDFReader.exe
Faulting module path: C:\Program Files (x86)\Foxit Software\Foxit PDF Reader\FoxitPDFReader.exe
Report Id: 7f92bafc-c932-11ec-82ab-000c29dc2d29
Faulting package full name: 
Faulting package-relative application ID: "
Error	5/1/2022 5:38:29 PM	Application Error	1000	(100)	"Faulting application name: FoxitPDFReader.exe, version: 11.2.1.53537, time stamp: 0x61ea7adc
Faulting module name: FoxitPDFReader.exe, version: 11.2.1.53537, time stamp: 0x61ea7adc
Exception code: 0xc0000005
Fault offset: 0x02963028
Faulting process id: 0x3a0
Faulting application start time: 0x01d85d3f3253bef5
Faulting application path: C:\Program Files (x86)\Foxit Software\Foxit PDF Reader\FoxitPDFReader.exe
Faulting module path: C:\Program Files (x86)\Foxit Software\Foxit PDF Reader\FoxitPDFReader.exe
Report Id: 74eb2ae8-c932-11ec-82ab-000c29dc2d29
Faulting package full name: 
Faulting package-relative application ID: "
Error	5/1/2022 5:38:19 PM	Application Error	1000	(100)	"Faulting application name: FoxitPDFReader.exe, version: 11.2.1.53537, time stamp: 0x61ea7adc
Faulting module name: FoxitPDFReader.exe, version: 11.2.1.53537, time stamp: 0x61ea7adc
Exception code: 0xc0000005
Fault offset: 0x02963028
Faulting process id: 0x2b4
Faulting application start time: 0x01d85d3f2aabeac7
Faulting application path: C:\Program Files (x86)\Foxit Software\Foxit PDF Reader\FoxitPDFReader.exe
Faulting module path: C:\Program Files (x86)\Foxit Software\Foxit PDF Reader\FoxitPDFReader.exe
Report Id: 6ea8f66c-c932-11ec-82ab-000c29dc2d29
Faulting package full name: 
Faulting package-relative application ID: "
Error	5/1/2022 5:38:06 PM	Application Error	1000	(100)	"Faulting application name: FoxitPDFReader.exe, version: 11.2.1.53537, time stamp: 0x61ea7adc
Faulting module name: FoxitPDFReader.exe, version: 11.2.1.53537, time stamp: 0x61ea7adc
Exception code: 0xc0000005
Fault offset: 0x02963028
Faulting process id: 0x9d4
Faulting application start time: 0x01d85d3f276be0ea
Faulting application path: C:\Program Files (x86)\Foxit Software\Foxit PDF Reader\FoxitPDFReader.exe
Faulting module path: C:\Program Files (x86)\Foxit Software\Foxit PDF Reader\FoxitPDFReader.exe
Report Id: 66fec076-c932-11ec-82ab-000c29dc2d29
Faulting package full name: 
Faulting package-relative application ID: "
Error	5/1/2022 5:38:01 PM	Application Error	1000	(100)	"Faulting application name: FoxitPDFReader.exe, version: 11.2.1.53537, time stamp: 0x61ea7adc
Faulting module name: FoxitPDFReader.exe, version: 11.2.1.53537, time stamp: 0x61ea7adc
Exception code: 0xc0000005
Fault offset: 0x02963028
Faulting process id: 0x9a4
Faulting application start time: 0x01d85d3f1e52718c
Faulting application path: C:\Program Files (x86)\Foxit Software\Foxit PDF Reader\FoxitPDFReader.exe
Faulting module path: C:\Program Files (x86)\Foxit Software\Foxit PDF Reader\FoxitPDFReader.exe
Report Id: 63b781c5-c932-11ec-82ab-000c29dc2d29
Faulting package full name: 
Faulting package-relative application ID: "
Error	5/1/2022 5:37:45 PM	Application Error	1000	(100)	"Faulting application name: FoxitPDFReader.exe, version: 11.2.1.53537, time stamp: 0x61ea7adc
Faulting module name: FoxitPDFReader.exe, version: 11.2.1.53537, time stamp: 0x61ea7adc
Exception code: 0xc0000005
Fault offset: 0x029635e1
Faulting process id: 0x1e8
Faulting application start time: 0x01d85d3f180b7b21
Faulting application path: C:\Program Files (x86)\Foxit Software\Foxit PDF Reader\FoxitPDFReader.exe
Faulting module path: C:\Program Files (x86)\Foxit Software\Foxit PDF Reader\FoxitPDFReader.exe
Report Id: 5aa7a9cf-c932-11ec-82ab-000c29dc2d29
Faulting package full name: 
Faulting package-relative application ID: "
Error	5/1/2022 5:37:35 PM	Application Error	1000	(100)	"Faulting application name: FoxitPDFReader.exe, version: 11.2.1.53537, time stamp: 0x61ea7adc
Faulting module name: FoxitPDFReader.exe, version: 11.2.1.53537, time stamp: 0x61ea7adc
Exception code: 0xc0000005
Fault offset: 0x02aa00cf
Faulting process id: 0x384
Faulting application start time: 0x01d85d3f0aa6f885
Faulting application path: C:\Program Files (x86)\Foxit Software\Foxit PDF Reader\FoxitPDFReader.exe
Faulting module path: C:\Program Files (x86)\Foxit Software\Foxit PDF Reader\FoxitPDFReader.exe
Report Id: 545bee49-c932-11ec-82ab-000c29dc2d29
Faulting package full name: 
Faulting package-relative application ID: "
Error	5/1/2022 5:37:12 PM	Application Error	1000	(100)	"Faulting application name: FoxitPDFReader.exe, version: 11.2.1.53537, time stamp: 0x61ea7adc
Faulting module name: FoxitPDFReader.exe, version: 11.2.1.53537, time stamp: 0x61ea7adc
Exception code: 0xc0000005
Fault offset: 0x02963028
Faulting process id: 0xa0c
Faulting application start time: 0x01d85d3f003d65f0
Faulting application path: C:\Program Files (x86)\Foxit Software\Foxit PDF Reader\FoxitPDFReader.exe
Faulting module path: C:\Program Files (x86)\Foxit Software\Foxit PDF Reader\FoxitPDFReader.exe
Report Id: 46f508fc-c932-11ec-82ab-000c29dc2d29
Faulting package full name: 
Faulting package-relative application ID: "
Error	5/1/2022 5:36:55 PM	Application Error	1000	(100)	"Faulting application name: FoxitPDFReader.exe, version: 11.2.1.53537, time stamp: 0x61ea7adc
Faulting module name: FoxitPDFReader.exe, version: 11.2.1.53537, time stamp: 0x61ea7adc
Exception code: 0xc0000005
Fault offset: 0x02963028
Faulting process id: 0xa30
Faulting application start time: 0x01d85d3ef5be5e06
Faulting application path: C:\Program Files (x86)\Foxit Software\Foxit PDF Reader\FoxitPDFReader.exe
Faulting module path: C:\Program Files (x86)\Foxit Software\Foxit PDF Reader\FoxitPDFReader.exe
Report Id: 3c8913f3-c932-11ec-82ab-000c29dc2d29
Faulting package full name: 
Faulting package-relative application ID: "
Error	5/1/2022 5:35:26 PM	Application Error	1000	(100)	"Faulting application name: FoxitPDFReader.exe, version: 11.2.1.53537, time stamp: 0x61ea7adc
Faulting module name: FoxitPDFReader.exe, version: 11.2.1.53537, time stamp: 0x61ea7adc
Exception code: 0xc0000005
Fault offset: 0x02963028
Faulting process id: 0x9c
Faulting application start time: 0x01d85d3ec24bdb90
Faulting application path: C:\Program Files (x86)\Foxit Software\Foxit PDF Reader\FoxitPDFReader.exe
Faulting module path: C:\Program Files (x86)\Foxit Software\Foxit PDF Reader\FoxitPDFReader.exe
Report Id: 079b7b49-c932-11ec-82ab-000c29dc2d29
Faulting package full name: 
Faulting package-relative application ID: "
Error	5/1/2022 5:35:11 PM	Application Error	1000	(100)	"Faulting application name: FoxitPDFReader.exe, version: 11.2.1.53537, time stamp: 0x61ea7adc
Faulting module name: FoxitPDFReader.exe, version: 11.2.1.53537, time stamp: 0x61ea7adc
Exception code: 0xc0000005
Fault offset: 0x02963028
Faulting process id: 0x8c
Faulting application start time: 0x01d85d3eb6ba9efd
Faulting application path: C:\Program Files (x86)\Foxit Software\Foxit PDF Reader\FoxitPDFReader.exe
Faulting module path: C:\Program Files (x86)\Foxit Software\Foxit PDF Reader\FoxitPDFReader.exe
Report Id: fe9c4dd7-c931-11ec-82ab-000c29dc2d29
Faulting package full name: 
Faulting package-relative application ID: "
Error	5/1/2022 5:34:51 PM	Application Error	1000	(100)	"Faulting application name: FoxitPDFReader.exe, version: 11.2.1.53537, time stamp: 0x61ea7adc
Faulting module name: FoxitPDFReader.exe, version: 11.2.1.53537, time stamp: 0x61ea7adc
Exception code: 0xc0000005
Fault offset: 0x02963028
Faulting process id: 0x7ec
Faulting application start time: 0x01d85d3eb09766db
Faulting application path: C:\Program Files (x86)\Foxit Software\Foxit PDF Reader\FoxitPDFReader.exe
Faulting module path: C:\Program Files (x86)\Foxit Software\Foxit PDF Reader\FoxitPDFReader.exe
Report Id: f308aefc-c931-11ec-82ab-000c29dc2d29
Faulting package full name: 
Faulting package-relative application ID: "
Error	5/1/2022 5:34:41 PM	Application Error	1000	(100)	"Faulting application name: FoxitPDFReader.exe, version: 11.2.1.53537, time stamp: 0x61ea7adc
Faulting module name: FoxitPDFReader.exe, version: 11.2.1.53537, time stamp: 0x61ea7adc
Exception code: 0xc0000005
Fault offset: 0x029635e1
Faulting process id: 0xa54
Faulting application start time: 0x01d85d3ea9050219
Faulting application path: C:\Program Files (x86)\Foxit Software\Foxit PDF Reader\FoxitPDFReader.exe
Faulting module path: C:\Program Files (x86)\Foxit Software\Foxit PDF Reader\FoxitPDFReader.exe
Report Id: ece31469-c931-11ec-82ab-000c29dc2d29
Faulting package full name: 
Faulting package-relative application ID: "
Error	5/1/2022 5:33:24 PM	Application Error	1000	(100)	"Faulting application name: FoxitPDFReader.exe, version: 11.2.1.53537, time stamp: 0x61ea7adc
Faulting module name: FoxitPDFReader.exe, version: 11.2.1.53537, time stamp: 0x61ea7adc
Exception code: 0xc0000005
Fault offset: 0x02963028
Faulting process id: 0xad0
Faulting application start time: 0x01d85d3e7ca6828e
Faulting application path: C:\Program Files (x86)\Foxit Software\Foxit PDF Reader\FoxitPDFReader.exe
Faulting module path: C:\Program Files (x86)\Foxit Software\Foxit PDF Reader\FoxitPDFReader.exe
Report Id: bf097a88-c931-11ec-82ab-000c29dc2d29
Faulting package full name: 
Faulting package-relative application ID: "
Error	5/1/2022 5:33:14 PM	Application Error	1000	(100)	"Faulting application name: FoxitPDFReader.exe, version: 11.2.1.53537, time stamp: 0x61ea7adc
Faulting module name: FoxitPDFReader.exe, version: 11.2.1.53537, time stamp: 0x61ea7adc
Exception code: 0xc0000005
Fault offset: 0x02963028
Faulting process id: 0x848
Faulting application start time: 0x01d85d3e720ade79
Faulting application path: C:\Program Files (x86)\Foxit Software\Foxit PDF Reader\FoxitPDFReader.exe
Faulting module path: C:\Program Files (x86)\Foxit Software\Foxit PDF Reader\FoxitPDFReader.exe
Report Id: b8f230a0-c931-11ec-82ab-000c29dc2d29
Faulting package full name: 
Faulting package-relative application ID: "
Error	5/1/2022 5:32:56 PM	Application Error	1000	(100)	"Faulting application name: FoxitPDFReader.exe, version: 11.2.1.53537, time stamp: 0x61ea7adc
Faulting module name: FoxitPDFReader.exe, version: 11.2.1.53537, time stamp: 0x61ea7adc
Exception code: 0xc0000005
Fault offset: 0x02963028
Faulting process id: 0x290
Faulting application start time: 0x01d85d3e6ec13cb5
Faulting application path: C:\Program Files (x86)\Foxit Software\Foxit PDF Reader\FoxitPDFReader.exe
Faulting module path: C:\Program Files (x86)\Foxit Software\Foxit PDF Reader\FoxitPDFReader.exe
Report Id: ae5b5129-c931-11ec-82ab-000c29dc2d29
Faulting package full name: 
Faulting package-relative application ID: "
Error	5/1/2022 5:32:51 PM	Application Error	1000	(100)	"Faulting application name: FoxitPDFReader.exe, version: 11.2.1.53537, time stamp: 0x61ea7adc
Faulting module name: FoxitPDFReader.exe, version: 11.2.1.53537, time stamp: 0x61ea7adc
Exception code: 0xc0000005
Fault offset: 0x029635e1
Faulting process id: 0x494
Faulting application start time: 0x01d85d3e646d1ea7
Faulting application path: C:\Program Files (x86)\Foxit Software\Foxit PDF Reader\FoxitPDFReader.exe
Faulting module path: C:\Program Files (x86)\Foxit Software\Foxit PDF Reader\FoxitPDFReader.exe
Report Id: ab11aec4-c931-11ec-82ab-000c29dc2d29
Faulting package full name: 
Faulting package-relative application ID: "
Error	5/1/2022 5:32:33 PM	Application Error	1000	(100)	"Faulting application name: FoxitPDFReader.exe, version: 11.2.1.53537, time stamp: 0x61ea7adc
Faulting module name: FoxitPDFReader.exe, version: 11.2.1.53537, time stamp: 0x61ea7adc
Exception code: 0xc0000005
Fault offset: 0x02963028
Faulting process id: 0x534
Faulting application start time: 0x01d85d3e55de9034
Faulting application path: C:\Program Files (x86)\Foxit Software\Foxit PDF Reader\FoxitPDFReader.exe
Faulting module path: C:\Program Files (x86)\Foxit Software\Foxit PDF Reader\FoxitPDFReader.exe
Report Id: a0bb2f4f-c931-11ec-82ab-000c29dc2d29
Faulting package full name: 
Faulting package-relative application ID: "
Error	5/1/2022 5:32:09 PM	Application Error	1000	(100)	"Faulting application name: FoxitPDFReader.exe, version: 11.2.1.53537, time stamp: 0x61ea7adc
Faulting module name: FoxitPDFReader.exe, version: 11.2.1.53537, time stamp: 0x61ea7adc
Exception code: 0xc0000005
Fault offset: 0x029635e1
Faulting process id: 0x524
Faulting application start time: 0x01d85d3e52928b9f
Faulting application path: C:\Program Files (x86)\Foxit Software\Foxit PDF Reader\FoxitPDFReader.exe
Faulting module path: C:\Program Files (x86)\Foxit Software\Foxit PDF Reader\FoxitPDFReader.exe
Report Id: 922ca0ab-c931-11ec-82ab-000c29dc2d29
Faulting package full name: 
Faulting package-relative application ID: "
Error	5/1/2022 5:32:03 PM	Application Error	1000	(100)	"Faulting application name: FoxitPDFReader.exe, version: 11.2.1.53537, time stamp: 0x61ea7adc
Faulting module name: FoxitPDFReader.exe, version: 11.2.1.53537, time stamp: 0x61ea7adc
Exception code: 0xc0000005
Fault offset: 0x02aa00cf
Faulting process id: 0x608
Faulting application start time: 0x01d85d3e30fa9db9
Faulting application path: C:\Program Files (x86)\Foxit Software\Foxit PDF Reader\FoxitPDFReader.exe
Faulting module path: C:\Program Files (x86)\Foxit Software\Foxit PDF Reader\FoxitPDFReader.exe
Report Id: 8edbd72a-c931-11ec-82ab-000c29dc2d29
Faulting package full name: 
Faulting package-relative application ID: "
Error	5/1/2022 5:31:07 PM	Application Error	1000	(100)	"Faulting application name: FoxitPDFReader.exe, version: 11.2.1.53537, time stamp: 0x61ea7adc
Faulting module name: FoxitPDFReader.exe, version: 11.2.1.53537, time stamp: 0x61ea7adc
Exception code: 0xc0000005
Fault offset: 0x02963028
Faulting process id: 0x280
Faulting application start time: 0x01d85d3e2c4dbb0d
Faulting application path: C:\Program Files (x86)\Foxit Software\Foxit PDF Reader\FoxitPDFReader.exe
Faulting module path: C:\Program Files (x86)\Foxit Software\Foxit PDF Reader\FoxitPDFReader.exe
Report Id: 6d4d72e7-c931-11ec-82ab-000c29dc2d29
Faulting package full name: 
Faulting package-relative application ID: "
Error	5/1/2022 5:30:59 PM	Application Error	1000	(100)	"Faulting application name: FoxitPDFReader.exe, version: 11.2.1.53537, time stamp: 0x61ea7adc
Faulting module name: FoxitPDFReader.exe, version: 11.2.1.53537, time stamp: 0x61ea7adc
Exception code: 0xc0000005
Fault offset: 0x02963028
Faulting process id: 0x314
Faulting application start time: 0x01d85d3e2200c4da
Faulting application path: C:\Program Files (x86)\Foxit Software\Foxit PDF Reader\FoxitPDFReader.exe
Faulting module path: C:\Program Files (x86)\Foxit Software\Foxit PDF Reader\FoxitPDFReader.exe
Report Id: 689e2de5-c931-11ec-82ab-000c29dc2d29
Faulting package full name: 
Faulting package-relative application ID: "
Error	5/1/2022 5:30:42 PM	Application Error	1000	(100)	"Faulting application name: FoxitPDFReader.exe, version: 11.2.1.53537, time stamp: 0x61ea7adc
Faulting module name: FoxitPDFReader.exe, version: 11.2.1.53537, time stamp: 0x61ea7adc
Exception code: 0xc0000005
Fault offset: 0x02963028
Faulting process id: 0x6c
Faulting application start time: 0x01d85d3e1781bcf6
Faulting application path: C:\Program Files (x86)\Foxit Software\Foxit PDF Reader\FoxitPDFReader.exe
Faulting module path: C:\Program Files (x86)\Foxit Software\Foxit PDF Reader\FoxitPDFReader.exe
Report Id: 5e4c72f1-c931-11ec-82ab-000c29dc2d29
Faulting package full name: 
Faulting package-relative application ID: "
Error	5/1/2022 5:30:24 PM	Application Error	1000	(100)	"Faulting application name: FoxitPDFReader.exe, version: 11.2.1.53537, time stamp: 0x61ea7adc
Faulting module name: FoxitPDFReader.exe, version: 11.2.1.53537, time stamp: 0x61ea7adc
Exception code: 0xc0000005
Fault offset: 0x02963028
Faulting process id: 0x8fc
Faulting application start time: 0x01d85d3e05b0b365
Faulting application path: C:\Program Files (x86)\Foxit Software\Foxit PDF Reader\FoxitPDFReader.exe
Faulting module path: C:\Program Files (x86)\Foxit Software\Foxit PDF Reader\FoxitPDFReader.exe
Report Id: 53cd6b08-c931-11ec-82ab-000c29dc2d29
Faulting package full name: 
Faulting package-relative application ID: "
Error	5/1/2022 5:29:54 PM	Application Error	1000	(100)	"Faulting application name: FoxitPDFReader.exe, version: 11.2.1.53537, time stamp: 0x61ea7adc
Faulting module name: FoxitPDFReader.exe, version: 11.2.1.53537, time stamp: 0x61ea7adc
Exception code: 0xc0000005
Fault offset: 0x02963028
Faulting process id: 0x72c
Faulting application start time: 0x01d85d3df84c2c66
Faulting application path: C:\Program Files (x86)\Foxit Software\Foxit PDF Reader\FoxitPDFReader.exe
Faulting module path: C:\Program Files (x86)\Foxit Software\Foxit PDF Reader\FoxitPDFReader.exe
Report Id: 41fc613d-c931-11ec-82ab-000c29dc2d29
Faulting package full name: 
Faulting package-relative application ID: "
Error	5/1/2022 5:29:32 PM	Application Error	1000	(100)	"Faulting application name: FoxitPDFReader.exe, version: 11.2.1.53537, time stamp: 0x61ea7adc
Faulting module name: FoxitPDFReader.exe, version: 11.2.1.53537, time stamp: 0x61ea7adc
Exception code: 0xc0000005
Fault offset: 0x02963028
Faulting process id: 0x820
Faulting application start time: 0x01d85d3def3eb2cc
Faulting application path: C:\Program Files (x86)\Foxit Software\Foxit PDF Reader\FoxitPDFReader.exe
Faulting module path: C:\Program Files (x86)\Foxit Software\Foxit PDF Reader\FoxitPDFReader.exe
Report Id: 349a3cca-c931-11ec-82ab-000c29dc2d29
Faulting package full name: 
Faulting package-relative application ID: "
Error	5/1/2022 5:29:17 PM	Application Error	1000	(100)	"Faulting application name: FoxitPDFReader.exe, version: 11.2.1.53537, time stamp: 0x61ea7adc
Faulting module name: FoxitPDFReader.exe, version: 11.2.1.53537, time stamp: 0x61ea7adc
Exception code: 0xc0000005
Fault offset: 0x028aadac
Faulting process id: 0x314
Faulting application start time: 0x01d85d3de96a28a4
Faulting application path: C:\Program Files (x86)\Foxit Software\Foxit PDF Reader\FoxitPDFReader.exe
Faulting module path: C:\Program Files (x86)\Foxit Software\Foxit PDF Reader\FoxitPDFReader.exe
Report Id: 2b9fd5a5-c931-11ec-82ab-000c29dc2d29
Faulting package full name: 
Faulting package-relative application ID: "
Error	5/1/2022 5:29:07 PM	Application Error	1000	(100)	"Faulting application name: FoxitPDFReader.exe, version: 11.2.1.53537, time stamp: 0x61ea7adc
Faulting module name: FoxitPDFReader.exe, version: 11.2.1.53537, time stamp: 0x61ea7adc
Exception code: 0xc0000005
Fault offset: 0x029635e1
Faulting process id: 0xad0
Faulting application start time: 0x01d85d3ddeefe11e
Faulting application path: C:\Program Files (x86)\Foxit Software\Foxit PDF Reader\FoxitPDFReader.exe
Faulting module path: C:\Program Files (x86)\Foxit Software\Foxit PDF Reader\FoxitPDFReader.exe
Report Id: 25b8389e-c931-11ec-82ab-000c29dc2d29
Faulting package full name: 
Faulting package-relative application ID: "
Error	5/1/2022 5:28:49 PM	Application Error	1000	(100)	"Faulting application name: FoxitPDFReader.exe, version: 11.2.1.53537, time stamp: 0x61ea7adc
Faulting module name: unknown, version: 0.0.0.0, time stamp: 0x00000000
Exception code: 0xc0000005
Fault offset: 0x00000004
Faulting process id: 0x52c
Faulting application start time: 0x01d85d3dd8daf72c
Faulting application path: C:\Program Files (x86)\Foxit Software\Foxit PDF Reader\FoxitPDFReader.exe
Faulting module path: unknown
Report Id: 1b451810-c931-11ec-82ab-000c29dc2d29
Faulting package full name: 
Faulting package-relative application ID: "
Error	5/1/2022 5:28:39 PM	Application Error	1000	(100)	"Faulting application name: FoxitPDFReader.exe, version: 11.2.1.53537, time stamp: 0x61ea7adc
Faulting module name: FoxitPDFReader.exe, version: 11.2.1.53537, time stamp: 0x61ea7adc
Exception code: 0xc0000005
Fault offset: 0x02963028
Faulting process id: 0xa70
Faulting application start time: 0x01d85d3dd59d3f2d
Faulting application path: C:\Program Files (x86)\Foxit Software\Foxit PDF Reader\FoxitPDFReader.exe
Faulting module path: C:\Program Files (x86)\Foxit Software\Foxit PDF Reader\FoxitPDFReader.exe
Report Id: 1532906b-c931-11ec-82ab-000c29dc2d29
Faulting package full name: 
Faulting package-relative application ID: "
Error	5/1/2022 5:28:34 PM	Application Error	1000	(100)	"Faulting application name: FoxitPDFReader.exe, version: 11.2.1.53537, time stamp: 0x61ea7adc
Faulting module name: FoxitPDFReader.exe, version: 11.2.1.53537, time stamp: 0x61ea7adc
Exception code: 0xc0000005
Fault offset: 0x02963028
Faulting process id: 0x508
Faulting application start time: 0x01d85d3dc9b168d2
Faulting application path: C:\Program Files (x86)\Foxit Software\Foxit PDF Reader\FoxitPDFReader.exe
Faulting module path: C:\Program Files (x86)\Foxit Software\Foxit PDF Reader\FoxitPDFReader.exe
Report Id: 11edb179-c931-11ec-82ab-000c29dc2d29
Faulting package full name: 
Faulting package-relative application ID: "
Error	5/1/2022 5:28:14 PM	Application Error	1000	(100)	"Faulting application name: FoxitPDFReader.exe, version: 11.2.1.53537, time stamp: 0x61ea7adc
Faulting module name: FoxitPDFReader.exe, version: 11.2.1.53537, time stamp: 0x61ea7adc
Exception code: 0xc0000005
Fault offset: 0x02963028
Faulting process id: 0x7ac
Faulting application start time: 0x01d85d3dbf5fa989
Faulting application path: C:\Program Files (x86)\Foxit Software\Foxit PDF Reader\FoxitPDFReader.exe
Faulting module path: C:\Program Files (x86)\Foxit Software\Foxit PDF Reader\FoxitPDFReader.exe
Report Id: 05ff78a0-c931-11ec-82ab-000c29dc2d29
Faulting package full name: 
Faulting package-relative application ID: "
Error	5/1/2022 5:27:56 PM	Application Error	1000	(100)	"Faulting application name: FoxitPDFReader.exe, version: 11.2.1.53537, time stamp: 0x61ea7adc
Faulting module name: FoxitPDFReader.exe, version: 11.2.1.53537, time stamp: 0x61ea7adc
Exception code: 0xc0000005
Fault offset: 0x02964d6b
Faulting process id: 0xb98
Faulting application start time: 0x01d85d3dba8f0180
Faulting application path: C:\Program Files (x86)\Foxit Software\Foxit PDF Reader\FoxitPDFReader.exe
Faulting module path: C:\Program Files (x86)\Foxit Software\Foxit PDF Reader\FoxitPDFReader.exe
Report Id: fbb01bd0-c930-11ec-82ab-000c29dc2d29
Faulting package full name: 
Faulting package-relative application ID: "
Error	5/1/2022 5:27:48 PM	Application Error	1000	(100)	"Faulting application name: FoxitPDFReader.exe, version: 11.2.1.53537, time stamp: 0x61ea7adc
Faulting module name: FoxitPDFReader.exe, version: 11.2.1.53537, time stamp: 0x61ea7adc
Exception code: 0xc0000005
Fault offset: 0x029635e1
Faulting process id: 0x658
Faulting application start time: 0x01d85d3db15b5e45
Faulting application path: C:\Program Files (x86)\Foxit Software\Foxit PDF Reader\FoxitPDFReader.exe
Faulting module path: C:\Program Files (x86)\Foxit Software\Foxit PDF Reader\FoxitPDFReader.exe
Report Id: f6daaef6-c930-11ec-82ab-000c29dc2d29
Faulting package full name: 
Faulting package-relative application ID: "
Error	5/1/2022 5:27:33 PM	Application Error	1000	(100)	"Faulting application name: FoxitPDFReader.exe, version: 11.2.1.53537, time stamp: 0x61ea7adc
Faulting module name: FoxitPDFReader.exe, version: 11.2.1.53537, time stamp: 0x61ea7adc
Exception code: 0xc0000005
Fault offset: 0x02963028
Faulting process id: 0x910
Faulting application start time: 0x01d85d3da440be28
Faulting application path: C:\Program Files (x86)\Foxit Software\Foxit PDF Reader\FoxitPDFReader.exe
Faulting module path: C:\Program Files (x86)\Foxit Software\Foxit PDF Reader\FoxitPDFReader.exe
Report Id: edabd08d-c930-11ec-82ab-000c29dc2d29
Faulting package full name: 
Faulting package-relative application ID: "
Error	5/1/2022 5:27:11 PM	Application Error	1000	(100)	"Faulting application name: FoxitPDFReader.exe, version: 11.2.1.53537, time stamp: 0x61ea7adc
Faulting module name: FoxitPDFReader.exe, version: 11.2.1.53537, time stamp: 0x61ea7adc
Exception code: 0xc0000005
Fault offset: 0x02963028
Faulting process id: 0xf0
Faulting application start time: 0x01d85d3d9c77895a
Faulting application path: C:\Program Files (x86)\Foxit Software\Foxit PDF Reader\FoxitPDFReader.exe
Faulting module path: C:\Program Files (x86)\Foxit Software\Foxit PDF Reader\FoxitPDFReader.exe
Report Id: e08a0a4a-c930-11ec-82ab-000c29dc2d29
Faulting package full name: 
Faulting package-relative application ID: "
Error	5/1/2022 5:26:58 PM	Application Error	1000	(100)	"Faulting application name: FoxitPDFReader.exe, version: 11.2.1.53537, time stamp: 0x61ea7adc
Faulting module name: FoxitPDFReader.exe, version: 11.2.1.53537, time stamp: 0x61ea7adc
Exception code: 0xc0000005
Fault offset: 0x028aadac
Faulting process id: 0xd0
Faulting application start time: 0x01d85d3d9046984c
Faulting application path: C:\Program Files (x86)\Foxit Software\Foxit PDF Reader\FoxitPDFReader.exe
Faulting module path: C:\Program Files (x86)\Foxit Software\Foxit PDF Reader\FoxitPDFReader.exe
Report Id: d8c33803-c930-11ec-82ab-000c29dc2d29
Faulting package full name: 
Faulting package-relative application ID: "
Error	5/1/2022 5:26:37 PM	Application Error	1000	(100)	"Faulting application name: FoxitPDFReader.exe, version: 11.2.1.53537, time stamp: 0x61ea7adc
Faulting module name: FoxitPDFReader.exe, version: 11.2.1.53537, time stamp: 0x61ea7adc
Exception code: 0xc0000005
Fault offset: 0x02963028
Faulting process id: 0xa48
Faulting application start time: 0x01d85d3d88c025b1
Faulting application path: C:\Program Files (x86)\Foxit Software\Foxit PDF Reader\FoxitPDFReader.exe
Faulting module path: C:\Program Files (x86)\Foxit Software\Foxit PDF Reader\FoxitPDFReader.exe
Report Id: cc996dd8-c930-11ec-82ab-000c29dc2d29
Faulting package full name: 
Faulting package-relative application ID: "
Error	5/1/2022 5:26:25 PM	Application Error	1000	(100)	"Faulting application name: FoxitPDFReader.exe, version: 11.2.1.53537, time stamp: 0x61ea7adc
Faulting module name: FoxitPDFReader.exe, version: 11.2.1.53537, time stamp: 0x61ea7adc
Exception code: 0xc0000005
Fault offset: 0x02963028
Faulting process id: 0x928
Faulting application start time: 0x01d85d3d812b625a
Faulting application path: C:\Program Files (x86)\Foxit Software\Foxit PDF Reader\FoxitPDFReader.exe
Faulting module path: C:\Program Files (x86)\Foxit Software\Foxit PDF Reader\FoxitPDFReader.exe
Report Id: c51098fb-c930-11ec-82ab-000c29dc2d29
Faulting package full name: 
Faulting package-relative application ID: "
Error	5/1/2022 5:26:12 PM	Application Error	1000	(100)	"Faulting application name: FoxitPDFReader.exe, version: 11.2.1.53537, time stamp: 0x61ea7adc
Faulting module name: FoxitPDFReader.exe, version: 11.2.1.53537, time stamp: 0x61ea7adc
Exception code: 0xc0000005
Fault offset: 0x02963028
Faulting process id: 0x784
Faulting application start time: 0x01d85d3d740e5cf9
Faulting application path: C:\Program Files (x86)\Foxit Software\Foxit PDF Reader\FoxitPDFReader.exe
Faulting module path: C:\Program Files (x86)\Foxit Software\Foxit PDF Reader\FoxitPDFReader.exe
Report Id: bd7bd497-c930-11ec-82ab-000c29dc2d29
Faulting package full name: 
Faulting package-relative application ID: "
Error	5/1/2022 5:25:50 PM	Application Error	1000	(100)	"Faulting application name: FoxitPDFReader.exe, version: 11.2.1.53537, time stamp: 0x61ea7adc
Faulting module name: FoxitPDFReader.exe, version: 11.2.1.53537, time stamp: 0x61ea7adc
Exception code: 0xc0000005
Fault offset: 0x02963028
Faulting process id: 0x1e8
Faulting application start time: 0x01d85d3d6f5cb393
Faulting application path: C:\Program Files (x86)\Foxit Software\Foxit PDF Reader\FoxitPDFReader.exe
Faulting module path: C:\Program Files (x86)\Foxit Software\Foxit PDF Reader\FoxitPDFReader.exe
Report Id: b05ecee9-c930-11ec-82ab-000c29dc2d29
Faulting package full name: 
Faulting package-relative application ID: "
Error	5/1/2022 5:25:42 PM	Application Error	1000	(100)	"Faulting application name: FoxitPDFReader.exe, version: 11.2.1.53537, time stamp: 0x61ea7adc
Faulting module name: FoxitPDFReader.exe, version: 11.2.1.53537, time stamp: 0x61ea7adc
Exception code: 0xc0000005
Fault offset: 0x02963028
Faulting process id: 0x408
Faulting application start time: 0x01d85d3d6c10ad7d
Faulting application path: C:\Program Files (x86)\Foxit Software\Foxit PDF Reader\FoxitPDFReader.exe
Faulting module path: C:\Program Files (x86)\Foxit Software\Foxit PDF Reader\FoxitPDFReader.exe
Report Id: abaac37a-c930-11ec-82ab-000c29dc2d29
Faulting package full name: 
Faulting package-relative application ID: "
Error	5/1/2022 5:25:37 PM	Application Error	1000	(100)	"Faulting application name: FoxitPDFReader.exe, version: 11.2.1.53537, time stamp: 0x61ea7adc
Faulting module name: FoxitPDFReader.exe, version: 11.2.1.53537, time stamp: 0x61ea7adc
Exception code: 0xc0000005
Fault offset: 0x029635e1
Faulting process id: 0x3b8
Faulting application start time: 0x01d85d3d68cbce82
Faulting application path: C:\Program Files (x86)\Foxit Software\Foxit PDF Reader\FoxitPDFReader.exe
Faulting module path: C:\Program Files (x86)\Foxit Software\Foxit PDF Reader\FoxitPDFReader.exe
Report Id: a8611fbb-c930-11ec-82ab-000c29dc2d29
Faulting package full name: 
Faulting package-relative application ID: "
Error	5/1/2022 5:25:31 PM	Application Error	1000	(100)	"Faulting application name: FoxitPDFReader.exe, version: 11.2.1.53537, time stamp: 0x61ea7adc
Faulting module name: FoxitPDFReader.exe, version: 11.2.1.53537, time stamp: 0x61ea7adc
Exception code: 0xc0000005
Fault offset: 0x02963028
Faulting process id: 0x3d4
Faulting application start time: 0x01d85d3d5fa1b521
Faulting application path: C:\Program Files (x86)\Foxit Software\Foxit PDF Reader\FoxitPDFReader.exe
Faulting module path: C:\Program Files (x86)\Foxit Software\Foxit PDF Reader\FoxitPDFReader.exe
Report Id: a51ea312-c930-11ec-82ab-000c29dc2d29
Faulting package full name: 
Faulting package-relative application ID: "
Error	5/1/2022 5:25:16 PM	Application Error	1000	(100)	"Faulting application name: FoxitPDFReader.exe, version: 11.2.1.53537, time stamp: 0x61ea7adc
Faulting module name: FoxitPDFReader.exe, version: 11.2.1.53537, time stamp: 0x61ea7adc
Exception code: 0xc0000005
Fault offset: 0x02963028
Faulting process id: 0xa44
Faulting application start time: 0x01d85d3d5c5cd74c
Faulting application path: C:\Program Files (x86)\Foxit Software\Foxit PDF Reader\FoxitPDFReader.exe
Faulting module path: C:\Program Files (x86)\Foxit Software\Foxit PDF Reader\FoxitPDFReader.exe
Report Id: 9bf48a31-c930-11ec-82ab-000c29dc2d29
Faulting package full name: 
Faulting package-relative application ID: "
Error	5/1/2022 5:25:10 PM	Application Error	1000	(100)	"Faulting application name: FoxitPDFReader.exe, version: 11.2.1.53537, time stamp: 0x61ea7adc
Faulting module name: FoxitPDFReader.exe, version: 11.2.1.53537, time stamp: 0x61ea7adc
Exception code: 0xc0000005
Fault offset: 0x0296353f
Faulting process id: 0x978
Faulting application start time: 0x01d85d3d533c4afc
Faulting application path: C:\Program Files (x86)\Foxit Software\Foxit PDF Reader\FoxitPDFReader.exe
Faulting module path: C:\Program Files (x86)\Foxit Software\Foxit PDF Reader\FoxitPDFReader.exe
Report Id: 98afac97-c930-11ec-82ab-000c29dc2d29
Faulting package full name: 
Faulting package-relative application ID: "
Error	5/1/2022 5:24:55 PM	Application Error	1000	(100)	"Faulting application name: FoxitPDFReader.exe, version: 11.2.1.53537, time stamp: 0x61ea7adc
Faulting module name: FoxitPDFReader.exe, version: 11.2.1.53537, time stamp: 0x61ea7adc
Exception code: 0xc0000005
Fault offset: 0x02963028
Faulting process id: 0x1e8
Faulting application start time: 0x01d85d3d4ff50aee
Faulting application path: C:\Program Files (x86)\Foxit Software\Foxit PDF Reader\FoxitPDFReader.exe
Faulting module path: C:\Program Files (x86)\Foxit Software\Foxit PDF Reader\FoxitPDFReader.exe
Report Id: 8f8cbeb0-c930-11ec-82ab-000c29dc2d29
Faulting package full name: 
Faulting package-relative application ID: "
Error	5/1/2022 5:24:50 PM	Application Error	1000	(100)	"Faulting application name: FoxitPDFReader.exe, version: 11.2.1.53537, time stamp: 0x61ea7adc
Faulting module name: FoxitPDFReader.exe, version: 11.2.1.53537, time stamp: 0x61ea7adc
Exception code: 0xc0000005
Fault offset: 0x029635e1
Faulting process id: 0x408
Faulting application start time: 0x01d85d3d42eb1dbd
Faulting application path: C:\Program Files (x86)\Foxit Software\Foxit PDF Reader\FoxitPDFReader.exe
Faulting module path: C:\Program Files (x86)\Foxit Software\Foxit PDF Reader\FoxitPDFReader.exe
Report Id: 8c457d9f-c930-11ec-82ab-000c29dc2d29
Faulting package full name: 
Faulting package-relative application ID: "
Error	5/1/2022 5:24:28 PM	Application Error	1000	(100)	"Faulting application name: FoxitPDFReader.exe, version: 11.2.1.53537, time stamp: 0x61ea7adc
Faulting module name: FoxitPDFReader.exe, version: 11.2.1.53537, time stamp: 0x61ea7adc
Exception code: 0xc0000005
Fault offset: 0x029635e1
Faulting process id: 0x68c
Faulting application start time: 0x01d85d3d389e2771
Faulting application path: C:\Program Files (x86)\Foxit Software\Foxit PDF Reader\FoxitPDFReader.exe
Faulting module path: C:\Program Files (x86)\Foxit Software\Foxit PDF Reader\FoxitPDFReader.exe
Report Id: 7f36cbf6-c930-11ec-82ab-000c29dc2d29
Faulting package full name: 
Faulting package-relative application ID: "
Error	5/1/2022 5:24:10 PM	Application Error	1000	(100)	"Faulting application name: FoxitPDFReader.exe, version: 11.2.1.53537, time stamp: 0x61ea7adc
Faulting module name: FoxitPDFReader.exe, version: 11.2.1.53537, time stamp: 0x61ea7adc
Exception code: 0xc0000005
Fault offset: 0x02963028
Faulting process id: 0x6ec
Faulting application start time: 0x01d85d3d26669823
Faulting application path: C:\Program Files (x86)\Foxit Software\Foxit PDF Reader\FoxitPDFReader.exe
Faulting module path: C:\Program Files (x86)\Foxit Software\Foxit PDF Reader\FoxitPDFReader.exe
Report Id: 74e77301-c930-11ec-82ab-000c29dc2d29
Faulting package full name: 
Faulting package-relative application ID: "
Error	5/1/2022 5:23:40 PM	Application Error	1000	(100)	"Faulting application name: FoxitPDFReader.exe, version: 11.2.1.53537, time stamp: 0x61ea7adc
Faulting module name: FoxitPDFReader.exe, version: 11.2.1.53537, time stamp: 0x61ea7adc
Exception code: 0xc0000005
Fault offset: 0x02963028
Faulting process id: 0x98c
Faulting application start time: 0x01d85d3d21b9b5ad
Faulting application path: C:\Program Files (x86)\Foxit Software\Foxit PDF Reader\FoxitPDFReader.exe
Faulting module path: C:\Program Files (x86)\Foxit Software\Foxit PDF Reader\FoxitPDFReader.exe
Report Id: 62b70ad3-c930-11ec-82ab-000c29dc2d29
Faulting package full name: 
Faulting package-relative application ID: "
Error	5/1/2022 5:23:32 PM	Application Error	1000	(100)	"Faulting application name: FoxitPDFReader.exe, version: 11.2.1.53537, time stamp: 0x61ea7adc
Faulting module name: FoxitPDFReader.exe, version: 11.2.1.53537, time stamp: 0x61ea7adc
Exception code: 0xc0000005
Fault offset: 0x029635e1
Faulting process id: 0xb60
Faulting application start time: 0x01d85d3d0ee72c8f
Faulting application path: C:\Program Files (x86)\Foxit Software\Foxit PDF Reader\FoxitPDFReader.exe
Faulting module path: C:\Program Files (x86)\Foxit Software\Foxit PDF Reader\FoxitPDFReader.exe
Report Id: 5e0a2880-c930-11ec-82ab-000c29dc2d29
Faulting package full name: 
Faulting package-relative application ID: "
