Level	Date and Time	Source	Event ID	Task Category
Error	11/14/2021 4:20:50 AM	Application Error	1000	(100)	"Faulting application name: AcroRd32.exe, version: 19.21.20048.26832, time stamp: 0x5da76dd8
Faulting module name: VCRUNTIME140.dll, version: 14.29.30037.0, time stamp: 0x609de41f
Exception code: 0xc0000005
Fault offset: 0x000032ae
Faulting process id: 0xc08
Faulting application start time: 0x01d7d8cbf2c4a080
Faulting application path: C:\Program Files (x86)\Adobe\Acrobat Reader DC\Reader\AcroRd32.exe
Faulting module path: C:\Windows\SYSTEM32\VCRUNTIME140.dll
Report Id: 31348884-44bf-11ec-82a9-000c2935f866
Faulting package full name: 
Faulting package-relative application ID: "
Error	11/14/2021 4:20:48 AM	Application Error	1000	(100)	"Faulting application name: AcroRd32.exe, version: 19.21.20048.26832, time stamp: 0x5da76dd8
Faulting module name: ucrtbase.DLL, version: 10.0.14393.2990, time stamp: 0x5caeb859
Exception code: 0xc0000409
Fault offset: 0x000884cb
Faulting process id: 0xd40
Faulting application start time: 0x01d7d8cbec9aa488
Faulting application path: C:\Program Files (x86)\Adobe\Acrobat Reader DC\Reader\AcroRd32.exe
Faulting module path: C:\Windows\SYSTEM32\ucrtbase.DLL
Report Id: 2ff7881e-44bf-11ec-82a9-000c2935f866
Faulting package full name: 
Faulting package-relative application ID: "
Error	11/14/2021 4:20:35 AM	Application Error	1000	(100)	"Faulting application name: AcroRd32.exe, version: 19.21.20048.26832, time stamp: 0x5da76dd8
Faulting module name: VCRUNTIME140.dll, version: 14.29.30037.0, time stamp: 0x609de41f
Exception code: 0xc0000005
Fault offset: 0x000032ae
Faulting process id: 0xf6c
Faulting application start time: 0x01d7d8cbe8151330
Faulting application path: C:\Program Files (x86)\Adobe\Acrobat Reader DC\Reader\AcroRd32.exe
Faulting module path: C:\Windows\SYSTEM32\VCRUNTIME140.dll
Report Id: 28013d93-44bf-11ec-82a9-000c2935f866
Faulting package full name: 
Faulting package-relative application ID: "
Error	11/14/2021 4:20:29 AM	Application Error	1000	(100)	"Faulting application name: AcroRd32.exe, version: 19.21.20048.26832, time stamp: 0x5da76dd8
Faulting module name: VCRUNTIME140.dll, version: 14.29.30037.0, time stamp: 0x609de41f
Exception code: 0xc0000005
Fault offset: 0x000032ae
Faulting process id: 0xcd8
Faulting application start time: 0x01d7d8cbe078dc35
Faulting application path: C:\Program Files (x86)\Adobe\Acrobat Reader DC\Reader\AcroRd32.exe
Faulting module path: C:\Windows\SYSTEM32\VCRUNTIME140.dll
Report Id: 246efc3c-44bf-11ec-82a9-000c2935f866
Faulting package full name: 
Faulting package-relative application ID: "
Error	11/14/2021 4:20:16 AM	Application Error	1000	(100)	"Faulting application name: AcroRd32.exe, version: 19.21.20048.26832, time stamp: 0x5da76dd8
Faulting module name: VCRUNTIME140.dll, version: 14.29.30037.0, time stamp: 0x609de41f
Exception code: 0xc0000005
Fault offset: 0x000032ae
Faulting process id: 0x6f8
Faulting application start time: 0x01d7d8cbde931403
Faulting application path: C:\Program Files (x86)\Adobe\Acrobat Reader DC\Reader\AcroRd32.exe
Faulting module path: C:\Windows\SYSTEM32\VCRUNTIME140.dll
Report Id: 1c9013f7-44bf-11ec-82a9-000c2935f866
Faulting package full name: 
Faulting package-relative application ID: "
Error	11/14/2021 4:20:13 AM	Application Error	1000	(100)	"Faulting application name: AcroRd32.exe, version: 19.21.20048.26832, time stamp: 0x5da76dd8
Faulting module name: VCRUNTIME140.dll, version: 14.29.30037.0, time stamp: 0x609de41f
Exception code: 0xc0000005
Fault offset: 0x000032ae
Faulting process id: 0xe8c
Faulting application start time: 0x01d7d8cbd72e7588
Faulting application path: C:\Program Files (x86)\Adobe\Acrobat Reader DC\Reader\AcroRd32.exe
Faulting module path: C:\Windows\SYSTEM32\VCRUNTIME140.dll
Report Id: 1ae3a167-44bf-11ec-82a9-000c2935f866
Faulting package full name: 
Faulting package-relative application ID: "
Error	11/14/2021 4:20:01 AM	Application Error	1000	(100)	"Faulting application name: AcroRd32.exe, version: 19.21.20048.26832, time stamp: 0x5da76dd8
Faulting module name: VCRUNTIME140.dll, version: 14.29.30037.0, time stamp: 0x609de41f
Exception code: 0xc0000005
Fault offset: 0x000032ae
Faulting process id: 0x7bc
Faulting application start time: 0x01d7d8cbd542ba05
Faulting application path: C:\Program Files (x86)\Adobe\Acrobat Reader DC\Reader\AcroRd32.exe
Faulting module path: C:\Windows\SYSTEM32\VCRUNTIME140.dll
Report Id: 13e7ea8b-44bf-11ec-82a9-000c2935f866
Faulting package full name: 
Faulting package-relative application ID: "
Error	11/14/2021 4:19:59 AM	Application Error	1000	(100)	"Faulting application name: AcroRd32.exe, version: 19.21.20048.26832, time stamp: 0x5da76dd8
Faulting module name: ucrtbase.DLL, version: 10.0.14393.2990, time stamp: 0x5caeb859
Exception code: 0xc0000409
Fault offset: 0x000884cb
Faulting process id: 0xb90
Faulting application start time: 0x01d7d8cbca45b684
Faulting application path: C:\Program Files (x86)\Adobe\Acrobat Reader DC\Reader\AcroRd32.exe
Faulting module path: C:\Windows\SYSTEM32\ucrtbase.DLL
Report Id: 1273657c-44bf-11ec-82a9-000c2935f866
Faulting package full name: 
Faulting package-relative application ID: "
Error	11/14/2021 4:19:39 AM	Application Error	1000	(100)	"Faulting application name: AcroRd32.exe, version: 19.21.20048.26832, time stamp: 0x5da76dd8
Faulting module name: VCRUNTIME140.dll, version: 14.29.30037.0, time stamp: 0x609de41f
Exception code: 0xc0000005
Fault offset: 0x000032ae
Faulting process id: 0x480
Faulting application start time: 0x01d7d8cbc8672478
Faulting application path: C:\Program Files (x86)\Adobe\Acrobat Reader DC\Reader\AcroRd32.exe
Faulting module path: C:\Windows\SYSTEM32\VCRUNTIME140.dll
Report Id: 068cacc4-44bf-11ec-82a9-000c2935f866
Faulting package full name: 
Faulting package-relative application ID: "
Error	11/14/2021 4:19:36 AM	Application Error	1000	(100)	"Faulting application name: AcroRd32.exe, version: 19.21.20048.26832, time stamp: 0x5da76dd8
Faulting module name: VCRUNTIME140.dll, version: 14.29.30037.0, time stamp: 0x609de41f
Exception code: 0xc0000005
Fault offset: 0x000032ae
Faulting process id: 0x19c
Faulting application start time: 0x01d7d8cbc4fb249f
Faulting application path: C:\Program Files (x86)\Adobe\Acrobat Reader DC\Reader\AcroRd32.exe
Faulting module path: C:\Windows\SYSTEM32\VCRUNTIME140.dll
Report Id: 04bec5df-44bf-11ec-82a9-000c2935f866
Faulting package full name: 
Faulting package-relative application ID: "
Error	11/14/2021 4:19:31 AM	Application Error	1000	(100)	"Faulting application name: AcroRd32.exe, version: 19.21.20048.26832, time stamp: 0x5da76dd8
Faulting module name: ucrtbase.DLL, version: 10.0.14393.2990, time stamp: 0x5caeb859
Exception code: 0xc0000409
Fault offset: 0x000884cb
Faulting process id: 0xfbc
Faulting application start time: 0x01d7d8cbbed1f426
Faulting application path: C:\Program Files (x86)\Adobe\Acrobat Reader DC\Reader\AcroRd32.exe
Faulting module path: C:\Windows\SYSTEM32\ucrtbase.DLL
Report Id: 02296e17-44bf-11ec-82a9-000c2935f866
Faulting package full name: 
Faulting package-relative application ID: "
Error	11/14/2021 4:19:21 AM	Application Error	1000	(100)	"Faulting application name: AcroRd32.exe, version: 19.21.20048.26832, time stamp: 0x5da76dd8
Faulting module name: ucrtbase.DLL, version: 10.0.14393.2990, time stamp: 0x5caeb859
Exception code: 0xc0000409
Fault offset: 0x000884cb
Faulting process id: 0xe74
Faulting application start time: 0x01d7d8cba640c0f1
Faulting application path: C:\Program Files (x86)\Adobe\Acrobat Reader DC\Reader\AcroRd32.exe
Faulting module path: C:\Windows\SYSTEM32\ucrtbase.DLL
Report Id: fc04e936-44be-11ec-82a9-000c2935f866
Faulting package full name: 
Faulting package-relative application ID: "
Error	11/14/2021 4:18:37 AM	Application Error	1000	(100)	"Faulting application name: AcroRd32.exe, version: 19.21.20048.26832, time stamp: 0x5da76dd8
Faulting module name: VCRUNTIME140.dll, version: 14.29.30037.0, time stamp: 0x609de41f
Exception code: 0xc0000005
Fault offset: 0x000032ae
Faulting process id: 0xeb8
Faulting application start time: 0x01d7d8cba06d42d6
Faulting application path: C:\Program Files (x86)\Adobe\Acrobat Reader DC\Reader\AcroRd32.exe
Faulting module path: C:\Windows\SYSTEM32\VCRUNTIME140.dll
Report Id: e1905f1c-44be-11ec-82a9-000c2935f866
Faulting package full name: 
Faulting package-relative application ID: "
Error	11/14/2021 4:18:28 AM	Application Error	1000	(100)	"Faulting application name: AcroRd32.exe, version: 19.21.20048.26832, time stamp: 0x5da76dd8
Faulting module name: VCRUNTIME140.dll, version: 14.29.30037.0, time stamp: 0x609de41f
Exception code: 0xc0000005
Fault offset: 0x000032ae
Faulting process id: 0xe88
Faulting application start time: 0x01d7d8cb9e871f29
Faulting application path: C:\Program Files (x86)\Adobe\Acrobat Reader DC\Reader\AcroRd32.exe
Faulting module path: C:\Windows\SYSTEM32\VCRUNTIME140.dll
Report Id: dc86f466-44be-11ec-82a9-000c2935f866
Faulting package full name: 
Faulting package-relative application ID: "
Error	11/14/2021 4:18:24 AM	Application Error	1000	(100)	"Faulting application name: AcroRd32.exe, version: 19.21.20048.26832, time stamp: 0x5da76dd8
Faulting module name: VCRUNTIME140.dll, version: 14.29.30037.0, time stamp: 0x609de41f
Exception code: 0xc0000005
Fault offset: 0x000032ae
Faulting process id: 0x4f8
Faulting application start time: 0x01d7d8cb99c9a796
Faulting application path: C:\Program Files (x86)\Adobe\Acrobat Reader DC\Reader\AcroRd32.exe
Faulting module path: C:\Windows\SYSTEM32\VCRUNTIME140.dll
Report Id: da2db296-44be-11ec-82a9-000c2935f866
Faulting package full name: 
Faulting package-relative application ID: "
Error	11/14/2021 4:18:17 AM	Application Error	1000	(100)	"Faulting application name: AcroRd32.exe, version: 19.21.20048.26832, time stamp: 0x5da76dd8
Faulting module name: VCRUNTIME140.dll, version: 14.29.30037.0, time stamp: 0x609de41f
Exception code: 0xc0000005
Fault offset: 0x000032ae
Faulting process id: 0x834
Faulting application start time: 0x01d7d8cb97e79b83
Faulting application path: C:\Program Files (x86)\Adobe\Acrobat Reader DC\Reader\AcroRd32.exe
Faulting module path: C:\Windows\SYSTEM32\VCRUNTIME140.dll
Report Id: d5e0f47b-44be-11ec-82a9-000c2935f866
Faulting package full name: 
Faulting package-relative application ID: "
Error	11/14/2021 4:18:16 AM	Application Error	1000	(100)	"Faulting application name: AcroRd32.exe, version: 19.21.20048.26832, time stamp: 0x5da76dd8
Faulting module name: ucrtbase.DLL, version: 10.0.14393.2990, time stamp: 0x5caeb859
Exception code: 0xc0000409
Fault offset: 0x000884cb
Faulting process id: 0xd8c
Faulting application start time: 0x01d7d8cb80043ab7
Faulting application path: C:\Program Files (x86)\Adobe\Acrobat Reader DC\Reader\AcroRd32.exe
Faulting module path: C:\Windows\SYSTEM32\ucrtbase.DLL
Report Id: d515cd0e-44be-11ec-82a9-000c2935f866
Faulting package full name: 
Faulting package-relative application ID: "
Error	11/14/2021 4:17:34 AM	Application Error	1000	(100)	"Faulting application name: AcroRd32.exe, version: 19.21.20048.26832, time stamp: 0x5da76dd8
Faulting module name: VCRUNTIME140.dll, version: 14.29.30037.0, time stamp: 0x609de41f
Exception code: 0xc0000005
Fault offset: 0x000032ae
Faulting process id: 0x580
Faulting application start time: 0x01d7d8cb7286673b
Faulting application path: C:\Program Files (x86)\Adobe\Acrobat Reader DC\Reader\AcroRd32.exe
Faulting module path: C:\Windows\SYSTEM32\VCRUNTIME140.dll
Report Id: bc546781-44be-11ec-82a9-000c2935f866
Faulting package full name: 
Faulting package-relative application ID: "
Error	11/14/2021 4:17:11 AM	Application Error	1000	(100)	"Faulting application name: AcroRd32.exe, version: 19.21.20048.26832, time stamp: 0x5da76dd8
Faulting module name: VCRUNTIME140.dll, version: 14.29.30037.0, time stamp: 0x609de41f
Exception code: 0xc0000005
Fault offset: 0x000032ae
Faulting process id: 0xf30
Faulting application start time: 0x01d7d8cb64370fde
Faulting application path: C:\Program Files (x86)\Adobe\Acrobat Reader DC\Reader\AcroRd32.exe
Faulting module path: C:\Windows\SYSTEM32\VCRUNTIME140.dll
Report Id: aebf0495-44be-11ec-82a9-000c2935f866
Faulting package full name: 
Faulting package-relative application ID: "
Error	11/14/2021 4:16:47 AM	Application Error	1000	(100)	"Faulting application name: AcroRd32.exe, version: 19.21.20048.26832, time stamp: 0x5da76dd8
Faulting module name: VCRUNTIME140.dll, version: 14.29.30037.0, time stamp: 0x609de41f
Exception code: 0xc0000005
Fault offset: 0x000032ae
Faulting process id: 0xe64
Faulting application start time: 0x01d7d8cb62599fc8
Faulting application path: C:\Program Files (x86)\Adobe\Acrobat Reader DC\Reader\AcroRd32.exe
Faulting module path: C:\Windows\SYSTEM32\VCRUNTIME140.dll
Report Id: a057d504-44be-11ec-82a9-000c2935f866
Faulting package full name: 
Faulting package-relative application ID: "
Error	11/14/2021 4:16:46 AM	Application Error	1000	(100)	"Faulting application name: AcroRd32.exe, version: 19.21.20048.26832, time stamp: 0x5da76dd8
Faulting module name: ucrtbase.DLL, version: 10.0.14393.2990, time stamp: 0x5caeb859
Exception code: 0xc0000409
Fault offset: 0x000884cb
Faulting process id: 0xd58
Faulting application start time: 0x01d7d8cb58ee59d4
Faulting application path: C:\Program Files (x86)\Adobe\Acrobat Reader DC\Reader\AcroRd32.exe
Faulting module path: C:\Windows\SYSTEM32\ucrtbase.DLL
Report Id: 9f8a2c2b-44be-11ec-82a9-000c2935f866
Faulting package full name: 
Faulting package-relative application ID: "
Error	11/14/2021 4:16:29 AM	Application Error	1000	(100)	"Faulting application name: AcroRd32.exe, version: 19.21.20048.26832, time stamp: 0x5da76dd8
Faulting module name: VCRUNTIME140.dll, version: 14.29.30037.0, time stamp: 0x609de41f
Exception code: 0xc0000005
Fault offset: 0x000032ae
Faulting process id: 0xc14
Faulting application start time: 0x01d7d8cb570bc2a6
Faulting application path: C:\Program Files (x86)\Adobe\Acrobat Reader DC\Reader\AcroRd32.exe
Faulting module path: C:\Windows\SYSTEM32\VCRUNTIME140.dll
Report Id: 9543895b-44be-11ec-82a9-000c2935f866
Faulting package full name: 
Faulting package-relative application ID: "
Error	11/14/2021 4:16:25 AM	Application Error	1000	(100)	"Faulting application name: AcroRd32.exe, version: 19.21.20048.26832, time stamp: 0x5da76dd8
Faulting module name: VCRUNTIME140.dll, version: 14.29.30037.0, time stamp: 0x609de41f
Exception code: 0xc0000005
Fault offset: 0x000032ae
Faulting process id: 0xe90
Faulting application start time: 0x01d7d8cb5080f242
Faulting application path: C:\Program Files (x86)\Adobe\Acrobat Reader DC\Reader\AcroRd32.exe
Faulting module path: C:\Windows\SYSTEM32\VCRUNTIME140.dll
Report Id: 9371b6f2-44be-11ec-82a9-000c2935f866
Faulting package full name: 
Faulting package-relative application ID: "
Error	11/14/2021 4:16:15 AM	Application Error	1000	(100)	"Faulting application name: AcroRd32.exe, version: 19.21.20048.26832, time stamp: 0x5da76dd8
Faulting module name: VCRUNTIME140.dll, version: 14.29.30037.0, time stamp: 0x609de41f
Exception code: 0xc0000005
Fault offset: 0x000032ae
Faulting process id: 0x11c
Faulting application start time: 0x01d7d8cb4ea22539
Faulting application path: C:\Program Files (x86)\Adobe\Acrobat Reader DC\Reader\AcroRd32.exe
Faulting module path: C:\Windows\SYSTEM32\VCRUNTIME140.dll
Report Id: 8cf7853a-44be-11ec-82a9-000c2935f866
Faulting package full name: 
Faulting package-relative application ID: "
Error	11/14/2021 4:16:11 AM	Application Error	1000	(100)	"Faulting application name: AcroRd32.exe, version: 19.21.20048.26832, time stamp: 0x5da76dd8
Faulting module name: VCRUNTIME140.dll, version: 14.29.30037.0, time stamp: 0x609de41f
Exception code: 0xc0000005
Fault offset: 0x000032ae
Faulting process id: 0x934
Faulting application start time: 0x01d7d8cb4cbda971
Faulting application path: C:\Program Files (x86)\Adobe\Acrobat Reader DC\Reader\AcroRd32.exe
Faulting module path: C:\Windows\SYSTEM32\VCRUNTIME140.dll
Report Id: 8b05a050-44be-11ec-82a9-000c2935f866
Faulting package full name: 
Faulting package-relative application ID: "
Error	11/14/2021 4:16:10 AM	Application Error	1000	(100)	"Faulting application name: AcroRd32.exe, version: 19.21.20048.26832, time stamp: 0x5da76dd8
Faulting module name: ucrtbase.DLL, version: 10.0.14393.2990, time stamp: 0x5caeb859
Exception code: 0xc0000409
Fault offset: 0x000884cb
Faulting process id: 0xf2c
Faulting application start time: 0x01d7d8cb3d7adb30
Faulting application path: C:\Program Files (x86)\Adobe\Acrobat Reader DC\Reader\AcroRd32.exe
Faulting module path: C:\Windows\SYSTEM32\ucrtbase.DLL
Report Id: 89ee5ff2-44be-11ec-82a9-000c2935f866
Faulting package full name: 
Faulting package-relative application ID: "
Error	11/14/2021 4:15:43 AM	Application Error	1000	(100)	"Faulting application name: AcroRd32.exe, version: 19.21.20048.26832, time stamp: 0x5da76dd8
Faulting module name: VCRUNTIME140.dll, version: 14.29.30037.0, time stamp: 0x609de41f
Exception code: 0xc0000005
Fault offset: 0x000032ae
Faulting process id: 0xbd0
Faulting application start time: 0x01d7d8cb3a2b1d25
Faulting application path: C:\Program Files (x86)\Adobe\Acrobat Reader DC\Reader\AcroRd32.exe
Faulting module path: C:\Windows\SYSTEM32\VCRUNTIME140.dll
Report Id: 79f62daf-44be-11ec-82a9-000c2935f866
Faulting package full name: 
Faulting package-relative application ID: "
Error	11/14/2021 4:15:38 AM	Application Error	1000	(100)	"Faulting application name: AcroRd32.exe, version: 19.21.20048.26832, time stamp: 0x5da76dd8
Faulting module name: ucrtbase.DLL, version: 10.0.14393.2990, time stamp: 0x5caeb859
Exception code: 0xc0000409
Fault offset: 0x000884cb
Faulting process id: 0x780
Faulting application start time: 0x01d7d8cb2e58a831
Faulting application path: C:\Program Files (x86)\Adobe\Acrobat Reader DC\Reader\AcroRd32.exe
Faulting module path: C:\Windows\SYSTEM32\ucrtbase.DLL
Report Id: 775dfab3-44be-11ec-82a9-000c2935f866
Faulting package full name: 
Faulting package-relative application ID: "
Error	11/14/2021 4:15:18 AM	Application Error	1000	(100)	"Faulting application name: AcroRd32.exe, version: 19.21.20048.26832, time stamp: 0x5da76dd8
Faulting module name: VCRUNTIME140.dll, version: 14.29.30037.0, time stamp: 0x609de41f
Exception code: 0xc0000005
Fault offset: 0x000032ae
Faulting process id: 0xee4
Faulting application start time: 0x01d7d8cb2c7031c1
Faulting application path: C:\Program Files (x86)\Adobe\Acrobat Reader DC\Reader\AcroRd32.exe
Faulting module path: C:\Windows\SYSTEM32\VCRUNTIME140.dll
Report Id: 6afef7dd-44be-11ec-82a9-000c2935f866
Faulting package full name: 
Faulting package-relative application ID: "
Error	11/14/2021 4:15:13 AM	Application Error	1000	(100)	"Faulting application name: AcroRd32.exe, version: 19.21.20048.26832, time stamp: 0x5da76dd8
Faulting module name: VCRUNTIME140.dll, version: 14.29.30037.0, time stamp: 0x609de41f
Exception code: 0xc0000005
Fault offset: 0x000032ae
Faulting process id: 0xea4
Faulting application start time: 0x01d7d8cb2a8a2949
Faulting application path: C:\Program Files (x86)\Adobe\Acrobat Reader DC\Reader\AcroRd32.exe
Faulting module path: C:\Windows\SYSTEM32\VCRUNTIME140.dll
Report Id: 688514f5-44be-11ec-82a9-000c2935f866
Faulting package full name: 
Faulting package-relative application ID: "
Error	11/14/2021 4:15:11 AM	Application Error	1000	(100)	"Faulting application name: AcroRd32.exe, version: 19.21.20048.26832, time stamp: 0x5da76dd8
Faulting module name: VCRUNTIME140.dll, version: 14.29.30037.0, time stamp: 0x609de41f
Exception code: 0xc0000005
Fault offset: 0x000032ae
Faulting process id: 0x498
Faulting application start time: 0x01d7d8cb28abf965
Faulting application path: C:\Program Files (x86)\Adobe\Acrobat Reader DC\Reader\AcroRd32.exe
Faulting module path: C:\Windows\SYSTEM32\VCRUNTIME140.dll
Report Id: 66f2661b-44be-11ec-82a9-000c2935f866
Faulting package full name: 
Faulting package-relative application ID: "
Error	11/14/2021 4:15:07 AM	Application Error	1000	(100)	"Faulting application name: AcroRd32.exe, version: 19.21.20048.26832, time stamp: 0x5da76dd8
Faulting module name: VCRUNTIME140.dll, version: 14.29.30037.0, time stamp: 0x609de41f
Exception code: 0xc0000005
Fault offset: 0x000032ae
Faulting process id: 0xcf4
Faulting application start time: 0x01d7d8cb26cafba8
Faulting application path: C:\Program Files (x86)\Adobe\Acrobat Reader DC\Reader\AcroRd32.exe
Faulting module path: C:\Windows\SYSTEM32\VCRUNTIME140.dll
Report Id: 64e943f9-44be-11ec-82a9-000c2935f866
Faulting package full name: 
Faulting package-relative application ID: "
Error	11/14/2021 4:15:04 AM	Application Error	1000	(100)	"Faulting application name: AcroRd32.exe, version: 19.21.20048.26832, time stamp: 0x5da76dd8
Faulting module name: VCRUNTIME140.dll, version: 14.29.30037.0, time stamp: 0x609de41f
Exception code: 0xc0000005
Fault offset: 0x000032ae
Faulting process id: 0xdf8
Faulting application start time: 0x01d7d8cb1a879ceb
Faulting application path: C:\Program Files (x86)\Adobe\Acrobat Reader DC\Reader\AcroRd32.exe
Faulting module path: C:\Windows\SYSTEM32\VCRUNTIME140.dll
Report Id: 631dc07e-44be-11ec-82a9-000c2935f866
Faulting package full name: 
Faulting package-relative application ID: "
Error	11/14/2021 4:14:44 AM	Application Error	1000	(100)	"Faulting application name: AcroRd32.exe, version: 19.21.20048.26832, time stamp: 0x5da76dd8
Faulting module name: VCRUNTIME140.dll, version: 14.29.30037.0, time stamp: 0x609de41f
Exception code: 0xc0000005
Fault offset: 0x000032ae
Faulting process id: 0xc6c
Faulting application start time: 0x01d7d8cb0e667633
Faulting application path: C:\Program Files (x86)\Adobe\Acrobat Reader DC\Reader\AcroRd32.exe
Faulting module path: C:\Windows\SYSTEM32\VCRUNTIME140.dll
Report Id: 56d59bb0-44be-11ec-82a9-000c2935f866
Faulting package full name: 
Faulting package-relative application ID: "
Error	11/14/2021 4:14:24 AM	Application Error	1000	(100)	"Faulting application name: AcroRd32.exe, version: 19.21.20048.26832, time stamp: 0x5da76dd8
Faulting module name: VCRUNTIME140.dll, version: 14.29.30037.0, time stamp: 0x609de41f
Exception code: 0xc0000005
Fault offset: 0x000032ae
Faulting process id: 0xb3c
Faulting application start time: 0x01d7d8cb0c8673a7
Faulting application path: C:\Program Files (x86)\Adobe\Acrobat Reader DC\Reader\AcroRd32.exe
Faulting module path: C:\Windows\SYSTEM32\VCRUNTIME140.dll
Report Id: 4b223e0f-44be-11ec-82a9-000c2935f866
Faulting package full name: 
Faulting package-relative application ID: "
Error	11/14/2021 4:14:22 AM	Application Error	1000	(100)	"Faulting application name: AcroRd32.exe, version: 19.21.20048.26832, time stamp: 0x5da76dd8
Faulting module name: ucrtbase.DLL, version: 10.0.14393.2990, time stamp: 0x5caeb859
Exception code: 0xc0000409
Fault offset: 0x000884cb
Faulting process id: 0x9b4
Faulting application start time: 0x01d7d8cafa1e4a60
Faulting application path: C:\Program Files (x86)\Adobe\Acrobat Reader DC\Reader\AcroRd32.exe
Faulting module path: C:\Windows\SYSTEM32\ucrtbase.DLL
Report Id: 49b23de3-44be-11ec-82a9-000c2935f866
Faulting package full name: 
Faulting package-relative application ID: "
Error	11/14/2021 4:13:50 AM	Application Error	1000	(100)	"Faulting application name: AcroRd32.exe, version: 19.21.20048.26832, time stamp: 0x5da76dd8
Faulting module name: VCRUNTIME140.dll, version: 14.29.30037.0, time stamp: 0x609de41f
Exception code: 0xc0000005
Fault offset: 0x000032ae
Faulting process id: 0xc8c
Faulting application start time: 0x01d7d8caf83286eb
Faulting application path: C:\Program Files (x86)\Adobe\Acrobat Reader DC\Reader\AcroRd32.exe
Faulting module path: C:\Windows\SYSTEM32\VCRUNTIME140.dll
Report Id: 368680ad-44be-11ec-82a9-000c2935f866
Faulting package full name: 
Faulting package-relative application ID: "
Error	11/14/2021 4:13:46 AM	Application Error	1000	(100)	"Faulting application name: AcroRd32.exe, version: 19.21.20048.26832, time stamp: 0x5da76dd8
Faulting module name: VCRUNTIME140.dll, version: 14.29.30037.0, time stamp: 0x609de41f
Exception code: 0xc0000005
Fault offset: 0x000032ae
Faulting process id: 0xe24
Faulting application start time: 0x01d7d8caf05ae7a7
Faulting application path: C:\Program Files (x86)\Adobe\Acrobat Reader DC\Reader\AcroRd32.exe
Faulting module path: C:\Windows\SYSTEM32\VCRUNTIME140.dll
Report Id: 3482ee50-44be-11ec-82a9-000c2935f866
Faulting package full name: 
Faulting package-relative application ID: "
Error	11/14/2021 4:13:33 AM	Application Error	1000	(100)	"Faulting application name: AcroRd32.exe, version: 19.21.20048.26832, time stamp: 0x5da76dd8
Faulting module name: VCRUNTIME140.dll, version: 14.29.30037.0, time stamp: 0x609de41f
Exception code: 0xc0000005
Fault offset: 0x000032ae
Faulting process id: 0x478
Faulting application start time: 0x01d7d8caee788d38
Faulting application path: C:\Program Files (x86)\Adobe\Acrobat Reader DC\Reader\AcroRd32.exe
Faulting module path: C:\Windows\SYSTEM32\VCRUNTIME140.dll
Report Id: 2c8ec011-44be-11ec-82a9-000c2935f866
Faulting package full name: 
Faulting package-relative application ID: "
Error	11/14/2021 4:13:31 AM	Application Error	1000	(100)	"Faulting application name: AcroRd32.exe, version: 19.21.20048.26832, time stamp: 0x5da76dd8
Faulting module name: ucrtbase.DLL, version: 10.0.14393.2990, time stamp: 0x5caeb859
Exception code: 0xc0000409
Fault offset: 0x000884cb
Faulting process id: 0x678
Faulting application start time: 0x01d7d8cae5db5b73
Faulting application path: C:\Program Files (x86)\Adobe\Acrobat Reader DC\Reader\AcroRd32.exe
Faulting module path: C:\Windows\SYSTEM32\ucrtbase.DLL
Report Id: 2ba45c64-44be-11ec-82a9-000c2935f866
Faulting package full name: 
Faulting package-relative application ID: "
Error	11/14/2021 4:13:17 AM	Application Error	1000	(100)	"Faulting application name: AcroRd32.exe, version: 19.21.20048.26832, time stamp: 0x5da76dd8
Faulting module name: ucrtbase.DLL, version: 10.0.14393.2990, time stamp: 0x5caeb859
Exception code: 0xc0000409
Fault offset: 0x000884cb
Faulting process id: 0xb78
Faulting application start time: 0x01d7d8cade1b47af
Faulting application path: C:\Program Files (x86)\Adobe\Acrobat Reader DC\Reader\AcroRd32.exe
Faulting module path: C:\Windows\SYSTEM32\ucrtbase.DLL
Report Id: 230bef51-44be-11ec-82a9-000c2935f866
Faulting package full name: 
Faulting package-relative application ID: "
Error	11/14/2021 4:13:02 AM	Application Error	1000	(100)	"Faulting application name: AcroRd32.exe, version: 19.21.20048.26832, time stamp: 0x5da76dd8
Faulting module name: VCRUNTIME140.dll, version: 14.29.30037.0, time stamp: 0x609de41f
Exception code: 0xc0000005
Fault offset: 0x000032ae
Faulting process id: 0xbb0
Faulting application start time: 0x01d7d8cadc31eee8
Faulting application path: C:\Program Files (x86)\Adobe\Acrobat Reader DC\Reader\AcroRd32.exe
Faulting module path: C:\Windows\SYSTEM32\VCRUNTIME140.dll
Report Id: 1a53e29e-44be-11ec-82a9-000c2935f866
Faulting package full name: 
Faulting package-relative application ID: "
Error	11/14/2021 4:12:59 AM	Application Error	1000	(100)	"Faulting application name: AcroRd32.exe, version: 19.21.20048.26832, time stamp: 0x5da76dd8
Faulting module name: VCRUNTIME140.dll, version: 14.29.30037.0, time stamp: 0x609de41f
Exception code: 0xc0000005
Fault offset: 0x000032ae
Faulting process id: 0xe20
Faulting application start time: 0x01d7d8cada56f32d
Faulting application path: C:\Program Files (x86)\Adobe\Acrobat Reader DC\Reader\AcroRd32.exe
Faulting module path: C:\Windows\SYSTEM32\VCRUNTIME140.dll
Report Id: 18765b02-44be-11ec-82a9-000c2935f866
Faulting package full name: 
Faulting package-relative application ID: "
Error	11/14/2021 4:12:56 AM	Application Error	1000	(100)	"Faulting application name: AcroRd32.exe, version: 19.21.20048.26832, time stamp: 0x5da76dd8
Faulting module name: VCRUNTIME140.dll, version: 14.29.30037.0, time stamp: 0x609de41f
Exception code: 0xc0000005
Fault offset: 0x000032ae
Faulting process id: 0x2b0
Faulting application start time: 0x01d7d8cad8743069
Faulting application path: C:\Program Files (x86)\Adobe\Acrobat Reader DC\Reader\AcroRd32.exe
Faulting module path: C:\Windows\SYSTEM32\VCRUNTIME140.dll
Report Id: 168d2efb-44be-11ec-82a9-000c2935f866
Faulting package full name: 
Faulting package-relative application ID: "
Error	11/14/2021 4:12:54 AM	Application Error	1000	(100)	"Faulting application name: AcroRd32.exe, version: 19.21.20048.26832, time stamp: 0x5da76dd8
Faulting module name: ucrtbase.DLL, version: 10.0.14393.2990, time stamp: 0x5caeb859
Exception code: 0xc0000409
Fault offset: 0x000884cb
Faulting process id: 0xad8
Faulting application start time: 0x01d7d8cacc349b67
Faulting application path: C:\Program Files (x86)\Adobe\Acrobat Reader DC\Reader\AcroRd32.exe
Faulting module path: C:\Windows\SYSTEM32\ucrtbase.DLL
Report Id: 1591a40d-44be-11ec-82a9-000c2935f866
Faulting package full name: 
Faulting package-relative application ID: "
Error	11/14/2021 4:12:32 AM	Application Error	1000	(100)	"Faulting application name: AcroRd32.exe, version: 19.21.20048.26832, time stamp: 0x5da76dd8
Faulting module name: VCRUNTIME140.dll, version: 14.29.30037.0, time stamp: 0x609de41f
Exception code: 0xc0000005
Fault offset: 0x000032ae
Faulting process id: 0x5a0
Faulting application start time: 0x01d7d8caca5a4445
Faulting application path: C:\Program Files (x86)\Adobe\Acrobat Reader DC\Reader\AcroRd32.exe
Faulting module path: C:\Windows\SYSTEM32\VCRUNTIME140.dll
Report Id: 08509331-44be-11ec-82a9-000c2935f866
Faulting package full name: 
Faulting package-relative application ID: "
Error	11/14/2021 4:12:28 AM	Application Error	1000	(100)	"Faulting application name: AcroRd32.exe, version: 19.21.20048.26832, time stamp: 0x5da76dd8
Faulting module name: VCRUNTIME140.dll, version: 14.29.30037.0, time stamp: 0x609de41f
Exception code: 0xc0000005
Fault offset: 0x000032ae
Faulting process id: 0x768
Faulting application start time: 0x01d7d8cab57720a3
Faulting application path: C:\Program Files (x86)\Adobe\Acrobat Reader DC\Reader\AcroRd32.exe
Faulting module path: C:\Windows\SYSTEM32\VCRUNTIME140.dll
Report Id: 062c4da7-44be-11ec-82a9-000c2935f866
Faulting package full name: 
Faulting package-relative application ID: "
Error	11/14/2021 4:11:54 AM	Application Error	1000	(100)	"Faulting application name: AcroRd32.exe, version: 19.21.20048.26832, time stamp: 0x5da76dd8
Faulting module name: VCRUNTIME140.dll, version: 14.29.30037.0, time stamp: 0x609de41f
Exception code: 0xc0000005
Fault offset: 0x000032ae
Faulting process id: 0xf8c
Faulting application start time: 0x01d7d8cab38d943e
Faulting application path: C:\Program Files (x86)\Adobe\Acrobat Reader DC\Reader\AcroRd32.exe
Faulting module path: C:\Windows\SYSTEM32\VCRUNTIME140.dll
Report Id: f1872bd1-44bd-11ec-82a9-000c2935f866
Faulting package full name: 
Faulting package-relative application ID: "
Error	11/14/2021 4:11:51 AM	Application Error	1000	(100)	"Faulting application name: AcroRd32.exe, version: 19.21.20048.26832, time stamp: 0x5da76dd8
Faulting module name: VCRUNTIME140.dll, version: 14.29.30037.0, time stamp: 0x609de41f
Exception code: 0xc0000005
Fault offset: 0x000032ae
Faulting process id: 0xddc
Faulting application start time: 0x01d7d8cab1a5f88e
Faulting application path: C:\Program Files (x86)\Adobe\Acrobat Reader DC\Reader\AcroRd32.exe
Faulting module path: C:\Windows\SYSTEM32\VCRUNTIME140.dll
Report Id: efa008c4-44bd-11ec-82a9-000c2935f866
Faulting package full name: 
Faulting package-relative application ID: "
Error	11/14/2021 4:11:48 AM	Application Error	1000	(100)	"Faulting application name: AcroRd32.exe, version: 19.21.20048.26832, time stamp: 0x5da76dd8
Faulting module name: VCRUNTIME140.dll, version: 14.29.30037.0, time stamp: 0x609de41f
Exception code: 0xc0000005
Fault offset: 0x000032ae
Faulting process id: 0xc4
Faulting application start time: 0x01d7d8caa759d8cc
Faulting application path: C:\Program Files (x86)\Adobe\Acrobat Reader DC\Reader\AcroRd32.exe
Faulting module path: C:\Windows\SYSTEM32\VCRUNTIME140.dll
Report Id: edf4180e-44bd-11ec-82a9-000c2935f866
Faulting package full name: 
Faulting package-relative application ID: "
Error	11/14/2021 4:11:31 AM	Application Error	1000	(100)	"Faulting application name: AcroRd32.exe, version: 19.21.20048.26832, time stamp: 0x5da76dd8
Faulting module name: VCRUNTIME140.dll, version: 14.29.30037.0, time stamp: 0x609de41f
Exception code: 0xc0000005
Fault offset: 0x000032ae
Faulting process id: 0x388
Faulting application start time: 0x01d7d8caa572cec6
Faulting application path: C:\Program Files (x86)\Adobe\Acrobat Reader DC\Reader\AcroRd32.exe
Faulting module path: C:\Windows\SYSTEM32\VCRUNTIME140.dll
Report Id: e3bfd3d3-44bd-11ec-82a9-000c2935f866
Faulting package full name: 
Faulting package-relative application ID: "
Error	11/14/2021 4:11:27 AM	Application Error	1000	(100)	"Faulting application name: AcroRd32.exe, version: 19.21.20048.26832, time stamp: 0x5da76dd8
Faulting module name: VCRUNTIME140.dll, version: 14.29.30037.0, time stamp: 0x609de41f
Exception code: 0xc0000005
Fault offset: 0x000032ae
Faulting process id: 0xf74
Faulting application start time: 0x01d7d8caa38bb2c7
Faulting application path: C:\Program Files (x86)\Adobe\Acrobat Reader DC\Reader\AcroRd32.exe
Faulting module path: C:\Windows\SYSTEM32\VCRUNTIME140.dll
Report Id: e1a42385-44bd-11ec-82a9-000c2935f866
Faulting package full name: 
Faulting package-relative application ID: "
Error	11/14/2021 4:11:25 AM	Application Error	1000	(100)	"Faulting application name: AcroRd32.exe, version: 19.21.20048.26832, time stamp: 0x5da76dd8
Faulting module name: VCRUNTIME140.dll, version: 14.29.30037.0, time stamp: 0x609de41f
Exception code: 0xc0000005
Fault offset: 0x000032ae
Faulting process id: 0xe84
Faulting application start time: 0x01d7d8caa1a46a7f
Faulting application path: C:\Program Files (x86)\Adobe\Acrobat Reader DC\Reader\AcroRd32.exe
Faulting module path: C:\Windows\SYSTEM32\VCRUNTIME140.dll
Report Id: e00bb340-44bd-11ec-82a9-000c2935f866
Faulting package full name: 
Faulting package-relative application ID: "
Error	11/14/2021 4:11:21 AM	Application Error	1000	(100)	"Faulting application name: AcroRd32.exe, version: 19.21.20048.26832, time stamp: 0x5da76dd8
Faulting module name: VCRUNTIME140.dll, version: 14.29.30037.0, time stamp: 0x609de41f
Exception code: 0xc0000005
Fault offset: 0x000032ae
Faulting process id: 0xbe0
Faulting application start time: 0x01d7d8ca9fc41575
Faulting application path: C:\Program Files (x86)\Adobe\Acrobat Reader DC\Reader\AcroRd32.exe
Faulting module path: C:\Windows\SYSTEM32\VCRUNTIME140.dll
Report Id: ddf9a617-44bd-11ec-82a9-000c2935f866
Faulting package full name: 
Faulting package-relative application ID: "
Error	11/14/2021 4:11:18 AM	Application Error	1000	(100)	"Faulting application name: AcroRd32.exe, version: 19.21.20048.26832, time stamp: 0x5da76dd8
Faulting module name: VCRUNTIME140.dll, version: 14.29.30037.0, time stamp: 0x609de41f
Exception code: 0xc0000005
Fault offset: 0x000032ae
Faulting process id: 0x87c
Faulting application start time: 0x01d7d8ca9de4513e
Faulting application path: C:\Program Files (x86)\Adobe\Acrobat Reader DC\Reader\AcroRd32.exe
Faulting module path: C:\Windows\SYSTEM32\VCRUNTIME140.dll
Report Id: dbf323a9-44bd-11ec-82a9-000c2935f866
Faulting package full name: 
Faulting package-relative application ID: "
Error	11/14/2021 4:11:15 AM	Application Error	1000	(100)	"Faulting application name: AcroRd32.exe, version: 19.21.20048.26832, time stamp: 0x5da76dd8
Faulting module name: VCRUNTIME140.dll, version: 14.29.30037.0, time stamp: 0x609de41f
Exception code: 0xc0000005
Fault offset: 0x000032ae
Faulting process id: 0xce4
Faulting application start time: 0x01d7d8ca9bfe142a
Faulting application path: C:\Program Files (x86)\Adobe\Acrobat Reader DC\Reader\AcroRd32.exe
Faulting module path: C:\Windows\SYSTEM32\VCRUNTIME140.dll
Report Id: da28c35e-44bd-11ec-82a9-000c2935f866
Faulting package full name: 
Faulting package-relative application ID: "
Error	11/14/2021 4:11:12 AM	Application Error	1000	(100)	"Faulting application name: AcroRd32.exe, version: 19.21.20048.26832, time stamp: 0x5da76dd8
Faulting module name: VCRUNTIME140.dll, version: 14.29.30037.0, time stamp: 0x609de41f
Exception code: 0xc0000005
Fault offset: 0x000032ae
Faulting process id: 0xaf8
Faulting application start time: 0x01d7d8ca989bd6df
Faulting application path: C:\Program Files (x86)\Adobe\Acrobat Reader DC\Reader\AcroRd32.exe
Faulting module path: C:\Windows\SYSTEM32\VCRUNTIME140.dll
Report Id: d8b03f68-44bd-11ec-82a9-000c2935f866
Faulting package full name: 
Faulting package-relative application ID: "
Error	11/14/2021 4:11:06 AM	Application Error	1000	(100)	"Faulting application name: AcroRd32.exe, version: 19.21.20048.26832, time stamp: 0x5da76dd8
Faulting module name: VCRUNTIME140.dll, version: 14.29.30037.0, time stamp: 0x609de41f
Exception code: 0xc0000005
Fault offset: 0x000032ae
Faulting process id: 0xf0
Faulting application start time: 0x01d7d8ca96b71705
Faulting application path: C:\Program Files (x86)\Adobe\Acrobat Reader DC\Reader\AcroRd32.exe
Faulting module path: C:\Windows\SYSTEM32\VCRUNTIME140.dll
Report Id: d4ff57ba-44bd-11ec-82a9-000c2935f866
Faulting package full name: 
Faulting package-relative application ID: "
Error	11/14/2021 4:11:03 AM	Application Error	1000	(100)	"Faulting application name: AcroRd32.exe, version: 19.21.20048.26832, time stamp: 0x5da76dd8
Faulting module name: VCRUNTIME140.dll, version: 14.29.30037.0, time stamp: 0x609de41f
Exception code: 0xc0000005
Fault offset: 0x000032ae
Faulting process id: 0x7f8
Faulting application start time: 0x01d7d8ca94ce1a53
Faulting application path: C:\Program Files (x86)\Adobe\Acrobat Reader DC\Reader\AcroRd32.exe
Faulting module path: C:\Windows\SYSTEM32\VCRUNTIME140.dll
Report Id: d307a2d8-44bd-11ec-82a9-000c2935f866
Faulting package full name: 
Faulting package-relative application ID: "
Error	11/14/2021 4:10:59 AM	Application Error	1000	(100)	"Faulting application name: AcroRd32.exe, version: 19.21.20048.26832, time stamp: 0x5da76dd8
Faulting module name: VCRUNTIME140.dll, version: 14.29.30037.0, time stamp: 0x609de41f
Exception code: 0xc0000005
Fault offset: 0x000032ae
Faulting process id: 0xd1c
Faulting application start time: 0x01d7d8ca92f34c72
Faulting application path: C:\Program Files (x86)\Adobe\Acrobat Reader DC\Reader\AcroRd32.exe
Faulting module path: C:\Windows\SYSTEM32\VCRUNTIME140.dll
Report Id: d0fd23bb-44bd-11ec-82a9-000c2935f866
Faulting package full name: 
Faulting package-relative application ID: "
Error	11/14/2021 4:10:56 AM	Application Error	1000	(100)	"Faulting application name: AcroRd32.exe, version: 19.21.20048.26832, time stamp: 0x5da76dd8
Faulting module name: VCRUNTIME140.dll, version: 14.29.30037.0, time stamp: 0x609de41f
Exception code: 0xc0000005
Fault offset: 0x000032ae
Faulting process id: 0x8f0
Faulting application start time: 0x01d7d8ca9111ec37
Faulting application path: C:\Program Files (x86)\Adobe\Acrobat Reader DC\Reader\AcroRd32.exe
Faulting module path: C:\Windows\SYSTEM32\VCRUNTIME140.dll
Report Id: cf0cfc84-44bd-11ec-82a9-000c2935f866
Faulting package full name: 
Faulting package-relative application ID: "
Error	11/14/2021 4:10:55 AM	Application Error	1000	(100)	"Faulting application name: AcroRd32.exe, version: 19.21.20048.26832, time stamp: 0x5da76dd8
Faulting module name: ucrtbase.DLL, version: 10.0.14393.2990, time stamp: 0x5caeb859
Exception code: 0xc0000409
Fault offset: 0x000884cb
Faulting process id: 0xf74
Faulting application start time: 0x01d7d8ca7f6972e4
Faulting application path: C:\Program Files (x86)\Adobe\Acrobat Reader DC\Reader\AcroRd32.exe
Faulting module path: C:\Windows\SYSTEM32\ucrtbase.DLL
Report Id: ce42580e-44bd-11ec-82a9-000c2935f866
Faulting package full name: 
Faulting package-relative application ID: "
Error	11/14/2021 4:10:24 AM	Application Error	1000	(100)	"Faulting application name: AcroRd32.exe, version: 19.21.20048.26832, time stamp: 0x5da76dd8
Faulting module name: VCRUNTIME140.dll, version: 14.29.30037.0, time stamp: 0x609de41f
Exception code: 0xc0000005
Fault offset: 0x000032ae
Faulting process id: 0x4c8
Faulting application start time: 0x01d7d8ca67d66517
Faulting application path: C:\Program Files (x86)\Adobe\Acrobat Reader DC\Reader\AcroRd32.exe
Faulting module path: C:\Windows\SYSTEM32\VCRUNTIME140.dll
Report Id: bbb77faf-44bd-11ec-82a9-000c2935f866
Faulting package full name: 
Faulting package-relative application ID: "
Error	11/14/2021 4:09:46 AM	Application Error	1000	(100)	"Faulting application name: AcroRd32.exe, version: 19.21.20048.26832, time stamp: 0x5da76dd8
Faulting module name: ucrtbase.DLL, version: 10.0.14393.2990, time stamp: 0x5caeb859
Exception code: 0xc0000409
Fault offset: 0x000884cb
Faulting process id: 0x9d8
Faulting application start time: 0x01d7d8ca51d85166
Faulting application path: C:\Program Files (x86)\Adobe\Acrobat Reader DC\Reader\AcroRd32.exe
Faulting module path: C:\Windows\SYSTEM32\ucrtbase.DLL
Report Id: a509660f-44bd-11ec-82a9-000c2935f866
Faulting package full name: 
Faulting package-relative application ID: "
Error	11/14/2021 4:09:07 AM	Application Error	1000	(100)	"Faulting application name: AcroRd32.exe, version: 19.21.20048.26832, time stamp: 0x5da76dd8
Faulting module name: VCRUNTIME140.dll, version: 14.29.30037.0, time stamp: 0x609de41f
Exception code: 0xc0000005
Fault offset: 0x000032ae
Faulting process id: 0xb44
Faulting application start time: 0x01d7d8ca4e866d24
Faulting application path: C:\Program Files (x86)\Adobe\Acrobat Reader DC\Reader\AcroRd32.exe
Faulting module path: C:\Windows\SYSTEM32\VCRUNTIME140.dll
Report Id: 8e397058-44bd-11ec-82a9-000c2935f866
Faulting package full name: 
Faulting package-relative application ID: "
Error	11/14/2021 4:09:03 AM	Application Error	1000	(100)	"Faulting application name: AcroRd32.exe, version: 19.21.20048.26832, time stamp: 0x5da76dd8
Faulting module name: ucrtbase.DLL, version: 10.0.14393.2990, time stamp: 0x5caeb859
Exception code: 0xc0000409
Fault offset: 0x000884cb
Faulting process id: 0x2cc
Faulting application start time: 0x01d7d8ca439cdf21
Faulting application path: C:\Program Files (x86)\Adobe\Acrobat Reader DC\Reader\AcroRd32.exe
Faulting module path: C:\Windows\SYSTEM32\ucrtbase.DLL
Report Id: 8bb23c1c-44bd-11ec-82a9-000c2935f866
Faulting package full name: 
Faulting package-relative application ID: "
Error	11/14/2021 4:08:43 AM	Application Error	1000	(100)	"Faulting application name: AcroRd32.exe, version: 19.21.20048.26832, time stamp: 0x5da76dd8
Faulting module name: VCRUNTIME140.dll, version: 14.29.30037.0, time stamp: 0x609de41f
Exception code: 0xc0000005
Fault offset: 0x000032ae
Faulting process id: 0x468
Faulting application start time: 0x01d7d8ca4048fd7c
Faulting application path: C:\Program Files (x86)\Adobe\Acrobat Reader DC\Reader\AcroRd32.exe
Faulting module path: C:\Windows\SYSTEM32\VCRUNTIME140.dll
Report Id: 7ffba6cd-44bd-11ec-82a9-000c2935f866
Faulting package full name: 
Faulting package-relative application ID: "
Error	11/14/2021 4:08:39 AM	Application Error	1000	(100)	"Faulting application name: AcroRd32.exe, version: 19.21.20048.26832, time stamp: 0x5da76dd8
Faulting module name: ucrtbase.DLL, version: 10.0.14393.2990, time stamp: 0x5caeb859
Exception code: 0xc0000409
Fault offset: 0x000884cb
Faulting process id: 0xc84
Faulting application start time: 0x01d7d8ca3032001d
Faulting application path: C:\Program Files (x86)\Adobe\Acrobat Reader DC\Reader\AcroRd32.exe
Faulting module path: C:\Windows\SYSTEM32\ucrtbase.DLL
Report Id: 7d79909a-44bd-11ec-82a9-000c2935f866
Faulting package full name: 
Faulting package-relative application ID: "
Error	11/14/2021 4:08:12 AM	Application Error	1000	(100)	"Faulting application name: AcroRd32.exe, version: 19.21.20048.26832, time stamp: 0x5da76dd8
Faulting module name: ucrtbase.DLL, version: 10.0.14393.2990, time stamp: 0x5caeb859
Exception code: 0xc0000409
Fault offset: 0x000884cb
Faulting process id: 0x404
Faulting application start time: 0x01d7d8ca26b0aa2c
Faulting application path: C:\Program Files (x86)\Adobe\Acrobat Reader DC\Reader\AcroRd32.exe
Faulting module path: C:\Windows\SYSTEM32\ucrtbase.DLL
Report Id: 6d601f50-44bd-11ec-82a9-000c2935f866
Faulting package full name: 
Faulting package-relative application ID: "
Error	11/14/2021 4:07:55 AM	Application Error	1000	(100)	"Faulting application name: AcroRd32.exe, version: 19.21.20048.26832, time stamp: 0x5da76dd8
Faulting module name: VCRUNTIME140.dll, version: 14.29.30037.0, time stamp: 0x609de41f
Exception code: 0xc0000005
Fault offset: 0x000032ae
Faulting process id: 0x5c0
Faulting application start time: 0x01d7d8ca1ae0f14e
Faulting application path: C:\Program Files (x86)\Adobe\Acrobat Reader DC\Reader\AcroRd32.exe
Faulting module path: C:\Windows\SYSTEM32\VCRUNTIME140.dll
Report Id: 63331fa7-44bd-11ec-82a9-000c2935f866
Faulting package full name: 
Faulting package-relative application ID: "
Error	11/14/2021 4:07:36 AM	Application Error	1000	(100)	"Faulting application name: AcroRd32.exe, version: 19.21.20048.26832, time stamp: 0x5da76dd8
Faulting module name: ucrtbase.DLL, version: 10.0.14393.2990, time stamp: 0x5caeb859
Exception code: 0xc0000409
Fault offset: 0x000884cb
Faulting process id: 0xe58
Faulting application start time: 0x01d7d8ca0f10b556
Faulting application path: C:\Program Files (x86)\Adobe\Acrobat Reader DC\Reader\AcroRd32.exe
Faulting module path: C:\Windows\SYSTEM32\ucrtbase.DLL
Report Id: 580f0527-44bd-11ec-82a9-000c2935f866
Faulting package full name: 
Faulting package-relative application ID: "
Error	11/14/2021 4:07:13 AM	Application Error	1000	(100)	"Faulting application name: AcroRd32.exe, version: 19.21.20048.26832, time stamp: 0x5da76dd8
Faulting module name: VCRUNTIME140.dll, version: 14.29.30037.0, time stamp: 0x609de41f
Exception code: 0xc0000005
Fault offset: 0x000032ae
Faulting process id: 0xb24
Faulting application start time: 0x01d7d8ca0a135378
Faulting application path: C:\Program Files (x86)\Adobe\Acrobat Reader DC\Reader\AcroRd32.exe
Faulting module path: C:\Windows\SYSTEM32\VCRUNTIME140.dll
Report Id: 4a3860be-44bd-11ec-82a9-000c2935f866
Faulting package full name: 
Faulting package-relative application ID: "
Error	11/14/2021 4:07:06 AM	Application Error	1000	(100)	"Faulting application name: AcroRd32.exe, version: 19.21.20048.26832, time stamp: 0x5da76dd8
Faulting module name: VCRUNTIME140.dll, version: 14.29.30037.0, time stamp: 0x609de41f
Exception code: 0xc0000005
Fault offset: 0x000032ae
Faulting process id: 0xe84
Faulting application start time: 0x01d7d8ca082d42b1
Faulting application path: C:\Program Files (x86)\Adobe\Acrobat Reader DC\Reader\AcroRd32.exe
Faulting module path: C:\Windows\SYSTEM32\VCRUNTIME140.dll
Report Id: 462a9281-44bd-11ec-82a9-000c2935f866
Faulting package full name: 
Faulting package-relative application ID: "
Error	11/14/2021 4:07:05 AM	Application Error	1000	(100)	"Faulting application name: AcroRd32.exe, version: 19.21.20048.26832, time stamp: 0x5da76dd8
Faulting module name: ucrtbase.DLL, version: 10.0.14393.2990, time stamp: 0x5caeb859
Exception code: 0xc0000409
Fault offset: 0x000884cb
Faulting process id: 0xa1c
Faulting application start time: 0x01d7d8c9f566015a
Faulting application path: C:\Program Files (x86)\Adobe\Acrobat Reader DC\Reader\AcroRd32.exe
Faulting module path: C:\Windows\SYSTEM32\ucrtbase.DLL
Report Id: 455dd602-44bd-11ec-82a9-000c2935f866
Faulting package full name: 
Faulting package-relative application ID: "
Error	11/14/2021 4:06:33 AM	Application Error	1000	(100)	"Faulting application name: AcroRd32.exe, version: 19.21.20048.26832, time stamp: 0x5da76dd8
Faulting module name: ucrtbase.DLL, version: 10.0.14393.2990, time stamp: 0x5caeb859
Exception code: 0xc0000409
Fault offset: 0x000884cb
Faulting process id: 0xaa4
Faulting application start time: 0x01d7d8c9e7626915
Faulting application path: C:\Program Files (x86)\Adobe\Acrobat Reader DC\Reader\AcroRd32.exe
Faulting module path: C:\Windows\SYSTEM32\ucrtbase.DLL
Report Id: 3294322b-44bd-11ec-82a9-000c2935f866
Faulting package full name: 
Faulting package-relative application ID: "
Error	11/14/2021 4:06:10 AM	Application Error	1000	(100)	"Faulting application name: AcroRd32.exe, version: 19.21.20048.26832, time stamp: 0x5da76dd8
Faulting module name: ucrtbase.DLL, version: 10.0.14393.2990, time stamp: 0x5caeb859
Exception code: 0xc0000409
Fault offset: 0x000884cb
Faulting process id: 0x2a0
Faulting application start time: 0x01d7d8c9db55915c
Faulting application path: C:\Program Files (x86)\Adobe\Acrobat Reader DC\Reader\AcroRd32.exe
Faulting module path: C:\Windows\SYSTEM32\ucrtbase.DLL
Report Id: 249554e3-44bd-11ec-82a9-000c2935f866
Faulting package full name: 
Faulting package-relative application ID: "
