Error	11/14/2021 12:56:14 AM	Application Error	1000	(100)	"Faulting application name: AcroRd32.exe, version: 19.21.20048.26832, time stamp: 0x5da76dd8
Faulting module name: ucrtbase.DLL, version: 10.0.14393.2990, time stamp: 0x5caeb859
Exception code: 0xc0000409
Fault offset: 0x000884cb
Faulting process id: 0xd70
Faulting application start time: 0x01d7d8af5508faf9
Faulting application path: C:\Program Files (x86)\Adobe\Acrobat Reader DC\Reader\AcroRd32.exe
Faulting module path: C:\Windows\SYSTEM32\ucrtbase.DLL
Report Id: 9bc108c8-44a2-11ec-82a9-000c2935f866
Faulting package full name: 
Faulting package-relative application ID: "
Error	11/14/2021 12:55:56 AM	Application Error	1000	(100)	"Faulting application name: AcroRd32.exe, version: 19.21.20048.26832, time stamp: 0x5da76dd8
Faulting module name: VCRUNTIME140.dll, version: 14.29.30037.0, time stamp: 0x609de41f
Exception code: 0xc0000005
Fault offset: 0x000032ae
Faulting process id: 0xda0
Faulting application start time: 0x01d7d8af53205aae
Faulting application path: C:\Program Files (x86)\Adobe\Acrobat Reader DC\Reader\AcroRd32.exe
Faulting module path: C:\Windows\SYSTEM32\VCRUNTIME140.dll
Report Id: 9167c8cc-44a2-11ec-82a9-000c2935f866
Faulting package full name: 
Faulting package-relative application ID: "
Error	11/14/2021 12:55:53 AM	Application Error	1000	(100)	"Faulting application name: AcroRd32.exe, version: 19.21.20048.26832, time stamp: 0x5da76dd8
Faulting module name: VCRUNTIME140.dll, version: 14.29.30037.0, time stamp: 0x609de41f
Exception code: 0xc0000005
Fault offset: 0x000032ae
Faulting process id: 0x870
Faulting application start time: 0x01d7d8af513d82ed
Faulting application path: C:\Program Files (x86)\Adobe\Acrobat Reader DC\Reader\AcroRd32.exe
Faulting module path: C:\Windows\SYSTEM32\VCRUNTIME140.dll
Report Id: 8f5b6aec-44a2-11ec-82a9-000c2935f866
Faulting package full name: 
Faulting package-relative application ID: "
Error	11/14/2021 12:55:48 AM	Application Error	1000	(100)	"Faulting application name: AcroRd32.exe, version: 19.21.20048.26832, time stamp: 0x5da76dd8
Faulting module name: VCRUNTIME140.dll, version: 14.29.30037.0, time stamp: 0x609de41f
Exception code: 0xc0000005
Fault offset: 0x000032ae
Faulting process id: 0xfb0
Faulting application start time: 0x01d7d8af4c6f387f
Faulting application path: C:\Program Files (x86)\Adobe\Acrobat Reader DC\Reader\AcroRd32.exe
Faulting module path: C:\Windows\SYSTEM32\VCRUNTIME140.dll
Report Id: 8cb7b035-44a2-11ec-82a9-000c2935f866
Faulting package full name: 
Faulting package-relative application ID: "
Error	11/14/2021 12:55:41 AM	Application Error	1000	(100)	"Faulting application name: AcroRd32.exe, version: 19.21.20048.26832, time stamp: 0x5da76dd8
Faulting module name: VCRUNTIME140.dll, version: 14.29.30037.0, time stamp: 0x609de41f
Exception code: 0xc0000005
Fault offset: 0x000032ae
Faulting process id: 0xf3c
Faulting application start time: 0x01d7d8af4a8ba214
Faulting application path: C:\Program Files (x86)\Adobe\Acrobat Reader DC\Reader\AcroRd32.exe
Faulting module path: C:\Windows\SYSTEM32\VCRUNTIME140.dll
Report Id: 8886680b-44a2-11ec-82a9-000c2935f866
Faulting package full name: 
Faulting package-relative application ID: "
Error	11/14/2021 12:55:39 AM	Application Error	1000	(100)	"Faulting application name: AcroRd32.exe, version: 19.21.20048.26832, time stamp: 0x5da76dd8
Faulting module name: VCRUNTIME140.dll, version: 14.29.30037.0, time stamp: 0x609de41f
Exception code: 0xc0000005
Fault offset: 0x000032ae
Faulting process id: 0xbdc
Faulting application start time: 0x01d7d8af488e6f5c
Faulting application path: C:\Program Files (x86)\Adobe\Acrobat Reader DC\Reader\AcroRd32.exe
Faulting module path: C:\Windows\SYSTEM32\VCRUNTIME140.dll
Report Id: 86f646e2-44a2-11ec-82a9-000c2935f866
Faulting package full name: 
Faulting package-relative application ID: "
Error	11/14/2021 12:55:35 AM	Application Error	1000	(100)	"Faulting application name: AcroRd32.exe, version: 19.21.20048.26832, time stamp: 0x5da76dd8
Faulting module name: VCRUNTIME140.dll, version: 14.29.30037.0, time stamp: 0x609de41f
Exception code: 0xc0000005
Fault offset: 0x000032ae
Faulting process id: 0xffc
Faulting application start time: 0x01d7d8af46a4b22c
Faulting application path: C:\Program Files (x86)\Adobe\Acrobat Reader DC\Reader\AcroRd32.exe
Faulting module path: C:\Windows\SYSTEM32\VCRUNTIME140.dll
Report Id: 84b40593-44a2-11ec-82a9-000c2935f866
Faulting package full name: 
Faulting package-relative application ID: "
Error	11/14/2021 12:55:31 AM	Application Error	1000	(100)	"Faulting application name: AcroRd32.exe, version: 19.21.20048.26832, time stamp: 0x5da76dd8
Faulting module name: VCRUNTIME140.dll, version: 14.29.30037.0, time stamp: 0x609de41f
Exception code: 0xc0000005
Fault offset: 0x000032ae
Faulting process id: 0xe54
Faulting application start time: 0x01d7d8af44bc8c93
Faulting application path: C:\Program Files (x86)\Adobe\Acrobat Reader DC\Reader\AcroRd32.exe
Faulting module path: C:\Windows\SYSTEM32\VCRUNTIME140.dll
Report Id: 82b2673f-44a2-11ec-82a9-000c2935f866
Faulting package full name: 
Faulting package-relative application ID: "
Error	11/14/2021 12:55:30 AM	Application Error	1000	(100)	"Faulting application name: AcroRd32.exe, version: 19.21.20048.26832, time stamp: 0x5da76dd8
Faulting module name: ucrtbase.DLL, version: 10.0.14393.2990, time stamp: 0x5caeb859
Exception code: 0xc0000409
Fault offset: 0x000884cb
Faulting process id: 0xb64
Faulting application start time: 0x01d7d8af3c25e140
Faulting application path: C:\Program Files (x86)\Adobe\Acrobat Reader DC\Reader\AcroRd32.exe
Faulting module path: C:\Windows\SYSTEM32\ucrtbase.DLL
Report Id: 81eab7c7-44a2-11ec-82a9-000c2935f866
Faulting package full name: 
Faulting package-relative application ID: "
Error	11/14/2021 12:55:16 AM	Application Error	1000	(100)	"Faulting application name: AcroRd32.exe, version: 19.21.20048.26832, time stamp: 0x5da76dd8
Faulting module name: ucrtbase.DLL, version: 10.0.14393.2990, time stamp: 0x5caeb859
Exception code: 0xc0000409
Fault offset: 0x000884cb
Faulting process id: 0xfb4
Faulting application start time: 0x01d7d8af29a9e25e
Faulting application path: C:\Program Files (x86)\Adobe\Acrobat Reader DC\Reader\AcroRd32.exe
Faulting module path: C:\Windows\SYSTEM32\ucrtbase.DLL
Report Id: 79541201-44a2-11ec-82a9-000c2935f866
Faulting package full name: 
Faulting package-relative application ID: "
Error	11/14/2021 12:54:43 AM	Application Error	1000	(100)	"Faulting application name: AcroRd32.exe, version: 19.21.20048.26832, time stamp: 0x5da76dd8
Faulting module name: VCRUNTIME140.dll, version: 14.29.30037.0, time stamp: 0x609de41f
Exception code: 0xc0000005
Fault offset: 0x000032ae
Faulting process id: 0x5ec
Faulting application start time: 0x01d7d8af27c51f90
Faulting application path: C:\Program Files (x86)\Adobe\Acrobat Reader DC\Reader\AcroRd32.exe
Faulting module path: C:\Windows\SYSTEM32\VCRUNTIME140.dll
Report Id: 65db5288-44a2-11ec-82a9-000c2935f866
Faulting package full name: 
Faulting package-relative application ID: "
Error	11/14/2021 12:54:40 AM	Application Error	1000	(100)	"Faulting application name: AcroRd32.exe, version: 19.21.20048.26832, time stamp: 0x5da76dd8
Faulting module name: VCRUNTIME140.dll, version: 14.29.30037.0, time stamp: 0x609de41f
Exception code: 0xc0000005
Fault offset: 0x000032ae
Faulting process id: 0xedc
Faulting application start time: 0x01d7d8af25de2f76
Faulting application path: C:\Program Files (x86)\Adobe\Acrobat Reader DC\Reader\AcroRd32.exe
Faulting module path: C:\Windows\SYSTEM32\VCRUNTIME140.dll
Report Id: 63d9ff68-44a2-11ec-82a9-000c2935f866
Faulting package full name: 
Faulting package-relative application ID: "
Error	11/14/2021 12:54:36 AM	Application Error	1000	(100)	"Faulting application name: AcroRd32.exe, version: 19.21.20048.26832, time stamp: 0x5da76dd8
Faulting module name: VCRUNTIME140.dll, version: 14.29.30037.0, time stamp: 0x609de41f
Exception code: 0xc0000005
Fault offset: 0x000032ae
Faulting process id: 0xc4c
Faulting application start time: 0x01d7d8af1bdc4cb0
Faulting application path: C:\Program Files (x86)\Adobe\Acrobat Reader DC\Reader\AcroRd32.exe
Faulting module path: C:\Windows\SYSTEM32\VCRUNTIME140.dll
Report Id: 61e70d21-44a2-11ec-82a9-000c2935f866
Faulting package full name: 
Faulting package-relative application ID: "
Error	11/14/2021 12:54:20 AM	Application Error	1000	(100)	"Faulting application name: AcroRd32.exe, version: 19.21.20048.26832, time stamp: 0x5da76dd8
Faulting module name: VCRUNTIME140.dll, version: 14.29.30037.0, time stamp: 0x609de41f
Exception code: 0xc0000005
Fault offset: 0x000032ae
Faulting process id: 0xfec
Faulting application start time: 0x01d7d8af112e89a5
Faulting application path: C:\Program Files (x86)\Adobe\Acrobat Reader DC\Reader\AcroRd32.exe
Faulting module path: C:\Windows\SYSTEM32\VCRUNTIME140.dll
Report Id: 58318f4d-44a2-11ec-82a9-000c2935f866
Faulting package full name: 
Faulting package-relative application ID: "
Error	11/14/2021 12:54:03 AM	Application Error	1000	(100)	"Faulting application name: AcroRd32.exe, version: 19.21.20048.26832, time stamp: 0x5da76dd8
Faulting module name: VCRUNTIME140.dll, version: 14.29.30037.0, time stamp: 0x609de41f
Exception code: 0xc0000005
Fault offset: 0x000032ae
Faulting process id: 0x4b0
Faulting application start time: 0x01d7d8af0affdd8a
Faulting application path: C:\Program Files (x86)\Adobe\Acrobat Reader DC\Reader\AcroRd32.exe
Faulting module path: C:\Windows\SYSTEM32\VCRUNTIME140.dll
Report Id: 4e2f7828-44a2-11ec-82a9-000c2935f866
Faulting package full name: 
Faulting package-relative application ID: "
Error	11/14/2021 12:53:53 AM	Application Error	1000	(100)	"Faulting application name: AcroRd32.exe, version: 19.21.20048.26832, time stamp: 0x5da76dd8
Faulting module name: ucrtbase.DLL, version: 10.0.14393.2990, time stamp: 0x5caeb859
Exception code: 0xc0000409
Fault offset: 0x000884cb
Faulting process id: 0xe58
Faulting application start time: 0x01d7d8aef7fd50c0
Faulting application path: C:\Program Files (x86)\Adobe\Acrobat Reader DC\Reader\AcroRd32.exe
Faulting module path: C:\Windows\SYSTEM32\ucrtbase.DLL
Report Id: 482e08b5-44a2-11ec-82a9-000c2935f866
Faulting package full name: 
Faulting package-relative application ID: "
Error	11/14/2021 12:53:21 AM	Application Error	1000	(100)	"Faulting application name: AcroRd32.exe, version: 19.21.20048.26832, time stamp: 0x5da76dd8
Faulting module name: ucrtbase.DLL, version: 10.0.14393.2990, time stamp: 0x5caeb859
Exception code: 0xc0000409
Fault offset: 0x000884cb
Faulting process id: 0xe14
Faulting application start time: 0x01d7d8aeedd08b9f
Faulting application path: C:\Program Files (x86)\Adobe\Acrobat Reader DC\Reader\AcroRd32.exe
Faulting module path: C:\Windows\SYSTEM32\ucrtbase.DLL
Report Id: 353058ef-44a2-11ec-82a9-000c2935f866
Faulting package full name: 
Faulting package-relative application ID: "
Error	11/14/2021 12:53:03 AM	Application Error	1000	(100)	"Faulting application name: AcroRd32.exe, version: 19.21.20048.26832, time stamp: 0x5da76dd8
Faulting module name: VCRUNTIME140.dll, version: 14.29.30037.0, time stamp: 0x609de41f
Exception code: 0xc0000005
Fault offset: 0x000032ae
Faulting process id: 0xb84
Faulting application start time: 0x01d7d8aeebf1d0d5
Faulting application path: C:\Program Files (x86)\Adobe\Acrobat Reader DC\Reader\AcroRd32.exe
Faulting module path: C:\Windows\SYSTEM32\VCRUNTIME140.dll
Report Id: 2a38dfc6-44a2-11ec-82a9-000c2935f866
Faulting package full name: 
Faulting package-relative application ID: "
Error	11/14/2021 12:53:01 AM	Application Error	1000	(100)	"Faulting application name: AcroRd32.exe, version: 19.21.20048.26832, time stamp: 0x5da76dd8
Faulting module name: VCRUNTIME140.dll, version: 14.29.30037.0, time stamp: 0x609de41f
Exception code: 0xc0000005
Fault offset: 0x000032ae
Faulting process id: 0x7ac
Faulting application start time: 0x01d7d8aee1a16f52
Faulting application path: C:\Program Files (x86)\Adobe\Acrobat Reader DC\Reader\AcroRd32.exe
Faulting module path: C:\Windows\SYSTEM32\VCRUNTIME140.dll
Report Id: 28bbdca0-44a2-11ec-82a9-000c2935f866
Faulting package full name: 
Faulting package-relative application ID: "
Error	11/14/2021 12:52:42 AM	Application Error	1000	(100)	"Faulting application name: AcroRd32.exe, version: 19.21.20048.26832, time stamp: 0x5da76dd8
Faulting module name: VCRUNTIME140.dll, version: 14.29.30037.0, time stamp: 0x609de41f
Exception code: 0xc0000005
Fault offset: 0x000032ae
Faulting process id: 0x3f0
Faulting application start time: 0x01d7d8aedfc08ca4
Faulting application path: C:\Program Files (x86)\Adobe\Acrobat Reader DC\Reader\AcroRd32.exe
Faulting module path: C:\Windows\SYSTEM32\VCRUNTIME140.dll
Report Id: 1dce3eda-44a2-11ec-82a9-000c2935f866
Faulting package full name: 
Faulting package-relative application ID: "
Error	11/14/2021 12:52:41 AM	Application Error	1000	(100)	"Faulting application name: AcroRd32.exe, version: 19.21.20048.26832, time stamp: 0x5da76dd8
Faulting module name: ucrtbase.DLL, version: 10.0.14393.2990, time stamp: 0x5caeb859
Exception code: 0xc0000409
Fault offset: 0x000884cb
Faulting process id: 0xfe4
Faulting application start time: 0x01d7d8aed7bafd1f
Faulting application path: C:\Program Files (x86)\Adobe\Acrobat Reader DC\Reader\AcroRd32.exe
Faulting module path: C:\Windows\SYSTEM32\ucrtbase.DLL
Report Id: 1cf12457-44a2-11ec-82a9-000c2935f866
Faulting package full name: 
Faulting package-relative application ID: "
Error	11/14/2021 12:52:27 AM	Application Error	1000	(100)	"Faulting application name: AcroRd32.exe, version: 19.21.20048.26832, time stamp: 0x5da76dd8
Faulting module name: ucrtbase.DLL, version: 10.0.14393.2990, time stamp: 0x5caeb859
Exception code: 0xc0000409
Fault offset: 0x000884cb
Faulting process id: 0x268
Faulting application start time: 0x01d7d8aed52bf858
Faulting application path: C:\Program Files (x86)\Adobe\Acrobat Reader DC\Reader\AcroRd32.exe
Faulting module path: C:\Windows\SYSTEM32\ucrtbase.DLL
Report Id: 14c56735-44a2-11ec-82a9-000c2935f866
Faulting package full name: 
Faulting package-relative application ID: "
Error	11/14/2021 12:52:21 AM	Application Error	1000	(100)	"Faulting application name: AcroRd32.exe, version: 19.21.20048.26832, time stamp: 0x5da76dd8
Faulting module name: VCRUNTIME140.dll, version: 14.29.30037.0, time stamp: 0x609de41f
Exception code: 0xc0000005
Fault offset: 0x000032ae
Faulting process id: 0xe98
Faulting application start time: 0x01d7d8aed346ef5d
Faulting application path: C:\Program Files (x86)\Adobe\Acrobat Reader DC\Reader\AcroRd32.exe
Faulting module path: C:\Windows\SYSTEM32\VCRUNTIME140.dll
Report Id: 116954ce-44a2-11ec-82a9-000c2935f866
Faulting package full name: 
Faulting package-relative application ID: "
Error	11/14/2021 12:52:20 AM	Application Error	1000	(100)	"Faulting application name: AcroRd32.exe, version: 19.21.20048.26832, time stamp: 0x5da76dd8
Faulting module name: ucrtbase.DLL, version: 10.0.14393.2990, time stamp: 0x5caeb859
Exception code: 0xc0000409
Fault offset: 0x000884cb
Faulting process id: 0xd94
Faulting application start time: 0x01d7d8aec6acb258
Faulting application path: C:\Program Files (x86)\Adobe\Acrobat Reader DC\Reader\AcroRd32.exe
Faulting module path: C:\Windows\SYSTEM32\ucrtbase.DLL
Report Id: 10754062-44a2-11ec-82a9-000c2935f866
Faulting package full name: 
Faulting package-relative application ID: "
Error	11/14/2021 12:51:57 AM	Application Error	1000	(100)	"Faulting application name: AcroRd32.exe, version: 19.21.20048.26832, time stamp: 0x5da76dd8
Faulting module name: VCRUNTIME140.dll, version: 14.29.30037.0, time stamp: 0x609de41f
Exception code: 0xc0000005
Fault offset: 0x000032ae
Faulting process id: 0xb60
Faulting application start time: 0x01d7d8aebf40974a
Faulting application path: C:\Program Files (x86)\Adobe\Acrobat Reader DC\Reader\AcroRd32.exe
Faulting module path: C:\Windows\SYSTEM32\VCRUNTIME140.dll
Report Id: 02ff9c95-44a2-11ec-82a9-000c2935f866
Faulting package full name: 
Faulting package-relative application ID: "
Error	11/14/2021 12:51:45 AM	Application Error	1000	(100)	"Faulting application name: AcroRd32.exe, version: 19.21.20048.26832, time stamp: 0x5da76dd8
Faulting module name: VCRUNTIME140.dll, version: 14.29.30037.0, time stamp: 0x609de41f
Exception code: 0xc0000005
Fault offset: 0x000032ae
Faulting process id: 0xff8
Faulting application start time: 0x01d7d8aebd5a8fbf
Faulting application path: C:\Program Files (x86)\Adobe\Acrobat Reader DC\Reader\AcroRd32.exe
Faulting module path: C:\Windows\SYSTEM32\VCRUNTIME140.dll
Report Id: fb910937-44a1-11ec-82a9-000c2935f866
Faulting package full name: 
Faulting package-relative application ID: "
Error	11/14/2021 12:51:43 AM	Application Error	1000	(100)	"Faulting application name: AcroRd32.exe, version: 19.21.20048.26832, time stamp: 0x5da76dd8
Faulting module name: ucrtbase.DLL, version: 10.0.14393.2990, time stamp: 0x5caeb859
Exception code: 0xc0000409
Fault offset: 0x000884cb
Faulting process id: 0x4f0
Faulting application start time: 0x01d7d8aeb1bd7449
Faulting application path: C:\Program Files (x86)\Adobe\Acrobat Reader DC\Reader\AcroRd32.exe
Faulting module path: C:\Windows\SYSTEM32\ucrtbase.DLL
Report Id: fa8b218c-44a1-11ec-82a9-000c2935f866
Faulting package full name: 
Faulting package-relative application ID: "
Error	11/14/2021 12:51:22 AM	Application Error	1000	(100)	"Faulting application name: AcroRd32.exe, version: 19.21.20048.26832, time stamp: 0x5da76dd8
Faulting module name: VCRUNTIME140.dll, version: 14.29.30037.0, time stamp: 0x609de41f
Exception code: 0xc0000005
Fault offset: 0x000032ae
Faulting process id: 0x7a0
Faulting application start time: 0x01d7d8aea8ca029f
Faulting application path: C:\Program Files (x86)\Adobe\Acrobat Reader DC\Reader\AcroRd32.exe
Faulting module path: C:\Windows\SYSTEM32\VCRUNTIME140.dll
Report Id: ee0b8644-44a1-11ec-82a9-000c2935f866
Faulting package full name: 
Faulting package-relative application ID: "
Error	11/14/2021 12:51:09 AM	Application Error	1000	(100)	"Faulting application name: AcroRd32.exe, version: 19.21.20048.26832, time stamp: 0x5da76dd8
Faulting module name: ucrtbase.DLL, version: 10.0.14393.2990, time stamp: 0x5caeb859
Exception code: 0xc0000409
Fault offset: 0x000884cb
Faulting process id: 0xcbc
Faulting application start time: 0x01d7d8ae9e5feb7f
Faulting application path: C:\Program Files (x86)\Adobe\Acrobat Reader DC\Reader\AcroRd32.exe
Faulting module path: C:\Windows\SYSTEM32\ucrtbase.DLL
Report Id: e5f37068-44a1-11ec-82a9-000c2935f866
Faulting package full name: 
Faulting package-relative application ID: "
Error	11/14/2021 12:50:49 AM	Application Error	1000	(100)	"Faulting application name: AcroRd32.exe, version: 19.21.20048.26832, time stamp: 0x5da76dd8
Faulting module name: VCRUNTIME140.dll, version: 14.29.30037.0, time stamp: 0x609de41f
Exception code: 0xc0000005
Fault offset: 0x000032ae
Faulting process id: 0xff4
Faulting application start time: 0x01d7d8ae9990c0a2
Faulting application path: C:\Program Files (x86)\Adobe\Acrobat Reader DC\Reader\AcroRd32.exe
Faulting module path: C:\Windows\SYSTEM32\VCRUNTIME140.dll
Report Id: da1364d4-44a1-11ec-82a9-000c2935f866
Faulting package full name: 
Faulting package-relative application ID: "
Error	11/14/2021 12:50:42 AM	Application Error	1000	(100)	"Faulting application name: AcroRd32.exe, version: 19.21.20048.26832, time stamp: 0x5da76dd8
Faulting module name: VCRUNTIME140.dll, version: 14.29.30037.0, time stamp: 0x609de41f
Exception code: 0xc0000005
Fault offset: 0x000032ae
Faulting process id: 0x7f4
Faulting application start time: 0x01d7d8ae90b41174
Faulting application path: C:\Program Files (x86)\Adobe\Acrobat Reader DC\Reader\AcroRd32.exe
Faulting module path: C:\Windows\SYSTEM32\VCRUNTIME140.dll
Report Id: d5f46376-44a1-11ec-82a9-000c2935f866
Faulting package full name: 
Faulting package-relative application ID: "
Error	11/14/2021 12:50:27 AM	Application Error	1000	(100)	"Faulting application name: AcroRd32.exe, version: 19.21.20048.26832, time stamp: 0x5da76dd8
Faulting module name: VCRUNTIME140.dll, version: 14.29.30037.0, time stamp: 0x609de41f
Exception code: 0xc0000005
Fault offset: 0x000032ae
Faulting process id: 0xe18
Faulting application start time: 0x01d7d8ae8ed0c68c
Faulting application path: C:\Program Files (x86)\Adobe\Acrobat Reader DC\Reader\AcroRd32.exe
Faulting module path: C:\Windows\SYSTEM32\VCRUNTIME140.dll
Report Id: ccef09a6-44a1-11ec-82a9-000c2935f866
Faulting package full name: 
Faulting package-relative application ID: "
Error	11/14/2021 12:50:22 AM	Application Error	1000	(100)	"Faulting application name: AcroRd32.exe, version: 19.21.20048.26832, time stamp: 0x5da76dd8
Faulting module name: VCRUNTIME140.dll, version: 14.29.30037.0, time stamp: 0x609de41f
Exception code: 0xc0000005
Fault offset: 0x000032ae
Faulting process id: 0xc44
Faulting application start time: 0x01d7d8ae8a25fe4e
Faulting application path: C:\Program Files (x86)\Adobe\Acrobat Reader DC\Reader\AcroRd32.exe
Faulting module path: C:\Windows\SYSTEM32\VCRUNTIME140.dll
Report Id: ca1bbc42-44a1-11ec-82a9-000c2935f866
Faulting package full name: 
Faulting package-relative application ID: "
Error	11/14/2021 12:50:15 AM	Application Error	1000	(100)	"Faulting application name: AcroRd32.exe, version: 19.21.20048.26832, time stamp: 0x5da76dd8
Faulting module name: VCRUNTIME140.dll, version: 14.29.30037.0, time stamp: 0x609de41f
Exception code: 0xc0000005
Fault offset: 0x000032ae
Faulting process id: 0xd10
Faulting application start time: 0x01d7d8ae88430a87
Faulting application path: C:\Program Files (x86)\Adobe\Acrobat Reader DC\Reader\AcroRd32.exe
Faulting module path: C:\Windows\SYSTEM32\VCRUNTIME140.dll
Report Id: c63d3893-44a1-11ec-82a9-000c2935f866
Faulting package full name: 
Faulting package-relative application ID: "
Error	11/14/2021 12:50:11 AM	Application Error	1000	(100)	"Faulting application name: AcroRd32.exe, version: 19.21.20048.26832, time stamp: 0x5da76dd8
Faulting module name: VCRUNTIME140.dll, version: 14.29.30037.0, time stamp: 0x609de41f
Exception code: 0xc0000005
Fault offset: 0x000032ae
Faulting process id: 0xbc0
Faulting application start time: 0x01d7d8ae83b928da
Faulting application path: C:\Program Files (x86)\Adobe\Acrobat Reader DC\Reader\AcroRd32.exe
Faulting module path: C:\Windows\SYSTEM32\VCRUNTIME140.dll
Report Id: c39de0e7-44a1-11ec-82a9-000c2935f866
Faulting package full name: 
Faulting package-relative application ID: "
Error	11/14/2021 12:50:06 AM	Application Error	1000	(100)	"Faulting application name: AcroRd32.exe, version: 19.21.20048.26832, time stamp: 0x5da76dd8
Faulting module name: ucrtbase.DLL, version: 10.0.14393.2990, time stamp: 0x5caeb859
Exception code: 0xc0000409
Fault offset: 0x000884cb
Faulting process id: 0x904
Faulting application start time: 0x01d7d8ae7474c34f
Faulting application path: C:\Program Files (x86)\Adobe\Acrobat Reader DC\Reader\AcroRd32.exe
Faulting module path: C:\Windows\SYSTEM32\ucrtbase.DLL
Report Id: c0e760d6-44a1-11ec-82a9-000c2935f866
Faulting package full name: 
Faulting package-relative application ID: "
Error	11/14/2021 12:49:39 AM	Application Error	1000	(100)	"Faulting application name: AcroRd32.exe, version: 19.21.20048.26832, time stamp: 0x5da76dd8
Faulting module name: VCRUNTIME140.dll, version: 14.29.30037.0, time stamp: 0x609de41f
Exception code: 0xc0000005
Fault offset: 0x000032ae
Faulting process id: 0xe20
Faulting application start time: 0x01d7d8ae728ec362
Faulting application path: C:\Program Files (x86)\Adobe\Acrobat Reader DC\Reader\AcroRd32.exe
Faulting module path: C:\Windows\SYSTEM32\VCRUNTIME140.dll
Report Id: b08988e0-44a1-11ec-82a9-000c2935f866
Faulting package full name: 
Faulting package-relative application ID: "
Error	11/14/2021 12:49:36 AM	Application Error	1000	(100)	"Faulting application name: AcroRd32.exe, version: 19.21.20048.26832, time stamp: 0x5da76dd8
Faulting module name: VCRUNTIME140.dll, version: 14.29.30037.0, time stamp: 0x609de41f
Exception code: 0xc0000005
Fault offset: 0x000032ae
Faulting process id: 0xf40
Faulting application start time: 0x01d7d8ae70aa258b
Faulting application path: C:\Program Files (x86)\Adobe\Acrobat Reader DC\Reader\AcroRd32.exe
Faulting module path: C:\Windows\SYSTEM32\VCRUNTIME140.dll
Report Id: aead1af7-44a1-11ec-82a9-000c2935f866
Faulting package full name: 
Faulting package-relative application ID: "
Error	11/14/2021 12:49:33 AM	Application Error	1000	(100)	"Faulting application name: AcroRd32.exe, version: 19.21.20048.26832, time stamp: 0x5da76dd8
Faulting module name: VCRUNTIME140.dll, version: 14.29.30037.0, time stamp: 0x609de41f
Exception code: 0xc0000005
Fault offset: 0x000032ae
Faulting process id: 0xd40
Faulting application start time: 0x01d7d8ae6ec91519
Faulting application path: C:\Program Files (x86)\Adobe\Acrobat Reader DC\Reader\AcroRd32.exe
Faulting module path: C:\Windows\SYSTEM32\VCRUNTIME140.dll
Report Id: acc176b3-44a1-11ec-82a9-000c2935f866
Faulting package full name: 
Faulting package-relative application ID: "
Error	11/14/2021 12:49:29 AM	Application Error	1000	(100)	"Faulting application name: AcroRd32.exe, version: 19.21.20048.26832, time stamp: 0x5da76dd8
Faulting module name: VCRUNTIME140.dll, version: 14.29.30037.0, time stamp: 0x609de41f
Exception code: 0xc0000005
Fault offset: 0x000032ae
Faulting process id: 0xf34
Faulting application start time: 0x01d7d8ae6ce65d99
Faulting application path: C:\Program Files (x86)\Adobe\Acrobat Reader DC\Reader\AcroRd32.exe
Faulting module path: C:\Windows\SYSTEM32\VCRUNTIME140.dll
Report Id: aadb8214-44a1-11ec-82a9-000c2935f866
Faulting package full name: 
Faulting package-relative application ID: "
Error	11/14/2021 12:49:27 AM	Application Error	1000	(100)	"Faulting application name: AcroRd32.exe, version: 19.21.20048.26832, time stamp: 0x5da76dd8
Faulting module name: VCRUNTIME140.dll, version: 14.29.30037.0, time stamp: 0x609de41f
Exception code: 0xc0000005
Fault offset: 0x000032ae
Faulting process id: 0xdbc
Faulting application start time: 0x01d7d8ae6b012c2a
Faulting application path: C:\Program Files (x86)\Adobe\Acrobat Reader DC\Reader\AcroRd32.exe
Faulting module path: C:\Windows\SYSTEM32\VCRUNTIME140.dll
Report Id: a93b9428-44a1-11ec-82a9-000c2935f866
Faulting package full name: 
Faulting package-relative application ID: "
Error	11/14/2021 12:49:25 AM	Application Error	1000	(100)	"Faulting application name: AcroRd32.exe, version: 19.21.20048.26832, time stamp: 0x5da76dd8
Faulting module name: ucrtbase.DLL, version: 10.0.14393.2990, time stamp: 0x5caeb859
Exception code: 0xc0000409
Fault offset: 0x000884cb
Faulting process id: 0xf04
Faulting application start time: 0x01d7d8ae5ebf5ec0
Faulting application path: C:\Program Files (x86)\Adobe\Acrobat Reader DC\Reader\AcroRd32.exe
Faulting module path: C:\Windows\SYSTEM32\ucrtbase.DLL
Report Id: a82f5f26-44a1-11ec-82a9-000c2935f866
Faulting package full name: 
Faulting package-relative application ID: "
Error	11/14/2021 12:49:04 AM	Application Error	1000	(100)	"Faulting application name: AcroRd32.exe, version: 19.21.20048.26832, time stamp: 0x5da76dd8
Faulting module name: ucrtbase.DLL, version: 10.0.14393.2990, time stamp: 0x5caeb859
Exception code: 0xc0000409
Fault offset: 0x000884cb
Faulting process id: 0xc38
Faulting application start time: 0x01d7d8ae5019cf9a
Faulting application path: C:\Program Files (x86)\Adobe\Acrobat Reader DC\Reader\AcroRd32.exe
Faulting module path: C:\Windows\SYSTEM32\ucrtbase.DLL
Report Id: 9bf4b8f5-44a1-11ec-82a9-000c2935f866
Faulting package full name: 
Faulting package-relative application ID: "
Error	11/14/2021 12:48:38 AM	Application Error	1000	(100)	"Faulting application name: AcroRd32.exe, version: 19.21.20048.26832, time stamp: 0x5da76dd8
Faulting module name: VCRUNTIME140.dll, version: 14.29.30037.0, time stamp: 0x609de41f
Exception code: 0xc0000005
Fault offset: 0x000032ae
Faulting process id: 0xf40
Faulting application start time: 0x01d7d8ae4e39c7eb
Faulting application path: C:\Program Files (x86)\Adobe\Acrobat Reader DC\Reader\AcroRd32.exe
Faulting module path: C:\Windows\SYSTEM32\VCRUNTIME140.dll
Report Id: 8c526c03-44a1-11ec-82a9-000c2935f866
Faulting package full name: 
Faulting package-relative application ID: "
Error	11/14/2021 12:48:37 AM	Application Error	1000	(100)	"Faulting application name: AcroRd32.exe, version: 19.21.20048.26832, time stamp: 0x5da76dd8
Faulting module name: ucrtbase.DLL, version: 10.0.14393.2990, time stamp: 0x5caeb859
Exception code: 0xc0000409
Fault offset: 0x000884cb
Faulting process id: 0xbcc
Faulting application start time: 0x01d7d8ae42beb08d
Faulting application path: C:\Program Files (x86)\Adobe\Acrobat Reader DC\Reader\AcroRd32.exe
Faulting module path: C:\Windows\SYSTEM32\ucrtbase.DLL
Report Id: 8b67fa71-44a1-11ec-82a9-000c2935f866
Faulting package full name: 
Faulting package-relative application ID: "
Error	11/14/2021 12:48:16 AM	Application Error	1000	(100)	"Faulting application name: AcroRd32.exe, version: 19.21.20048.26832, time stamp: 0x5da76dd8
Faulting module name: VCRUNTIME140.dll, version: 14.29.30037.0, time stamp: 0x609de41f
Exception code: 0xc0000005
Fault offset: 0x000032ae
Faulting process id: 0x1b4
Faulting application start time: 0x01d7d8ae40e5175d
Faulting application path: C:\Program Files (x86)\Adobe\Acrobat Reader DC\Reader\AcroRd32.exe
Faulting module path: C:\Windows\SYSTEM32\VCRUNTIME140.dll
Report Id: 7f1b10f0-44a1-11ec-82a9-000c2935f866
Faulting package full name: 
Faulting package-relative application ID: "
Error	11/14/2021 12:48:12 AM	Application Error	1000	(100)	"Faulting application name: AcroRd32.exe, version: 19.21.20048.26832, time stamp: 0x5da76dd8
Faulting module name: VCRUNTIME140.dll, version: 14.29.30037.0, time stamp: 0x609de41f
Exception code: 0xc0000005
Fault offset: 0x000032ae
Faulting process id: 0x698
Faulting application start time: 0x01d7d8ae3c393a28
Faulting application path: C:\Program Files (x86)\Adobe\Acrobat Reader DC\Reader\AcroRd32.exe
Faulting module path: C:\Windows\SYSTEM32\VCRUNTIME140.dll
Report Id: 7cb96d5b-44a1-11ec-82a9-000c2935f866
Faulting package full name: 
Faulting package-relative application ID: "
Error	11/14/2021 12:48:06 AM	Application Error	1000	(100)	"Faulting application name: AcroRd32.exe, version: 19.21.20048.26832, time stamp: 0x5da76dd8
Faulting module name: ucrtbase.DLL, version: 10.0.14393.2990, time stamp: 0x5caeb859
Exception code: 0xc0000409
Fault offset: 0x000884cb
Faulting process id: 0xc04
Faulting application start time: 0x01d7d8ae314a390c
Faulting application path: C:\Program Files (x86)\Adobe\Acrobat Reader DC\Reader\AcroRd32.exe
Faulting module path: C:\Windows\SYSTEM32\ucrtbase.DLL
Report Id: 796509a7-44a1-11ec-82a9-000c2935f866
Faulting package full name: 
Faulting package-relative application ID: "
Error	11/14/2021 12:47:48 AM	Application Error	1000	(100)	"Faulting application name: AcroRd32.exe, version: 19.21.20048.26832, time stamp: 0x5da76dd8
Faulting module name: ucrtbase.DLL, version: 10.0.14393.2990, time stamp: 0x5caeb859
Exception code: 0xc0000409
Fault offset: 0x000884cb
Faulting process id: 0xad0
Faulting application start time: 0x01d7d8ae2c1660ea
Faulting application path: C:\Program Files (x86)\Adobe\Acrobat Reader DC\Reader\AcroRd32.exe
Faulting module path: C:\Windows\SYSTEM32\ucrtbase.DLL
Report Id: 6e65579f-44a1-11ec-82a9-000c2935f866
Faulting package full name: 
Faulting package-relative application ID: "
Error	11/14/2021 12:47:39 AM	Application Error	1000	(100)	"Faulting application name: AcroRd32.exe, version: 19.21.20048.26832, time stamp: 0x5da76dd8
Faulting module name: ucrtbase.DLL, version: 10.0.14393.2990, time stamp: 0x5caeb859
Exception code: 0xc0000409
Fault offset: 0x000884cb
Faulting process id: 0xaa8
Faulting application start time: 0x01d7d8ae27075941
Faulting application path: C:\Program Files (x86)\Adobe\Acrobat Reader DC\Reader\AcroRd32.exe
Faulting module path: C:\Windows\SYSTEM32\ucrtbase.DLL
Report Id: 69318feb-44a1-11ec-82a9-000c2935f866
Faulting package full name: 
Faulting package-relative application ID: "
Error	11/14/2021 12:47:29 AM	Application Error	1000	(100)	"Faulting application name: AcroRd32.exe, version: 19.21.20048.26832, time stamp: 0x5da76dd8
Faulting module name: VCRUNTIME140.dll, version: 14.29.30037.0, time stamp: 0x609de41f
Exception code: 0xc0000005
Fault offset: 0x000032ae
Faulting process id: 0x4c8
Faulting application start time: 0x01d7d8ae1ef7e667
Faulting application path: C:\Program Files (x86)\Adobe\Acrobat Reader DC\Reader\AcroRd32.exe
Faulting module path: C:\Windows\SYSTEM32\VCRUNTIME140.dll
Report Id: 63556f31-44a1-11ec-82a9-000c2935f866
Faulting package full name: 
Faulting package-relative application ID: "
Error	11/14/2021 12:47:16 AM	Application Error	1000	(100)	"Faulting application name: AcroRd32.exe, version: 19.21.20048.26832, time stamp: 0x5da76dd8
Faulting module name: VCRUNTIME140.dll, version: 14.29.30037.0, time stamp: 0x609de41f
Exception code: 0xc0000005
Fault offset: 0x000032ae
Faulting process id: 0xfc8
Faulting application start time: 0x01d7d8ae1d0f5449
Faulting application path: C:\Program Files (x86)\Adobe\Acrobat Reader DC\Reader\AcroRd32.exe
Faulting module path: C:\Windows\SYSTEM32\VCRUNTIME140.dll
Report Id: 5b3ecb3b-44a1-11ec-82a9-000c2935f866
Faulting package full name: 
Faulting package-relative application ID: "
Error	11/14/2021 12:47:14 AM	Application Error	1000	(100)	"Faulting application name: AcroRd32.exe, version: 19.21.20048.26832, time stamp: 0x5da76dd8
Faulting module name: ucrtbase.DLL, version: 10.0.14393.2990, time stamp: 0x5caeb859
Exception code: 0xc0000409
Fault offset: 0x000884cb
Faulting process id: 0xefc
Faulting application start time: 0x01d7d8ae0c2ec00a
Faulting application path: C:\Program Files (x86)\Adobe\Acrobat Reader DC\Reader\AcroRd32.exe
Faulting module path: C:\Windows\SYSTEM32\ucrtbase.DLL
Report Id: 5a3b2af3-44a1-11ec-82a9-000c2935f866
Faulting package full name: 
Faulting package-relative application ID: "
Error	11/14/2021 12:46:46 AM	Application Error	1000	(100)	"Faulting application name: AcroRd32.exe, version: 19.21.20048.26832, time stamp: 0x5da76dd8
Faulting module name: ucrtbase.DLL, version: 10.0.14393.2990, time stamp: 0x5caeb859
Exception code: 0xc0000409
Fault offset: 0x000884cb
Faulting process id: 0xe14
Faulting application start time: 0x01d7d8ae013a274e
Faulting application path: C:\Program Files (x86)\Adobe\Acrobat Reader DC\Reader\AcroRd32.exe
Faulting module path: C:\Windows\SYSTEM32\ucrtbase.DLL
Report Id: 4961b5e1-44a1-11ec-82a9-000c2935f866
Faulting package full name: 
Faulting package-relative application ID: "
Error	11/14/2021 12:46:26 AM	Application Error	1000	(100)	"Faulting application name: AcroRd32.exe, version: 19.21.20048.26832, time stamp: 0x5da76dd8
Faulting module name: VCRUNTIME140.dll, version: 14.29.30037.0, time stamp: 0x609de41f
Exception code: 0xc0000005
Fault offset: 0x000032ae
Faulting process id: 0xed0
Faulting application start time: 0x01d7d8adf7281941
Faulting application path: C:\Program Files (x86)\Adobe\Acrobat Reader DC\Reader\AcroRd32.exe
Faulting module path: C:\Windows\SYSTEM32\VCRUNTIME140.dll
Report Id: 3d85f9bf-44a1-11ec-82a9-000c2935f866
Faulting package full name: 
Faulting package-relative application ID: "
Error	11/14/2021 12:46:11 AM	Application Error	1000	(100)	"Faulting application name: AcroRd32.exe, version: 19.21.20048.26832, time stamp: 0x5da76dd8
Faulting module name: ucrtbase.DLL, version: 10.0.14393.2990, time stamp: 0x5caeb859
Exception code: 0xc0000409
Fault offset: 0x000884cb
Faulting process id: 0xcd4
Faulting application start time: 0x01d7d8ade8991960
Faulting application path: C:\Program Files (x86)\Adobe\Acrobat Reader DC\Reader\AcroRd32.exe
Faulting module path: C:\Windows\SYSTEM32\ucrtbase.DLL
Report Id: 3458c562-44a1-11ec-82a9-000c2935f866
Faulting package full name: 
Faulting package-relative application ID: "
Error	11/14/2021 12:45:45 AM	Application Error	1000	(100)	"Faulting application name: AcroRd32.exe, version: 19.21.20048.26832, time stamp: 0x5da76dd8
Faulting module name: VCRUNTIME140.dll, version: 14.29.30037.0, time stamp: 0x609de41f
Exception code: 0xc0000005
Fault offset: 0x000032ae
Faulting process id: 0xf7c
Faulting application start time: 0x01d7d8ade6ae974c
Faulting application path: C:\Program Files (x86)\Adobe\Acrobat Reader DC\Reader\AcroRd32.exe
Faulting module path: C:\Windows\SYSTEM32\VCRUNTIME140.dll
Report Id: 24ee50f6-44a1-11ec-82a9-000c2935f866
Faulting package full name: 
Faulting package-relative application ID: "
Error	11/14/2021 12:45:41 AM	Application Error	1000	(100)	"Faulting application name: AcroRd32.exe, version: 19.21.20048.26832, time stamp: 0x5da76dd8
Faulting module name: VCRUNTIME140.dll, version: 14.29.30037.0, time stamp: 0x609de41f
Exception code: 0xc0000005
Fault offset: 0x000032ae
Faulting process id: 0xd74
Faulting application start time: 0x01d7d8ade35efafc
Faulting application path: C:\Program Files (x86)\Adobe\Acrobat Reader DC\Reader\AcroRd32.exe
Faulting module path: C:\Windows\SYSTEM32\VCRUNTIME140.dll
Report Id: 230636e8-44a1-11ec-82a9-000c2935f866
Faulting package full name: 
Faulting package-relative application ID: "
Error	11/14/2021 12:45:36 AM	Application Error	1000	(100)	"Faulting application name: AcroRd32.exe, version: 19.21.20048.26832, time stamp: 0x5da76dd8
Faulting module name: VCRUNTIME140.dll, version: 14.29.30037.0, time stamp: 0x609de41f
Exception code: 0xc0000005
Fault offset: 0x000032ae
Faulting process id: 0xc68
Faulting application start time: 0x01d7d8ade17d9986
Faulting application path: C:\Program Files (x86)\Adobe\Acrobat Reader DC\Reader\AcroRd32.exe
Faulting module path: C:\Windows\SYSTEM32\VCRUNTIME140.dll
Report Id: 1f7886b7-44a1-11ec-82a9-000c2935f866
Faulting package full name: 
Faulting package-relative application ID: "
Error	11/14/2021 12:45:32 AM	Application Error	1000	(100)	"Faulting application name: AcroRd32.exe, version: 19.21.20048.26832, time stamp: 0x5da76dd8
Faulting module name: VCRUNTIME140.dll, version: 14.29.30037.0, time stamp: 0x609de41f
Exception code: 0xc0000005
Fault offset: 0x000032ae
Faulting process id: 0xd14
Faulting application start time: 0x01d7d8addf940dbf
Faulting application path: C:\Program Files (x86)\Adobe\Acrobat Reader DC\Reader\AcroRd32.exe
Faulting module path: C:\Windows\SYSTEM32\VCRUNTIME140.dll
Report Id: 1da7e644-44a1-11ec-82a9-000c2935f866
Faulting package full name: 
Faulting package-relative application ID: "
Error	11/14/2021 12:45:30 AM	Application Error	1000	(100)	"Faulting application name: AcroRd32.exe, version: 19.21.20048.26832, time stamp: 0x5da76dd8
Faulting module name: VCRUNTIME140.dll, version: 14.29.30037.0, time stamp: 0x609de41f
Exception code: 0xc0000005
Fault offset: 0x000032ae
Faulting process id: 0xa08
Faulting application start time: 0x01d7d8adddb53b7d
Faulting application path: C:\Program Files (x86)\Adobe\Acrobat Reader DC\Reader\AcroRd32.exe
Faulting module path: C:\Windows\SYSTEM32\VCRUNTIME140.dll
Report Id: 1be6c8d1-44a1-11ec-82a9-000c2935f866
Faulting package full name: 
Faulting package-relative application ID: "
Error	11/14/2021 12:45:27 AM	Application Error	1000	(100)	"Faulting application name: AcroRd32.exe, version: 19.21.20048.26832, time stamp: 0x5da76dd8
Faulting module name: VCRUNTIME140.dll, version: 14.29.30037.0, time stamp: 0x609de41f
Exception code: 0xc0000005
Fault offset: 0x000032ae
Faulting process id: 0xf64
Faulting application start time: 0x01d7d8addbd42ee0
Faulting application path: C:\Program Files (x86)\Adobe\Acrobat Reader DC\Reader\AcroRd32.exe
Faulting module path: C:\Windows\SYSTEM32\VCRUNTIME140.dll
Report Id: 1a2bcba6-44a1-11ec-82a9-000c2935f866
Faulting package full name: 
Faulting package-relative application ID: "
Error	11/14/2021 12:45:25 AM	Application Error	1000	(100)	"Faulting application name: AcroRd32.exe, version: 19.21.20048.26832, time stamp: 0x5da76dd8
Faulting module name: ucrtbase.DLL, version: 10.0.14393.2990, time stamp: 0x5caeb859
Exception code: 0xc0000409
Fault offset: 0x000884cb
Faulting process id: 0x410
Faulting application start time: 0x01d7d8adcb2e9e5e
Faulting application path: C:\Program Files (x86)\Adobe\Acrobat Reader DC\Reader\AcroRd32.exe
Faulting module path: C:\Windows\SYSTEM32\ucrtbase.DLL
Report Id: 18fb39da-44a1-11ec-82a9-000c2935f866
Faulting package full name: 
Faulting package-relative application ID: "
Error	11/14/2021 12:44:55 AM	Application Error	1000	(100)	"Faulting application name: AcroRd32.exe, version: 19.21.20048.26832, time stamp: 0x5da76dd8
Faulting module name: VCRUNTIME140.dll, version: 14.29.30037.0, time stamp: 0x609de41f
Exception code: 0xc0000005
Fault offset: 0x000032ae
Faulting process id: 0x27c
Faulting application start time: 0x01d7d8adc94ad827
Faulting application path: C:\Program Files (x86)\Adobe\Acrobat Reader DC\Reader\AcroRd32.exe
Faulting module path: C:\Windows\SYSTEM32\VCRUNTIME140.dll
Report Id: 077f1f9a-44a1-11ec-82a9-000c2935f866
Faulting package full name: 
Faulting package-relative application ID: "
Error	11/14/2021 12:44:54 AM	Application Error	1000	(100)	"Faulting application name: AcroRd32.exe, version: 19.21.20048.26832, time stamp: 0x5da76dd8
Faulting module name: ucrtbase.DLL, version: 10.0.14393.2990, time stamp: 0x5caeb859
Exception code: 0xc0000409
Fault offset: 0x000884cb
Faulting process id: 0x4ec
Faulting application start time: 0x01d7d8ada9caea4d
Faulting application path: C:\Program Files (x86)\Adobe\Acrobat Reader DC\Reader\AcroRd32.exe
Faulting module path: C:\Windows\SYSTEM32\ucrtbase.DLL
Report Id: 067dbefb-44a1-11ec-82a9-000c2935f866
Faulting package full name: 
Faulting package-relative application ID: "
Error	11/14/2021 12:44:01 AM	Application Error	1000	(100)	"Faulting application name: AcroRd32.exe, version: 19.21.20048.26832, time stamp: 0x5da76dd8
Faulting module name: ucrtbase.DLL, version: 10.0.14393.2990, time stamp: 0x5caeb859
Exception code: 0xc0000409
Fault offset: 0x000884cb
Faulting process id: 0x420
Faulting application start time: 0x01d7d8ad9474eb8a
Faulting application path: C:\Program Files (x86)\Adobe\Acrobat Reader DC\Reader\AcroRd32.exe
Faulting module path: C:\Windows\SYSTEM32\ucrtbase.DLL
Report Id: e6fb6bb6-44a0-11ec-82a9-000c2935f866
Faulting package full name: 
Faulting package-relative application ID: "
Error	11/14/2021 12:43:24 AM	Application Error	1000	(100)	"Faulting application name: AcroRd32.exe, version: 19.21.20048.26832, time stamp: 0x5da76dd8
Faulting module name: VCRUNTIME140.dll, version: 14.29.30037.0, time stamp: 0x609de41f
Exception code: 0xc0000005
Fault offset: 0x000032ae
Faulting process id: 0xdbc
Faulting application start time: 0x01d7d8ad8bac3211
Faulting application path: C:\Program Files (x86)\Adobe\Acrobat Reader DC\Reader\AcroRd32.exe
Faulting module path: C:\Windows\SYSTEM32\VCRUNTIME140.dll
Report Id: d10cd58c-44a0-11ec-82a9-000c2935f866
Faulting package full name: 
Faulting package-relative application ID: "
Error	11/14/2021 12:43:09 AM	Application Error	1000	(100)	"Faulting application name: AcroRd32.exe, version: 19.21.20048.26832, time stamp: 0x5da76dd8
Faulting module name: VCRUNTIME140.dll, version: 14.29.30037.0, time stamp: 0x609de41f
Exception code: 0xc0000005
Fault offset: 0x000032ae
Faulting process id: 0xe7c
Faulting application start time: 0x01d7d8ad89c36a4d
Faulting application path: C:\Program Files (x86)\Adobe\Acrobat Reader DC\Reader\AcroRd32.exe
Faulting module path: C:\Windows\SYSTEM32\VCRUNTIME140.dll
Report Id: c8193ad7-44a0-11ec-82a9-000c2935f866
Faulting package full name: 
Faulting package-relative application ID: "
Error	11/14/2021 12:43:07 AM	Application Error	1000	(100)	"Faulting application name: AcroRd32.exe, version: 19.21.20048.26832, time stamp: 0x5da76dd8
Faulting module name: ucrtbase.DLL, version: 10.0.14393.2990, time stamp: 0x5caeb859
Exception code: 0xc0000409
Fault offset: 0x000884cb
Faulting process id: 0x3c4
Faulting application start time: 0x01d7d8ad83f3aac7
Faulting application path: C:\Program Files (x86)\Adobe\Acrobat Reader DC\Reader\AcroRd32.exe
Faulting module path: C:\Windows\SYSTEM32\ucrtbase.DLL
Report Id: c6f17c5e-44a0-11ec-82a9-000c2935f866
Faulting package full name: 
Faulting package-relative application ID: "
Error	11/14/2021 12:42:57 AM	Application Error	1000	(100)	"Faulting application name: AcroRd32.exe, version: 19.21.20048.26832, time stamp: 0x5da76dd8
Faulting module name: ucrtbase.DLL, version: 10.0.14393.2990, time stamp: 0x5caeb859
Exception code: 0xc0000409
Fault offset: 0x000884cb
Faulting process id: 0xd10
Faulting application start time: 0x01d7d8ad78016c88
Faulting application path: C:\Program Files (x86)\Adobe\Acrobat Reader DC\Reader\AcroRd32.exe
Faulting module path: C:\Windows\SYSTEM32\ucrtbase.DLL
Report Id: c11d187d-44a0-11ec-82a9-000c2935f866
Faulting package full name: 
Faulting package-relative application ID: "
Error	11/14/2021 12:42:37 AM	Application Error	1000	(100)	"Faulting application name: AcroRd32.exe, version: 19.21.20048.26832, time stamp: 0x5da76dd8
Faulting module name: ucrtbase.DLL, version: 10.0.14393.2990, time stamp: 0x5caeb859
Exception code: 0xc0000409
Fault offset: 0x000884cb
Faulting process id: 0xd3c
Faulting application start time: 0x01d7d8ad6864888f
Faulting application path: C:\Program Files (x86)\Adobe\Acrobat Reader DC\Reader\AcroRd32.exe
Faulting module path: C:\Windows\SYSTEM32\ucrtbase.DLL
Report Id: b52fac26-44a0-11ec-82a9-000c2935f866
Faulting package full name: 
Faulting package-relative application ID: "
Error	11/14/2021 12:42:10 AM	Application Error	1000	(100)	"Faulting application name: AcroRd32.exe, version: 19.21.20048.26832, time stamp: 0x5da76dd8
Faulting module name: VCRUNTIME140.dll, version: 14.29.30037.0, time stamp: 0x609de41f
Exception code: 0xc0000005
Fault offset: 0x000032ae
Faulting process id: 0xefc
Faulting application start time: 0x01d7d8ad66824fbc
Faulting application path: C:\Program Files (x86)\Adobe\Acrobat Reader DC\Reader\AcroRd32.exe
Faulting module path: C:\Windows\SYSTEM32\VCRUNTIME140.dll
Report Id: a4be8386-44a0-11ec-82a9-000c2935f866
Faulting package full name: 
Faulting package-relative application ID: "
Error	11/14/2021 12:42:06 AM	Application Error	1000	(100)	"Faulting application name: AcroRd32.exe, version: 19.21.20048.26832, time stamp: 0x5da76dd8
Faulting module name: VCRUNTIME140.dll, version: 14.29.30037.0, time stamp: 0x609de41f
Exception code: 0xc0000005
Fault offset: 0x000032ae
Faulting process id: 0xc68
Faulting application start time: 0x01d7d8ad649a099f
Faulting application path: C:\Program Files (x86)\Adobe\Acrobat Reader DC\Reader\AcroRd32.exe
Faulting module path: C:\Windows\SYSTEM32\VCRUNTIME140.dll
Report Id: a2deb6c3-44a0-11ec-82a9-000c2935f866
Faulting package full name: 
Faulting package-relative application ID: "
Error	11/14/2021 12:42:05 AM	Application Error	1000	(100)	"Faulting application name: AcroRd32.exe, version: 19.21.20048.26832, time stamp: 0x5da76dd8
Faulting module name: ucrtbase.DLL, version: 10.0.14393.2990, time stamp: 0x5caeb859
Exception code: 0xc0000409
Fault offset: 0x000884cb
Faulting process id: 0xc7c
Faulting application start time: 0x01d7d8ad5e432481
Faulting application path: C:\Program Files (x86)\Adobe\Acrobat Reader DC\Reader\AcroRd32.exe
Faulting module path: C:\Windows\SYSTEM32\ucrtbase.DLL
Report Id: a1c5d54b-44a0-11ec-82a9-000c2935f866
Faulting package full name: 
Faulting package-relative application ID: "
Error	11/14/2021 12:41:54 AM	Application Error	1000	(100)	"Faulting application name: AcroRd32.exe, version: 19.21.20048.26832, time stamp: 0x5da76dd8
Faulting module name: ucrtbase.DLL, version: 10.0.14393.2990, time stamp: 0x5caeb859
Exception code: 0xc0000409
Fault offset: 0x000884cb
Faulting process id: 0x568
Faulting application start time: 0x01d7d8ad543990f7
Faulting application path: C:\Program Files (x86)\Adobe\Acrobat Reader DC\Reader\AcroRd32.exe
Faulting module path: C:\Windows\SYSTEM32\ucrtbase.DLL
Report Id: 9b5e32fb-44a0-11ec-82a9-000c2935f866
Faulting package full name: 
Faulting package-relative application ID: "
Error	11/14/2021 12:41:37 AM	Application Error	1000	(100)	"Faulting application name: AcroRd32.exe, version: 19.21.20048.26832, time stamp: 0x5da76dd8
Faulting module name: ucrtbase.DLL, version: 10.0.14393.2990, time stamp: 0x5caeb859
Exception code: 0xc0000409
Fault offset: 0x000884cb
Faulting process id: 0xb88
Faulting application start time: 0x01d7d8ad3b02091c
Faulting application path: C:\Program Files (x86)\Adobe\Acrobat Reader DC\Reader\AcroRd32.exe
Faulting module path: C:\Windows\SYSTEM32\ucrtbase.DLL
Report Id: 9167bb6a-44a0-11ec-82a9-000c2935f866
Faulting package full name: 
Faulting package-relative application ID: "
