Level	Date and Time	Source	Event ID	Task Category
Error	3/7/2022 5:34:24 PM	Application Error	1000	(100)	"Faulting application name: FoxitPDFReader.exe, version: 11.2.1.53537, time stamp: 0x61ea7adc
Faulting module name: FoxitPDFReader.exe, version: 11.2.1.53537, time stamp: 0x61ea7adc
Exception code: 0xc0000005
Fault offset: 0x01b2b9c3
Faulting process id: 0xa90
Faulting application start time: 0x01d83206834ab911
Faulting application path: C:\Program Files (x86)\Foxit Software\Foxit PDF Reader\FoxitPDFReader.exe
Faulting module path: C:\Program Files (x86)\Foxit Software\Foxit PDF Reader\FoxitPDFReader.exe
Report Id: c5ccb161-9df9-11ec-82a8-000c29be191b
Faulting package full name: 
Faulting package-relative application ID: "
Error	3/7/2022 5:34:14 PM	Application Error	1000	(100)	"Faulting application name: FoxitPDFReader.exe, version: 11.2.1.53537, time stamp: 0x61ea7adc
Faulting module name: FoxitPDFReader.exe, version: 11.2.1.53537, time stamp: 0x61ea7adc
Exception code: 0xc0000005
Fault offset: 0x01b2b50a
Faulting process id: 0xa1c
Faulting application start time: 0x01d832067be5a122
Faulting application path: C:\Program Files (x86)\Foxit Software\Foxit PDF Reader\FoxitPDFReader.exe
Faulting module path: C:\Program Files (x86)\Foxit Software\Foxit PDF Reader\FoxitPDFReader.exe
Report Id: bfcf9f1e-9df9-11ec-82a8-000c29be191b
Faulting package full name: 
Faulting package-relative application ID: "
Error	3/7/2022 5:34:01 PM	Application Error	1000	(100)	"Faulting application name: FoxitPDFReader.exe, version: 11.2.1.53537, time stamp: 0x61ea7adc
Faulting module name: FoxitPDFReader.exe, version: 11.2.1.53537, time stamp: 0x61ea7adc
Exception code: 0xc0000005
Fault offset: 0x01b2b50a
Faulting process id: 0x754
Faulting application start time: 0x01d832066ecd601e
Faulting application path: C:\Program Files (x86)\Foxit Software\Foxit PDF Reader\FoxitPDFReader.exe
Faulting module path: C:\Program Files (x86)\Foxit Software\Foxit PDF Reader\FoxitPDFReader.exe
Report Id: b841ff02-9df9-11ec-82a8-000c29be191b
Faulting package full name: 
Faulting package-relative application ID: "
Error	3/7/2022 5:33:39 PM	Application Error	1000	(100)	"Faulting application name: FoxitPDFReader.exe, version: 11.2.1.53537, time stamp: 0x61ea7adc
Faulting module name: FoxitPDFReader.exe, version: 11.2.1.53537, time stamp: 0x61ea7adc
Exception code: 0xc0000005
Fault offset: 0x01b2b50a
Faulting process id: 0x350
Faulting application start time: 0x01d832066a4b665c
Faulting application path: C:\Program Files (x86)\Foxit Software\Foxit PDF Reader\FoxitPDFReader.exe
Faulting module path: C:\Program Files (x86)\Foxit Software\Foxit PDF Reader\FoxitPDFReader.exe
Report Id: ab4fe430-9df9-11ec-82a8-000c29be191b
Faulting package full name: 
Faulting package-relative application ID: "
Error	3/7/2022 5:33:31 PM	Application Error	1000	(100)	"Faulting application name: FoxitPDFReader.exe, version: 11.2.1.53537, time stamp: 0x61ea7adc
Faulting module name: FoxitPDFReader.exe, version: 11.2.1.53537, time stamp: 0x61ea7adc
Exception code: 0xc0000005
Fault offset: 0x01b2b50a
Faulting process id: 0x9c8
Faulting application start time: 0x01d832064a54a919
Faulting application path: C:\Program Files (x86)\Foxit Software\Foxit PDF Reader\FoxitPDFReader.exe
Faulting module path: C:\Program Files (x86)\Foxit Software\Foxit PDF Reader\FoxitPDFReader.exe
Report Id: a6a09d36-9df9-11ec-82a8-000c29be191b
Faulting package full name: 
Faulting package-relative application ID: "
Error	3/7/2022 5:32:38 PM	Application Error	1000	(100)	"Faulting application name: FoxitPDFReader.exe, version: 11.2.1.53537, time stamp: 0x61ea7adc
Faulting module name: FoxitPDFReader.exe, version: 11.2.1.53537, time stamp: 0x61ea7adc
Exception code: 0xc0000005
Fault offset: 0x01b2b50a
Faulting process id: 0x874
Faulting application start time: 0x01d8320630bf2142
Faulting application path: C:\Program Files (x86)\Foxit Software\Foxit PDF Reader\FoxitPDFReader.exe
Faulting module path: C:\Program Files (x86)\Foxit Software\Foxit PDF Reader\FoxitPDFReader.exe
Report Id: 86ba9044-9df9-11ec-82a8-000c29be191b
Faulting package full name: 
Faulting package-relative application ID: "
Error	3/7/2022 5:31:55 PM	Application Error	1000	(100)	"Faulting application name: FoxitPDFReader.exe, version: 11.2.1.53537, time stamp: 0x61ea7adc
Faulting module name: FoxitPDFReader.exe, version: 11.2.1.53537, time stamp: 0x61ea7adc
Exception code: 0xc0000005
Fault offset: 0x01b2b50a
Faulting process id: 0x5c0
Faulting application start time: 0x01d83206248e2630
Faulting application path: C:\Program Files (x86)\Foxit Software\Foxit PDF Reader\FoxitPDFReader.exe
Faulting module path: C:\Program Files (x86)\Foxit Software\Foxit PDF Reader\FoxitPDFReader.exe
Report Id: 6d1b7f2c-9df9-11ec-82a8-000c29be191b
Faulting package full name: 
Faulting package-relative application ID: "
Error	3/7/2022 5:31:34 PM	Application Error	1000	(100)	"Faulting application name: FoxitPDFReader.exe, version: 11.2.1.53537, time stamp: 0x61ea7adc
Faulting module name: FoxitPDFReader.exe, version: 11.2.1.53537, time stamp: 0x61ea7adc
Exception code: 0xc0000005
Fault offset: 0x01b2b50a
Faulting process id: 0x6bc
Faulting application start time: 0x01d832061f7d2044
Faulting application path: C:\Program Files (x86)\Foxit Software\Foxit PDF Reader\FoxitPDFReader.exe
Faulting module path: C:\Program Files (x86)\Foxit Software\Foxit PDF Reader\FoxitPDFReader.exe
Report Id: 60dc3632-9df9-11ec-82a8-000c29be191b
Faulting package full name: 
Faulting package-relative application ID: "
Error	3/7/2022 5:31:26 PM	Application Error	1000	(100)	"Faulting application name: FoxitPDFReader.exe, version: 11.2.1.53537, time stamp: 0x61ea7adc
Faulting module name: FoxitPDFReader.exe, version: 11.2.1.53537, time stamp: 0x61ea7adc
Exception code: 0xc0000005
Fault offset: 0x01b2b9c3
Faulting process id: 0xa38
Faulting application start time: 0x01d83205f7bad582
Faulting application path: C:\Program Files (x86)\Foxit Software\Foxit PDF Reader\FoxitPDFReader.exe
Faulting module path: C:\Program Files (x86)\Foxit Software\Foxit PDF Reader\FoxitPDFReader.exe
Report Id: 5bde4335-9df9-11ec-82a8-000c29be191b
Faulting package full name: 
Faulting package-relative application ID: "
Error	3/7/2022 5:30:19 PM	Application Error	1000	(100)	"Faulting application name: FoxitPDFReader.exe, version: 11.2.1.53537, time stamp: 0x61ea7adc
Faulting module name: FoxitPDFReader.exe, version: 11.2.1.53537, time stamp: 0x61ea7adc
Exception code: 0xc0000005
Fault offset: 0x01b2b50a
Faulting process id: 0xcc
Faulting application start time: 0x01d83205de90a2e5
Faulting application path: C:\Program Files (x86)\Foxit Software\Foxit PDF Reader\FoxitPDFReader.exe
Faulting module path: C:\Program Files (x86)\Foxit Software\Foxit PDF Reader\FoxitPDFReader.exe
Report Id: 341e5b48-9df9-11ec-82a8-000c29be191b
Faulting package full name: 
Faulting package-relative application ID: "
Error	3/7/2022 5:29:37 PM	Application Error	1000	(100)	"Faulting application name: FoxitPDFReader.exe, version: 11.2.1.53537, time stamp: 0x61ea7adc
Faulting module name: FoxitPDFReader.exe, version: 11.2.1.53537, time stamp: 0x61ea7adc
Exception code: 0xc0000005
Fault offset: 0x01b2b50a
Faulting process id: 0xad0
Faulting application start time: 0x01d83205d999d730
Faulting application path: C:\Program Files (x86)\Foxit Software\Foxit PDF Reader\FoxitPDFReader.exe
Faulting module path: C:\Program Files (x86)\Foxit Software\Foxit PDF Reader\FoxitPDFReader.exe
Report Id: 1ae83c9e-9df9-11ec-82a8-000c29be191b
Faulting package full name: 
Faulting package-relative application ID: "
Error	3/7/2022 5:29:29 PM	Application Error	1000	(100)	"Faulting application name: FoxitPDFReader.exe, version: 11.2.1.53537, time stamp: 0x61ea7adc
Faulting module name: FoxitPDFReader.exe, version: 11.2.1.53537, time stamp: 0x61ea7adc
Exception code: 0xc0000005
Fault offset: 0x01b2b50a
Faulting process id: 0x554
Faulting application start time: 0x01d83205d4aa325c
Faulting application path: C:\Program Files (x86)\Foxit Software\Foxit PDF Reader\FoxitPDFReader.exe
Faulting module path: C:\Program Files (x86)\Foxit Software\Foxit PDF Reader\FoxitPDFReader.exe
Report Id: 15ef0e7f-9df9-11ec-82a8-000c29be191b
Faulting package full name: 
Faulting package-relative application ID: "
Error	3/7/2022 5:29:20 PM	Application Error	1000	(100)	"Faulting application name: FoxitPDFReader.exe, version: 11.2.1.53537, time stamp: 0x61ea7adc
Faulting module name: FoxitPDFReader.exe, version: 11.2.1.53537, time stamp: 0x61ea7adc
Exception code: 0xc0000005
Fault offset: 0x01b2b9c3
Faulting process id: 0x8a8
Faulting application start time: 0x01d83205d13a6a59
Faulting application path: C:\Program Files (x86)\Foxit Software\Foxit PDF Reader\FoxitPDFReader.exe
Faulting module path: C:\Program Files (x86)\Foxit Software\Foxit PDF Reader\FoxitPDFReader.exe
Report Id: 1108f323-9df9-11ec-82a8-000c29be191b
Faulting package full name: 
Faulting package-relative application ID: "
Error	3/7/2022 5:29:15 PM	Application Error	1000	(100)	"Faulting application name: FoxitPDFReader.exe, version: 11.2.1.53537, time stamp: 0x61ea7adc
Faulting module name: FoxitPDFReader.exe, version: 11.2.1.53537, time stamp: 0x61ea7adc
Exception code: 0xc0000005
Fault offset: 0x01b2b50a
Faulting process id: 0x8f0
Faulting application start time: 0x01d83205c753f96f
Faulting application path: C:\Program Files (x86)\Foxit Software\Foxit PDF Reader\FoxitPDFReader.exe
Faulting module path: C:\Program Files (x86)\Foxit Software\Foxit PDF Reader\FoxitPDFReader.exe
Report Id: 0d9defb4-9df9-11ec-82a8-000c29be191b
Faulting package full name: 
Faulting package-relative application ID: "
Error	3/7/2022 5:28:58 PM	Application Error	1000	(100)	"Faulting application name: FoxitPDFReader.exe, version: 11.2.1.53537, time stamp: 0x61ea7adc
Faulting module name: FoxitPDFReader.exe, version: 11.2.1.53537, time stamp: 0x61ea7adc
Exception code: 0xc0000005
Fault offset: 0x01b2b50a
Faulting process id: 0x368
Faulting application start time: 0x01d83205bd6d88e6
Faulting application path: C:\Program Files (x86)\Foxit Software\Foxit PDF Reader\FoxitPDFReader.exe
Faulting module path: C:\Program Files (x86)\Foxit Software\Foxit PDF Reader\FoxitPDFReader.exe
Report Id: 03cf56c8-9df9-11ec-82a8-000c29be191b
Faulting package full name: 
Faulting package-relative application ID: "
Error	3/7/2022 5:28:41 PM	Application Error	1000	(100)	"Faulting application name: FoxitPDFReader.exe, version: 11.2.1.53537, time stamp: 0x61ea7adc
Faulting module name: FoxitPDFReader.exe, version: 11.2.1.53537, time stamp: 0x61ea7adc
Exception code: 0xc0000005
Fault offset: 0x01b2b9c3
Faulting process id: 0x480
Faulting application start time: 0x01d83205b76e172b
Faulting application path: C:\Program Files (x86)\Foxit Software\Foxit PDF Reader\FoxitPDFReader.exe
Faulting module path: C:\Program Files (x86)\Foxit Software\Foxit PDF Reader\FoxitPDFReader.exe
Report Id: f9c9e765-9df8-11ec-82a8-000c29be191b
Faulting package full name: 
Faulting package-relative application ID: "
Error	3/7/2022 5:28:32 PM	Application Error	1000	(100)	"Faulting application name: FoxitPDFReader.exe, version: 11.2.1.53537, time stamp: 0x61ea7adc
Faulting module name: FoxitPDFReader.exe, version: 11.2.1.53537, time stamp: 0x61ea7adc
Exception code: 0xc0000005
Fault offset: 0x01b2b50a
Faulting process id: 0xfc
Faulting application start time: 0x01d83205b19008cb
Faulting application path: C:\Program Files (x86)\Foxit Software\Foxit PDF Reader\FoxitPDFReader.exe
Faulting module path: C:\Program Files (x86)\Foxit Software\Foxit PDF Reader\FoxitPDFReader.exe
Report Id: f3fc87fd-9df8-11ec-82a8-000c29be191b
Faulting package full name: 
Faulting package-relative application ID: "
Error	3/7/2022 5:28:22 PM	Application Error	1000	(100)	"Faulting application name: FoxitPDFReader.exe, version: 11.2.1.53537, time stamp: 0x61ea7adc
Faulting module name: FoxitPDFReader.exe, version: 11.2.1.53537, time stamp: 0x61ea7adc
Exception code: 0xc0000005
Fault offset: 0x01b2b9c3
Faulting process id: 0x69c
Faulting application start time: 0x01d832059402e80a
Faulting application path: C:\Program Files (x86)\Foxit Software\Foxit PDF Reader\FoxitPDFReader.exe
Faulting module path: C:\Program Files (x86)\Foxit Software\Foxit PDF Reader\FoxitPDFReader.exe
Report Id: edec6944-9df8-11ec-82a8-000c29be191b
Faulting package full name: 
Faulting package-relative application ID: "
Error	3/7/2022 5:27:32 PM	Application Error	1000	(100)	"Faulting application name: FoxitPDFReader.exe, version: 11.2.1.53537, time stamp: 0x61ea7adc
Faulting module name: FoxitPDFReader.exe, version: 11.2.1.53537, time stamp: 0x61ea7adc
Exception code: 0xc0000005
Fault offset: 0x01b2b50a
Faulting process id: 0x790
Faulting application start time: 0x01d832058311f589
Faulting application path: C:\Program Files (x86)\Foxit Software\Foxit PDF Reader\FoxitPDFReader.exe
Faulting module path: C:\Program Files (x86)\Foxit Software\Foxit PDF Reader\FoxitPDFReader.exe
Report Id: d05ce3a1-9df8-11ec-82a8-000c29be191b
Faulting package full name: 
Faulting package-relative application ID: "
Error	3/7/2022 5:27:04 PM	Application Error	1000	(100)	"Faulting application name: FoxitPDFReader.exe, version: 11.2.1.53537, time stamp: 0x61ea7adc
Faulting module name: FoxitPDFReader.exe, version: 11.2.1.53537, time stamp: 0x61ea7adc
Exception code: 0xc0000005
Fault offset: 0x01b2b50a
Faulting process id: 0x5b0
Faulting application start time: 0x01d832056f4c33f6
Faulting application path: C:\Program Files (x86)\Foxit Software\Foxit PDF Reader\FoxitPDFReader.exe
Faulting module path: C:\Program Files (x86)\Foxit Software\Foxit PDF Reader\FoxitPDFReader.exe
Report Id: bf698eb5-9df8-11ec-82a8-000c29be191b
Faulting package full name: 
Faulting package-relative application ID: "
Error	3/7/2022 5:26:30 PM	Application Error	1000	(100)	"Faulting application name: FoxitPDFReader.exe, version: 11.2.1.53537, time stamp: 0x61ea7adc
Faulting module name: FoxitPDFReader.exe, version: 11.2.1.53537, time stamp: 0x61ea7adc
Exception code: 0xc0000005
Fault offset: 0x01b2b50a
Faulting process id: 0x830
Faulting application start time: 0x01d832056ac0b27c
Faulting application path: C:\Program Files (x86)\Foxit Software\Foxit PDF Reader\FoxitPDFReader.exe
Faulting module path: C:\Program Files (x86)\Foxit Software\Foxit PDF Reader\FoxitPDFReader.exe
Report Id: aba3cdb9-9df8-11ec-82a8-000c29be191b
Faulting package full name: 
Faulting package-relative application ID: "
Error	3/7/2022 5:26:23 PM	Application Error	1000	(100)	"Faulting application name: FoxitPDFReader.exe, version: 11.2.1.53537, time stamp: 0x61ea7adc
Faulting module name: FoxitPDFReader.exe, version: 11.2.1.53537, time stamp: 0x61ea7adc
Exception code: 0xc0000005
Fault offset: 0x01b2b50a
Faulting process id: 0x86c
Faulting application start time: 0x01d83205490c28e3
Faulting application path: C:\Program Files (x86)\Foxit Software\Foxit PDF Reader\FoxitPDFReader.exe
Faulting module path: C:\Program Files (x86)\Foxit Software\Foxit PDF Reader\FoxitPDFReader.exe
Report Id: a71f7365-9df8-11ec-82a8-000c29be191b
Faulting package full name: 
Faulting package-relative application ID: "
Error	3/7/2022 5:25:26 PM	Application Error	1000	(100)	"Faulting application name: FoxitPDFReader.exe, version: 11.2.1.53537, time stamp: 0x61ea7adc
Faulting module name: FoxitPDFReader.exe, version: 11.2.1.53537, time stamp: 0x61ea7adc
Exception code: 0xc0000005
Fault offset: 0x01b2b50a
Faulting process id: 0x5e0
Faulting application start time: 0x01d8320542eb5522
Faulting application path: C:\Program Files (x86)\Foxit Software\Foxit PDF Reader\FoxitPDFReader.exe
Faulting module path: C:\Program Files (x86)\Foxit Software\Foxit PDF Reader\FoxitPDFReader.exe
Report Id: 85615fd6-9df8-11ec-82a8-000c29be191b
Faulting package full name: 
Faulting package-relative application ID: "
Error	3/7/2022 5:25:16 PM	Application Error	1000	(100)	"Faulting application name: FoxitPDFReader.exe, version: 11.2.1.53537, time stamp: 0x61ea7adc
Faulting module name: FoxitPDFReader.exe, version: 11.2.1.53537, time stamp: 0x61ea7adc
Exception code: 0xc0000005
Fault offset: 0x01b2b50a
Faulting process id: 0x538
Faulting application start time: 0x01d832053b437e34
Faulting application path: C:\Program Files (x86)\Foxit Software\Foxit PDF Reader\FoxitPDFReader.exe
Faulting module path: C:\Program Files (x86)\Foxit Software\Foxit PDF Reader\FoxitPDFReader.exe
Report Id: 7f42eee0-9df8-11ec-82a8-000c29be191b
Faulting package full name: 
Faulting package-relative application ID: "
Error	3/7/2022 5:25:03 PM	Application Error	1000	(100)	"Faulting application name: FoxitPDFReader.exe, version: 11.2.1.53537, time stamp: 0x61ea7adc
Faulting module name: FoxitPDFReader.exe, version: 11.2.1.53537, time stamp: 0x61ea7adc
Exception code: 0xc0000005
Fault offset: 0x01b2b50a
Faulting process id: 0xba0
Faulting application start time: 0x01d83205333783cf
Faulting application path: C:\Program Files (x86)\Foxit Software\Foxit PDF Reader\FoxitPDFReader.exe
Faulting module path: C:\Program Files (x86)\Foxit Software\Foxit PDF Reader\FoxitPDFReader.exe
Report Id: 779d7a5c-9df8-11ec-82a8-000c29be191b
Faulting package full name: 
Faulting package-relative application ID: "
Error	3/7/2022 5:24:50 PM	Application Error	1000	(100)	"Faulting application name: FoxitPDFReader.exe, version: 11.2.1.53537, time stamp: 0x61ea7adc
Faulting module name: FoxitPDFReader.exe, version: 11.2.1.53537, time stamp: 0x61ea7adc
Exception code: 0xc0000005
Fault offset: 0x01b2b50a
Faulting process id: 0x6ac
Faulting application start time: 0x01d832052142b6ad
Faulting application path: C:\Program Files (x86)\Foxit Software\Foxit PDF Reader\FoxitPDFReader.exe
Faulting module path: C:\Program Files (x86)\Foxit Software\Foxit PDF Reader\FoxitPDFReader.exe
Report Id: 6f98a72b-9df8-11ec-82a8-000c29be191b
Faulting package full name: 
Faulting package-relative application ID: "
Error	3/7/2022 5:24:19 PM	Application Error	1000	(100)	"Faulting application name: FoxitPDFReader.exe, version: 11.2.1.53537, time stamp: 0x61ea7adc
Faulting module name: FoxitPDFReader.exe, version: 11.2.1.53537, time stamp: 0x61ea7adc
Exception code: 0xc0000005
Fault offset: 0x01b2b50a
Faulting process id: 0x63c
Faulting application start time: 0x01d83205110bc391
Faulting application path: C:\Program Files (x86)\Foxit Software\Foxit PDF Reader\FoxitPDFReader.exe
Faulting module path: C:\Program Files (x86)\Foxit Software\Foxit PDF Reader\FoxitPDFReader.exe
Report Id: 5d958bbe-9df8-11ec-82a8-000c29be191b
Faulting package full name: 
Faulting package-relative application ID: "
Error	3/7/2022 5:23:52 PM	Application Error	1000	(100)	"Faulting application name: FoxitPDFReader.exe, version: 11.2.1.53537, time stamp: 0x61ea7adc
Faulting module name: FoxitPDFReader.exe, version: 11.2.1.53537, time stamp: 0x61ea7adc
Exception code: 0xc0000005
Fault offset: 0x01b2b50a
Faulting process id: 0x6c0
Faulting application start time: 0x01d8320503eec34f
Faulting application path: C:\Program Files (x86)\Foxit Software\Foxit PDF Reader\FoxitPDFReader.exe
Faulting module path: C:\Program Files (x86)\Foxit Software\Foxit PDF Reader\FoxitPDFReader.exe
Report Id: 4d635d80-9df8-11ec-82a8-000c29be191b
Faulting package full name: 
Faulting package-relative application ID: "
Error	3/7/2022 5:23:30 PM	Application Error	1000	(100)	"Faulting application name: FoxitPDFReader.exe, version: 11.2.1.53537, time stamp: 0x61ea7adc
Faulting module name: FoxitPDFReader.exe, version: 11.2.1.53537, time stamp: 0x61ea7adc
Exception code: 0xc0000005
Fault offset: 0x01b2b50a
Faulting process id: 0x760
Faulting application start time: 0x01d83204f3c880da
Faulting application path: C:\Program Files (x86)\Foxit Software\Foxit PDF Reader\FoxitPDFReader.exe
Faulting module path: C:\Program Files (x86)\Foxit Software\Foxit PDF Reader\FoxitPDFReader.exe
Report Id: 405248fd-9df8-11ec-82a8-000c29be191b
Faulting package full name: 
Faulting package-relative application ID: "
Error	3/7/2022 5:23:03 PM	Application Error	1000	(100)	"Faulting application name: FoxitPDFReader.exe, version: 11.2.1.53537, time stamp: 0x61ea7adc
Faulting module name: FoxitPDFReader.exe, version: 11.2.1.53537, time stamp: 0x61ea7adc
Exception code: 0xc0000005
Fault offset: 0x01b2b50a
Faulting process id: 0x55c
Faulting application start time: 0x01d83204eaa32fad
Faulting application path: C:\Program Files (x86)\Foxit Software\Foxit PDF Reader\FoxitPDFReader.exe
Faulting module path: C:\Program Files (x86)\Foxit Software\Foxit PDF Reader\FoxitPDFReader.exe
Report Id: 3029a42d-9df8-11ec-82a8-000c29be191b
Faulting package full name: 
Faulting package-relative application ID: "
Error	3/7/2022 5:22:48 PM	Application Error	1000	(100)	"Faulting application name: FoxitPDFReader.exe, version: 11.2.1.53537, time stamp: 0x61ea7adc
Faulting module name: FoxitPDFReader.exe, version: 11.2.1.53537, time stamp: 0x61ea7adc
Exception code: 0xc0000005
Fault offset: 0x01b2b50a
Faulting process id: 0x848
Faulting application start time: 0x01d83204d7f46600
Faulting application path: C:\Program Files (x86)\Foxit Software\Foxit PDF Reader\FoxitPDFReader.exe
Faulting module path: C:\Program Files (x86)\Foxit Software\Foxit PDF Reader\FoxitPDFReader.exe
Report Id: 272cdb04-9df8-11ec-82a8-000c29be191b
Faulting package full name: 
Faulting package-relative application ID: "
Error	3/7/2022 5:22:17 PM	Application Error	1000	(100)	"Faulting application name: FoxitPDFReader.exe, version: 11.2.1.53537, time stamp: 0x61ea7adc
Faulting module name: FoxitPDFReader.exe, version: 11.2.1.53537, time stamp: 0x61ea7adc
Exception code: 0xc0000005
Fault offset: 0x01b2b50a
Faulting process id: 0xbb8
Faulting application start time: 0x01d83204cd375c1f
Faulting application path: C:\Program Files (x86)\Foxit Software\Foxit PDF Reader\FoxitPDFReader.exe
Faulting module path: C:\Program Files (x86)\Foxit Software\Foxit PDF Reader\FoxitPDFReader.exe
Report Id: 145588b2-9df8-11ec-82a8-000c29be191b
Faulting package full name: 
Faulting package-relative application ID: "
Error	3/7/2022 5:21:58 PM	Application Error	1000	(100)	"Faulting application name: FoxitPDFReader.exe, version: 11.2.1.53537, time stamp: 0x61ea7adc
Faulting module name: FoxitPDFReader.exe, version: 11.2.1.53537, time stamp: 0x61ea7adc
Exception code: 0xc0000005
Fault offset: 0x01b2b50a
Faulting process id: 0x7a4
Faulting application start time: 0x01d83204b92c753f
Faulting application path: C:\Program Files (x86)\Foxit Software\Foxit PDF Reader\FoxitPDFReader.exe
Faulting module path: C:\Program Files (x86)\Foxit Software\Foxit PDF Reader\FoxitPDFReader.exe
Report Id: 098ef550-9df8-11ec-82a8-000c29be191b
Faulting package full name: 
Faulting package-relative application ID: "
Error	3/7/2022 5:21:25 PM	Application Error	1000	(100)	"Faulting application name: FoxitPDFReader.exe, version: 11.2.1.53537, time stamp: 0x61ea7adc
Faulting module name: FoxitPDFReader.exe, version: 11.2.1.53537, time stamp: 0x61ea7adc
Exception code: 0xc0000005
Fault offset: 0x01b2b50a
Faulting process id: 0x3c4
Faulting application start time: 0x01d83204995bdd7e
Faulting application path: C:\Program Files (x86)\Foxit Software\Foxit PDF Reader\FoxitPDFReader.exe
Faulting module path: C:\Program Files (x86)\Foxit Software\Foxit PDF Reader\FoxitPDFReader.exe
Report Id: f5840e3a-9df7-11ec-82a8-000c29be191b
Faulting package full name: 
Faulting package-relative application ID: "
Error	3/7/2022 5:20:31 PM	Application Error	1000	(100)	"Faulting application name: FoxitPDFReader.exe, version: 11.2.1.53537, time stamp: 0x61ea7adc
Faulting module name: FoxitPDFReader.exe, version: 11.2.1.53537, time stamp: 0x61ea7adc
Exception code: 0xc0000005
Fault offset: 0x01b2b50a
Faulting process id: 0x55c
Faulting application start time: 0x01d83204829fea50
Faulting application path: C:\Program Files (x86)\Foxit Software\Foxit PDF Reader\FoxitPDFReader.exe
Faulting module path: C:\Program Files (x86)\Foxit Software\Foxit PDF Reader\FoxitPDFReader.exe
Report Id: d5b5d911-9df7-11ec-82a8-000c29be191b
Faulting package full name: 
Faulting package-relative application ID: "
Error	3/7/2022 5:19:53 PM	Application Error	1000	(100)	"Faulting application name: FoxitPDFReader.exe, version: 11.2.1.53537, time stamp: 0x61ea7adc
Faulting module name: FoxitPDFReader.exe, version: 11.2.1.53537, time stamp: 0x61ea7adc
Exception code: 0xc0000005
Fault offset: 0x01b2b50a
Faulting process id: 0x848
Faulting application start time: 0x01d832045c40e625
Faulting application path: C:\Program Files (x86)\Foxit Software\Foxit PDF Reader\FoxitPDFReader.exe
Faulting module path: C:\Program Files (x86)\Foxit Software\Foxit PDF Reader\FoxitPDFReader.exe
Report Id: bef5212f-9df7-11ec-82a8-000c29be191b
Faulting package full name: 
Faulting package-relative application ID: "
Error	3/7/2022 5:18:49 PM	Application Error	1000	(100)	"Faulting application name: FoxitPDFReader.exe, version: 11.2.1.53537, time stamp: 0x61ea7adc
Faulting module name: FoxitPDFReader.exe, version: 11.2.1.53537, time stamp: 0x61ea7adc
Exception code: 0xc0000005
Fault offset: 0x01b2b9c3
Faulting process id: 0xaa0
Faulting application start time: 0x01d83204486a7adf
Faulting application path: C:\Program Files (x86)\Foxit Software\Foxit PDF Reader\FoxitPDFReader.exe
Faulting module path: C:\Program Files (x86)\Foxit Software\Foxit PDF Reader\FoxitPDFReader.exe
Report Id: 98a209ed-9df7-11ec-82a8-000c29be191b
Faulting package full name: 
Faulting package-relative application ID: "
Error	3/7/2022 5:18:16 PM	Application Error	1000	(100)	"Faulting application name: FoxitPDFReader.exe, version: 11.2.1.53537, time stamp: 0x61ea7adc
Faulting module name: FoxitPDFReader.exe, version: 11.2.1.53537, time stamp: 0x61ea7adc
Exception code: 0xc0000005
Fault offset: 0x01b2b9c3
Faulting process id: 0x86c
Faulting application start time: 0x01d832044282ddc4
Faulting application path: C:\Program Files (x86)\Foxit Software\Foxit PDF Reader\FoxitPDFReader.exe
Faulting module path: C:\Program Files (x86)\Foxit Software\Foxit PDF Reader\FoxitPDFReader.exe
Report Id: 84c6d8e6-9df7-11ec-82a8-000c29be191b
Faulting package full name: 
Faulting package-relative application ID: "
Error	3/7/2022 5:18:06 PM	Application Error	1000	(100)	"Faulting application name: FoxitPDFReader.exe, version: 11.2.1.53537, time stamp: 0x61ea7adc
Faulting module name: FoxitPDFReader.exe, version: 11.2.1.53537, time stamp: 0x61ea7adc
Exception code: 0xc0000005
Fault offset: 0x01b2b9c3
Faulting process id: 0x878
Faulting application start time: 0x01d8320427b03e8d
Faulting application path: C:\Program Files (x86)\Foxit Software\Foxit PDF Reader\FoxitPDFReader.exe
Faulting module path: C:\Program Files (x86)\Foxit Software\Foxit PDF Reader\FoxitPDFReader.exe
Report Id: 7ee19e23-9df7-11ec-82a8-000c29be191b
Faulting package full name: 
Faulting package-relative application ID: "
Error	3/7/2022 5:17:19 PM	Application Error	1000	(100)	"Faulting application name: FoxitPDFReader.exe, version: 11.2.1.53537, time stamp: 0x61ea7adc
Faulting module name: FoxitPDFReader.exe, version: 11.2.1.53537, time stamp: 0x61ea7adc
Exception code: 0xc0000005
Fault offset: 0x01b2b50a
Faulting process id: 0x8bc
Faulting application start time: 0x01d832042041a045
Faulting application path: C:\Program Files (x86)\Foxit Software\Foxit PDF Reader\FoxitPDFReader.exe
Faulting module path: C:\Program Files (x86)\Foxit Software\Foxit PDF Reader\FoxitPDFReader.exe
Report Id: 62d1e4fe-9df7-11ec-82a8-000c29be191b
Faulting package full name: 
Faulting package-relative application ID: "
Error	3/7/2022 5:17:08 PM	Application Error	1000	(100)	"Faulting application name: FoxitPDFReader.exe, version: 11.2.1.53537, time stamp: 0x61ea7adc
Faulting module name: FoxitPDFReader.exe, version: 11.2.1.53537, time stamp: 0x61ea7adc
Exception code: 0xc0000005
Fault offset: 0x01b2b50a
Faulting process id: 0x578
Faulting application start time: 0x01d832040f82c666
Faulting application path: C:\Program Files (x86)\Foxit Software\Foxit PDF Reader\FoxitPDFReader.exe
Faulting module path: C:\Program Files (x86)\Foxit Software\Foxit PDF Reader\FoxitPDFReader.exe
Report Id: 5c9b9c80-9df7-11ec-82a8-000c29be191b
Faulting package full name: 
Faulting package-relative application ID: "
Error	3/7/2022 5:16:40 PM	Application Error	1000	(100)	"Faulting application name: FoxitPDFReader.exe, version: 11.2.1.53537, time stamp: 0x61ea7adc
Faulting module name: FoxitPDFReader.exe, version: 11.2.1.53537, time stamp: 0x61ea7adc
Exception code: 0xc0000005
Fault offset: 0x01b2b9c3
Faulting process id: 0x8f0
Faulting application start time: 0x01d8320405441bb2
Faulting application path: C:\Program Files (x86)\Foxit Software\Foxit PDF Reader\FoxitPDFReader.exe
Faulting module path: C:\Program Files (x86)\Foxit Software\Foxit PDF Reader\FoxitPDFReader.exe
Report Id: 4be3e9aa-9df7-11ec-82a8-000c29be191b
Faulting package full name: 
Faulting package-relative application ID: "
Error	3/7/2022 5:16:23 PM	Application Error	1000	(100)	"Faulting application name: FoxitPDFReader.exe, version: 11.2.1.53537, time stamp: 0x61ea7adc
Faulting module name: FoxitPDFReader.exe, version: 11.2.1.53537, time stamp: 0x61ea7adc
Exception code: 0xc0000005
Fault offset: 0x01b2b50a
Faulting process id: 0x8f8
Faulting application start time: 0x01d83203e1be95e9
Faulting application path: C:\Program Files (x86)\Foxit Software\Foxit PDF Reader\FoxitPDFReader.exe
Faulting module path: C:\Program Files (x86)\Foxit Software\Foxit PDF Reader\FoxitPDFReader.exe
Report Id: 41a2dc11-9df7-11ec-82a8-000c29be191b
Faulting package full name: 
Faulting package-relative application ID: "
Error	3/7/2022 5:15:23 PM	Application Error	1000	(100)	"Faulting application name: FoxitPDFReader.exe, version: 11.2.1.53537, time stamp: 0x61ea7adc
Faulting module name: FoxitPDFReader.exe, version: 11.2.1.53537, time stamp: 0x61ea7adc
Exception code: 0xc0000005
Fault offset: 0x01b2b50a
Faulting process id: 0x43c
Faulting application start time: 0x01d83203bddc161d
Faulting application path: C:\Program Files (x86)\Foxit Software\Foxit PDF Reader\FoxitPDFReader.exe
Faulting module path: C:\Program Files (x86)\Foxit Software\Foxit PDF Reader\FoxitPDFReader.exe
Report Id: 1e1d55ff-9df7-11ec-82a8-000c29be191b
Faulting package full name: 
Faulting package-relative application ID: "
Error	3/7/2022 5:14:23 PM	Application Error	1000	(100)	"Faulting application name: FoxitPDFReader.exe, version: 11.2.1.53537, time stamp: 0x61ea7adc
Faulting module name: FoxitPDFReader.exe, version: 11.2.1.53537, time stamp: 0x61ea7adc
Exception code: 0xc0000005
Fault offset: 0x01b2b50a
Faulting process id: 0x344
Faulting application start time: 0x01d83203a821abb5
Faulting application path: C:\Program Files (x86)\Foxit Software\Foxit PDF Reader\FoxitPDFReader.exe
Faulting module path: C:\Program Files (x86)\Foxit Software\Foxit PDF Reader\FoxitPDFReader.exe
Report Id: fa314d76-9df6-11ec-82a8-000c29be191b
Faulting package full name: 
Faulting package-relative application ID: "
Error	3/7/2022 5:13:47 PM	Application Error	1000	(100)	"Faulting application name: FoxitPDFReader.exe, version: 11.2.1.53537, time stamp: 0x61ea7adc
Faulting module name: FoxitPDFReader.exe, version: 11.2.1.53537, time stamp: 0x61ea7adc
Exception code: 0xc0000005
Fault offset: 0x01b2b50a
Faulting process id: 0x140
Faulting application start time: 0x01d832039bf317f9
Faulting application path: C:\Program Files (x86)\Foxit Software\Foxit PDF Reader\FoxitPDFReader.exe
Faulting module path: C:\Program Files (x86)\Foxit Software\Foxit PDF Reader\FoxitPDFReader.exe
Report Id: e482cefe-9df6-11ec-82a8-000c29be191b
Faulting package full name: 
Faulting package-relative application ID: "
Error	3/7/2022 5:13:26 PM	Application Error	1000	(100)	"Faulting application name: FoxitPDFReader.exe, version: 11.2.1.53537, time stamp: 0x61ea7adc
Faulting module name: FoxitPDFReader.exe, version: 11.2.1.53537, time stamp: 0x61ea7adc
Exception code: 0xc0000005
Fault offset: 0x01b2b50a
Faulting process id: 0xb78
Faulting application start time: 0x01d8320392ef27f8
Faulting application path: C:\Program Files (x86)\Foxit Software\Foxit PDF Reader\FoxitPDFReader.exe
Faulting module path: C:\Program Files (x86)\Foxit Software\Foxit PDF Reader\FoxitPDFReader.exe
Report Id: d8543b69-9df6-11ec-82a8-000c29be191b
Faulting package full name: 
Faulting package-relative application ID: "
Error	3/7/2022 5:13:11 PM	Application Error	1000	(100)	"Faulting application name: FoxitPDFReader.exe, version: 11.2.1.53537, time stamp: 0x61ea7adc
Faulting module name: FoxitPDFReader.exe, version: 11.2.1.53537, time stamp: 0x61ea7adc
Exception code: 0xc0000005
Fault offset: 0x01b2b50a
Faulting process id: 0x8f8
Faulting application start time: 0x01d832038b28523d
Faulting application path: C:\Program Files (x86)\Foxit Software\Foxit PDF Reader\FoxitPDFReader.exe
Faulting module path: C:\Program Files (x86)\Foxit Software\Foxit PDF Reader\FoxitPDFReader.exe
Report Id: cf445f7d-9df6-11ec-82a8-000c29be191b
Faulting package full name: 
Faulting package-relative application ID: "
Error	3/7/2022 5:12:58 PM	Application Error	1000	(100)	"Faulting application name: FoxitPDFReader.exe, version: 11.2.1.53537, time stamp: 0x61ea7adc
Faulting module name: FoxitPDFReader.exe, version: 11.2.1.53537, time stamp: 0x61ea7adc
Exception code: 0xc0000005
Fault offset: 0x01b2b50a
Faulting process id: 0x348
Faulting application start time: 0x01d8320387f42523
Faulting application path: C:\Program Files (x86)\Foxit Software\Foxit PDF Reader\FoxitPDFReader.exe
Faulting module path: C:\Program Files (x86)\Foxit Software\Foxit PDF Reader\FoxitPDFReader.exe
Report Id: c7a611e8-9df6-11ec-82a8-000c29be191b
Faulting package full name: 
Faulting package-relative application ID: "
Error	3/7/2022 5:12:53 PM	Application Error	1000	(100)	"Faulting application name: FoxitPDFReader.exe, version: 11.2.1.53537, time stamp: 0x61ea7adc
Faulting module name: FoxitPDFReader.exe, version: 11.2.1.53537, time stamp: 0x61ea7adc
Exception code: 0xc0000005
Fault offset: 0x01b2b50a
Faulting process id: 0x58c
Faulting application start time: 0x01d832036c167e36
Faulting application path: C:\Program Files (x86)\Foxit Software\Foxit PDF Reader\FoxitPDFReader.exe
Faulting module path: C:\Program Files (x86)\Foxit Software\Foxit PDF Reader\FoxitPDFReader.exe
Report Id: c44e2138-9df6-11ec-82a8-000c29be191b
Faulting package full name: 
Faulting package-relative application ID: "
Error	3/7/2022 5:12:06 PM	Application Error	1000	(100)	"Faulting application name: FoxitPDFReader.exe, version: 11.2.1.53537, time stamp: 0x61ea7adc
Faulting module name: FoxitPDFReader.exe, version: 11.2.1.53537, time stamp: 0x61ea7adc
Exception code: 0xc0000005
Fault offset: 0x01b2b50a
Faulting process id: 0x574
Faulting application start time: 0x01d8320368e4b1da
Faulting application path: C:\Program Files (x86)\Foxit Software\Foxit PDF Reader\FoxitPDFReader.exe
Faulting module path: C:\Program Files (x86)\Foxit Software\Foxit PDF Reader\FoxitPDFReader.exe
Report Id: a8943d2a-9df6-11ec-82a8-000c29be191b
Faulting package full name: 
Faulting package-relative application ID: "
Error	3/7/2022 5:12:03 PM	Application Error	1000	(100)	"Faulting application name: FoxitPDFReader.exe, version: 11.2.1.53537, time stamp: 0x61ea7adc
Faulting module name: FoxitPDFReader.exe, version: 11.2.1.53537, time stamp: 0x61ea7adc
Exception code: 0xc0000005
Fault offset: 0x01b2b50a
Faulting process id: 0x6ac
Faulting application start time: 0x01d832033cdbf827
Faulting application path: C:\Program Files (x86)\Foxit Software\Foxit PDF Reader\FoxitPDFReader.exe
Faulting module path: C:\Program Files (x86)\Foxit Software\Foxit PDF Reader\FoxitPDFReader.exe
Report Id: a67bc871-9df6-11ec-82a8-000c29be191b
Faulting package full name: 
Faulting package-relative application ID: "
Error	3/7/2022 5:10:47 PM	Application Error	1000	(100)	"Faulting application name: FoxitPDFReader.exe, version: 11.2.1.53537, time stamp: 0x61ea7adc
Faulting module name: FoxitPDFReader.exe, version: 11.2.1.53537, time stamp: 0x61ea7adc
Exception code: 0xc0000005
Fault offset: 0x01b2b50a
Faulting process id: 0x8a4
Faulting application start time: 0x01d8320335046eaa
Faulting application path: C:\Program Files (x86)\Foxit Software\Foxit PDF Reader\FoxitPDFReader.exe
Faulting module path: C:\Program Files (x86)\Foxit Software\Foxit PDF Reader\FoxitPDFReader.exe
Report Id: 7941dfae-9df6-11ec-82a8-000c29be191b
Faulting package full name: 
Faulting package-relative application ID: "
Error	3/7/2022 5:10:34 PM	Application Error	1000	(100)	"Faulting application name: FoxitPDFReader.exe, version: 11.2.1.53537, time stamp: 0x61ea7adc
Faulting module name: FoxitPDFReader.exe, version: 11.2.1.53537, time stamp: 0x61ea7adc
Exception code: 0xc0000005
Fault offset: 0x01b2b50a
Faulting process id: 0x7e4
Faulting application start time: 0x01d832033080147c
Faulting application path: C:\Program Files (x86)\Foxit Software\Foxit PDF Reader\FoxitPDFReader.exe
Faulting module path: C:\Program Files (x86)\Foxit Software\Foxit PDF Reader\FoxitPDFReader.exe
Report Id: 71822e6d-9df6-11ec-82a8-000c29be191b
Faulting package full name: 
Faulting package-relative application ID: "
Error	3/7/2022 5:10:26 PM	Application Error	1000	(100)	"Faulting application name: FoxitPDFReader.exe, version: 11.2.1.53537, time stamp: 0x61ea7adc
Faulting module name: FoxitPDFReader.exe, version: 11.2.1.53537, time stamp: 0x61ea7adc
Exception code: 0xc0000005
Fault offset: 0x01b2b50a
Faulting process id: 0x934
Faulting application start time: 0x01d832031ed53095
Faulting application path: C:\Program Files (x86)\Foxit Software\Foxit PDF Reader\FoxitPDFReader.exe
Faulting module path: C:\Program Files (x86)\Foxit Software\Foxit PDF Reader\FoxitPDFReader.exe
Report Id: 6ce5fc77-9df6-11ec-82a8-000c29be191b
Faulting package full name: 
Faulting package-relative application ID: "
Error	3/7/2022 5:09:56 PM	Application Error	1000	(100)	"Faulting application name: FoxitPDFReader.exe, version: 11.2.1.53537, time stamp: 0x61ea7adc
Faulting module name: FoxitPDFReader.exe, version: 11.2.1.53537, time stamp: 0x61ea7adc
Exception code: 0xc0000005
Fault offset: 0x01b2b9c3
Faulting process id: 0x5e0
Faulting application start time: 0x01d83203186f389e
Faulting application path: C:\Program Files (x86)\Foxit Software\Foxit PDF Reader\FoxitPDFReader.exe
Faulting module path: C:\Program Files (x86)\Foxit Software\Foxit PDF Reader\FoxitPDFReader.exe
Report Id: 5b2a67f7-9df6-11ec-82a8-000c29be191b
Faulting package full name: 
Faulting package-relative application ID: "
Error	3/7/2022 5:09:46 PM	Application Error	1000	(100)	"Faulting application name: FoxitPDFReader.exe, version: 11.2.1.53537, time stamp: 0x61ea7adc
Faulting module name: FoxitPDFReader.exe, version: 11.2.1.53537, time stamp: 0x61ea7adc
Exception code: 0xc0000005
Fault offset: 0x01b2b50a
Faulting process id: 0x648
Faulting application start time: 0x01d8320306fd8db0
Faulting application path: C:\Program Files (x86)\Foxit Software\Foxit PDF Reader\FoxitPDFReader.exe
Faulting module path: C:\Program Files (x86)\Foxit Software\Foxit PDF Reader\FoxitPDFReader.exe
Report Id: 54cdf96a-9df6-11ec-82a8-000c29be191b
Faulting package full name: 
Faulting package-relative application ID: "
Error	3/7/2022 5:09:16 PM	Application Error	1000	(100)	"Faulting application name: FoxitPDFReader.exe, version: 11.2.1.53537, time stamp: 0x61ea7adc
Faulting module name: FoxitPDFReader.exe, version: 11.2.1.53537, time stamp: 0x61ea7adc
Exception code: 0xc0000005
Fault offset: 0x01b2b50a
Faulting process id: 0xab0
Faulting application start time: 0x01d83202f206a4bf
Faulting application path: C:\Program Files (x86)\Foxit Software\Foxit PDF Reader\FoxitPDFReader.exe
Faulting module path: C:\Program Files (x86)\Foxit Software\Foxit PDF Reader\FoxitPDFReader.exe
Report Id: 4359ebe1-9df6-11ec-82a8-000c29be191b
Faulting package full name: 
Faulting package-relative application ID: "
Error	3/7/2022 5:08:41 PM	Application Error	1000	(100)	"Faulting application name: FoxitPDFReader.exe, version: 11.2.1.53537, time stamp: 0x61ea7adc
Faulting module name: FoxitPDFReader.exe, version: 11.2.1.53537, time stamp: 0x61ea7adc
Exception code: 0xc0000005
Fault offset: 0x01b2b50a
Faulting process id: 0x684
Faulting application start time: 0x01d83202eeac51e4
Faulting application path: C:\Program Files (x86)\Foxit Software\Foxit PDF Reader\FoxitPDFReader.exe
Faulting module path: C:\Program Files (x86)\Foxit Software\Foxit PDF Reader\FoxitPDFReader.exe
Report Id: 2e5bdc3a-9df6-11ec-82a8-000c29be191b
Faulting package full name: 
Faulting package-relative application ID: "
Error	3/7/2022 5:08:36 PM	Application Error	1000	(100)	"Faulting application name: FoxitPDFReader.exe, version: 11.2.1.53537, time stamp: 0x61ea7adc
Faulting module name: FoxitPDFReader.exe, version: 11.2.1.53537, time stamp: 0x61ea7adc
Exception code: 0xc0000005
Fault offset: 0x01b2b50a
Faulting process id: 0x278
Faulting application start time: 0x01d83202c9537c5c
Faulting application path: C:\Program Files (x86)\Foxit Software\Foxit PDF Reader\FoxitPDFReader.exe
Faulting module path: C:\Program Files (x86)\Foxit Software\Foxit PDF Reader\FoxitPDFReader.exe
Report Id: 2b08b02a-9df6-11ec-82a8-000c29be191b
Faulting package full name: 
Faulting package-relative application ID: "
Error	3/7/2022 5:07:33 PM	Application Error	1000	(100)	"Faulting application name: FoxitPDFReader.exe, version: 11.2.1.53537, time stamp: 0x61ea7adc
Faulting module name: FoxitPDFReader.exe, version: 11.2.1.53537, time stamp: 0x61ea7adc
Exception code: 0xc0000005
Fault offset: 0x01b2b50a
Faulting process id: 0x5f0
Faulting application start time: 0x01d83202bd7ab3e8
Faulting application path: C:\Program Files (x86)\Foxit Software\Foxit PDF Reader\FoxitPDFReader.exe
Faulting module path: C:\Program Files (x86)\Foxit Software\Foxit PDF Reader\FoxitPDFReader.exe
Report Id: 05b7011c-9df6-11ec-82a8-000c29be191b
Faulting package full name: 
Faulting package-relative application ID: "
Error	3/7/2022 5:07:13 PM	Application Error	1000	(100)	"Faulting application name: FoxitPDFReader.exe, version: 11.2.1.53537, time stamp: 0x61ea7adc
Faulting module name: FoxitPDFReader.exe, version: 11.2.1.53537, time stamp: 0x61ea7adc
Exception code: 0xc0000005
Fault offset: 0x01b2b50a
Faulting process id: 0x55c
Faulting application start time: 0x01d83202a5a09acb
Faulting application path: C:\Program Files (x86)\Foxit Software\Foxit PDF Reader\FoxitPDFReader.exe
Faulting module path: C:\Program Files (x86)\Foxit Software\Foxit PDF Reader\FoxitPDFReader.exe
Report Id: f9dbd610-9df5-11ec-82a8-000c29be191b
Faulting package full name: 
Faulting package-relative application ID: "
Error	3/7/2022 5:06:33 PM	Application Error	1000	(100)	"Faulting application name: FoxitPDFReader.exe, version: 11.2.1.53537, time stamp: 0x61ea7adc
Faulting module name: FoxitPDFReader.exe, version: 11.2.1.53537, time stamp: 0x61ea7adc
Exception code: 0xc0000005
Fault offset: 0x01b2b50a
Faulting process id: 0xa94
Faulting application start time: 0x01d832029858aad2
Faulting application path: C:\Program Files (x86)\Foxit Software\Foxit PDF Reader\FoxitPDFReader.exe
Faulting module path: C:\Program Files (x86)\Foxit Software\Foxit PDF Reader\FoxitPDFReader.exe
Report Id: e1fcf912-9df5-11ec-82a8-000c29be191b
Faulting package full name: 
Faulting package-relative application ID: "
Error	3/7/2022 5:06:11 PM	Application Error	1000	(100)	"Faulting application name: FoxitPDFReader.exe, version: 11.2.1.53537, time stamp: 0x61ea7adc
Faulting module name: FoxitPDFReader.exe, version: 11.2.1.53537, time stamp: 0x61ea7adc
Exception code: 0xc0000005
Fault offset: 0x01b2b50a
Faulting process id: 0x9cc
Faulting application start time: 0x01d832028d115798
Faulting application path: C:\Program Files (x86)\Foxit Software\Foxit PDF Reader\FoxitPDFReader.exe
Faulting module path: C:\Program Files (x86)\Foxit Software\Foxit PDF Reader\FoxitPDFReader.exe
Report Id: d4e255bf-9df5-11ec-82a8-000c29be191b
Faulting package full name: 
Faulting package-relative application ID: "
Error	3/7/2022 5:05:52 PM	Application Error	1000	(100)	"Faulting application name: FoxitPDFReader.exe, version: 11.2.1.53537, time stamp: 0x61ea7adc
Faulting module name: FoxitPDFReader.exe, version: 11.2.1.53537, time stamp: 0x61ea7adc
Exception code: 0xc0000005
Fault offset: 0x01b2b50a
Faulting process id: 0x86c
Faulting application start time: 0x01d8320275374825
Faulting application path: C:\Program Files (x86)\Foxit Software\Foxit PDF Reader\FoxitPDFReader.exe
Faulting module path: C:\Program Files (x86)\Foxit Software\Foxit PDF Reader\FoxitPDFReader.exe
Report Id: c9773efd-9df5-11ec-82a8-000c29be191b
Faulting package full name: 
Faulting package-relative application ID: "
Error	3/7/2022 5:05:12 PM	Application Error	1000	(100)	"Faulting application name: FoxitPDFReader.exe, version: 11.2.1.53537, time stamp: 0x61ea7adc
Faulting module name: FoxitPDFReader.exe, version: 11.2.1.53537, time stamp: 0x61ea7adc
Exception code: 0xc0000005
Fault offset: 0x01b2b50a
Faulting process id: 0x84
Faulting application start time: 0x01d832025e2f091f
Faulting application path: C:\Program Files (x86)\Foxit Software\Foxit PDF Reader\FoxitPDFReader.exe
Faulting module path: C:\Program Files (x86)\Foxit Software\Foxit PDF Reader\FoxitPDFReader.exe
Report Id: b19143b7-9df5-11ec-82a8-000c29be191b
Faulting package full name: 
Faulting package-relative application ID: "
Error	3/7/2022 5:04:33 PM	Application Error	1000	(100)	"Faulting application name: FoxitPDFReader.exe, version: 11.2.1.53537, time stamp: 0x61ea7adc
Faulting module name: FoxitPDFReader.exe, version: 11.2.1.53537, time stamp: 0x61ea7adc
Exception code: 0xc0000005
Fault offset: 0x01b2b50a
Faulting process id: 0x4b4
Faulting application start time: 0x01d832025839208a
Faulting application path: C:\Program Files (x86)\Foxit Software\Foxit PDF Reader\FoxitPDFReader.exe
Faulting module path: C:\Program Files (x86)\Foxit Software\Foxit PDF Reader\FoxitPDFReader.exe
Report Id: 9aa5a1a4-9df5-11ec-82a8-000c29be191b
Faulting package full name: 
Faulting package-relative application ID: "
Error	3/7/2022 5:04:23 PM	Application Error	1000	(100)	"Faulting application name: FoxitPDFReader.exe, version: 11.2.1.53537, time stamp: 0x61ea7adc
Faulting module name: FoxitPDFReader.exe, version: 11.2.1.53537, time stamp: 0x61ea7adc
Exception code: 0xc0000005
Fault offset: 0x01b2b50a
Faulting process id: 0xb4c
Faulting application start time: 0x01d832022e0160be
Faulting application path: C:\Program Files (x86)\Foxit Software\Foxit PDF Reader\FoxitPDFReader.exe
Faulting module path: C:\Program Files (x86)\Foxit Software\Foxit PDF Reader\FoxitPDFReader.exe
Report Id: 948e57c1-9df5-11ec-82a8-000c29be191b
Faulting package full name: 
Faulting package-relative application ID: "
Error	3/7/2022 5:03:12 PM	Application Error	1000	(100)	"Faulting application name: FoxitPDFReader.exe, version: 11.2.1.53537, time stamp: 0x61ea7adc
Faulting module name: FoxitPDFReader.exe, version: 11.2.1.53537, time stamp: 0x61ea7adc
Exception code: 0xc0000005
Fault offset: 0x01b2b50a
Faulting process id: 0xbac
Faulting application start time: 0x01d8320202feeb39
Faulting application path: C:\Program Files (x86)\Foxit Software\Foxit PDF Reader\FoxitPDFReader.exe
Faulting module path: C:\Program Files (x86)\Foxit Software\Foxit PDF Reader\FoxitPDFReader.exe
Report Id: 6a569793-9df5-11ec-82a8-000c29be191b
Faulting package full name: 
Faulting package-relative application ID: "
Error	3/7/2022 5:02:00 PM	Application Error	1000	(100)	"Faulting application name: FoxitPDFReader.exe, version: 11.2.1.53537, time stamp: 0x61ea7adc
Faulting module name: FoxitPDFReader.exe, version: 11.2.1.53537, time stamp: 0x61ea7adc
Exception code: 0xc0000005
Fault offset: 0x01b2b50a
Faulting process id: 0xba0
Faulting application start time: 0x01d83201dc7e6fc8
Faulting application path: C:\Program Files (x86)\Foxit Software\Foxit PDF Reader\FoxitPDFReader.exe
Faulting module path: C:\Program Files (x86)\Foxit Software\Foxit PDF Reader\FoxitPDFReader.exe
Report Id: 3f5dab84-9df5-11ec-82a8-000c29be191b
Faulting package full name: 
Faulting package-relative application ID: "
Error	3/7/2022 5:00:56 PM	Application Error	1000	(100)	"Faulting application name: FoxitPDFReader.exe, version: 11.2.1.53537, time stamp: 0x61ea7adc
Faulting module name: FoxitPDFReader.exe, version: 11.2.1.53537, time stamp: 0x61ea7adc
Exception code: 0xc0000005
Fault offset: 0x01b2b50a
Faulting process id: 0x5e4
Faulting application start time: 0x01d83201b3cb3a0d
Faulting application path: C:\Program Files (x86)\Foxit Software\Foxit PDF Reader\FoxitPDFReader.exe
Faulting module path: C:\Program Files (x86)\Foxit Software\Foxit PDF Reader\FoxitPDFReader.exe
Report Id: 18dd3036-9df5-11ec-82a8-000c29be191b
Faulting package full name: 
Faulting package-relative application ID: "
