Error	3/7/2022 4:21:59 PM	Application Error	1000	(100)	"Faulting application name: FoxitPDFReader.exe, version: 11.2.1.53537, time stamp: 0x61ea7adc
Faulting module name: FoxitPDFReader.exe, version: 11.2.1.53537, time stamp: 0x61ea7adc
Exception code: 0xc0000005
Fault offset: 0x01b2b50a
Faulting process id: 0x830
Faulting application start time: 0x01d831fc5419198e
Faulting application path: C:\Program Files (x86)\Foxit Software\Foxit PDF Reader\FoxitPDFReader.exe
Faulting module path: C:\Program Files (x86)\Foxit Software\Foxit PDF Reader\FoxitPDFReader.exe
Report Id: a7dd0650-9def-11ec-82a8-000c29be191b
Faulting package full name: 
Faulting package-relative application ID: "
Error	3/7/2022 4:21:19 PM	Application Error	1000	(100)	"Faulting application name: FoxitPDFReader.exe, version: 11.2.1.53537, time stamp: 0x61ea7adc
Faulting module name: FoxitPDFReader.exe, version: 11.2.1.53537, time stamp: 0x61ea7adc
Exception code: 0xc0000005
Fault offset: 0x01b2b50a
Faulting process id: 0xbec
Faulting application start time: 0x01d831fc3e1becf4
Faulting application path: C:\Program Files (x86)\Foxit Software\Foxit PDF Reader\FoxitPDFReader.exe
Faulting module path: C:\Program Files (x86)\Foxit Software\Foxit PDF Reader\FoxitPDFReader.exe
Report Id: 906e5117-9def-11ec-82a8-000c29be191b
Faulting package full name: 
Faulting package-relative application ID: "
Error	3/7/2022 4:20:42 PM	Application Error	1000	(100)	"Faulting application name: FoxitPDFReader.exe, version: 11.2.1.53537, time stamp: 0x61ea7adc
Faulting module name: FoxitPDFReader.exe, version: 11.2.1.53537, time stamp: 0x61ea7adc
Exception code: 0xc0000005
Fault offset: 0x01b2b9c3
Faulting process id: 0x48c
Faulting application start time: 0x01d831fc35349c07
Faulting application path: C:\Program Files (x86)\Foxit Software\Foxit PDF Reader\FoxitPDFReader.exe
Faulting module path: C:\Program Files (x86)\Foxit Software\Foxit PDF Reader\FoxitPDFReader.exe
Report Id: 7a784b81-9def-11ec-82a8-000c29be191b
Faulting package full name: 
Faulting package-relative application ID: "
Error	3/7/2022 4:20:28 PM	Application Error	1000	(100)	"Faulting application name: FoxitPDFReader.exe, version: 11.2.1.53537, time stamp: 0x61ea7adc
Faulting module name: FoxitPDFReader.exe, version: 11.2.1.53537, time stamp: 0x61ea7adc
Exception code: 0xc0000005
Fault offset: 0x01b2b9c3
Faulting process id: 0x444
Faulting application start time: 0x01d831fc3205364b
Faulting application path: C:\Program Files (x86)\Foxit Software\Foxit PDF Reader\FoxitPDFReader.exe
Faulting module path: C:\Program Files (x86)\Foxit Software\Foxit PDF Reader\FoxitPDFReader.exe
Report Id: 71b983a0-9def-11ec-82a8-000c29be191b
Faulting package full name: 
Faulting package-relative application ID: "
Error	3/7/2022 4:20:22 PM	Application Error	1000	(100)	"Faulting application name: FoxitPDFReader.exe, version: 11.2.1.53537, time stamp: 0x61ea7adc
Faulting module name: FoxitPDFReader.exe, version: 11.2.1.53537, time stamp: 0x61ea7adc
Exception code: 0xc0000005
Fault offset: 0x01b2b50a
Faulting process id: 0x934
Faulting application start time: 0x01d831fc24f42cc2
Faulting application path: C:\Program Files (x86)\Foxit Software\Foxit PDF Reader\FoxitPDFReader.exe
Faulting module path: C:\Program Files (x86)\Foxit Software\Foxit PDF Reader\FoxitPDFReader.exe
Report Id: 6e63f82f-9def-11ec-82a8-000c29be191b
Faulting package full name: 
Faulting package-relative application ID: "
Error	3/7/2022 4:20:00 PM	Application Error	1000	(100)	"Faulting application name: FoxitPDFReader.exe, version: 11.2.1.53537, time stamp: 0x61ea7adc
Faulting module name: FoxitPDFReader.exe, version: 11.2.1.53537, time stamp: 0x61ea7adc
Exception code: 0xc0000005
Fault offset: 0x01b2b50a
Faulting process id: 0x3d0
Faulting application start time: 0x01d831fc19a5c0ab
Faulting application path: C:\Program Files (x86)\Foxit Software\Foxit PDF Reader\FoxitPDFReader.exe
Faulting module path: C:\Program Files (x86)\Foxit Software\Foxit PDF Reader\FoxitPDFReader.exe
Report Id: 6152eec9-9def-11ec-82a8-000c29be191b
Faulting package full name: 
Faulting package-relative application ID: "
Error	3/7/2022 4:19:41 PM	Application Error	1000	(100)	"Faulting application name: FoxitPDFReader.exe, version: 11.2.1.53537, time stamp: 0x61ea7adc
Faulting module name: FoxitPDFReader.exe, version: 11.2.1.53537, time stamp: 0x61ea7adc
Exception code: 0xc0000005
Fault offset: 0x01b2b50a
Faulting process id: 0x64c
Faulting application start time: 0x01d831fbee67ebc3
Faulting application path: C:\Program Files (x86)\Foxit Software\Foxit PDF Reader\FoxitPDFReader.exe
Faulting module path: C:\Program Files (x86)\Foxit Software\Foxit PDF Reader\FoxitPDFReader.exe
Report Id: 560482ca-9def-11ec-82a8-000c29be191b
Faulting package full name: 
Faulting package-relative application ID: "
Error	3/7/2022 4:18:29 PM	Application Error	1000	(100)	"Faulting application name: FoxitPDFReader.exe, version: 11.2.1.53537, time stamp: 0x61ea7adc
Faulting module name: FoxitPDFReader.exe, version: 11.2.1.53537, time stamp: 0x61ea7adc
Exception code: 0xc0000005
Fault offset: 0x01b2b50a
Faulting process id: 0xba8
Faulting application start time: 0x01d831fbd39f34a1
Faulting application path: C:\Program Files (x86)\Foxit Software\Foxit PDF Reader\FoxitPDFReader.exe
Faulting module path: C:\Program Files (x86)\Foxit Software\Foxit PDF Reader\FoxitPDFReader.exe
Report Id: 2ade8776-9def-11ec-82a8-000c29be191b
Faulting package full name: 
Faulting package-relative application ID: "
