Error	3/7/2022 5:47:08 PM	Application Error	1000	(100)	"Faulting application name: FoxitPDFReader.exe, version: 11.2.1.53537, time stamp: 0x61ea7adc
Faulting module name: FoxitPDFReader.exe, version: 11.2.1.53537, time stamp: 0x61ea7adc
Exception code: 0xc0000005
Fault offset: 0x01b2b50a
Faulting process id: 0x500
Faulting application start time: 0x01d8320849469d43
Faulting application path: C:\Program Files (x86)\Foxit Software\Foxit PDF Reader\FoxitPDFReader.exe
Faulting module path: C:\Program Files (x86)\Foxit Software\Foxit PDF Reader\FoxitPDFReader.exe
Report Id: 8d37c25a-9dfb-11ec-82a8-000c29be191b
Faulting package full name: 
Faulting package-relative application ID: "
Error	3/7/2022 5:46:55 PM	Application Error	1000	(100)	"Faulting application name: FoxitPDFReader.exe, version: 11.2.1.53537, time stamp: 0x61ea7adc
Faulting module name: FoxitPDFReader.exe, version: 11.2.1.53537, time stamp: 0x61ea7adc
Exception code: 0xc0000005
Fault offset: 0x01b2b9c3
Faulting process id: 0xb2c
Faulting application start time: 0x01d832081fcb3845
Faulting application path: C:\Program Files (x86)\Foxit Software\Foxit PDF Reader\FoxitPDFReader.exe
Faulting module path: C:\Program Files (x86)\Foxit Software\Foxit PDF Reader\FoxitPDFReader.exe
Report Id: 85a55d8a-9dfb-11ec-82a8-000c29be191b
Faulting package full name: 
Faulting package-relative application ID: "
Error	3/7/2022 5:45:45 PM	Application Error	1000	(100)	"Faulting application name: FoxitPDFReader.exe, version: 11.2.1.53537, time stamp: 0x61ea7adc
Faulting module name: FoxitPDFReader.exe, version: 11.2.1.53537, time stamp: 0x61ea7adc
Exception code: 0xc0000005
Fault offset: 0x01b2b9c3
Faulting process id: 0xaec
Faulting application start time: 0x01d83208168e0f23
Faulting application path: C:\Program Files (x86)\Foxit Software\Foxit PDF Reader\FoxitPDFReader.exe
Faulting module path: C:\Program Files (x86)\Foxit Software\Foxit PDF Reader\FoxitPDFReader.exe
Report Id: 5c22d203-9dfb-11ec-82a8-000c29be191b
Faulting package full name: 
Faulting package-relative application ID: "
Error	3/7/2022 5:45:30 PM	Application Error	1000	(100)	"Faulting application name: FoxitPDFReader.exe, version: 11.2.1.53537, time stamp: 0x61ea7adc
Faulting module name: FoxitPDFReader.exe, version: 11.2.1.53537, time stamp: 0x61ea7adc
Exception code: 0xc0000005
Fault offset: 0x01b2b50a
Faulting process id: 0xbb0
Faulting application start time: 0x01d832080f66f7fe
Faulting application path: C:\Program Files (x86)\Foxit Software\Foxit PDF Reader\FoxitPDFReader.exe
Faulting module path: C:\Program Files (x86)\Foxit Software\Foxit PDF Reader\FoxitPDFReader.exe
Report Id: 5312f5f4-9dfb-11ec-82a8-000c29be191b
Faulting package full name: 
Faulting package-relative application ID: "
Error	3/7/2022 5:45:18 PM	Application Error	1000	(100)	"Faulting application name: FoxitPDFReader.exe, version: 11.2.1.53537, time stamp: 0x61ea7adc
Faulting module name: FoxitPDFReader.exe, version: 11.2.1.53537, time stamp: 0x61ea7adc
Exception code: 0xc0000005
Fault offset: 0x01b2b50a
Faulting process id: 0x338
Faulting application start time: 0x01d83207f18b1ad8
Faulting application path: C:\Program Files (x86)\Foxit Software\Foxit PDF Reader\FoxitPDFReader.exe
Faulting module path: C:\Program Files (x86)\Foxit Software\Foxit PDF Reader\FoxitPDFReader.exe
Report Id: 4bc35678-9dfb-11ec-82a8-000c29be191b
Faulting package full name: 
Faulting package-relative application ID: "
Error	3/7/2022 5:44:28 PM	Application Error	1000	(100)	"Faulting application name: FoxitPDFReader.exe, version: 11.2.1.53537, time stamp: 0x61ea7adc
Faulting module name: FoxitPDFReader.exe, version: 11.2.1.53537, time stamp: 0x61ea7adc
Exception code: 0xc0000005
Fault offset: 0x01b2b50a
Faulting process id: 0xbd0
Faulting application start time: 0x01d83207d68fe4e1
Faulting application path: C:\Program Files (x86)\Foxit Software\Foxit PDF Reader\FoxitPDFReader.exe
Faulting module path: C:\Program Files (x86)\Foxit Software\Foxit PDF Reader\FoxitPDFReader.exe
Report Id: 2dee9f8e-9dfb-11ec-82a8-000c29be191b
Faulting package full name: 
Faulting package-relative application ID: "
Error	3/7/2022 5:43:43 PM	Application Error	1000	(100)	"Faulting application name: FoxitPDFReader.exe, version: 11.2.1.53537, time stamp: 0x61ea7adc
Faulting module name: FoxitPDFReader.exe, version: 11.2.1.53537, time stamp: 0x61ea7adc
Exception code: 0xc0000005
Fault offset: 0x01b2b50a
Faulting process id: 0x468
Faulting application start time: 0x01d83207c98855e4
Faulting application path: C:\Program Files (x86)\Foxit Software\Foxit PDF Reader\FoxitPDFReader.exe
Faulting module path: C:\Program Files (x86)\Foxit Software\Foxit PDF Reader\FoxitPDFReader.exe
Report Id: 12fa9084-9dfb-11ec-82a8-000c29be191b
Faulting package full name: 
Faulting package-relative application ID: "
Error	3/7/2022 5:43:21 PM	Application Error	1000	(100)	"Faulting application name: FoxitPDFReader.exe, version: 11.2.1.53537, time stamp: 0x61ea7adc
Faulting module name: FoxitPDFReader.exe, version: 11.2.1.53537, time stamp: 0x61ea7adc
Exception code: 0xc0000005
Fault offset: 0x01b2b50a
Faulting process id: 0xa0c
Faulting application start time: 0x01d832079ed9653e
Faulting application path: C:\Program Files (x86)\Foxit Software\Foxit PDF Reader\FoxitPDFReader.exe
Faulting module path: C:\Program Files (x86)\Foxit Software\Foxit PDF Reader\FoxitPDFReader.exe
Report Id: 05e9795e-9dfb-11ec-82a8-000c29be191b
Faulting package full name: 
Faulting package-relative application ID: "
Error	3/7/2022 5:42:09 PM	Application Error	1000	(100)	"Faulting application name: FoxitPDFReader.exe, version: 11.2.1.53537, time stamp: 0x61ea7adc
Faulting module name: FoxitPDFReader.exe, version: 11.2.1.53537, time stamp: 0x61ea7adc
Exception code: 0xc0000005
Fault offset: 0x01b2b50a
Faulting process id: 0x8d0
Faulting application start time: 0x01d832077d99aed9
Faulting application path: C:\Program Files (x86)\Foxit Software\Foxit PDF Reader\FoxitPDFReader.exe
Faulting module path: C:\Program Files (x86)\Foxit Software\Foxit PDF Reader\FoxitPDFReader.exe
Report Id: db2e9ca1-9dfa-11ec-82a8-000c29be191b
Faulting package full name: 
Faulting package-relative application ID: "
Error	3/7/2022 5:41:13 PM	Application Error	1000	(100)	"Faulting application name: FoxitPDFReader.exe, version: 11.2.1.53537, time stamp: 0x61ea7adc
Faulting module name: FoxitPDFReader.exe, version: 11.2.1.53537, time stamp: 0x61ea7adc
Exception code: 0xc0000005
Fault offset: 0x01b2b50a
Faulting process id: 0x444
Faulting application start time: 0x01d832076cbbd642
Faulting application path: C:\Program Files (x86)\Foxit Software\Foxit PDF Reader\FoxitPDFReader.exe
Faulting module path: C:\Program Files (x86)\Foxit Software\Foxit PDF Reader\FoxitPDFReader.exe
Report Id: b9f3ab01-9dfa-11ec-82a8-000c29be191b
Faulting package full name: 
Faulting package-relative application ID: "
Error	3/7/2022 5:40:45 PM	Application Error	1000	(100)	"Faulting application name: FoxitPDFReader.exe, version: 11.2.1.53537, time stamp: 0x61ea7adc
Faulting module name: FoxitPDFReader.exe, version: 11.2.1.53537, time stamp: 0x61ea7adc
Exception code: 0xc0000005
Fault offset: 0x01b2b50a
Faulting process id: 0x438
Faulting application start time: 0x01d8320760ea3a4a
Faulting application path: C:\Program Files (x86)\Foxit Software\Foxit PDF Reader\FoxitPDFReader.exe
Faulting module path: C:\Program Files (x86)\Foxit Software\Foxit PDF Reader\FoxitPDFReader.exe
Report Id: a91cf96d-9dfa-11ec-82a8-000c29be191b
Faulting package full name: 
Faulting package-relative application ID: "
Error	3/7/2022 5:40:25 PM	Application Error	1000	(100)	"Faulting application name: FoxitPDFReader.exe, version: 11.2.1.53537, time stamp: 0x61ea7adc
Faulting module name: FoxitPDFReader.exe, version: 11.2.1.53537, time stamp: 0x61ea7adc
Exception code: 0xc0000005
Fault offset: 0x01b2b50a
Faulting process id: 0x350
Faulting application start time: 0x01d83207436b43e8
Faulting application path: C:\Program Files (x86)\Foxit Software\Foxit PDF Reader\FoxitPDFReader.exe
Faulting module path: C:\Program Files (x86)\Foxit Software\Foxit PDF Reader\FoxitPDFReader.exe
Report Id: 9d4b5c55-9dfa-11ec-82a8-000c29be191b
Faulting package full name: 
Faulting package-relative application ID: "
Error	3/7/2022 5:39:36 PM	Application Error	1000	(100)	"Faulting application name: FoxitPDFReader.exe, version: 11.2.1.53537, time stamp: 0x61ea7adc
Faulting module name: FoxitPDFReader.exe, version: 11.2.1.53537, time stamp: 0x61ea7adc
Exception code: 0xc0000005
Fault offset: 0x01b2b50a
Faulting process id: 0xbd8
Faulting application start time: 0x01d832072c3a8579
Faulting application path: C:\Program Files (x86)\Foxit Software\Foxit PDF Reader\FoxitPDFReader.exe
Faulting module path: C:\Program Files (x86)\Foxit Software\Foxit PDF Reader\FoxitPDFReader.exe
Report Id: 7fc7a1c7-9dfa-11ec-82a8-000c29be191b
Faulting package full name: 
Faulting package-relative application ID: "
Error	3/7/2022 5:38:57 PM	Application Error	1000	(100)	"Faulting application name: FoxitPDFReader.exe, version: 11.2.1.53537, time stamp: 0x61ea7adc
Faulting module name: FoxitPDFReader.exe, version: 11.2.1.53537, time stamp: 0x61ea7adc
Exception code: 0xc0000005
Fault offset: 0x01b2b50a
Faulting process id: 0xac4
Faulting application start time: 0x01d832070d703828
Faulting application path: C:\Program Files (x86)\Foxit Software\Foxit PDF Reader\FoxitPDFReader.exe
Faulting module path: C:\Program Files (x86)\Foxit Software\Foxit PDF Reader\FoxitPDFReader.exe
Report Id: 68994670-9dfa-11ec-82a8-000c29be191b
Faulting package full name: 
Faulting package-relative application ID: "
Error	3/7/2022 5:38:05 PM	Application Error	1000	(100)	"Faulting application name: FoxitPDFReader.exe, version: 11.2.1.53537, time stamp: 0x61ea7adc
Faulting module name: FoxitPDFReader.exe, version: 11.2.1.53537, time stamp: 0x61ea7adc
Exception code: 0xc0000005
Fault offset: 0x01b2b50a
Faulting process id: 0x940
Faulting application start time: 0x01d83207019c3974
Faulting application path: C:\Program Files (x86)\Foxit Software\Foxit PDF Reader\FoxitPDFReader.exe
Faulting module path: C:\Program Files (x86)\Foxit Software\Foxit PDF Reader\FoxitPDFReader.exe
Report Id: 49cef891-9dfa-11ec-82a8-000c29be191b
Faulting package full name: 
Faulting package-relative application ID: "
Error	3/7/2022 5:37:45 PM	Application Error	1000	(100)	"Faulting application name: FoxitPDFReader.exe, version: 11.2.1.53537, time stamp: 0x61ea7adc
Faulting module name: FoxitPDFReader.exe, version: 11.2.1.53537, time stamp: 0x61ea7adc
Exception code: 0xc0000005
Fault offset: 0x01b2b50a
Faulting process id: 0x98c
Faulting application start time: 0x01d83206ef83a5eb
Faulting application path: C:\Program Files (x86)\Foxit Software\Foxit PDF Reader\FoxitPDFReader.exe
Faulting module path: C:\Program Files (x86)\Foxit Software\Foxit PDF Reader\FoxitPDFReader.exe
Report Id: 3df89754-9dfa-11ec-82a8-000c29be191b
Faulting package full name: 
Faulting package-relative application ID: "
Error	3/7/2022 5:37:15 PM	Application Error	1000	(100)	"Faulting application name: FoxitPDFReader.exe, version: 11.2.1.53537, time stamp: 0x61ea7adc
Faulting module name: FoxitPDFReader.exe, version: 11.2.1.53537, time stamp: 0x61ea7adc
Exception code: 0xc0000005
Fault offset: 0x01b2b50a
Faulting process id: 0xb20
Faulting application start time: 0x01d83206dd913ad7
Faulting application path: C:\Program Files (x86)\Foxit Software\Foxit PDF Reader\FoxitPDFReader.exe
Faulting module path: C:\Program Files (x86)\Foxit Software\Foxit PDF Reader\FoxitPDFReader.exe
Report Id: 2be0043e-9dfa-11ec-82a8-000c29be191b
Faulting package full name: 
Faulting package-relative application ID: "
Error	3/7/2022 5:36:45 PM	Application Error	1000	(100)	"Faulting application name: FoxitPDFReader.exe, version: 11.2.1.53537, time stamp: 0x61ea7adc
Faulting module name: FoxitPDFReader.exe, version: 11.2.1.53537, time stamp: 0x61ea7adc
Exception code: 0xc0000005
Fault offset: 0x01b2b50a
Faulting process id: 0x994
Faulting application start time: 0x01d83206d5179269
Faulting application path: C:\Program Files (x86)\Foxit Software\Foxit PDF Reader\FoxitPDFReader.exe
Faulting module path: C:\Program Files (x86)\Foxit Software\Foxit PDF Reader\FoxitPDFReader.exe
Report Id: 1a115d04-9dfa-11ec-82a8-000c29be191b
Faulting package full name: 
Faulting package-relative application ID: "
Error	3/7/2022 5:36:31 PM	Application Error	1000	(100)	"Faulting application name: FoxitPDFReader.exe, version: 11.2.1.53537, time stamp: 0x61ea7adc
Faulting module name: FoxitPDFReader.exe, version: 11.2.1.53537, time stamp: 0x61ea7adc
Exception code: 0xc0000005
Fault offset: 0x01b2b50a
Faulting process id: 0x7a4
Faulting application start time: 0x01d83206beaca658
Faulting application path: C:\Program Files (x86)\Foxit Software\Foxit PDF Reader\FoxitPDFReader.exe
Faulting module path: C:\Program Files (x86)\Foxit Software\Foxit PDF Reader\FoxitPDFReader.exe
Report Id: 1178b479-9dfa-11ec-82a8-000c29be191b
Faulting package full name: 
Faulting package-relative application ID: "
Error	3/7/2022 5:35:53 PM	Application Error	1000	(100)	"Faulting application name: FoxitPDFReader.exe, version: 11.2.1.53537, time stamp: 0x61ea7adc
Faulting module name: FoxitPDFReader.exe, version: 11.2.1.53537, time stamp: 0x61ea7adc
Exception code: 0xc0000005
Fault offset: 0x01b2b50a
Faulting process id: 0x6cc
Faulting application start time: 0x01d83206ab654007
Faulting application path: C:\Program Files (x86)\Foxit Software\Foxit PDF Reader\FoxitPDFReader.exe
Faulting module path: C:\Program Files (x86)\Foxit Software\Foxit PDF Reader\FoxitPDFReader.exe
Report Id: fb0b6623-9df9-11ec-82a8-000c29be191b
Faulting package full name: 
Faulting package-relative application ID: "
Error	3/7/2022 5:35:21 PM	Application Error	1000	(100)	"Faulting application name: FoxitPDFReader.exe, version: 11.2.1.53537, time stamp: 0x61ea7adc
Faulting module name: FoxitPDFReader.exe, version: 11.2.1.53537, time stamp: 0x61ea7adc
Exception code: 0xc0000005
Fault offset: 0x01b2b50a
Faulting process id: 0x84c
Faulting application start time: 0x01d8320693ef5e2a
Faulting application path: C:\Program Files (x86)\Foxit Software\Foxit PDF Reader\FoxitPDFReader.exe
Faulting module path: C:\Program Files (x86)\Foxit Software\Foxit PDF Reader\FoxitPDFReader.exe
Report Id: e7c400e6-9df9-11ec-82a8-000c29be191b
Faulting package full name: 
Faulting package-relative application ID: "
Error	3/7/2022 5:34:41 PM	Application Error	1000	(100)	"Faulting application name: FoxitPDFReader.exe, version: 11.2.1.53537, time stamp: 0x61ea7adc
Faulting module name: FoxitPDFReader.exe, version: 11.2.1.53537, time stamp: 0x61ea7adc
Exception code: 0xc0000005
Fault offset: 0x01b2b50a
Faulting process id: 0xbcc
Faulting application start time: 0x01d8320689692c49
Faulting application path: C:\Program Files (x86)\Foxit Software\Foxit PDF Reader\FoxitPDFReader.exe
Faulting module path: C:\Program Files (x86)\Foxit Software\Foxit PDF Reader\FoxitPDFReader.exe
Report Id: d046f7b2-9df9-11ec-82a8-000c29be191b
Faulting package full name: 
Faulting package-relative application ID: "
