Level	Date and Time	Source	Event ID	Task Category
Error	1/24/2022 12:27:24 AM	Application Error	1000	(100)	"Faulting application name: FoxitPDFReader.exe, version: 11.1.0.52543, time stamp: 0x6151f24e
Faulting module name: FoxitPDFReader.exe, version: 11.1.0.52543, time stamp: 0x6151f24e
Exception code: 0xc0000005
Fault offset: 0x025c2852
Faulting process id: 0x9f8
Faulting application start time: 0x01d8107613a743dc
Faulting application path: C:\Program Files (x86)\Foxit Software\Foxit PDF Reader\FoxitPDFReader.exe
Faulting module path: C:\Program Files (x86)\Foxit Software\Foxit PDF Reader\FoxitPDFReader.exe
Report Id: 5841a5d7-7c69-11ec-82b1-000c2935d28c
Faulting package full name: 
Faulting package-relative application ID: "
Error	1/24/2022 12:27:09 AM	Application Error	1000	(100)	"Faulting application name: FoxitPDFReader.exe, version: 11.1.0.52543, time stamp: 0x6151f24e
Faulting module name: FoxitPDFReader.exe, version: 11.1.0.52543, time stamp: 0x6151f24e
Exception code: 0xc0000005
Fault offset: 0x025c2852
Faulting process id: 0xb5c
Faulting application start time: 0x01d810760e9fce4f
Faulting application path: C:\Program Files (x86)\Foxit Software\Foxit PDF Reader\FoxitPDFReader.exe
Faulting module path: C:\Program Files (x86)\Foxit Software\Foxit PDF Reader\FoxitPDFReader.exe
Report Id: 4f6648d6-7c69-11ec-82b1-000c2935d28c
Faulting package full name: 
Faulting package-relative application ID: "
Error	1/24/2022 12:27:01 AM	Application Error	1000	(100)	"Faulting application name: FoxitPDFReader.exe, version: 11.1.0.52543, time stamp: 0x6151f24e
Faulting module name: FoxitPDFReader.exe, version: 11.1.0.52543, time stamp: 0x6151f24e
Exception code: 0xc0000005
Fault offset: 0x025c2852
Faulting process id: 0xf2c
Faulting application start time: 0x01d810760ac4c0a4
Faulting application path: C:\Program Files (x86)\Foxit Software\Foxit PDF Reader\FoxitPDFReader.exe
Faulting module path: C:\Program Files (x86)\Foxit Software\Foxit PDF Reader\FoxitPDFReader.exe
Report Id: 4a5a0e4e-7c69-11ec-82b1-000c2935d28c
Faulting package full name: 
Faulting package-relative application ID: "
Error	1/24/2022 12:26:54 AM	Application Error	1000	(100)	"Faulting application name: FoxitPDFReader.exe, version: 11.1.0.52543, time stamp: 0x6151f24e
Faulting module name: FoxitPDFReader.exe, version: 11.1.0.52543, time stamp: 0x6151f24e
Exception code: 0xc0000005
Fault offset: 0x025c2852
Faulting process id: 0x3ec
Faulting application start time: 0x01d8107606f0da08
Faulting application path: C:\Program Files (x86)\Foxit Software\Foxit PDF Reader\FoxitPDFReader.exe
Faulting module path: C:\Program Files (x86)\Foxit Software\Foxit PDF Reader\FoxitPDFReader.exe
Report Id: 468627de-7c69-11ec-82b1-000c2935d28c
Faulting package full name: 
Faulting package-relative application ID: "
Error	1/24/2022 12:26:48 AM	Application Error	1000	(100)	"Faulting application name: FoxitPDFReader.exe, version: 11.1.0.52543, time stamp: 0x6151f24e
Faulting module name: FoxitPDFReader.exe, version: 11.1.0.52543, time stamp: 0x6151f24e
Exception code: 0xc0000005
Fault offset: 0x025c2852
Faulting process id: 0x8a4
Faulting application start time: 0x01d810760315cc37
Faulting application path: C:\Program Files (x86)\Foxit Software\Foxit PDF Reader\FoxitPDFReader.exe
Faulting module path: C:\Program Files (x86)\Foxit Software\Foxit PDF Reader\FoxitPDFReader.exe
Report Id: 42ad7c57-7c69-11ec-82b1-000c2935d28c
Faulting package full name: 
Faulting package-relative application ID: "
Error	1/24/2022 12:26:41 AM	Application Error	1000	(100)	"Faulting application name: FoxitPDFReader.exe, version: 11.1.0.52543, time stamp: 0x6151f24e
Faulting module name: FoxitPDFReader.exe, version: 11.1.0.52543, time stamp: 0x6151f24e
Exception code: 0xc0000005
Fault offset: 0x025c2852
Faulting process id: 0xd9c
Faulting application start time: 0x01d81075f5840988
Faulting application path: C:\Program Files (x86)\Foxit Software\Foxit PDF Reader\FoxitPDFReader.exe
Faulting module path: C:\Program Files (x86)\Foxit Software\Foxit PDF Reader\FoxitPDFReader.exe
Report Id: 3ed73345-7c69-11ec-82b1-000c2935d28c
Faulting package full name: 
Faulting package-relative application ID: "
Error	1/24/2022 12:26:19 AM	Application Error	1000	(100)	"Faulting application name: FoxitPDFReader.exe, version: 11.1.0.52543, time stamp: 0x6151f24e
Faulting module name: FoxitPDFReader.exe, version: 11.1.0.52543, time stamp: 0x6151f24e
Exception code: 0xc0000005
Fault offset: 0x025c2852
Faulting process id: 0xe70
Faulting application start time: 0x01d81075f07a3123
Faulting application path: C:\Program Files (x86)\Foxit Software\Foxit PDF Reader\FoxitPDFReader.exe
Faulting module path: C:\Program Files (x86)\Foxit Software\Foxit PDF Reader\FoxitPDFReader.exe
Report Id: 31457101-7c69-11ec-82b1-000c2935d28c
Faulting package full name: 
Faulting package-relative application ID: "
Error	1/24/2022 12:26:10 AM	Application Error	1000	(100)	"Faulting application name: FoxitPDFReader.exe, version: 11.1.0.52543, time stamp: 0x6151f24e
Faulting module name: FoxitPDFReader.exe, version: 11.1.0.52543, time stamp: 0x6151f24e
Exception code: 0xc0000005
Fault offset: 0x025c2852
Faulting process id: 0x890
Faulting application start time: 0x01d81075ecab0fca
Faulting application path: C:\Program Files (x86)\Foxit Software\Foxit PDF Reader\FoxitPDFReader.exe
Faulting module path: C:\Program Files (x86)\Foxit Software\Foxit PDF Reader\FoxitPDFReader.exe
Report Id: 2c3dfb03-7c69-11ec-82b1-000c2935d28c
Faulting package full name: 
Faulting package-relative application ID: "
Error	1/24/2022 12:26:04 AM	Application Error	1000	(100)	"Faulting application name: FoxitPDFReader.exe, version: 11.1.0.52543, time stamp: 0x6151f24e
Faulting module name: FoxitPDFReader.exe, version: 11.1.0.52543, time stamp: 0x6151f24e
Exception code: 0xc0000005
Fault offset: 0x025c2852
Faulting process id: 0xd70
Faulting application start time: 0x01d81075e7528969
Faulting application path: C:\Program Files (x86)\Foxit Software\Foxit PDF Reader\FoxitPDFReader.exe
Faulting module path: C:\Program Files (x86)\Foxit Software\Foxit PDF Reader\FoxitPDFReader.exe
Report Id: 2862edd8-7c69-11ec-82b1-000c2935d28c
Faulting package full name: 
Faulting package-relative application ID: "
Error	1/24/2022 12:25:55 AM	Application Error	1000	(100)	"Faulting application name: FoxitPDFReader.exe, version: 11.1.0.52543, time stamp: 0x6151f24e
Faulting module name: FoxitPDFReader.exe, version: 11.1.0.52543, time stamp: 0x6151f24e
Exception code: 0xc0000005
Fault offset: 0x025c2852
Faulting process id: 0xfbc
Faulting application start time: 0x01d81075e37c408d
Faulting application path: C:\Program Files (x86)\Foxit Software\Foxit PDF Reader\FoxitPDFReader.exe
Faulting module path: C:\Program Files (x86)\Foxit Software\Foxit PDF Reader\FoxitPDFReader.exe
Report Id: 2316533a-7c69-11ec-82b1-000c2935d28c
Faulting package full name: 
Faulting package-relative application ID: "
Error	1/24/2022 12:25:48 AM	Application Error	1000	(100)	"Faulting application name: FoxitPDFReader.exe, version: 11.1.0.52543, time stamp: 0x6151f24e
Faulting module name: FoxitPDFReader.exe, version: 11.1.0.52543, time stamp: 0x6151f24e
Exception code: 0xc0000005
Fault offset: 0x025c2852
Faulting process id: 0x134
Faulting application start time: 0x01d81075dfa85a7a
Faulting application path: C:\Program Files (x86)\Foxit Software\Foxit PDF Reader\FoxitPDFReader.exe
Faulting module path: C:\Program Files (x86)\Foxit Software\Foxit PDF Reader\FoxitPDFReader.exe
Report Id: 1f38e3a8-7c69-11ec-82b1-000c2935d28c
Faulting package full name: 
Faulting package-relative application ID: "
Error	1/24/2022 12:25:42 AM	Application Error	1000	(100)	"Faulting application name: FoxitPDFReader.exe, version: 11.1.0.52543, time stamp: 0x6151f24e
Faulting module name: FoxitPDFReader.exe, version: 11.1.0.52543, time stamp: 0x6151f24e
Exception code: 0xc0000005
Fault offset: 0x025c2852
Faulting process id: 0xb54
Faulting application start time: 0x01d81075d1cf1143
Faulting application path: C:\Program Files (x86)\Foxit Software\Foxit PDF Reader\FoxitPDFReader.exe
Faulting module path: C:\Program Files (x86)\Foxit Software\Foxit PDF Reader\FoxitPDFReader.exe
Report Id: 1b64fcf4-7c69-11ec-82b1-000c2935d28c
Faulting package full name: 
Faulting package-relative application ID: "
Error	1/24/2022 12:25:19 AM	Application Error	1000	(100)	"Faulting application name: FoxitPDFReader.exe, version: 11.1.0.52543, time stamp: 0x6151f24e
Faulting module name: FoxitPDFReader.exe, version: 11.1.0.52543, time stamp: 0x6151f24e
Exception code: 0xc0000005
Fault offset: 0x025c2852
Faulting process id: 0xd18
Faulting application start time: 0x01d81075cdf4036d
Faulting application path: C:\Program Files (x86)\Foxit Software\Foxit PDF Reader\FoxitPDFReader.exe
Faulting module path: C:\Program Files (x86)\Foxit Software\Foxit PDF Reader\FoxitPDFReader.exe
Report Id: 0d8e1655-7c69-11ec-82b1-000c2935d28c
Faulting package full name: 
Faulting package-relative application ID: "
Error	1/24/2022 12:25:12 AM	Application Error	1000	(100)	"Faulting application name: FoxitPDFReader.exe, version: 11.1.0.52543, time stamp: 0x6151f24e
Faulting module name: FoxitPDFReader.exe, version: 11.1.0.52543, time stamp: 0x6151f24e
Exception code: 0xc0000005
Fault offset: 0x025c2852
Faulting process id: 0x52c
Faulting application start time: 0x01d81075c54ab83f
Faulting application path: C:\Program Files (x86)\Foxit Software\Foxit PDF Reader\FoxitPDFReader.exe
Faulting module path: C:\Program Files (x86)\Foxit Software\Foxit PDF Reader\FoxitPDFReader.exe
Report Id: 09b0a609-7c69-11ec-82b1-000c2935d28c
Faulting package full name: 
Faulting package-relative application ID: "
Error	1/24/2022 12:24:58 AM	Application Error	1000	(100)	"Faulting application name: FoxitPDFReader.exe, version: 11.1.0.52543, time stamp: 0x6151f24e
Faulting module name: FoxitPDFReader.exe, version: 11.1.0.52543, time stamp: 0x6151f24e
Exception code: 0xc0000005
Fault offset: 0x025c2852
Faulting process id: 0xf1c
Faulting application start time: 0x01d81075c16faa90
Faulting application path: C:\Program Files (x86)\Foxit Software\Foxit PDF Reader\FoxitPDFReader.exe
Faulting module path: C:\Program Files (x86)\Foxit Software\Foxit PDF Reader\FoxitPDFReader.exe
Report Id: 0109bd25-7c69-11ec-82b1-000c2935d28c
Faulting package full name: 
Faulting package-relative application ID: "
Error	1/24/2022 12:24:51 AM	Application Error	1000	(100)	"Faulting application name: FoxitPDFReader.exe, version: 11.1.0.52543, time stamp: 0x6151f24e
Faulting module name: FoxitPDFReader.exe, version: 11.1.0.52543, time stamp: 0x6151f24e
Exception code: 0xc0000005
Fault offset: 0x025c2852
Faulting process id: 0x4d4
Faulting application start time: 0x01d81075bd96ff48
Faulting application path: C:\Program Files (x86)\Foxit Software\Foxit PDF Reader\FoxitPDFReader.exe
Faulting module path: C:\Program Files (x86)\Foxit Software\Foxit PDF Reader\FoxitPDFReader.exe
Report Id: fd33745c-7c68-11ec-82b1-000c2935d28c
Faulting package full name: 
Faulting package-relative application ID: "
Error	1/24/2022 12:24:45 AM	Application Error	1000	(100)	"Faulting application name: FoxitPDFReader.exe, version: 11.1.0.52543, time stamp: 0x6151f24e
Faulting module name: FoxitPDFReader.exe, version: 11.1.0.52543, time stamp: 0x6151f24e
Exception code: 0xc0000005
Fault offset: 0x025c2852
Faulting process id: 0xe90
Faulting application start time: 0x01d81075ad0a4c6c
Faulting application path: C:\Program Files (x86)\Foxit Software\Foxit PDF Reader\FoxitPDFReader.exe
Faulting module path: C:\Program Files (x86)\Foxit Software\Foxit PDF Reader\FoxitPDFReader.exe
Report Id: f95604b2-7c68-11ec-82b1-000c2935d28c
Faulting package full name: 
Faulting package-relative application ID: "
Error	1/24/2022 12:24:17 AM	Application Error	1000	(100)	"Faulting application name: FoxitPDFReader.exe, version: 11.1.0.52543, time stamp: 0x6151f24e
Faulting module name: FoxitPDFReader.exe, version: 11.1.0.52543, time stamp: 0x6151f24e
Exception code: 0xc0000005
Fault offset: 0x025c2852
Faulting process id: 0xa44
Faulting application start time: 0x01d810759e9acf13
Faulting application path: C:\Program Files (x86)\Foxit Software\Foxit PDF Reader\FoxitPDFReader.exe
Faulting module path: C:\Program Files (x86)\Foxit Software\Foxit PDF Reader\FoxitPDFReader.exe
Report Id: e8c6eeff-7c68-11ec-82b1-000c2935d28c
Faulting package full name: 
Faulting package-relative application ID: "
Error	1/24/2022 12:23:53 AM	Application Error	1000	(100)	"Faulting application name: FoxitPDFReader.exe, version: 11.1.0.52543, time stamp: 0x6151f24e
Faulting module name: FoxitPDFReader.exe, version: 11.1.0.52543, time stamp: 0x6151f24e
Exception code: 0xc0000005
Fault offset: 0x025c2852
Faulting process id: 0x294
Faulting application start time: 0x01d8107597251351
Faulting application path: C:\Program Files (x86)\Foxit Software\Foxit PDF Reader\FoxitPDFReader.exe
Faulting module path: C:\Program Files (x86)\Foxit Software\Foxit PDF Reader\FoxitPDFReader.exe
Report Id: da5771a0-7c68-11ec-82b1-000c2935d28c
Faulting package full name: 
Faulting package-relative application ID: "
Error	1/24/2022 12:23:40 AM	Application Error	1000	(100)	"Faulting application name: FoxitPDFReader.exe, version: 11.1.0.52543, time stamp: 0x6151f24e
Faulting module name: FoxitPDFReader.exe, version: 11.1.0.52543, time stamp: 0x6151f24e
Exception code: 0xc0000005
Fault offset: 0x025c2852
Faulting process id: 0xda4
Faulting application start time: 0x01d81075934eca61
Faulting application path: C:\Program Files (x86)\Foxit Software\Foxit PDF Reader\FoxitPDFReader.exe
Faulting module path: C:\Program Files (x86)\Foxit Software\Foxit PDF Reader\FoxitPDFReader.exe
Report Id: d2e67abb-7c68-11ec-82b1-000c2935d28c
Faulting package full name: 
Faulting package-relative application ID: "
Error	1/24/2022 12:23:34 AM	Application Error	1000	(100)	"Faulting application name: FoxitPDFReader.exe, version: 11.1.0.52543, time stamp: 0x6151f24e
Faulting module name: FoxitPDFReader.exe, version: 11.1.0.52543, time stamp: 0x6151f24e
Exception code: 0xc0000005
Fault offset: 0x025c2852
Faulting process id: 0x374
Faulting application start time: 0x01d810758f761f06
Faulting application path: C:\Program Files (x86)\Foxit Software\Foxit PDF Reader\FoxitPDFReader.exe
Faulting module path: C:\Program Files (x86)\Foxit Software\Foxit PDF Reader\FoxitPDFReader.exe
Report Id: cf1031b8-7c68-11ec-82b1-000c2935d28c
Faulting package full name: 
Faulting package-relative application ID: "
Error	1/24/2022 12:23:27 AM	Application Error	1000	(100)	"Faulting application name: FoxitPDFReader.exe, version: 11.1.0.52543, time stamp: 0x6151f24e
Faulting module name: FoxitPDFReader.exe, version: 11.1.0.52543, time stamp: 0x6151f24e
Exception code: 0xc0000005
Fault offset: 0x025c2852
Faulting process id: 0xb3c
Faulting application start time: 0x01d810758a69e46a
Faulting application path: C:\Program Files (x86)\Foxit Software\Foxit PDF Reader\FoxitPDFReader.exe
Faulting module path: C:\Program Files (x86)\Foxit Software\Foxit PDF Reader\FoxitPDFReader.exe
Report Id: cb32c1b5-7c68-11ec-82b1-000c2935d28c
Faulting package full name: 
Faulting package-relative application ID: "
Error	1/24/2022 12:23:19 AM	Application Error	1000	(100)	"Faulting application name: FoxitPDFReader.exe, version: 11.1.0.52543, time stamp: 0x6151f24e
Faulting module name: FoxitPDFReader.exe, version: 11.1.0.52543, time stamp: 0x6151f24e
Exception code: 0xc0000005
Fault offset: 0x025c2852
Faulting process id: 0x6b0
Faulting application start time: 0x01d810757fb67651
Faulting application path: C:\Program Files (x86)\Foxit Software\Foxit PDF Reader\FoxitPDFReader.exe
Faulting module path: C:\Program Files (x86)\Foxit Software\Foxit PDF Reader\FoxitPDFReader.exe
Report Id: c61f605f-7c68-11ec-82b1-000c2935d28c
Faulting package full name: 
Faulting package-relative application ID: "
Error	1/24/2022 12:23:01 AM	Application Error	1000	(100)	"Faulting application name: FoxitPDFReader.exe, version: 11.1.0.52543, time stamp: 0x6151f24e
Faulting module name: FoxitPDFReader.exe, version: 11.1.0.52543, time stamp: 0x6151f24e
Exception code: 0xc0000005
Fault offset: 0x025c2852
Faulting process id: 0xe6c
Faulting application start time: 0x01d810757976acb0
Faulting application path: C:\Program Files (x86)\Foxit Software\Foxit PDF Reader\FoxitPDFReader.exe
Faulting module path: C:\Program Files (x86)\Foxit Software\Foxit PDF Reader\FoxitPDFReader.exe
Report Id: bb7318ed-7c68-11ec-82b1-000c2935d28c
Faulting package full name: 
Faulting package-relative application ID: "
Error	1/24/2022 12:22:50 AM	Application Error	1000	(100)	"Faulting application name: FoxitPDFReader.exe, version: 11.1.0.52543, time stamp: 0x6151f24e
Faulting module name: FoxitPDFReader.exe, version: 11.1.0.52543, time stamp: 0x6151f24e
Exception code: 0xc0000005
Fault offset: 0x025c2852
Faulting process id: 0xb90
Faulting application start time: 0x01d810757200f0f3
Faulting application path: C:\Program Files (x86)\Foxit Software\Foxit PDF Reader\FoxitPDFReader.exe
Faulting module path: C:\Program Files (x86)\Foxit Software\Foxit PDF Reader\FoxitPDFReader.exe
Report Id: b530ec8e-7c68-11ec-82b1-000c2935d28c
Faulting package full name: 
Faulting package-relative application ID: "
Error	1/24/2022 12:22:38 AM	Application Error	1000	(100)	"Faulting application name: FoxitPDFReader.exe, version: 11.1.0.52543, time stamp: 0x6151f24e
Faulting module name: FoxitPDFReader.exe, version: 11.1.0.52543, time stamp: 0x6151f24e
Exception code: 0xc0000005
Fault offset: 0x025c2852
Faulting process id: 0xa84
Faulting application start time: 0x01d810756d07c8b4
Faulting application path: C:\Program Files (x86)\Foxit Software\Foxit PDF Reader\FoxitPDFReader.exe
Faulting module path: C:\Program Files (x86)\Foxit Software\Foxit PDF Reader\FoxitPDFReader.exe
Report Id: adce43a7-7c68-11ec-82b1-000c2935d28c
Faulting package full name: 
Faulting package-relative application ID: "
Error	1/24/2022 12:22:30 AM	Application Error	1000	(100)	"Faulting application name: FoxitPDFReader.exe, version: 11.1.0.52543, time stamp: 0x6151f24e
Faulting module name: FoxitPDFReader.exe, version: 11.1.0.52543, time stamp: 0x6151f24e
Exception code: 0xc0000005
Fault offset: 0x025c2852
Faulting process id: 0x7b0
Faulting application start time: 0x01d8107569317fca
Faulting application path: C:\Program Files (x86)\Foxit Software\Foxit PDF Reader\FoxitPDFReader.exe
Faulting module path: C:\Program Files (x86)\Foxit Software\Foxit PDF Reader\FoxitPDFReader.exe
Report Id: a8cb9264-7c68-11ec-82b1-000c2935d28c
Faulting package full name: 
Faulting package-relative application ID: "
Error	1/24/2022 12:22:23 AM	Application Error	1000	(100)	"Faulting application name: FoxitPDFReader.exe, version: 11.1.0.52543, time stamp: 0x6151f24e
Faulting module name: FoxitPDFReader.exe, version: 11.1.0.52543, time stamp: 0x6151f24e
Exception code: 0xc0000005
Fault offset: 0x025c2852
Faulting process id: 0xc0c
Faulting application start time: 0x01d810754197f06f
Faulting application path: C:\Program Files (x86)\Foxit Software\Foxit PDF Reader\FoxitPDFReader.exe
Faulting module path: C:\Program Files (x86)\Foxit Software\Foxit PDF Reader\FoxitPDFReader.exe
Report Id: a4f2e717-7c68-11ec-82b1-000c2935d28c
Faulting package full name: 
Faulting package-relative application ID: "
Error	1/24/2022 12:21:17 AM	Application Error	1000	(100)	"Faulting application name: FoxitPDFReader.exe, version: 11.1.0.52543, time stamp: 0x6151f24e
Faulting module name: FoxitPDFReader.exe, version: 11.1.0.52543, time stamp: 0x6151f24e
Exception code: 0xc0000005
Fault offset: 0x025c2852
Faulting process id: 0x510
Faulting application start time: 0x01d810753af1a162
Faulting application path: C:\Program Files (x86)\Foxit Software\Foxit PDF Reader\FoxitPDFReader.exe
Faulting module path: C:\Program Files (x86)\Foxit Software\Foxit PDF Reader\FoxitPDFReader.exe
Report Id: 7d56f50b-7c68-11ec-82b1-000c2935d28c
Faulting package full name: 
Faulting package-relative application ID: "
Error	1/24/2022 12:21:06 AM	Application Error	1000	(100)	"Faulting application name: FoxitPDFReader.exe, version: 11.1.0.52543, time stamp: 0x6151f24e
Faulting module name: FoxitPDFReader.exe, version: 11.1.0.52543, time stamp: 0x6151f24e
Exception code: 0xc0000005
Fault offset: 0x025c2852
Faulting process id: 0xd6c
Faulting application start time: 0x01d81075371dbab3
Faulting application path: C:\Program Files (x86)\Foxit Software\Foxit PDF Reader\FoxitPDFReader.exe
Faulting module path: C:\Program Files (x86)\Foxit Software\Foxit PDF Reader\FoxitPDFReader.exe
Report Id: 76b56a8e-7c68-11ec-82b1-000c2935d28c
Faulting package full name: 
Faulting package-relative application ID: "
Error	1/24/2022 12:20:59 AM	Application Error	1000	(100)	"Faulting application name: FoxitPDFReader.exe, version: 11.1.0.52543, time stamp: 0x6151f24e
Faulting module name: FoxitPDFReader.exe, version: 11.1.0.52543, time stamp: 0x6151f24e
Exception code: 0xc0000005
Fault offset: 0x025c2852
Faulting process id: 0x728
Faulting application start time: 0x01d810753226f4e0
Faulting application path: C:\Program Files (x86)\Foxit Software\Foxit PDF Reader\FoxitPDFReader.exe
Faulting module path: C:\Program Files (x86)\Foxit Software\Foxit PDF Reader\FoxitPDFReader.exe
Report Id: 72efd27e-7c68-11ec-82b1-000c2935d28c
Faulting package full name: 
Faulting package-relative application ID: "
Error	1/24/2022 12:20:51 AM	Application Error	1000	(100)	"Faulting application name: FoxitPDFReader.exe, version: 11.1.0.52543, time stamp: 0x6151f24e
Faulting module name: FoxitPDFReader.exe, version: 11.1.0.52543, time stamp: 0x6151f24e
Exception code: 0xc0000005
Fault offset: 0x025c2852
Faulting process id: 0x268
Faulting application start time: 0x01d810752aaed727
Faulting application path: C:\Program Files (x86)\Foxit Software\Foxit PDF Reader\FoxitPDFReader.exe
Faulting module path: C:\Program Files (x86)\Foxit Software\Foxit PDF Reader\FoxitPDFReader.exe
Report Id: 6e0033cd-7c68-11ec-82b1-000c2935d28c
Faulting package full name: 
Faulting package-relative application ID: "
Error	1/24/2022 12:20:38 AM	Application Error	1000	(100)	"Faulting application name: FoxitPDFReader.exe, version: 11.1.0.52543, time stamp: 0x6151f24e
Faulting module name: FoxitPDFReader.exe, version: 11.1.0.52543, time stamp: 0x6151f24e
Exception code: 0xc0000005
Fault offset: 0x025c2852
Faulting process id: 0x80c
Faulting application start time: 0x01d810751e7204a6
Faulting application path: C:\Program Files (x86)\Foxit Software\Foxit PDF Reader\FoxitPDFReader.exe
Faulting module path: C:\Program Files (x86)\Foxit Software\Foxit PDF Reader\FoxitPDFReader.exe
Report Id: 666b797f-7c68-11ec-82b1-000c2935d28c
Faulting package full name: 
Faulting package-relative application ID: "
Error	1/24/2022 12:20:18 AM	Application Error	1000	(100)	"Faulting application name: FoxitPDFReader.exe, version: 11.1.0.52543, time stamp: 0x6151f24e
Faulting module name: FoxitPDFReader.exe, version: 11.1.0.52543, time stamp: 0x6151f24e
Exception code: 0xc0000005
Fault offset: 0x025c2852
Faulting process id: 0xe54
Faulting application start time: 0x01d810751a995955
Faulting application path: C:\Program Files (x86)\Foxit Software\Foxit PDF Reader\FoxitPDFReader.exe
Faulting module path: C:\Program Files (x86)\Foxit Software\Foxit PDF Reader\FoxitPDFReader.exe
Report Id: 5a3109d6-7c68-11ec-82b1-000c2935d28c
Faulting package full name: 
Faulting package-relative application ID: "
Error	1/24/2022 12:20:11 AM	Application Error	1000	(100)	"Faulting application name: FoxitPDFReader.exe, version: 11.1.0.52543, time stamp: 0x6151f24e
Faulting module name: FoxitPDFReader.exe, version: 11.1.0.52543, time stamp: 0x6151f24e
Exception code: 0xc0000005
Fault offset: 0x025c2852
Faulting process id: 0xe40
Faulting application start time: 0x01d81075152dc0a5
Faulting application path: C:\Program Files (x86)\Foxit Software\Foxit PDF Reader\FoxitPDFReader.exe
Faulting module path: C:\Program Files (x86)\Foxit Software\Foxit PDF Reader\FoxitPDFReader.exe
Report Id: 56513740-7c68-11ec-82b1-000c2935d28c
Faulting package full name: 
Faulting package-relative application ID: "
Error	1/24/2022 12:20:02 AM	Application Error	1000	(100)	"Faulting application name: FoxitPDFReader.exe, version: 11.1.0.52543, time stamp: 0x6151f24e
Faulting module name: FoxitPDFReader.exe, version: 11.1.0.52543, time stamp: 0x6151f24e
Exception code: 0xc0000005
Fault offset: 0x025c2852
Faulting process id: 0xeec
Faulting application start time: 0x01d810750aac6424
Faulting application path: C:\Program Files (x86)\Foxit Software\Foxit PDF Reader\FoxitPDFReader.exe
Faulting module path: C:\Program Files (x86)\Foxit Software\Foxit PDF Reader\FoxitPDFReader.exe
Report Id: 50ef2801-7c68-11ec-82b1-000c2935d28c
Faulting package full name: 
Faulting package-relative application ID: "
Error	1/24/2022 12:19:45 AM	Application Error	1000	(100)	"Faulting application name: FoxitPDFReader.exe, version: 11.1.0.52543, time stamp: 0x6151f24e
Faulting module name: FoxitPDFReader.exe, version: 11.1.0.52543, time stamp: 0x6151f24e
Exception code: 0xc0000005
Fault offset: 0x025c2852
Faulting process id: 0xc94
Faulting application start time: 0x01d8107506eb9011
Faulting application path: C:\Program Files (x86)\Foxit Software\Foxit PDF Reader\FoxitPDFReader.exe
Faulting module path: C:\Program Files (x86)\Foxit Software\Foxit PDF Reader\FoxitPDFReader.exe
Report Id: 4679b6f1-7c68-11ec-82b1-000c2935d28c
Faulting package full name: 
Faulting package-relative application ID: "
Error	1/24/2022 12:19:38 AM	Application Error	1000	(100)	"Faulting application name: FoxitPDFReader.exe, version: 11.1.0.52543, time stamp: 0x6151f24e
Faulting module name: FoxitPDFReader.exe, version: 11.1.0.52543, time stamp: 0x6151f24e
Exception code: 0xc0000005
Fault offset: 0x025c2852
Faulting process id: 0xd38
Faulting application start time: 0x01d81074fba914d4
Faulting application path: C:\Program Files (x86)\Foxit Software\Foxit PDF Reader\FoxitPDFReader.exe
Faulting module path: C:\Program Files (x86)\Foxit Software\Foxit PDF Reader\FoxitPDFReader.exe
Report Id: 42a832ad-7c68-11ec-82b1-000c2935d28c
Faulting package full name: 
Faulting package-relative application ID: "
Error	1/24/2022 12:19:19 AM	Application Error	1000	(100)	"Faulting application name: FoxitPDFReader.exe, version: 11.1.0.52543, time stamp: 0x6151f24e
Faulting module name: FoxitPDFReader.exe, version: 11.1.0.52543, time stamp: 0x6151f24e
Exception code: 0xc0000005
Fault offset: 0x025c2852
Faulting process id: 0xb50
Faulting application start time: 0x01d81074f7cba508
Faulting application path: C:\Program Files (x86)\Foxit Software\Foxit PDF Reader\FoxitPDFReader.exe
Faulting module path: C:\Program Files (x86)\Foxit Software\Foxit PDF Reader\FoxitPDFReader.exe
Report Id: 3763553f-7c68-11ec-82b1-000c2935d28c
Faulting package full name: 
Faulting package-relative application ID: "
Error	1/24/2022 12:19:13 AM	Application Error	1000	(100)	"Faulting application name: FoxitPDFReader.exe, version: 11.1.0.52543, time stamp: 0x6151f24e
Faulting module name: FoxitPDFReader.exe, version: 11.1.0.52543, time stamp: 0x6151f24e
Exception code: 0xc0000005
Fault offset: 0x025c2852
Faulting process id: 0xf00
Faulting application start time: 0x01d81074e9f4be11
Faulting application path: C:\Program Files (x86)\Foxit Software\Foxit PDF Reader\FoxitPDFReader.exe
Faulting module path: C:\Program Files (x86)\Foxit Software\Foxit PDF Reader\FoxitPDFReader.exe
Report Id: 339dbcb1-7c68-11ec-82b1-000c2935d28c
Faulting package full name: 
Faulting package-relative application ID: "
Error	1/24/2022 12:18:50 AM	Application Error	1000	(100)	"Faulting application name: FoxitPDFReader.exe, version: 11.1.0.52543, time stamp: 0x6151f24e
Faulting module name: FoxitPDFReader.exe, version: 11.1.0.52543, time stamp: 0x6151f24e
Exception code: 0xc0000005
Fault offset: 0x025c2852
Faulting process id: 0x8a0
Faulting application start time: 0x01d81074d8858b95
Faulting application path: C:\Program Files (x86)\Foxit Software\Foxit PDF Reader\FoxitPDFReader.exe
Faulting module path: C:\Program Files (x86)\Foxit Software\Foxit PDF Reader\FoxitPDFReader.exe
Report Id: 25b3c3e6-7c68-11ec-82b1-000c2935d28c
Faulting package full name: 
Faulting package-relative application ID: "
Error	1/24/2022 12:18:21 AM	Application Error	1000	(100)	"Faulting application name: FoxitPDFReader.exe, version: 11.1.0.52543, time stamp: 0x6151f24e
Faulting module name: FoxitPDFReader.exe, version: 11.1.0.52543, time stamp: 0x6151f24e
Exception code: 0xc0000005
Fault offset: 0x025c2852
Faulting process id: 0x134
Faulting application start time: 0x01d81074d4b1a52f
Faulting application path: C:\Program Files (x86)\Foxit Software\Foxit PDF Reader\FoxitPDFReader.exe
Faulting module path: C:\Program Files (x86)\Foxit Software\Foxit PDF Reader\FoxitPDFReader.exe
Report Id: 14495575-7c68-11ec-82b1-000c2935d28c
Faulting package full name: 
Faulting package-relative application ID: "
Error	1/24/2022 12:18:14 AM	Application Error	1000	(100)	"Faulting application name: FoxitPDFReader.exe, version: 11.1.0.52543, time stamp: 0x6151f24e
Faulting module name: FoxitPDFReader.exe, version: 11.1.0.52543, time stamp: 0x6151f24e
Exception code: 0xc0000005
Fault offset: 0x025c2852
Faulting process id: 0xaec
Faulting application start time: 0x01d81074cf781dc9
Faulting application path: C:\Program Files (x86)\Foxit Software\Foxit PDF Reader\FoxitPDFReader.exe
Faulting module path: C:\Program Files (x86)\Foxit Software\Foxit PDF Reader\FoxitPDFReader.exe
Report Id: 106e47d0-7c68-11ec-82b1-000c2935d28c
Faulting package full name: 
Faulting package-relative application ID: "
Error	1/24/2022 12:18:05 AM	Application Error	1000	(100)	"Faulting application name: FoxitPDFReader.exe, version: 11.1.0.52543, time stamp: 0x6151f24e
Faulting module name: FoxitPDFReader.exe, version: 11.1.0.52543, time stamp: 0x6151f24e
Exception code: 0xc0000005
Fault offset: 0x025c2852
Faulting process id: 0x82c
Faulting application start time: 0x01d81074cb9386c2
Faulting application path: C:\Program Files (x86)\Foxit Software\Foxit PDF Reader\FoxitPDFReader.exe
Faulting module path: C:\Program Files (x86)\Foxit Software\Foxit PDF Reader\FoxitPDFReader.exe
Report Id: 0b2d9988-7c68-11ec-82b1-000c2935d28c
Faulting package full name: 
Faulting package-relative application ID: "
Error	1/24/2022 12:17:59 AM	Application Error	1000	(100)	"Faulting application name: FoxitPDFReader.exe, version: 11.1.0.52543, time stamp: 0x6151f24e
Faulting module name: FoxitPDFReader.exe, version: 11.1.0.52543, time stamp: 0x6151f24e
Exception code: 0xc0000005
Fault offset: 0x025c2852
Faulting process id: 0x7dc
Faulting application start time: 0x01d81074c7b61735
Faulting application path: C:\Program Files (x86)\Foxit Software\Foxit PDF Reader\FoxitPDFReader.exe
Faulting module path: C:\Program Files (x86)\Foxit Software\Foxit PDF Reader\FoxitPDFReader.exe
Report Id: 074dc715-7c68-11ec-82b1-000c2935d28c
Faulting package full name: 
Faulting package-relative application ID: "
Error	1/24/2022 12:17:52 AM	Application Error	1000	(100)	"Faulting application name: FoxitPDFReader.exe, version: 11.1.0.52543, time stamp: 0x6151f24e
Faulting module name: FoxitPDFReader.exe, version: 11.1.0.52543, time stamp: 0x6151f24e
Exception code: 0xc0000005
Fault offset: 0x025c2852
Faulting process id: 0x744
Faulting application start time: 0x01d81074c3e23144
Faulting application path: C:\Program Files (x86)\Foxit Software\Foxit PDF Reader\FoxitPDFReader.exe
Faulting module path: C:\Program Files (x86)\Foxit Software\Foxit PDF Reader\FoxitPDFReader.exe
Report Id: 03777e2a-7c68-11ec-82b1-000c2935d28c
Faulting package full name: 
Faulting package-relative application ID: "
Error	1/24/2022 12:17:46 AM	Application Error	1000	(100)	"Faulting application name: FoxitPDFReader.exe, version: 11.1.0.52543, time stamp: 0x6151f24e
Faulting module name: FoxitPDFReader.exe, version: 11.1.0.52543, time stamp: 0x6151f24e
Exception code: 0xc0000005
Fault offset: 0x025c2852
Faulting process id: 0x4c8
Faulting application start time: 0x01d81074c007229c
Faulting application path: C:\Program Files (x86)\Foxit Software\Foxit PDF Reader\FoxitPDFReader.exe
Faulting module path: C:\Program Files (x86)\Foxit Software\Foxit PDF Reader\FoxitPDFReader.exe
Report Id: ffa1354a-7c67-11ec-82b1-000c2935d28c
Faulting package full name: 
Faulting package-relative application ID: "
Error	1/24/2022 12:17:39 AM	Application Error	1000	(100)	"Faulting application name: FoxitPDFReader.exe, version: 11.1.0.52543, time stamp: 0x6151f24e
Faulting module name: FoxitPDFReader.exe, version: 11.1.0.52543, time stamp: 0x6151f24e
Exception code: 0xc0000005
Fault offset: 0x025c2852
Faulting process id: 0xb24
Faulting application start time: 0x01d81074bc29b327
Faulting application path: C:\Program Files (x86)\Foxit Software\Foxit PDF Reader\FoxitPDFReader.exe
Faulting module path: C:\Program Files (x86)\Foxit Software\Foxit PDF Reader\FoxitPDFReader.exe
Report Id: fbc6279b-7c67-11ec-82b1-000c2935d28c
Faulting package full name: 
Faulting package-relative application ID: "
Error	1/24/2022 12:17:33 AM	Application Error	1000	(100)	"Faulting application name: FoxitPDFReader.exe, version: 11.1.0.52543, time stamp: 0x6151f24e
Faulting module name: FoxitPDFReader.exe, version: 11.1.0.52543, time stamp: 0x6151f24e
Exception code: 0xc0000005
Fault offset: 0x025c2852
Faulting process id: 0xe10
Faulting application start time: 0x01d81074b5a261e3
Faulting application path: C:\Program Files (x86)\Foxit Software\Foxit PDF Reader\FoxitPDFReader.exe
Faulting module path: C:\Program Files (x86)\Foxit Software\Foxit PDF Reader\FoxitPDFReader.exe
Report Id: f7e19063-7c67-11ec-82b1-000c2935d28c
Faulting package full name: 
Faulting package-relative application ID: "
Error	1/24/2022 12:17:22 AM	Application Error	1000	(100)	"Faulting application name: FoxitPDFReader.exe, version: 11.1.0.52543, time stamp: 0x6151f24e
Faulting module name: FoxitPDFReader.exe, version: 11.1.0.52543, time stamp: 0x6151f24e
Exception code: 0xc0000005
Fault offset: 0x025c2852
Faulting process id: 0xba4
Faulting application start time: 0x01d81074af69bf5a
Faulting application path: C:\Program Files (x86)\Foxit Software\Foxit PDF Reader\FoxitPDFReader.exe
Faulting module path: C:\Program Files (x86)\Foxit Software\Foxit PDF Reader\FoxitPDFReader.exe
Report Id: f161674d-7c67-11ec-82b1-000c2935d28c
Faulting package full name: 
Faulting package-relative application ID: "
Error	1/24/2022 12:17:12 AM	Application Error	1000	(100)	"Faulting application name: FoxitPDFReader.exe, version: 11.1.0.52543, time stamp: 0x6151f24e
Faulting module name: FoxitPDFReader.exe, version: 11.1.0.52543, time stamp: 0x6151f24e
Exception code: 0xc0000005
Fault offset: 0x025c2852
Faulting process id: 0xed8
Faulting application start time: 0x01d81074aba6894b
Faulting application path: C:\Program Files (x86)\Foxit Software\Foxit PDF Reader\FoxitPDFReader.exe
Faulting module path: C:\Program Files (x86)\Foxit Software\Foxit PDF Reader\FoxitPDFReader.exe
Report Id: eb39748e-7c67-11ec-82b1-000c2935d28c
Faulting package full name: 
Faulting package-relative application ID: "
Error	1/24/2022 12:17:05 AM	Application Error	1000	(100)	"Faulting application name: FoxitPDFReader.exe, version: 11.1.0.52543, time stamp: 0x6151f24e
Faulting module name: FoxitPDFReader.exe, version: 11.1.0.52543, time stamp: 0x6151f24e
Exception code: 0xc0000005
Fault offset: 0x025c2852
Faulting process id: 0x5d0
Faulting application start time: 0x01d81074a2bcde9f
Faulting application path: C:\Program Files (x86)\Foxit Software\Foxit PDF Reader\FoxitPDFReader.exe
Faulting module path: C:\Program Files (x86)\Foxit Software\Foxit PDF Reader\FoxitPDFReader.exe
Report Id: e77b0312-7c67-11ec-82b1-000c2935d28c
Faulting package full name: 
Faulting package-relative application ID: "
Error	1/24/2022 12:16:50 AM	Application Error	1000	(100)	"Faulting application name: FoxitPDFReader.exe, version: 11.1.0.52543, time stamp: 0x6151f24e
Faulting module name: FoxitPDFReader.exe, version: 11.1.0.52543, time stamp: 0x6151f24e
Exception code: 0xc0000005
Fault offset: 0x025c2852
Faulting process id: 0xc4
Faulting application start time: 0x01d81074985a7ff5
Faulting application path: C:\Program Files (x86)\Foxit Software\Foxit PDF Reader\FoxitPDFReader.exe
Faulting module path: C:\Program Files (x86)\Foxit Software\Foxit PDF Reader\FoxitPDFReader.exe
Report Id: de7e45c0-7c67-11ec-82b1-000c2935d28c
Faulting package full name: 
Faulting package-relative application ID: "
Error	1/24/2022 12:16:33 AM	Application Error	1000	(100)	"Faulting application name: FoxitPDFReader.exe, version: 11.1.0.52543, time stamp: 0x6151f24e
Faulting module name: FoxitPDFReader.exe, version: 11.1.0.52543, time stamp: 0x6151f24e
Exception code: 0xc0000005
Fault offset: 0x025c2852
Faulting process id: 0xa74
Faulting application start time: 0x01d810748f5b6032
Faulting application path: C:\Program Files (x86)\Foxit Software\Foxit PDF Reader\FoxitPDFReader.exe
Faulting module path: C:\Program Files (x86)\Foxit Software\Foxit PDF Reader\FoxitPDFReader.exe
Report Id: d420ac32-7c67-11ec-82b1-000c2935d28c
Faulting package full name: 
Faulting package-relative application ID: "
Error	1/24/2022 12:16:18 AM	Application Error	1000	(100)	"Faulting application name: FoxitPDFReader.exe, version: 11.1.0.52543, time stamp: 0x6151f24e
Faulting module name: FoxitPDFReader.exe, version: 11.1.0.52543, time stamp: 0x6151f24e
Exception code: 0xc0000005
Fault offset: 0x025c2852
Faulting process id: 0x200
Faulting application start time: 0x01d810748b8779c7
Faulting application path: C:\Program Files (x86)\Foxit Software\Foxit PDF Reader\FoxitPDFReader.exe
Faulting module path: C:\Program Files (x86)\Foxit Software\Foxit PDF Reader\FoxitPDFReader.exe
Report Id: cb1f2a08-7c67-11ec-82b1-000c2935d28c
Faulting package full name: 
Faulting package-relative application ID: "
Error	1/24/2022 12:16:11 AM	Application Error	1000	(100)	"Faulting application name: FoxitPDFReader.exe, version: 11.1.0.52543, time stamp: 0x6151f24e
Faulting module name: FoxitPDFReader.exe, version: 11.1.0.52543, time stamp: 0x6151f24e
Exception code: 0xc0000005
Fault offset: 0x025c2852
Faulting process id: 0x8b8
Faulting application start time: 0x01d8107484f43e46
Faulting application path: C:\Program Files (x86)\Foxit Software\Foxit PDF Reader\FoxitPDFReader.exe
Faulting module path: C:\Program Files (x86)\Foxit Software\Foxit PDF Reader\FoxitPDFReader.exe
Report Id: c741ba80-7c67-11ec-82b1-000c2935d28c
Faulting package full name: 
Faulting package-relative application ID: "
Error	1/24/2022 12:16:00 AM	Application Error	1000	(100)	"Faulting application name: FoxitPDFReader.exe, version: 11.1.0.52543, time stamp: 0x6151f24e
Faulting module name: FoxitPDFReader.exe, version: 11.1.0.52543, time stamp: 0x6151f24e
Exception code: 0xc0000005
Fault offset: 0x025c2852
Faulting process id: 0xec8
Faulting application start time: 0x01d810747e492986
Faulting application path: C:\Program Files (x86)\Foxit Software\Foxit PDF Reader\FoxitPDFReader.exe
Faulting module path: C:\Program Files (x86)\Foxit Software\Foxit PDF Reader\FoxitPDFReader.exe
Report Id: c0b0e01f-7c67-11ec-82b1-000c2935d28c
Faulting package full name: 
Faulting package-relative application ID: "
Error	1/24/2022 12:15:49 AM	Application Error	1000	(100)	"Faulting application name: FoxitPDFReader.exe, version: 11.1.0.52543, time stamp: 0x6151f24e
Faulting module name: FoxitPDFReader.exe, version: 11.1.0.52543, time stamp: 0x6151f24e
Exception code: 0xc0000005
Fault offset: 0x025c2852
Faulting process id: 0x63c
Faulting application start time: 0x01d8107477f3ea6c
Faulting application path: C:\Program Files (x86)\Foxit Software\Foxit PDF Reader\FoxitPDFReader.exe
Faulting module path: C:\Program Files (x86)\Foxit Software\Foxit PDF Reader\FoxitPDFReader.exe
Report Id: ba0f55b4-7c67-11ec-82b1-000c2935d28c
Faulting package full name: 
Faulting package-relative application ID: "
Error	1/24/2022 12:15:38 AM	Application Error	1000	(100)	"Faulting application name: FoxitPDFReader.exe, version: 11.1.0.52543, time stamp: 0x6151f24e
Faulting module name: FoxitPDFReader.exe, version: 11.1.0.52543, time stamp: 0x6151f24e
Exception code: 0xc0000005
Fault offset: 0x025c2852
Faulting process id: 0xfac
Faulting application start time: 0x01d810747418dcc7
Faulting application path: C:\Program Files (x86)\Foxit Software\Foxit PDF Reader\FoxitPDFReader.exe
Faulting module path: C:\Program Files (x86)\Foxit Software\Foxit PDF Reader\FoxitPDFReader.exe
Report Id: b3b08ddb-7c67-11ec-82b1-000c2935d28c
Faulting package full name: 
Faulting package-relative application ID: "
Error	1/24/2022 12:15:32 AM	Application Error	1000	(100)	"Faulting application name: FoxitPDFReader.exe, version: 11.1.0.52543, time stamp: 0x6151f24e
Faulting module name: FoxitPDFReader.exe, version: 11.1.0.52543, time stamp: 0x6151f24e
Exception code: 0xc0000005
Fault offset: 0x025c2852
Faulting process id: 0x8b4
Faulting application start time: 0x01d810746817a55d
Faulting application path: C:\Program Files (x86)\Foxit Software\Foxit PDF Reader\FoxitPDFReader.exe
Faulting module path: C:\Program Files (x86)\Foxit Software\Foxit PDF Reader\FoxitPDFReader.exe
Report Id: afce5878-7c67-11ec-82b1-000c2935d28c
Faulting package full name: 
Faulting package-relative application ID: "
Error	1/24/2022 12:15:12 AM	Application Error	1000	(100)	"Faulting application name: FoxitPDFReader.exe, version: 11.1.0.52543, time stamp: 0x6151f24e
Faulting module name: FoxitPDFReader.exe, version: 11.1.0.52543, time stamp: 0x6151f24e
Exception code: 0xc0000005
Fault offset: 0x025c2852
Faulting process id: 0x43c
Faulting application start time: 0x01d8107464415c2e
Faulting application path: C:\Program Files (x86)\Foxit Software\Foxit PDF Reader\FoxitPDFReader.exe
Faulting module path: C:\Program Files (x86)\Foxit Software\Foxit PDF Reader\FoxitPDFReader.exe
Report Id: a3d90cef-7c67-11ec-82b1-000c2935d28c
Faulting package full name: 
Faulting package-relative application ID: "
Error	1/24/2022 12:15:06 AM	Application Error	1000	(100)	"Faulting application name: FoxitPDFReader.exe, version: 11.1.0.52543, time stamp: 0x6151f24e
Faulting module name: FoxitPDFReader.exe, version: 11.1.0.52543, time stamp: 0x6151f24e
Exception code: 0xc0000005
Fault offset: 0x025c2852
Faulting process id: 0xeb0
Faulting application start time: 0x01d810745df80945
Faulting application path: C:\Program Files (x86)\Foxit Software\Foxit PDF Reader\FoxitPDFReader.exe
Faulting module path: C:\Program Files (x86)\Foxit Software\Foxit PDF Reader\FoxitPDFReader.exe
Report Id: a0137488-7c67-11ec-82b1-000c2935d28c
Faulting package full name: 
Faulting package-relative application ID: "
Error	1/24/2022 12:14:55 AM	Application Error	1000	(100)	"Faulting application name: FoxitPDFReader.exe, version: 11.1.0.52543, time stamp: 0x6151f24e
Faulting module name: FoxitPDFReader.exe, version: 11.1.0.52543, time stamp: 0x6151f24e
Exception code: 0xc0000005
Fault offset: 0x025c2852
Faulting process id: 0xca4
Faulting application start time: 0x01d8107453f76b3d
Faulting application path: C:\Program Files (x86)\Foxit Software\Foxit PDF Reader\FoxitPDFReader.exe
Faulting module path: C:\Program Files (x86)\Foxit Software\Foxit PDF Reader\FoxitPDFReader.exe
Report Id: 99cc832e-7c67-11ec-82b1-000c2935d28c
Faulting package full name: 
Faulting package-relative application ID: "
Error	1/24/2022 12:14:38 AM	Application Error	1000	(100)	"Faulting application name: FoxitPDFReader.exe, version: 11.1.0.52543, time stamp: 0x6151f24e
Faulting module name: FoxitPDFReader.exe, version: 11.1.0.52543, time stamp: 0x6151f24e
Exception code: 0xc0000005
Fault offset: 0x025c2852
Faulting process id: 0xc80
Faulting application start time: 0x01d81074494b2472
Faulting application path: C:\Program Files (x86)\Foxit Software\Foxit PDF Reader\FoxitPDFReader.exe
Faulting module path: C:\Program Files (x86)\Foxit Software\Foxit PDF Reader\FoxitPDFReader.exe
Report Id: 8fb6704a-7c67-11ec-82b1-000c2935d28c
Faulting package full name: 
Faulting package-relative application ID: "
Error	1/24/2022 12:14:20 AM	Application Error	1000	(100)	"Faulting application name: FoxitPDFReader.exe, version: 11.1.0.52543, time stamp: 0x6151f24e
Faulting module name: FoxitPDFReader.exe, version: 11.1.0.52543, time stamp: 0x6151f24e
Exception code: 0xc0000005
Fault offset: 0x025c2852
Faulting process id: 0x9f8
Faulting application start time: 0x01d8107443f9c54f
Faulting application path: C:\Program Files (x86)\Foxit Software\Foxit PDF Reader\FoxitPDFReader.exe
Faulting module path: C:\Program Files (x86)\Foxit Software\Foxit PDF Reader\FoxitPDFReader.exe
Report Id: 85056467-7c67-11ec-82b1-000c2935d28c
Faulting package full name: 
Faulting package-relative application ID: "
Error	1/24/2022 12:14:11 AM	Application Error	1000	(100)	"Faulting application name: FoxitPDFReader.exe, version: 11.1.0.52543, time stamp: 0x6151f24e
Faulting module name: FoxitPDFReader.exe, version: 11.1.0.52543, time stamp: 0x6151f24e
Exception code: 0xc0000005
Fault offset: 0x025c2852
Faulting process id: 0x768
Faulting application start time: 0x01d81074401eb7af
Faulting application path: C:\Program Files (x86)\Foxit Software\Foxit PDF Reader\FoxitPDFReader.exe
Faulting module path: C:\Program Files (x86)\Foxit Software\Foxit PDF Reader\FoxitPDFReader.exe
Report Id: 7fb405fe-7c67-11ec-82b1-000c2935d28c
Faulting package full name: 
Faulting package-relative application ID: "
Error	1/24/2022 12:14:05 AM	Application Error	1000	(100)	"Faulting application name: FoxitPDFReader.exe, version: 11.1.0.52543, time stamp: 0x6151f24e
Faulting module name: FoxitPDFReader.exe, version: 11.1.0.52543, time stamp: 0x6151f24e
Exception code: 0xc0000005
Fault offset: 0x025c2852
Faulting process id: 0xdf0
Faulting application start time: 0x01d810743c486ed3
Faulting application path: C:\Program Files (x86)\Foxit Software\Foxit PDF Reader\FoxitPDFReader.exe
Faulting module path: C:\Program Files (x86)\Foxit Software\Foxit PDF Reader\FoxitPDFReader.exe
Report Id: 7bddbcb7-7c67-11ec-82b1-000c2935d28c
Faulting package full name: 
Faulting package-relative application ID: "
Error	1/24/2022 12:13:58 AM	Application Error	1000	(100)	"Faulting application name: FoxitPDFReader.exe, version: 11.1.0.52543, time stamp: 0x6151f24e
Faulting module name: FoxitPDFReader.exe, version: 11.1.0.52543, time stamp: 0x6151f24e
Exception code: 0xc0000005
Fault offset: 0x025c2852
Faulting process id: 0x49c
Faulting application start time: 0x01d81074345b7dd2
Faulting application path: C:\Program Files (x86)\Foxit Software\Foxit PDF Reader\FoxitPDFReader.exe
Faulting module path: C:\Program Files (x86)\Foxit Software\Foxit PDF Reader\FoxitPDFReader.exe
Report Id: 7802af20-7c67-11ec-82b1-000c2935d28c
Faulting package full name: 
Faulting package-relative application ID: "
Error	1/24/2022 12:13:45 AM	Application Error	1000	(100)	"Faulting application name: FoxitPDFReader.exe, version: 11.1.0.52543, time stamp: 0x6151f24e
Faulting module name: FoxitPDFReader.exe, version: 11.1.0.52543, time stamp: 0x6151f24e
Exception code: 0xc0000005
Fault offset: 0x025c2852
Faulting process id: 0xef8
Faulting application start time: 0x01d8107430807023
Faulting application path: C:\Program Files (x86)\Foxit Software\Foxit PDF Reader\FoxitPDFReader.exe
Faulting module path: C:\Program Files (x86)\Foxit Software\Foxit PDF Reader\FoxitPDFReader.exe
Report Id: 701ce4f8-7c67-11ec-82b1-000c2935d28c
Faulting package full name: 
Faulting package-relative application ID: "
Error	1/24/2022 12:13:39 AM	Application Error	1000	(100)	"Faulting application name: FoxitPDFReader.exe, version: 11.1.0.52543, time stamp: 0x6151f24e
Faulting module name: FoxitPDFReader.exe, version: 11.1.0.52543, time stamp: 0x6151f24e
Exception code: 0xc0000005
Fault offset: 0x025c2852
Faulting process id: 0x5c0
Faulting application start time: 0x01d810742ca7c4b9
Faulting application path: C:\Program Files (x86)\Foxit Software\Foxit PDF Reader\FoxitPDFReader.exe
Faulting module path: C:\Program Files (x86)\Foxit Software\Foxit PDF Reader\FoxitPDFReader.exe
Report Id: 6c41d730-7c67-11ec-82b1-000c2935d28c
Faulting package full name: 
Faulting package-relative application ID: "
Error	1/24/2022 12:13:32 AM	Application Error	1000	(100)	"Faulting application name: FoxitPDFReader.exe, version: 11.1.0.52543, time stamp: 0x6151f24e
Faulting module name: FoxitPDFReader.exe, version: 11.1.0.52543, time stamp: 0x6151f24e
Exception code: 0xc0000005
Fault offset: 0x025c2852
Faulting process id: 0xedc
Faulting application start time: 0x01d8107428ca548f
Faulting application path: C:\Program Files (x86)\Foxit Software\Foxit PDF Reader\FoxitPDFReader.exe
Faulting module path: C:\Program Files (x86)\Foxit Software\Foxit PDF Reader\FoxitPDFReader.exe
Report Id: 68692bda-7c67-11ec-82b1-000c2935d28c
Faulting package full name: 
Faulting package-relative application ID: "
