Error	1/23/2022 11:27:06 PM	Application Error	1000	(100)	"Faulting application name: FoxitPDFReader.exe, version: 11.1.0.52543, time stamp: 0x6151f24e
Faulting module name: FoxitPDFReader.exe, version: 11.1.0.52543, time stamp: 0x6151f24e
Exception code: 0xc0000005
Fault offset: 0x025c2852
Faulting process id: 0xb30
Faulting application start time: 0x01d8106dabf8bb75
Faulting application path: C:\Program Files (x86)\Foxit Software\Foxit PDF Reader\FoxitPDFReader.exe
Faulting module path: C:\Program Files (x86)\Foxit Software\Foxit PDF Reader\FoxitPDFReader.exe
Report Id: eb894501-7c60-11ec-82b1-000c2935d28c
Faulting package full name: 
Faulting package-relative application ID: "
Error	1/23/2022 11:26:59 PM	Application Error	1000	(100)	"Faulting application name: FoxitPDFReader.exe, version: 11.1.0.52543, time stamp: 0x6151f24e
Faulting module name: FoxitPDFReader.exe, version: 11.1.0.52543, time stamp: 0x6151f24e
Exception code: 0xc0000005
Fault offset: 0x025c2852
Faulting process id: 0xd68
Faulting application start time: 0x01d8106da82999ac
Faulting application path: C:\Program Files (x86)\Foxit Software\Foxit PDF Reader\FoxitPDFReader.exe
Faulting module path: C:\Program Files (x86)\Foxit Software\Foxit PDF Reader\FoxitPDFReader.exe
Report Id: e7bee795-7c60-11ec-82b1-000c2935d28c
Faulting package full name: 
Faulting package-relative application ID: "
Error	1/23/2022 11:26:53 PM	Application Error	1000	(100)	"Faulting application name: FoxitPDFReader.exe, version: 11.1.0.52543, time stamp: 0x6151f24e
Faulting module name: FoxitPDFReader.exe, version: 11.1.0.52543, time stamp: 0x6151f24e
Exception code: 0xc0000005
Fault offset: 0x025c2852
Faulting process id: 0xfbc
Faulting application start time: 0x01d8106da2be015e
Faulting application path: C:\Program Files (x86)\Foxit Software\Foxit PDF Reader\FoxitPDFReader.exe
Faulting module path: C:\Program Files (x86)\Foxit Software\Foxit PDF Reader\FoxitPDFReader.exe
Report Id: e3df1558-7c60-11ec-82b1-000c2935d28c
Faulting package full name: 
Faulting package-relative application ID: "
Error	1/23/2022 11:26:44 PM	Application Error	1000	(100)	"Faulting application name: FoxitPDFReader.exe, version: 11.1.0.52543, time stamp: 0x6151f24e
Faulting module name: FoxitPDFReader.exe, version: 11.1.0.52543, time stamp: 0x6151f24e
Exception code: 0xc0000005
Fault offset: 0x025c2852
Faulting process id: 0x5ac
Faulting application start time: 0x01d8106d9efacaa9
Faulting application path: C:\Program Files (x86)\Foxit Software\Foxit PDF Reader\FoxitPDFReader.exe
Faulting module path: C:\Program Files (x86)\Foxit Software\Foxit PDF Reader\FoxitPDFReader.exe
Report Id: de94dd6f-7c60-11ec-82b1-000c2935d28c
Faulting package full name: 
Faulting package-relative application ID: "
Error	1/23/2022 11:26:38 PM	Application Error	1000	(100)	"Faulting application name: FoxitPDFReader.exe, version: 11.1.0.52543, time stamp: 0x6151f24e
Faulting module name: FoxitPDFReader.exe, version: 11.1.0.52543, time stamp: 0x6151f24e
Exception code: 0xc0000005
Fault offset: 0x025c2852
Faulting process id: 0xfec
Faulting application start time: 0x01d8106d985e056a
Faulting application path: C:\Program Files (x86)\Foxit Software\Foxit PDF Reader\FoxitPDFReader.exe
Faulting module path: C:\Program Files (x86)\Foxit Software\Foxit PDF Reader\FoxitPDFReader.exe
Report Id: dabc3218-7c60-11ec-82b1-000c2935d28c
Faulting package full name: 
Faulting package-relative application ID: "
Error	1/23/2022 11:26:26 PM	Application Error	1000	(100)	"Faulting application name: FoxitPDFReader.exe, version: 11.1.0.52543, time stamp: 0x6151f24e
Faulting module name: FoxitPDFReader.exe, version: 11.1.0.52543, time stamp: 0x6151f24e
Exception code: 0xc0000005
Fault offset: 0x025c2852
Faulting process id: 0xbf8
Faulting application start time: 0x01d8106d8f2f36ba
Faulting application path: C:\Program Files (x86)\Foxit Software\Foxit PDF Reader\FoxitPDFReader.exe
Faulting module path: C:\Program Files (x86)\Foxit Software\Foxit PDF Reader\FoxitPDFReader.exe
Report Id: d41d0a50-7c60-11ec-82b1-000c2935d28c
Faulting package full name: 
Faulting package-relative application ID: "
Error	1/23/2022 11:26:11 PM	Application Error	1000	(100)	"Faulting application name: FoxitPDFReader.exe, version: 11.1.0.52543, time stamp: 0x6151f24e
Faulting module name: FoxitPDFReader.exe, version: 11.1.0.52543, time stamp: 0x6151f24e
Exception code: 0xc0000005
Fault offset: 0x025c2852
Faulting process id: 0x7f4
Faulting application start time: 0x01d8106d8b58edc0
Faulting application path: C:\Program Files (x86)\Foxit Software\Foxit PDF Reader\FoxitPDFReader.exe
Faulting module path: C:\Program Files (x86)\Foxit Software\Foxit PDF Reader\FoxitPDFReader.exe
Report Id: caf09dc7-7c60-11ec-82b1-000c2935d28c
Faulting package full name: 
Faulting package-relative application ID: "
Error	1/23/2022 11:26:05 PM	Application Error	1000	(100)	"Faulting application name: FoxitPDFReader.exe, version: 11.1.0.52543, time stamp: 0x6151f24e
Faulting module name: FoxitPDFReader.exe, version: 11.1.0.52543, time stamp: 0x6151f24e
Exception code: 0xc0000005
Fault offset: 0x025c2852
Faulting process id: 0xc68
Faulting application start time: 0x01d8106d8522ad24
Faulting application path: C:\Program Files (x86)\Foxit Software\Foxit PDF Reader\FoxitPDFReader.exe
Faulting module path: C:\Program Files (x86)\Foxit Software\Foxit PDF Reader\FoxitPDFReader.exe
Report Id: c71cb6fa-7c60-11ec-82b1-000c2935d28c
Faulting package full name: 
Faulting package-relative application ID: "
Error	1/23/2022 11:25:54 PM	Application Error	1000	(100)	"Faulting application name: FoxitPDFReader.exe, version: 11.1.0.52543, time stamp: 0x6151f24e
Faulting module name: FoxitPDFReader.exe, version: 11.1.0.52543, time stamp: 0x6151f24e
Exception code: 0xc0000005
Fault offset: 0x025c2852
Faulting process id: 0xc0
Faulting application start time: 0x01d8106d7ff04ce5
Faulting application path: C:\Program Files (x86)\Foxit Software\Foxit PDF Reader\FoxitPDFReader.exe
Faulting module path: C:\Program Files (x86)\Foxit Software\Foxit PDF Reader\FoxitPDFReader.exe
Report Id: c0e4140b-7c60-11ec-82b1-000c2935d28c
Faulting package full name: 
Faulting package-relative application ID: "
Error	1/23/2022 11:25:45 PM	Application Error	1000	(100)	"Faulting application name: FoxitPDFReader.exe, version: 11.1.0.52543, time stamp: 0x6151f24e
Faulting module name: FoxitPDFReader.exe, version: 11.1.0.52543, time stamp: 0x6151f24e
Exception code: 0xc0000005
Fault offset: 0x025c2852
Faulting process id: 0xef8
Faulting application start time: 0x01d8106d76a4e1bd
Faulting application path: C:\Program Files (x86)\Foxit Software\Foxit PDF Reader\FoxitPDFReader.exe
Faulting module path: C:\Program Files (x86)\Foxit Software\Foxit PDF Reader\FoxitPDFReader.exe
Report Id: bbb1b3a5-7c60-11ec-82b1-000c2935d28c
Faulting package full name: 
Faulting package-relative application ID: "
Error	1/23/2022 11:25:30 PM	Application Error	1000	(100)	"Faulting application name: FoxitPDFReader.exe, version: 11.1.0.52543, time stamp: 0x6151f24e
Faulting module name: FoxitPDFReader.exe, version: 11.1.0.52543, time stamp: 0x6151f24e
Exception code: 0xc0000005
Fault offset: 0x025c2852
Faulting process id: 0xa8c
Faulting application start time: 0x01d8106d72ce98dc
Faulting application path: C:\Program Files (x86)\Foxit Software\Foxit PDF Reader\FoxitPDFReader.exe
Faulting module path: C:\Program Files (x86)\Foxit Software\Foxit PDF Reader\FoxitPDFReader.exe
Report Id: b263e655-7c60-11ec-82b1-000c2935d28c
Faulting package full name: 
Faulting package-relative application ID: "
Error	1/23/2022 11:25:23 PM	Application Error	1000	(100)	"Faulting application name: FoxitPDFReader.exe, version: 11.1.0.52543, time stamp: 0x6151f24e
Faulting module name: FoxitPDFReader.exe, version: 11.1.0.52543, time stamp: 0x6151f24e
Exception code: 0xc0000005
Fault offset: 0x025c2852
Faulting process id: 0x738
Faulting application start time: 0x01d8106d6f0b62bf
Faulting application path: C:\Program Files (x86)\Foxit Software\Foxit PDF Reader\FoxitPDFReader.exe
Faulting module path: C:\Program Files (x86)\Foxit Software\Foxit PDF Reader\FoxitPDFReader.exe
Report Id: ae9e4f9c-7c60-11ec-82b1-000c2935d28c
Faulting package full name: 
Faulting package-relative application ID: "
Error	1/23/2022 11:25:17 PM	Application Error	1000	(100)	"Faulting application name: FoxitPDFReader.exe, version: 11.1.0.52543, time stamp: 0x6151f24e
Faulting module name: FoxitPDFReader.exe, version: 11.1.0.52543, time stamp: 0x6151f24e
Exception code: 0xc0000005
Fault offset: 0x025c2852
Faulting process id: 0xf98
Faulting application start time: 0x01d8106d68330224
Faulting application path: C:\Program Files (x86)\Foxit Software\Foxit PDF Reader\FoxitPDFReader.exe
Faulting module path: C:\Program Files (x86)\Foxit Software\Foxit PDF Reader\FoxitPDFReader.exe
Report Id: aaccc9aa-7c60-11ec-82b1-000c2935d28c
Faulting package full name: 
Faulting package-relative application ID: "
Error	1/23/2022 11:25:06 PM	Application Error	1000	(100)	"Faulting application name: FoxitPDFReader.exe, version: 11.1.0.52543, time stamp: 0x6151f24e
Faulting module name: FoxitPDFReader.exe, version: 11.1.0.52543, time stamp: 0x6151f24e
Exception code: 0xc0000005
Fault offset: 0x025c2852
Faulting process id: 0x9ec
Faulting application start time: 0x01d8106d645a56f4
Faulting application path: C:\Program Files (x86)\Foxit Software\Foxit PDF Reader\FoxitPDFReader.exe
Faulting module path: C:\Program Files (x86)\Foxit Software\Foxit PDF Reader\FoxitPDFReader.exe
Report Id: a3efa46d-7c60-11ec-82b1-000c2935d28c
Faulting package full name: 
Faulting package-relative application ID: "
Error	1/23/2022 11:24:59 PM	Application Error	1000	(100)	"Faulting application name: FoxitPDFReader.exe, version: 11.1.0.52543, time stamp: 0x6151f24e
Faulting module name: FoxitPDFReader.exe, version: 11.1.0.52543, time stamp: 0x6151f24e
Exception code: 0xc0000005
Fault offset: 0x025c2852
Faulting process id: 0xdc8
Faulting application start time: 0x01d8106d608b34f6
Faulting application path: C:\Program Files (x86)\Foxit Software\Foxit PDF Reader\FoxitPDFReader.exe
Faulting module path: C:\Program Files (x86)\Foxit Software\Foxit PDF Reader\FoxitPDFReader.exe
Report Id: a01bbe1a-7c60-11ec-82b1-000c2935d28c
Faulting package full name: 
Faulting package-relative application ID: "
Error	1/23/2022 11:24:53 PM	Application Error	1000	(100)	"Faulting application name: FoxitPDFReader.exe, version: 11.1.0.52543, time stamp: 0x6151f24e
Faulting module name: FoxitPDFReader.exe, version: 11.1.0.52543, time stamp: 0x6151f24e
Exception code: 0xc0000005
Fault offset: 0x025c2852
Faulting process id: 0xe1c
Faulting application start time: 0x01d8106d5b862115
Faulting application path: C:\Program Files (x86)\Foxit Software\Foxit PDF Reader\FoxitPDFReader.exe
Faulting module path: C:\Program Files (x86)\Foxit Software\Foxit PDF Reader\FoxitPDFReader.exe
Report Id: 9c4c9c4c-7c60-11ec-82b1-000c2935d28c
Faulting package full name: 
Faulting package-relative application ID: "
Error	1/23/2022 11:24:44 PM	Application Error	1000	(100)	"Faulting application name: FoxitPDFReader.exe, version: 11.1.0.52543, time stamp: 0x6151f24e
Faulting module name: FoxitPDFReader.exe, version: 11.1.0.52543, time stamp: 0x6151f24e
Exception code: 0xc0000005
Fault offset: 0x025c2852
Faulting process id: 0xbc0
Faulting application start time: 0x01d8106d57b23a96
Faulting application path: C:\Program Files (x86)\Foxit Software\Foxit PDF Reader\FoxitPDFReader.exe
Faulting module path: C:\Program Files (x86)\Foxit Software\Foxit PDF Reader\FoxitPDFReader.exe
Report Id: 97478880-7c60-11ec-82b1-000c2935d28c
Faulting package full name: 
Faulting package-relative application ID: "
Error	1/23/2022 11:24:38 PM	Application Error	1000	(100)	"Faulting application name: FoxitPDFReader.exe, version: 11.1.0.52543, time stamp: 0x6151f24e
Faulting module name: FoxitPDFReader.exe, version: 11.1.0.52543, time stamp: 0x6151f24e
Exception code: 0xc0000005
Fault offset: 0x025c2852
Faulting process id: 0xd4c
Faulting application start time: 0x01d8106d4fc549e4
Faulting application path: C:\Program Files (x86)\Foxit Software\Foxit PDF Reader\FoxitPDFReader.exe
Faulting module path: C:\Program Files (x86)\Foxit Software\Foxit PDF Reader\FoxitPDFReader.exe
Report Id: 9373a26c-7c60-11ec-82b1-000c2935d28c
Faulting package full name: 
Faulting package-relative application ID: "
Error	1/23/2022 11:24:25 PM	Application Error	1000	(100)	"Faulting application name: FoxitPDFReader.exe, version: 11.1.0.52543, time stamp: 0x6151f24e
Faulting module name: FoxitPDFReader.exe, version: 11.1.0.52543, time stamp: 0x6151f24e
Exception code: 0xc0000005
Fault offset: 0x025c2852
Faulting process id: 0xf50
Faulting application start time: 0x01d8106d4bef007f
Faulting application path: C:\Program Files (x86)\Foxit Software\Foxit PDF Reader\FoxitPDFReader.exe
Faulting module path: C:\Program Files (x86)\Foxit Software\Foxit PDF Reader\FoxitPDFReader.exe
Report Id: 8b86b0ca-7c60-11ec-82b1-000c2935d28c
Faulting package full name: 
Faulting package-relative application ID: "
Error	1/23/2022 11:24:18 PM	Application Error	1000	(100)	"Faulting application name: FoxitPDFReader.exe, version: 11.1.0.52543, time stamp: 0x6151f24e
Faulting module name: FoxitPDFReader.exe, version: 11.1.0.52543, time stamp: 0x6151f24e
Exception code: 0xc0000005
Fault offset: 0x025c2852
Faulting process id: 0x82c
Faulting application start time: 0x01d8106d481b1a1e
Faulting application path: C:\Program Files (x86)\Foxit Software\Foxit PDF Reader\FoxitPDFReader.exe
Faulting module path: C:\Program Files (x86)\Foxit Software\Foxit PDF Reader\FoxitPDFReader.exe
Report Id: 87b067cc-7c60-11ec-82b1-000c2935d28c
Faulting package full name: 
Faulting package-relative application ID: "
Error	1/23/2022 11:24:12 PM	Application Error	1000	(100)	"Faulting application name: FoxitPDFReader.exe, version: 11.1.0.52543, time stamp: 0x6151f24e
Faulting module name: FoxitPDFReader.exe, version: 11.1.0.52543, time stamp: 0x6151f24e
Exception code: 0xc0000005
Fault offset: 0x025c2852
Faulting process id: 0x7c0
Faulting application start time: 0x01d8106d44400cbd
Faulting application path: C:\Program Files (x86)\Foxit Software\Foxit PDF Reader\FoxitPDFReader.exe
Faulting module path: C:\Program Files (x86)\Foxit Software\Foxit PDF Reader\FoxitPDFReader.exe
Report Id: 83da1f5c-7c60-11ec-82b1-000c2935d28c
Faulting package full name: 
Faulting package-relative application ID: "
Error	1/23/2022 11:24:05 PM	Application Error	1000	(100)	"Faulting application name: FoxitPDFReader.exe, version: 11.1.0.52543, time stamp: 0x6151f24e
Faulting module name: FoxitPDFReader.exe, version: 11.1.0.52543, time stamp: 0x6151f24e
Exception code: 0xc0000005
Fault offset: 0x025c2852
Faulting process id: 0x83c
Faulting application start time: 0x01d8106d406760ca
Faulting application path: C:\Program Files (x86)\Foxit Software\Foxit PDF Reader\FoxitPDFReader.exe
Faulting module path: C:\Program Files (x86)\Foxit Software\Foxit PDF Reader\FoxitPDFReader.exe
Report Id: 7fff1177-7c60-11ec-82b1-000c2935d28c
Faulting package full name: 
Faulting package-relative application ID: "
Error	1/23/2022 11:23:59 PM	Application Error	1000	(100)	"Faulting application name: FoxitPDFReader.exe, version: 11.1.0.52543, time stamp: 0x6151f24e
Faulting module name: FoxitPDFReader.exe, version: 11.1.0.52543, time stamp: 0x6151f24e
Exception code: 0xc0000005
Fault offset: 0x025c2852
Faulting process id: 0xf18
Faulting application start time: 0x01d8106d3b39c545
Faulting application path: C:\Program Files (x86)\Foxit Software\Foxit PDF Reader\FoxitPDFReader.exe
Faulting module path: C:\Program Files (x86)\Foxit Software\Foxit PDF Reader\FoxitPDFReader.exe
Report Id: 7c2b2a7e-7c60-11ec-82b1-000c2935d28c
Faulting package full name: 
Faulting package-relative application ID: "
Error	1/23/2022 11:23:50 PM	Application Error	1000	(100)	"Faulting application name: FoxitPDFReader.exe, version: 11.1.0.52543, time stamp: 0x6151f24e
Faulting module name: FoxitPDFReader.exe, version: 11.1.0.52543, time stamp: 0x6151f24e
Exception code: 0xc0000005
Fault offset: 0x025c2852
Faulting process id: 0xaec
Faulting application start time: 0x01d8106d2cdfbd82
Faulting application path: C:\Program Files (x86)\Foxit Software\Foxit PDF Reader\FoxitPDFReader.exe
Faulting module path: C:\Program Files (x86)\Foxit Software\Foxit PDF Reader\FoxitPDFReader.exe
Report Id: 76f8ca3f-7c60-11ec-82b1-000c2935d28c
Faulting package full name: 
Faulting package-relative application ID: "
Error	1/23/2022 11:23:26 PM	Application Error	1000	(100)	"Faulting application name: FoxitPDFReader.exe, version: 11.1.0.52543, time stamp: 0x6151f24e
Faulting module name: FoxitPDFReader.exe, version: 11.1.0.52543, time stamp: 0x6151f24e
Exception code: 0xc0000005
Fault offset: 0x025c2852
Faulting process id: 0xbfc
Faulting application start time: 0x01d8106d21cf53e7
Faulting application path: C:\Program Files (x86)\Foxit Software\Foxit PDF Reader\FoxitPDFReader.exe
Faulting module path: C:\Program Files (x86)\Foxit Software\Foxit PDF Reader\FoxitPDFReader.exe
Report Id: 68a124d8-7c60-11ec-82b1-000c2935d28c
Faulting package full name: 
Faulting package-relative application ID: "
Error	1/23/2022 11:23:07 PM	Application Error	1000	(100)	"Faulting application name: FoxitPDFReader.exe, version: 11.1.0.52543, time stamp: 0x6151f24e
Faulting module name: FoxitPDFReader.exe, version: 11.1.0.52543, time stamp: 0x6151f24e
Exception code: 0xc0000005
Fault offset: 0x025c2852
Faulting process id: 0xd8c
Faulting application start time: 0x01d8106d1df1e330
Faulting application path: C:\Program Files (x86)\Foxit Software\Foxit PDF Reader\FoxitPDFReader.exe
Faulting module path: C:\Program Files (x86)\Foxit Software\Foxit PDF Reader\FoxitPDFReader.exe
Report Id: 5d8e5875-7c60-11ec-82b1-000c2935d28c
Faulting package full name: 
Faulting package-relative application ID: "
Error	1/23/2022 11:23:01 PM	Application Error	1000	(100)	"Faulting application name: FoxitPDFReader.exe, version: 11.1.0.52543, time stamp: 0x6151f24e
Faulting module name: FoxitPDFReader.exe, version: 11.1.0.52543, time stamp: 0x6151f24e
Exception code: 0xc0000005
Fault offset: 0x025c2852
Faulting process id: 0xd9c
Faulting application start time: 0x01d8106d1554845d
Faulting application path: C:\Program Files (x86)\Foxit Software\Foxit PDF Reader\FoxitPDFReader.exe
Faulting module path: C:\Program Files (x86)\Foxit Software\Foxit PDF Reader\FoxitPDFReader.exe
Report Id: 59b34acb-7c60-11ec-82b1-000c2935d28c
Faulting package full name: 
Faulting package-relative application ID: "
Error	1/23/2022 11:22:47 PM	Application Error	1000	(100)	"Faulting application name: FoxitPDFReader.exe, version: 11.1.0.52543, time stamp: 0x6151f24e
Faulting module name: FoxitPDFReader.exe, version: 11.1.0.52543, time stamp: 0x6151f24e
Exception code: 0xc0000005
Fault offset: 0x025c2852
Faulting process id: 0xd78
Faulting application start time: 0x01d8106d1182ffdf
Faulting application path: C:\Program Files (x86)\Foxit Software\Foxit PDF Reader\FoxitPDFReader.exe
Faulting module path: C:\Program Files (x86)\Foxit Software\Foxit PDF Reader\FoxitPDFReader.exe
Report Id: 51138935-7c60-11ec-82b1-000c2935d28c
Faulting package full name: 
Faulting package-relative application ID: "
Error	1/23/2022 11:22:40 PM	Application Error	1000	(100)	"Faulting application name: FoxitPDFReader.exe, version: 11.1.0.52543, time stamp: 0x6151f24e
Faulting module name: FoxitPDFReader.exe, version: 11.1.0.52543, time stamp: 0x6151f24e
Exception code: 0xc0000005
Fault offset: 0x025c2852
Faulting process id: 0x8a8
Faulting application start time: 0x01d8106d09855e60
Faulting application path: C:\Program Files (x86)\Foxit Software\Foxit PDF Reader\FoxitPDFReader.exe
Faulting module path: C:\Program Files (x86)\Foxit Software\Foxit PDF Reader\FoxitPDFReader.exe
Report Id: 4d446736-7c60-11ec-82b1-000c2935d28c
Faulting package full name: 
Faulting package-relative application ID: "
Error	1/23/2022 11:22:27 PM	Application Error	1000	(100)	"Faulting application name: FoxitPDFReader.exe, version: 11.1.0.52543, time stamp: 0x6151f24e
Faulting module name: FoxitPDFReader.exe, version: 11.1.0.52543, time stamp: 0x6151f24e
Exception code: 0xc0000005
Fault offset: 0x025c2852
Faulting process id: 0xdd8
Faulting application start time: 0x01d8106d05b177f5
Faulting application path: C:\Program Files (x86)\Foxit Software\Foxit PDF Reader\FoxitPDFReader.exe
Faulting module path: C:\Program Files (x86)\Foxit Software\Foxit PDF Reader\FoxitPDFReader.exe
Report Id: 4546c53d-7c60-11ec-82b1-000c2935d28c
Faulting package full name: 
Faulting package-relative application ID: "
Error	1/23/2022 11:22:20 PM	Application Error	1000	(100)	"Faulting application name: FoxitPDFReader.exe, version: 11.1.0.52543, time stamp: 0x6151f24e
Faulting module name: FoxitPDFReader.exe, version: 11.1.0.52543, time stamp: 0x6151f24e
Exception code: 0xc0000005
Fault offset: 0x025c2852
Faulting process id: 0xab0
Faulting application start time: 0x01d8106d01db2e9f
Faulting application path: C:\Program Files (x86)\Foxit Software\Foxit PDF Reader\FoxitPDFReader.exe
Faulting module path: C:\Program Files (x86)\Foxit Software\Foxit PDF Reader\FoxitPDFReader.exe
Report Id: 41707cc7-7c60-11ec-82b1-000c2935d28c
Faulting package full name: 
Faulting package-relative application ID: "
Error	1/23/2022 11:22:14 PM	Application Error	1000	(100)	"Faulting application name: FoxitPDFReader.exe, version: 11.1.0.52543, time stamp: 0x6151f24e
Faulting module name: FoxitPDFReader.exe, version: 11.1.0.52543, time stamp: 0x6151f24e
Exception code: 0xc0000005
Fault offset: 0x025c2852
Faulting process id: 0x968
Faulting application start time: 0x01d8106cfe159663
Faulting application path: C:\Program Files (x86)\Foxit Software\Foxit PDF Reader\FoxitPDFReader.exe
Faulting module path: C:\Program Files (x86)\Foxit Software\Foxit PDF Reader\FoxitPDFReader.exe
Report Id: 3daae55e-7c60-11ec-82b1-000c2935d28c
Faulting package full name: 
Faulting package-relative application ID: "
Error	1/23/2022 11:22:08 PM	Application Error	1000	(100)	"Faulting application name: FoxitPDFReader.exe, version: 11.1.0.52543, time stamp: 0x6151f24e
Faulting module name: FoxitPDFReader.exe, version: 11.1.0.52543, time stamp: 0x6151f24e
Exception code: 0xc0000005
Fault offset: 0x025c2852
Faulting process id: 0xa44
Faulting application start time: 0x01d8106cfa41b007
Faulting application path: C:\Program Files (x86)\Foxit Software\Foxit PDF Reader\FoxitPDFReader.exe
Faulting module path: C:\Program Files (x86)\Foxit Software\Foxit PDF Reader\FoxitPDFReader.exe
Report Id: 39d49b36-7c60-11ec-82b1-000c2935d28c
Faulting package full name: 
Faulting package-relative application ID: "
Error	1/23/2022 11:22:01 PM	Application Error	1000	(100)	"Faulting application name: FoxitPDFReader.exe, version: 11.1.0.52543, time stamp: 0x6151f24e
Faulting module name: FoxitPDFReader.exe, version: 11.1.0.52543, time stamp: 0x6151f24e
Exception code: 0xc0000005
Fault offset: 0x025c2852
Faulting process id: 0x560
Faulting application start time: 0x01d8106ce851be49
Faulting application path: C:\Program Files (x86)\Foxit Software\Foxit PDF Reader\FoxitPDFReader.exe
Faulting module path: C:\Program Files (x86)\Foxit Software\Foxit PDF Reader\FoxitPDFReader.exe
Report Id: 3600b447-7c60-11ec-82b1-000c2935d28c
Faulting package full name: 
Faulting package-relative application ID: "
Error	1/23/2022 11:21:31 PM	Application Error	1000	(100)	"Faulting application name: FoxitPDFReader.exe, version: 11.1.0.52543, time stamp: 0x6151f24e
Faulting module name: FoxitPDFReader.exe, version: 11.1.0.52543, time stamp: 0x6151f24e
Exception code: 0xc0000005
Fault offset: 0x025c2852
Faulting process id: 0xd58
Faulting application start time: 0x01d8106ce47b758b
Faulting application path: C:\Program Files (x86)\Foxit Software\Foxit PDF Reader\FoxitPDFReader.exe
Faulting module path: C:\Program Files (x86)\Foxit Software\Foxit PDF Reader\FoxitPDFReader.exe
Report Id: 24132548-7c60-11ec-82b1-000c2935d28c
Faulting package full name: 
Faulting package-relative application ID: "
Error	1/23/2022 11:21:25 PM	Application Error	1000	(100)	"Faulting application name: FoxitPDFReader.exe, version: 11.1.0.52543, time stamp: 0x6151f24e
Faulting module name: FoxitPDFReader.exe, version: 11.1.0.52543, time stamp: 0x6151f24e
Exception code: 0xc0000005
Fault offset: 0x025c2852
Faulting process id: 0x4b0
Faulting application start time: 0x01d8106cdf4914fd
Faulting application path: C:\Program Files (x86)\Foxit Software\Foxit PDF Reader\FoxitPDFReader.exe
Faulting module path: C:\Program Files (x86)\Foxit Software\Foxit PDF Reader\FoxitPDFReader.exe
Report Id: 203cdc9d-7c60-11ec-82b1-000c2935d28c
Faulting package full name: 
Faulting package-relative application ID: "
Error	1/23/2022 11:21:16 PM	Application Error	1000	(100)	"Faulting application name: FoxitPDFReader.exe, version: 11.1.0.52543, time stamp: 0x6151f24e
Faulting module name: FoxitPDFReader.exe, version: 11.1.0.52543, time stamp: 0x6151f24e
Exception code: 0xc0000005
Fault offset: 0x025c2852
Faulting process id: 0x80c
Faulting application start time: 0x01d8106cd0d270ee
Faulting application path: C:\Program Files (x86)\Foxit Software\Foxit PDF Reader\FoxitPDFReader.exe
Faulting module path: C:\Program Files (x86)\Foxit Software\Foxit PDF Reader\FoxitPDFReader.exe
Report Id: 1b0a7c63-7c60-11ec-82b1-000c2935d28c
Faulting package full name: 
Faulting package-relative application ID: "
Error	1/23/2022 11:20:52 PM	Application Error	1000	(100)	"Faulting application name: FoxitPDFReader.exe, version: 11.1.0.52543, time stamp: 0x6151f24e
Faulting module name: FoxitPDFReader.exe, version: 11.1.0.52543, time stamp: 0x6151f24e
Exception code: 0xc0000005
Fault offset: 0x025c2852
Faulting process id: 0xe10
Faulting application start time: 0x01d8106cc366d405
Faulting application path: C:\Program Files (x86)\Foxit Software\Foxit PDF Reader\FoxitPDFReader.exe
Faulting module path: C:\Program Files (x86)\Foxit Software\Foxit PDF Reader\FoxitPDFReader.exe
Report Id: 0c8cb2aa-7c60-11ec-82b1-000c2935d28c
Faulting package full name: 
Faulting package-relative application ID: "
Error	1/23/2022 11:20:29 PM	Application Error	1000	(100)	"Faulting application name: FoxitPDFReader.exe, version: 11.1.0.52543, time stamp: 0x6151f24e
Faulting module name: FoxitPDFReader.exe, version: 11.1.0.52543, time stamp: 0x6151f24e
Exception code: 0xc0000005
Fault offset: 0x025c2852
Faulting process id: 0x99c
Faulting application start time: 0x01d8106cb1adb838
Faulting application path: C:\Program Files (x86)\Foxit Software\Foxit PDF Reader\FoxitPDFReader.exe
Faulting module path: C:\Program Files (x86)\Foxit Software\Foxit PDF Reader\FoxitPDFReader.exe
Report Id: ff23768d-7c5f-11ec-82b1-000c2935d28c
Faulting package full name: 
Faulting package-relative application ID: "
Error	1/23/2022 11:19:59 PM	Application Error	1000	(100)	"Faulting application name: FoxitPDFReader.exe, version: 11.1.0.52543, time stamp: 0x6151f24e
Faulting module name: FoxitPDFReader.exe, version: 11.1.0.52543, time stamp: 0x6151f24e
Exception code: 0xc0000005
Fault offset: 0x025c2852
Faulting process id: 0x8dc
Faulting application start time: 0x01d8106c987a1cd5
Faulting application path: C:\Program Files (x86)\Foxit Software\Foxit PDF Reader\FoxitPDFReader.exe
Faulting module path: C:\Program Files (x86)\Foxit Software\Foxit PDF Reader\FoxitPDFReader.exe
Report Id: ed6f1f9e-7c5f-11ec-82b1-000c2935d28c
Faulting package full name: 
Faulting package-relative application ID: "
Error	1/23/2022 11:19:17 PM	Application Error	1000	(100)	"Faulting application name: FoxitPDFReader.exe, version: 11.1.0.52543, time stamp: 0x6151f24e
Faulting module name: FoxitPDFReader.exe, version: 11.1.0.52543, time stamp: 0x6151f24e
Exception code: 0xc0000005
Fault offset: 0x025c2852
Faulting process id: 0xdb0
Faulting application start time: 0x01d8106c94a63652
Faulting application path: C:\Program Files (x86)\Foxit Software\Foxit PDF Reader\FoxitPDFReader.exe
Faulting module path: C:\Program Files (x86)\Foxit Software\Foxit PDF Reader\FoxitPDFReader.exe
Report Id: d43de662-7c5f-11ec-82b1-000c2935d28c
Faulting package full name: 
Faulting package-relative application ID: "
Error	1/23/2022 11:19:11 PM	Application Error	1000	(100)	"Faulting application name: FoxitPDFReader.exe, version: 11.1.0.52543, time stamp: 0x6151f24e
Faulting module name: FoxitPDFReader.exe, version: 11.1.0.52543, time stamp: 0x6151f24e
Exception code: 0xc0000005
Fault offset: 0x025c2852
Faulting process id: 0xda4
Faulting application start time: 0x01d8106c90d4b235
Faulting application path: C:\Program Files (x86)\Foxit Software\Foxit PDF Reader\FoxitPDFReader.exe
Faulting module path: C:\Program Files (x86)\Foxit Software\Foxit PDF Reader\FoxitPDFReader.exe
Report Id: d0679e14-7c5f-11ec-82b1-000c2935d28c
Faulting package full name: 
Faulting package-relative application ID: "
Error	1/23/2022 11:19:04 PM	Application Error	1000	(100)	"Faulting application name: FoxitPDFReader.exe, version: 11.1.0.52543, time stamp: 0x6151f24e
Faulting module name: FoxitPDFReader.exe, version: 11.1.0.52543, time stamp: 0x6151f24e
Exception code: 0xc0000005
Fault offset: 0x025c2852
Faulting process id: 0x9d0
Faulting application start time: 0x01d8106c8d0a546d
Faulting application path: C:\Program Files (x86)\Foxit Software\Foxit PDF Reader\FoxitPDFReader.exe
Faulting module path: C:\Program Files (x86)\Foxit Software\Foxit PDF Reader\FoxitPDFReader.exe
Report Id: cc9d4051-7c5f-11ec-82b1-000c2935d28c
Faulting package full name: 
Faulting package-relative application ID: "
Error	1/23/2022 11:18:58 PM	Application Error	1000	(100)	"Faulting application name: FoxitPDFReader.exe, version: 11.1.0.52543, time stamp: 0x6151f24e
Faulting module name: FoxitPDFReader.exe, version: 11.1.0.52543, time stamp: 0x6151f24e
Exception code: 0xc0000005
Fault offset: 0x025c2852
Faulting process id: 0xa94
Faulting application start time: 0x01d8106c8802df0b
Faulting application path: C:\Program Files (x86)\Foxit Software\Foxit PDF Reader\FoxitPDFReader.exe
Faulting module path: C:\Program Files (x86)\Foxit Software\Foxit PDF Reader\FoxitPDFReader.exe
Report Id: c8ce1e61-7c5f-11ec-82b1-000c2935d28c
Faulting package full name: 
Faulting package-relative application ID: "
Error	1/23/2022 11:18:49 PM	Application Error	1000	(100)	"Faulting application name: FoxitPDFReader.exe, version: 11.1.0.52543, time stamp: 0x6151f24e
Faulting module name: FoxitPDFReader.exe, version: 11.1.0.52543, time stamp: 0x6151f24e
Exception code: 0xc0000005
Fault offset: 0x025c2852
Faulting process id: 0xb44
Faulting application start time: 0x01d8106c7c59de8f
Faulting application path: C:\Program Files (x86)\Foxit Software\Foxit PDF Reader\FoxitPDFReader.exe
Faulting module path: C:\Program Files (x86)\Foxit Software\Foxit PDF Reader\FoxitPDFReader.exe
Report Id: c3c446b0-7c5f-11ec-82b1-000c2935d28c
Faulting package full name: 
Faulting package-relative application ID: "
Error	1/23/2022 11:18:30 PM	Application Error	1000	(100)	"Faulting application name: FoxitPDFReader.exe, version: 11.1.0.52543, time stamp: 0x6151f24e
Faulting module name: FoxitPDFReader.exe, version: 11.1.0.52543, time stamp: 0x6151f24e
Exception code: 0xc0000005
Fault offset: 0x025c2852
Faulting process id: 0xdc0
Faulting application start time: 0x01d8106c788395f3
Faulting application path: C:\Program Files (x86)\Foxit Software\Foxit PDF Reader\FoxitPDFReader.exe
Faulting module path: C:\Program Files (x86)\Foxit Software\Foxit PDF Reader\FoxitPDFReader.exe
Report Id: b81b4598-7c5f-11ec-82b1-000c2935d28c
Faulting package full name: 
Faulting package-relative application ID: "
Error	1/23/2022 11:18:23 PM	Application Error	1000	(100)	"Faulting application name: FoxitPDFReader.exe, version: 11.1.0.52543, time stamp: 0x6151f24e
Faulting module name: FoxitPDFReader.exe, version: 11.1.0.52543, time stamp: 0x6151f24e
Exception code: 0xc0000005
Fault offset: 0x025c2852
Faulting process id: 0xe48
Faulting application start time: 0x01d8106c71dd468a
Faulting application path: C:\Program Files (x86)\Foxit Software\Foxit PDF Reader\FoxitPDFReader.exe
Faulting module path: C:\Program Files (x86)\Foxit Software\Foxit PDF Reader\FoxitPDFReader.exe
Report Id: b44037e9-7c5f-11ec-82b1-000c2935d28c
Faulting package full name: 
Faulting package-relative application ID: "
Error	1/23/2022 11:18:12 PM	Application Error	1000	(100)	"Faulting application name: FoxitPDFReader.exe, version: 11.1.0.52543, time stamp: 0x6151f24e
Faulting module name: FoxitPDFReader.exe, version: 11.1.0.52543, time stamp: 0x6151f24e
Exception code: 0xc0000005
Fault offset: 0x025c2852
Faulting process id: 0xabc
Faulting application start time: 0x01d8106c6e1a1067
Faulting application path: C:\Program Files (x86)\Foxit Software\Foxit PDF Reader\FoxitPDFReader.exe
Faulting module path: C:\Program Files (x86)\Foxit Software\Foxit PDF Reader\FoxitPDFReader.exe
Report Id: adaa9987-7c5f-11ec-82b1-000c2935d28c
Faulting package full name: 
Faulting package-relative application ID: "
Error	1/23/2022 11:18:06 PM	Application Error	1000	(100)	"Faulting application name: FoxitPDFReader.exe, version: 11.1.0.52543, time stamp: 0x6151f24e
Faulting module name: FoxitPDFReader.exe, version: 11.1.0.52543, time stamp: 0x6151f24e
Exception code: 0xc0000005
Fault offset: 0x025c2852
Faulting process id: 0xa74
Faulting application start time: 0x01d8106c64dcf360
Faulting application path: C:\Program Files (x86)\Foxit Software\Foxit PDF Reader\FoxitPDFReader.exe
Faulting module path: C:\Program Files (x86)\Foxit Software\Foxit PDF Reader\FoxitPDFReader.exe
Report Id: a9db7757-7c5f-11ec-82b1-000c2935d28c
Faulting package full name: 
Faulting package-relative application ID: "
Error	1/23/2022 11:17:51 PM	Application Error	1000	(100)	"Faulting application name: FoxitPDFReader.exe, version: 11.1.0.52543, time stamp: 0x6151f24e
Faulting module name: FoxitPDFReader.exe, version: 11.1.0.52543, time stamp: 0x6151f24e
Exception code: 0xc0000005
Fault offset: 0x025c2852
Faulting process id: 0xc84
Faulting application start time: 0x01d8106c61090cba
Faulting application path: C:\Program Files (x86)\Foxit Software\Foxit PDF Reader\FoxitPDFReader.exe
Faulting module path: C:\Program Files (x86)\Foxit Software\Foxit PDF Reader\FoxitPDFReader.exe
Report Id: a0a0bca4-7c5f-11ec-82b1-000c2935d28c
Faulting package full name: 
Faulting package-relative application ID: "
Error	1/23/2022 11:17:44 PM	Application Error	1000	(100)	"Faulting application name: FoxitPDFReader.exe, version: 11.1.0.52543, time stamp: 0x6151f24e
Faulting module name: FoxitPDFReader.exe, version: 11.1.0.52543, time stamp: 0x6151f24e
Exception code: 0xc0000005
Fault offset: 0x025c2852
Faulting process id: 0x50c
Faulting application start time: 0x01d8106c5d3788ac
Faulting application path: C:\Program Files (x86)\Foxit Software\Foxit PDF Reader\FoxitPDFReader.exe
Faulting module path: C:\Program Files (x86)\Foxit Software\Foxit PDF Reader\FoxitPDFReader.exe
Report Id: 9cccd620-7c5f-11ec-82b1-000c2935d28c
Faulting package full name: 
Faulting package-relative application ID: "
Error	1/23/2022 11:17:38 PM	Application Error	1000	(100)	"Faulting application name: FoxitPDFReader.exe, version: 11.1.0.52543, time stamp: 0x6151f24e
Faulting module name: FoxitPDFReader.exe, version: 11.1.0.52543, time stamp: 0x6151f24e
Exception code: 0xc0000005
Fault offset: 0x025c2852
Faulting process id: 0x8dc
Faulting application start time: 0x01d8106c556995e4
Faulting application path: C:\Program Files (x86)\Foxit Software\Foxit PDF Reader\FoxitPDFReader.exe
Faulting module path: C:\Program Files (x86)\Foxit Software\Foxit PDF Reader\FoxitPDFReader.exe
Report Id: 98f8efa6-7c5f-11ec-82b1-000c2935d28c
Faulting package full name: 
Faulting package-relative application ID: "
Error	1/23/2022 11:17:25 PM	Application Error	1000	(100)	"Faulting application name: FoxitPDFReader.exe, version: 11.1.0.52543, time stamp: 0x6151f24e
Faulting module name: FoxitPDFReader.exe, version: 11.1.0.52543, time stamp: 0x6151f24e
Exception code: 0xc0000005
Fault offset: 0x025c2852
Faulting process id: 0x8d4
Faulting application start time: 0x01d8106c51934d08
Faulting application path: C:\Program Files (x86)\Foxit Software\Foxit PDF Reader\FoxitPDFReader.exe
Faulting module path: C:\Program Files (x86)\Foxit Software\Foxit PDF Reader\FoxitPDFReader.exe
Report Id: 91289a86-7c5f-11ec-82b1-000c2935d28c
Faulting package full name: 
Faulting package-relative application ID: "
Error	1/23/2022 11:17:18 PM	Application Error	1000	(100)	"Faulting application name: FoxitPDFReader.exe, version: 11.1.0.52543, time stamp: 0x6151f24e
Faulting module name: FoxitPDFReader.exe, version: 11.1.0.52543, time stamp: 0x6151f24e
Exception code: 0xc0000005
Fault offset: 0x025c2852
Faulting process id: 0xcd4
Faulting application start time: 0x01d8106c4dc1c8d3
Faulting application path: C:\Program Files (x86)\Foxit Software\Foxit PDF Reader\FoxitPDFReader.exe
Faulting module path: C:\Program Files (x86)\Foxit Software\Foxit PDF Reader\FoxitPDFReader.exe
Report Id: 8d54b41b-7c5f-11ec-82b1-000c2935d28c
Faulting package full name: 
Faulting package-relative application ID: "
Error	1/23/2022 11:17:12 PM	Application Error	1000	(100)	"Faulting application name: FoxitPDFReader.exe, version: 11.1.0.52543, time stamp: 0x6151f24e
Faulting module name: FoxitPDFReader.exe, version: 11.1.0.52543, time stamp: 0x6151f24e
Exception code: 0xc0000005
Fault offset: 0x025c2852
Faulting process id: 0xbcc
Faulting application start time: 0x01d8106c49eb7f7d
Faulting application path: C:\Program Files (x86)\Foxit Software\Foxit PDF Reader\FoxitPDFReader.exe
Faulting module path: C:\Program Files (x86)\Foxit Software\Foxit PDF Reader\FoxitPDFReader.exe
Report Id: 89833056-7c5f-11ec-82b1-000c2935d28c
Faulting package full name: 
Faulting package-relative application ID: "
Error	1/23/2022 11:17:05 PM	Application Error	1000	(100)	"Faulting application name: FoxitPDFReader.exe, version: 11.1.0.52543, time stamp: 0x6151f24e
Faulting module name: FoxitPDFReader.exe, version: 11.1.0.52543, time stamp: 0x6151f24e
Exception code: 0xc0000005
Fault offset: 0x025c2852
Faulting process id: 0xbd8
Faulting application start time: 0x01d8106c3bdb60c1
Faulting application path: C:\Program Files (x86)\Foxit Software\Foxit PDF Reader\FoxitPDFReader.exe
Faulting module path: C:\Program Files (x86)\Foxit Software\Foxit PDF Reader\FoxitPDFReader.exe
Report Id: 85ace6f1-7c5f-11ec-82b1-000c2935d28c
Faulting package full name: 
Faulting package-relative application ID: "
Error	1/23/2022 11:16:42 PM	Application Error	1000	(100)	"Faulting application name: FoxitPDFReader.exe, version: 11.1.0.52543, time stamp: 0x6151f24e
Faulting module name: FoxitPDFReader.exe, version: 11.1.0.52543, time stamp: 0x6151f24e
Exception code: 0xc0000005
Fault offset: 0x025c2852
Faulting process id: 0x690
Faulting application start time: 0x01d8106c380517f4
Faulting application path: C:\Program Files (x86)\Foxit Software\Foxit PDF Reader\FoxitPDFReader.exe
Faulting module path: C:\Program Files (x86)\Foxit Software\Foxit PDF Reader\FoxitPDFReader.exe
Report Id: 779cc7b6-7c5f-11ec-82b1-000c2935d28c
Faulting package full name: 
Faulting package-relative application ID: "
Error	1/23/2022 11:16:35 PM	Application Error	1000	(100)	"Faulting application name: FoxitPDFReader.exe, version: 11.1.0.52543, time stamp: 0x6151f24e
Faulting module name: FoxitPDFReader.exe, version: 11.1.0.52543, time stamp: 0x6151f24e
Exception code: 0xc0000005
Fault offset: 0x025c2852
Faulting process id: 0xf34
Faulting application start time: 0x01d8106c330e5239
Faulting application path: C:\Program Files (x86)\Foxit Software\Foxit PDF Reader\FoxitPDFReader.exe
Faulting module path: C:\Program Files (x86)\Foxit Software\Foxit PDF Reader\FoxitPDFReader.exe
Report Id: 73d4cd0f-7c5f-11ec-82b1-000c2935d28c
Faulting package full name: 
Faulting package-relative application ID: "
Error	1/23/2022 11:16:27 PM	Application Error	1000	(100)	"Faulting application name: FoxitPDFReader.exe, version: 11.1.0.52543, time stamp: 0x6151f24e
Faulting module name: FoxitPDFReader.exe, version: 11.1.0.52543, time stamp: 0x6151f24e
Exception code: 0xc0000005
Fault offset: 0x025c2852
Faulting process id: 0x9ac
Faulting application start time: 0x01d8106c28d47bde
Faulting application path: C:\Program Files (x86)\Foxit Software\Foxit PDF Reader\FoxitPDFReader.exe
Faulting module path: C:\Program Files (x86)\Foxit Software\Foxit PDF Reader\FoxitPDFReader.exe
Report Id: 6ecd56f3-7c5f-11ec-82b1-000c2935d28c
Faulting package full name: 
Faulting package-relative application ID: "
Error	1/23/2022 11:16:10 PM	Application Error	1000	(100)	"Faulting application name: FoxitPDFReader.exe, version: 11.1.0.52543, time stamp: 0x6151f24e
Faulting module name: FoxitPDFReader.exe, version: 11.1.0.52543, time stamp: 0x6151f24e
Exception code: 0xc0000005
Fault offset: 0x025c2852
Faulting process id: 0x304
Faulting application start time: 0x01d8106c215ec097
Faulting application path: C:\Program Files (x86)\Foxit Software\Foxit PDF Reader\FoxitPDFReader.exe
Faulting module path: C:\Program Files (x86)\Foxit Software\Foxit PDF Reader\FoxitPDFReader.exe
Report Id: 649845a1-7c5f-11ec-82b1-000c2935d28c
Faulting package full name: 
Faulting package-relative application ID: "
Error	1/23/2022 11:15:57 PM	Application Error	1000	(100)	"Faulting application name: FoxitPDFReader.exe, version: 11.1.0.52543, time stamp: 0x6151f24e
Faulting module name: FoxitPDFReader.exe, version: 11.1.0.52543, time stamp: 0x6151f24e
Exception code: 0xc0000005
Fault offset: 0x025c2852
Faulting process id: 0xbb4
Faulting application start time: 0x01d8106c1718fe47
Faulting application path: C:\Program Files (x86)\Foxit Software\Foxit PDF Reader\FoxitPDFReader.exe
Faulting module path: C:\Program Files (x86)\Foxit Software\Foxit PDF Reader\FoxitPDFReader.exe
Report Id: 5d1b6333-7c5f-11ec-82b1-000c2935d28c
Faulting package full name: 
Faulting package-relative application ID: "
Error	1/23/2022 11:15:40 PM	Application Error	1000	(100)	"Faulting application name: FoxitPDFReader.exe, version: 11.1.0.52543, time stamp: 0x6151f24e
Faulting module name: FoxitPDFReader.exe, version: 11.1.0.52543, time stamp: 0x6151f24e
Exception code: 0xc0000005
Fault offset: 0x025c2852
Faulting process id: 0xb40
Faulting application start time: 0x01d8106c134517a2
Faulting application path: C:\Program Files (x86)\Foxit Software\Foxit PDF Reader\FoxitPDFReader.exe
Faulting module path: C:\Program Files (x86)\Foxit Software\Foxit PDF Reader\FoxitPDFReader.exe
Report Id: 52d80324-7c5f-11ec-82b1-000c2935d28c
Faulting package full name: 
Faulting package-relative application ID: "
Error	1/23/2022 11:15:34 PM	Application Error	1000	(100)	"Faulting application name: FoxitPDFReader.exe, version: 11.1.0.52543, time stamp: 0x6151f24e
Faulting module name: FoxitPDFReader.exe, version: 11.1.0.52543, time stamp: 0x6151f24e
Exception code: 0xc0000005
Fault offset: 0x025c2852
Faulting process id: 0x50c
Faulting application start time: 0x01d8106c05c40567
Faulting application path: C:\Program Files (x86)\Foxit Software\Foxit PDF Reader\FoxitPDFReader.exe
Faulting module path: C:\Program Files (x86)\Foxit Software\Foxit PDF Reader\FoxitPDFReader.exe
Report Id: 4eff57d7-7c5f-11ec-82b1-000c2935d28c
Faulting package full name: 
Faulting package-relative application ID: "
Error	1/23/2022 11:15:11 PM	Application Error	1000	(100)	"Faulting application name: FoxitPDFReader.exe, version: 11.1.0.52543, time stamp: 0x6151f24e
Faulting module name: FoxitPDFReader.exe, version: 11.1.0.52543, time stamp: 0x6151f24e
Exception code: 0xc0000005
Fault offset: 0x025c2852
Faulting process id: 0x120
Faulting application start time: 0x01d8106bfcc283a8
Faulting application path: C:\Program Files (x86)\Foxit Software\Foxit PDF Reader\FoxitPDFReader.exe
Faulting module path: C:\Program Files (x86)\Foxit Software\Foxit PDF Reader\FoxitPDFReader.exe
Report Id: 4187cf65-7c5f-11ec-82b1-000c2935d28c
Faulting package full name: 
Faulting package-relative application ID: "
Error	1/23/2022 11:14:56 PM	Application Error	1000	(100)	"Faulting application name: FoxitPDFReader.exe, version: 11.1.0.52543, time stamp: 0x6151f24e
Faulting module name: FoxitPDFReader.exe, version: 11.1.0.52543, time stamp: 0x6151f24e
Exception code: 0xc0000005
Fault offset: 0x025c2852
Faulting process id: 0x364
Faulting application start time: 0x01d8106bf8f0ff5b
Faulting application path: C:\Program Files (x86)\Foxit Software\Foxit PDF Reader\FoxitPDFReader.exe
Faulting module path: C:\Program Files (x86)\Foxit Software\Foxit PDF Reader\FoxitPDFReader.exe
Report Id: 38864d13-7c5f-11ec-82b1-000c2935d28c
Faulting package full name: 
Faulting package-relative application ID: "
Error	1/23/2022 11:14:49 PM	Application Error	1000	(100)	"Faulting application name: FoxitPDFReader.exe, version: 11.1.0.52543, time stamp: 0x6151f24e
Faulting module name: FoxitPDFReader.exe, version: 11.1.0.52543, time stamp: 0x6151f24e
Exception code: 0xc0000005
Fault offset: 0x025c2852
Faulting process id: 0x7e4
Faulting application start time: 0x01d8106bf28fd483
Faulting application path: C:\Program Files (x86)\Foxit Software\Foxit PDF Reader\FoxitPDFReader.exe
Faulting module path: C:\Program Files (x86)\Foxit Software\Foxit PDF Reader\FoxitPDFReader.exe
Report Id: 34b2664b-7c5f-11ec-82b1-000c2935d28c
Faulting package full name: 
Faulting package-relative application ID: "
Error	1/23/2022 11:14:39 PM	Application Error	1000	(100)	"Faulting application name: FoxitPDFReader.exe, version: 11.1.0.52543, time stamp: 0x6151f24e
Faulting module name: FoxitPDFReader.exe, version: 11.1.0.52543, time stamp: 0x6151f24e
Exception code: 0xc0000005
Fault offset: 0x025c2852
Faulting process id: 0xe8c
Faulting application start time: 0x01d8106bebd67265
Faulting application path: C:\Program Files (x86)\Foxit Software\Foxit PDF Reader\FoxitPDFReader.exe
Faulting module path: C:\Program Files (x86)\Foxit Software\Foxit PDF Reader\FoxitPDFReader.exe
Report Id: 2e4c76c7-7c5f-11ec-82b1-000c2935d28c
Faulting package full name: 
Faulting package-relative application ID: "
Error	1/23/2022 11:14:27 PM	Application Error	1000	(100)	"Faulting application name: FoxitPDFReader.exe, version: 11.1.0.52543, time stamp: 0x6151f24e
Faulting module name: FoxitPDFReader.exe, version: 11.1.0.52543, time stamp: 0x6151f24e
Exception code: 0xc0000005
Fault offset: 0x025c2852
Faulting process id: 0xcb0
Faulting application start time: 0x01d8106bde8771d7
Faulting application path: C:\Program Files (x86)\Foxit Software\Foxit PDF Reader\FoxitPDFReader.exe
Faulting module path: C:\Program Files (x86)\Foxit Software\Foxit PDF Reader\FoxitPDFReader.exe
Report Id: 2790b243-7c5f-11ec-82b1-000c2935d28c
Faulting package full name: 
Faulting package-relative application ID: "
Error	1/23/2022 11:14:05 PM	Application Error	1000	(100)	"Faulting application name: FoxitPDFReader.exe, version: 11.1.0.52543, time stamp: 0x6151f24e
Faulting module name: FoxitPDFReader.exe, version: 11.1.0.52543, time stamp: 0x6151f24e
Exception code: 0xc0000005
Fault offset: 0x025c2852
Faulting process id: 0xd98
Faulting application start time: 0x01d8106bd949259e
Faulting application path: C:\Program Files (x86)\Foxit Software\Foxit PDF Reader\FoxitPDFReader.exe
Faulting module path: C:\Program Files (x86)\Foxit Software\Foxit PDF Reader\FoxitPDFReader.exe
Report Id: 1a46766a-7c5f-11ec-82b1-000c2935d28c
Faulting package full name: 
Faulting package-relative application ID: "
Error	1/23/2022 11:13:56 PM	Application Error	1000	(100)	"Faulting application name: FoxitPDFReader.exe, version: 11.1.0.52543, time stamp: 0x6151f24e
Faulting module name: FoxitPDFReader.exe, version: 11.1.0.52543, time stamp: 0x6151f24e
Exception code: 0xc0000005
Fault offset: 0x025c2852
Faulting process id: 0xcc8
Faulting application start time: 0x01d8106bd56e17a6
Faulting application path: C:\Program Files (x86)\Foxit Software\Foxit PDF Reader\FoxitPDFReader.exe
Faulting module path: C:\Program Files (x86)\Foxit Software\Foxit PDF Reader\FoxitPDFReader.exe
Report Id: 150a8ceb-7c5f-11ec-82b1-000c2935d28c
Faulting package full name: 
Faulting package-relative application ID: "
Error	1/23/2022 11:13:50 PM	Application Error	1000	(100)	"Faulting application name: FoxitPDFReader.exe, version: 11.1.0.52543, time stamp: 0x6151f24e
Faulting module name: FoxitPDFReader.exe, version: 11.1.0.52543, time stamp: 0x6151f24e
Exception code: 0xc0000005
Fault offset: 0x025c2852
Faulting process id: 0xec0
Faulting application start time: 0x01d8106bd19c93ac
Faulting application path: C:\Program Files (x86)\Foxit Software\Foxit PDF Reader\FoxitPDFReader.exe
Faulting module path: C:\Program Files (x86)\Foxit Software\Foxit PDF Reader\FoxitPDFReader.exe
Report Id: 112f7f77-7c5f-11ec-82b1-000c2935d28c
Faulting package full name: 
Faulting package-relative application ID: "
