Error	1/23/2022 11:45:36 PM	Application Error	1000	(100)	"Faulting application name: FoxitPDFReader.exe, version: 11.1.0.52543, time stamp: 0x6151f24e
Faulting module name: FoxitPDFReader.exe, version: 11.1.0.52543, time stamp: 0x6151f24e
Exception code: 0xc0000005
Fault offset: 0x025c2852
Faulting process id: 0xde0
Faulting application start time: 0x01d810704042ca0c
Faulting application path: C:\Program Files (x86)\Foxit Software\Foxit PDF Reader\FoxitPDFReader.exe
Faulting module path: C:\Program Files (x86)\Foxit Software\Foxit PDF Reader\FoxitPDFReader.exe
Report Id: 812f6a71-7c63-11ec-82b1-000c2935d28c
Faulting package full name: 
Faulting package-relative application ID: "
Error	1/23/2022 11:45:27 PM	Application Error	1000	(100)	"Faulting application name: FoxitPDFReader.exe, version: 11.1.0.52543, time stamp: 0x6151f24e
Faulting module name: FoxitPDFReader.exe, version: 11.1.0.52543, time stamp: 0x6151f24e
Exception code: 0xc0000005
Fault offset: 0x025c2852
Faulting process id: 0xfec
Faulting application start time: 0x01d810703032116e
Faulting application path: C:\Program Files (x86)\Foxit Software\Foxit PDF Reader\FoxitPDFReader.exe
Faulting module path: C:\Program Files (x86)\Foxit Software\Foxit PDF Reader\FoxitPDFReader.exe
Report Id: 7bfaa7bc-7c63-11ec-82b1-000c2935d28c
Faulting package full name: 
Faulting package-relative application ID: "
Error	1/23/2022 11:45:00 PM	Application Error	1000	(100)	"Faulting application name: FoxitPDFReader.exe, version: 11.1.0.52543, time stamp: 0x6151f24e
Faulting module name: FoxitPDFReader.exe, version: 11.1.0.52543, time stamp: 0x6151f24e
Exception code: 0xc0000005
Fault offset: 0x025c2852
Faulting process id: 0x43c
Faulting application start time: 0x01d810702c5e2a97
Faulting application path: C:\Program Files (x86)\Foxit Software\Foxit PDF Reader\FoxitPDFReader.exe
Faulting module path: C:\Program Files (x86)\Foxit Software\Foxit PDF Reader\FoxitPDFReader.exe
Report Id: 6bf5daca-7c63-11ec-82b1-000c2935d28c
Faulting package full name: 
Faulting package-relative application ID: "
Error	1/23/2022 11:44:54 PM	Application Error	1000	(100)	"Faulting application name: FoxitPDFReader.exe, version: 11.1.0.52543, time stamp: 0x6151f24e
Faulting module name: FoxitPDFReader.exe, version: 11.1.0.52543, time stamp: 0x6151f24e
Exception code: 0xc0000005
Fault offset: 0x025c2852
Faulting process id: 0x818
Faulting application start time: 0x01d810702245b596
Faulting application path: C:\Program Files (x86)\Foxit Software\Foxit PDF Reader\FoxitPDFReader.exe
Faulting module path: C:\Program Files (x86)\Foxit Software\Foxit PDF Reader\FoxitPDFReader.exe
Report Id: 6837693b-7c63-11ec-82b1-000c2935d28c
Faulting package full name: 
Faulting package-relative application ID: "
Error	1/23/2022 11:44:37 PM	Application Error	1000	(100)	"Faulting application name: FoxitPDFReader.exe, version: 11.1.0.52543, time stamp: 0x6151f24e
Faulting module name: FoxitPDFReader.exe, version: 11.1.0.52543, time stamp: 0x6151f24e
Exception code: 0xc0000005
Fault offset: 0x025c2852
Faulting process id: 0xcd8
Faulting application start time: 0x01d81070125b2249
Faulting application path: C:\Program Files (x86)\Foxit Software\Foxit PDF Reader\FoxitPDFReader.exe
Faulting module path: C:\Program Files (x86)\Foxit Software\Foxit PDF Reader\FoxitPDFReader.exe
Report Id: 5dfff58c-7c63-11ec-82b1-000c2935d28c
Faulting package full name: 
Faulting package-relative application ID: "
Error	1/23/2022 11:44:10 PM	Application Error	1000	(100)	"Faulting application name: FoxitPDFReader.exe, version: 11.1.0.52543, time stamp: 0x6151f24e
Faulting module name: FoxitPDFReader.exe, version: 11.1.0.52543, time stamp: 0x6151f24e
Exception code: 0xc0000005
Fault offset: 0x025c2852
Faulting process id: 0x484
Faulting application start time: 0x01d8107006c53464
Faulting application path: C:\Program Files (x86)\Foxit Software\Foxit PDF Reader\FoxitPDFReader.exe
Faulting module path: C:\Program Files (x86)\Foxit Software\Foxit PDF Reader\FoxitPDFReader.exe
Report Id: 4e0e3b52-7c63-11ec-82b1-000c2935d28c
Faulting package full name: 
Faulting package-relative application ID: "
Error	1/23/2022 11:43:51 PM	Application Error	1000	(100)	"Faulting application name: FoxitPDFReader.exe, version: 11.1.0.52543, time stamp: 0x6151f24e
Faulting module name: FoxitPDFReader.exe, version: 11.1.0.52543, time stamp: 0x6151f24e
Exception code: 0xc0000005
Fault offset: 0x025c2852
Faulting process id: 0x7e8
Faulting application start time: 0x01d8106fff26f103
Faulting application path: C:\Program Files (x86)\Foxit Software\Foxit PDF Reader\FoxitPDFReader.exe
Faulting module path: C:\Program Files (x86)\Foxit Software\Foxit PDF Reader\FoxitPDFReader.exe
Report Id: 4281d74e-7c63-11ec-82b1-000c2935d28c
Faulting package full name: 
Faulting package-relative application ID: "
Error	1/23/2022 11:43:38 PM	Application Error	1000	(100)	"Faulting application name: FoxitPDFReader.exe, version: 11.1.0.52543, time stamp: 0x6151f24e
Faulting module name: FoxitPDFReader.exe, version: 11.1.0.52543, time stamp: 0x6151f24e
Exception code: 0xc0000005
Fault offset: 0x025c2852
Faulting process id: 0x46c
Faulting application start time: 0x01d8106ff9df1b77
Faulting application path: C:\Program Files (x86)\Foxit Software\Foxit PDF Reader\FoxitPDFReader.exe
Faulting module path: C:\Program Files (x86)\Foxit Software\Foxit PDF Reader\FoxitPDFReader.exe
Report Id: 3ae39373-7c63-11ec-82b1-000c2935d28c
Faulting package full name: 
Faulting package-relative application ID: "
Error	1/23/2022 11:43:29 PM	Application Error	1000	(100)	"Faulting application name: FoxitPDFReader.exe, version: 11.1.0.52543, time stamp: 0x6151f24e
Faulting module name: FoxitPDFReader.exe, version: 11.1.0.52543, time stamp: 0x6151f24e
Exception code: 0xc0000005
Fault offset: 0x025c2852
Faulting process id: 0xec0
Faulting application start time: 0x01d8106ff601abd1
Faulting application path: C:\Program Files (x86)\Foxit Software\Foxit PDF Reader\FoxitPDFReader.exe
Faulting module path: C:\Program Files (x86)\Foxit Software\Foxit PDF Reader\FoxitPDFReader.exe
Report Id: 3596f9a2-7c63-11ec-82b1-000c2935d28c
Faulting package full name: 
Faulting package-relative application ID: "
Error	1/23/2022 11:43:22 PM	Application Error	1000	(100)	"Faulting application name: FoxitPDFReader.exe, version: 11.1.0.52543, time stamp: 0x6151f24e
Faulting module name: FoxitPDFReader.exe, version: 11.1.0.52543, time stamp: 0x6151f24e
Exception code: 0xc0000005
Fault offset: 0x025c2852
Faulting process id: 0xc9c
Faulting application start time: 0x01d8106fe71d5baa
Faulting application path: C:\Program Files (x86)\Foxit Software\Foxit PDF Reader\FoxitPDFReader.exe
Faulting module path: C:\Program Files (x86)\Foxit Software\Foxit PDF Reader\FoxitPDFReader.exe
Report Id: 31b989a9-7c63-11ec-82b1-000c2935d28c
Faulting package full name: 
Faulting package-relative application ID: "
Error	1/23/2022 11:42:57 PM	Application Error	1000	(100)	"Faulting application name: FoxitPDFReader.exe, version: 11.1.0.52543, time stamp: 0x6151f24e
Faulting module name: FoxitPDFReader.exe, version: 11.1.0.52543, time stamp: 0x6151f24e
Exception code: 0xc0000005
Fault offset: 0x025c2852
Faulting process id: 0xa54
Faulting application start time: 0x01d8106fe3366206
Faulting application path: C:\Program Files (x86)\Foxit Software\Foxit PDF Reader\FoxitPDFReader.exe
Faulting module path: C:\Program Files (x86)\Foxit Software\Foxit PDF Reader\FoxitPDFReader.exe
Report Id: 22d07466-7c63-11ec-82b1-000c2935d28c
Faulting package full name: 
Faulting package-relative application ID: "
Error	1/23/2022 11:42:51 PM	Application Error	1000	(100)	"Faulting application name: FoxitPDFReader.exe, version: 11.1.0.52543, time stamp: 0x6151f24e
Faulting module name: FoxitPDFReader.exe, version: 11.1.0.52543, time stamp: 0x6151f24e
Exception code: 0xc0000005
Fault offset: 0x025c2852
Faulting process id: 0x1e4
Faulting application start time: 0x01d8106fdf58f209
Faulting application path: C:\Program Files (x86)\Foxit Software\Foxit PDF Reader\FoxitPDFReader.exe
Faulting module path: C:\Program Files (x86)\Foxit Software\Foxit PDF Reader\FoxitPDFReader.exe
Report Id: 1ef0a1e8-7c63-11ec-82b1-000c2935d28c
Faulting package full name: 
Faulting package-relative application ID: "
Error	1/23/2022 11:42:45 PM	Application Error	1000	(100)	"Faulting application name: FoxitPDFReader.exe, version: 11.1.0.52543, time stamp: 0x6151f24e
Faulting module name: FoxitPDFReader.exe, version: 11.1.0.52543, time stamp: 0x6151f24e
Exception code: 0xc0000005
Fault offset: 0x025c2852
Faulting process id: 0xb80
Faulting application start time: 0x01d8106fdb95bb76
Faulting application path: C:\Program Files (x86)\Foxit Software\Foxit PDF Reader\FoxitPDFReader.exe
Faulting module path: C:\Program Files (x86)\Foxit Software\Foxit PDF Reader\FoxitPDFReader.exe
Report Id: 1b28a763-7c63-11ec-82b1-000c2935d28c
Faulting package full name: 
Faulting package-relative application ID: "
Error	1/23/2022 11:42:38 PM	Application Error	1000	(100)	"Faulting application name: FoxitPDFReader.exe, version: 11.1.0.52543, time stamp: 0x6151f24e
Faulting module name: FoxitPDFReader.exe, version: 11.1.0.52543, time stamp: 0x6151f24e
Exception code: 0xc0000005
Fault offset: 0x025c2852
Faulting process id: 0xc24
Faulting application start time: 0x01d8106fd641faa5
Faulting application path: C:\Program Files (x86)\Foxit Software\Foxit PDF Reader\FoxitPDFReader.exe
Faulting module path: C:\Program Files (x86)\Foxit Software\Foxit PDF Reader\FoxitPDFReader.exe
Report Id: 1748d517-7c63-11ec-82b1-000c2935d28c
Faulting package full name: 
Faulting package-relative application ID: "
Error	1/23/2022 11:42:29 PM	Application Error	1000	(100)	"Faulting application name: FoxitPDFReader.exe, version: 11.1.0.52543, time stamp: 0x6151f24e
Faulting module name: FoxitPDFReader.exe, version: 11.1.0.52543, time stamp: 0x6151f24e
Exception code: 0xc0000005
Fault offset: 0x025c2852
Faulting process id: 0xf40
Faulting application start time: 0x01d8106fd2648abb
Faulting application path: C:\Program Files (x86)\Foxit Software\Foxit PDF Reader\FoxitPDFReader.exe
Faulting module path: C:\Program Files (x86)\Foxit Software\Foxit PDF Reader\FoxitPDFReader.exe
Report Id: 11fc3a83-7c63-11ec-82b1-000c2935d28c
Faulting package full name: 
Faulting package-relative application ID: "
Error	1/23/2022 11:42:23 PM	Application Error	1000	(100)	"Faulting application name: FoxitPDFReader.exe, version: 11.1.0.52543, time stamp: 0x6151f24e
Faulting module name: FoxitPDFReader.exe, version: 11.1.0.52543, time stamp: 0x6151f24e
Exception code: 0xc0000005
Fault offset: 0x025c2852
Faulting process id: 0xf54
Faulting application start time: 0x01d8106fce8e41aa
Faulting application path: C:\Program Files (x86)\Foxit Software\Foxit PDF Reader\FoxitPDFReader.exe
Faulting module path: C:\Program Files (x86)\Foxit Software\Foxit PDF Reader\FoxitPDFReader.exe
Report Id: 0e28541c-7c63-11ec-82b1-000c2935d28c
Faulting package full name: 
Faulting package-relative application ID: "
Error	1/23/2022 11:42:16 PM	Application Error	1000	(100)	"Faulting application name: FoxitPDFReader.exe, version: 11.1.0.52543, time stamp: 0x6151f24e
Faulting module name: FoxitPDFReader.exe, version: 11.1.0.52543, time stamp: 0x6151f24e
Exception code: 0xc0000005
Fault offset: 0x025c2852
Faulting process id: 0xbc0
Faulting application start time: 0x01d8106fcac8a8ea
Faulting application path: C:\Program Files (x86)\Foxit Software\Foxit PDF Reader\FoxitPDFReader.exe
Faulting module path: C:\Program Files (x86)\Foxit Software\Foxit PDF Reader\FoxitPDFReader.exe
Report Id: 0a5df6c0-7c63-11ec-82b1-000c2935d28c
Faulting package full name: 
Faulting package-relative application ID: "
Error	1/23/2022 11:42:10 PM	Application Error	1000	(100)	"Faulting application name: FoxitPDFReader.exe, version: 11.1.0.52543, time stamp: 0x6151f24e
Faulting module name: FoxitPDFReader.exe, version: 11.1.0.52543, time stamp: 0x6151f24e
Exception code: 0xc0000005
Fault offset: 0x025c2852
Faulting process id: 0xca0
Faulting application start time: 0x01d8106fc70a3801
Faulting application path: C:\Program Files (x86)\Foxit Software\Foxit PDF Reader\FoxitPDFReader.exe
Faulting module path: C:\Program Files (x86)\Foxit Software\Foxit PDF Reader\FoxitPDFReader.exe
Report Id: 069f857f-7c63-11ec-82b1-000c2935d28c
Faulting package full name: 
Faulting package-relative application ID: "
Error	1/23/2022 11:42:04 PM	Application Error	1000	(100)	"Faulting application name: FoxitPDFReader.exe, version: 11.1.0.52543, time stamp: 0x6151f24e
Faulting module name: FoxitPDFReader.exe, version: 11.1.0.52543, time stamp: 0x6151f24e
Exception code: 0xc0000005
Fault offset: 0x025c2852
Faulting process id: 0xe40
Faulting application start time: 0x01d8106fc3365165
Faulting application path: C:\Program Files (x86)\Foxit Software\Foxit PDF Reader\FoxitPDFReader.exe
Faulting module path: C:\Program Files (x86)\Foxit Software\Foxit PDF Reader\FoxitPDFReader.exe
Report Id: 02c93cc0-7c63-11ec-82b1-000c2935d28c
Faulting package full name: 
Faulting package-relative application ID: "
Error	1/23/2022 11:41:57 PM	Application Error	1000	(100)	"Faulting application name: FoxitPDFReader.exe, version: 11.1.0.52543, time stamp: 0x6151f24e
Faulting module name: FoxitPDFReader.exe, version: 11.1.0.52543, time stamp: 0x6151f24e
Exception code: 0xc0000005
Fault offset: 0x025c2852
Faulting process id: 0xf9c
Faulting application start time: 0x01d8106fbf731b2f
Faulting application path: C:\Program Files (x86)\Foxit Software\Foxit PDF Reader\FoxitPDFReader.exe
Faulting module path: C:\Program Files (x86)\Foxit Software\Foxit PDF Reader\FoxitPDFReader.exe
Report Id: ff0868e3-7c62-11ec-82b1-000c2935d28c
Faulting package full name: 
Faulting package-relative application ID: "
Error	1/23/2022 11:41:51 PM	Application Error	1000	(100)	"Faulting application name: FoxitPDFReader.exe, version: 11.1.0.52543, time stamp: 0x6151f24e
Faulting module name: FoxitPDFReader.exe, version: 11.1.0.52543, time stamp: 0x6151f24e
Exception code: 0xc0000005
Fault offset: 0x025c2852
Faulting process id: 0xc7c
Faulting application start time: 0x01d8106fbbb4a9af
Faulting application path: C:\Program Files (x86)\Foxit Software\Foxit PDF Reader\FoxitPDFReader.exe
Faulting module path: C:\Program Files (x86)\Foxit Software\Foxit PDF Reader\FoxitPDFReader.exe
Report Id: fb479527-7c62-11ec-82b1-000c2935d28c
Faulting package full name: 
Faulting package-relative application ID: "
Error	1/23/2022 11:41:45 PM	Application Error	1000	(100)	"Faulting application name: FoxitPDFReader.exe, version: 11.1.0.52543, time stamp: 0x6151f24e
Faulting module name: FoxitPDFReader.exe, version: 11.1.0.52543, time stamp: 0x6151f24e
Exception code: 0xc0000005
Fault offset: 0x025c2852
Faulting process id: 0xef0
Faulting application start time: 0x01d8106fb5858fce
Faulting application path: C:\Program Files (x86)\Foxit Software\Foxit PDF Reader\FoxitPDFReader.exe
Faulting module path: C:\Program Files (x86)\Foxit Software\Foxit PDF Reader\FoxitPDFReader.exe
Report Id: f77d37e3-7c62-11ec-82b1-000c2935d28c
Faulting package full name: 
Faulting package-relative application ID: "
Error	1/23/2022 11:41:34 PM	Application Error	1000	(100)	"Faulting application name: FoxitPDFReader.exe, version: 11.1.0.52543, time stamp: 0x6151f24e
Faulting module name: FoxitPDFReader.exe, version: 11.1.0.52543, time stamp: 0x6151f24e
Exception code: 0xc0000005
Fault offset: 0x025c2852
Faulting process id: 0xd30
Faulting application start time: 0x01d8106fb1c71eb9
Faulting application path: C:\Program Files (x86)\Foxit Software\Foxit PDF Reader\FoxitPDFReader.exe
Faulting module path: C:\Program Files (x86)\Foxit Software\Foxit PDF Reader\FoxitPDFReader.exe
Report Id: f15a0a27-7c62-11ec-82b1-000c2935d28c
Faulting package full name: 
Faulting package-relative application ID: "
Error	1/23/2022 11:41:28 PM	Application Error	1000	(100)	"Faulting application name: FoxitPDFReader.exe, version: 11.1.0.52543, time stamp: 0x6151f24e
Faulting module name: FoxitPDFReader.exe, version: 11.1.0.52543, time stamp: 0x6151f24e
Exception code: 0xc0000005
Fault offset: 0x025c2852
Faulting process id: 0x950
Faulting application start time: 0x01d8106fab423082
Faulting application path: C:\Program Files (x86)\Foxit Software\Foxit PDF Reader\FoxitPDFReader.exe
Faulting module path: C:\Program Files (x86)\Foxit Software\Foxit PDF Reader\FoxitPDFReader.exe
Report Id: ed83c155-7c62-11ec-82b1-000c2935d28c
Faulting package full name: 
Faulting package-relative application ID: "
Error	1/23/2022 11:41:17 PM	Application Error	1000	(100)	"Faulting application name: FoxitPDFReader.exe, version: 11.1.0.52543, time stamp: 0x6151f24e
Faulting module name: FoxitPDFReader.exe, version: 11.1.0.52543, time stamp: 0x6151f24e
Exception code: 0xc0000005
Fault offset: 0x025c2852
Faulting process id: 0xbd0
Faulting application start time: 0x01d8106fa6339319
Faulting application path: C:\Program Files (x86)\Foxit Software\Foxit PDF Reader\FoxitPDFReader.exe
Faulting module path: C:\Program Files (x86)\Foxit Software\Foxit PDF Reader\FoxitPDFReader.exe
Report Id: e6fed2d5-7c62-11ec-82b1-000c2935d28c
Faulting package full name: 
Faulting package-relative application ID: "
Error	1/23/2022 11:41:09 PM	Application Error	1000	(100)	"Faulting application name: FoxitPDFReader.exe, version: 11.1.0.52543, time stamp: 0x6151f24e
Faulting module name: FoxitPDFReader.exe, version: 11.1.0.52543, time stamp: 0x6151f24e
Exception code: 0xc0000005
Fault offset: 0x025c2852
Faulting process id: 0x738
Faulting application start time: 0x01d8106fa25d4b3b
Faulting application path: C:\Program Files (x86)\Foxit Software\Foxit PDF Reader\FoxitPDFReader.exe
Faulting module path: C:\Program Files (x86)\Foxit Software\Foxit PDF Reader\FoxitPDFReader.exe
Report Id: e1f29861-7c62-11ec-82b1-000c2935d28c
Faulting package full name: 
Faulting package-relative application ID: "
