Error	1/23/2022 11:59:02 PM	Application Error	1000	(100)	"Faulting application name: FoxitPDFReader.exe, version: 11.1.0.52543, time stamp: 0x6151f24e
Faulting module name: FoxitPDFReader.exe, version: 11.1.0.52543, time stamp: 0x6151f24e
Exception code: 0xc0000005
Fault offset: 0x025c2852
Faulting process id: 0x3b0
Faulting application start time: 0x01d810721f5093a0
Faulting application path: C:\Program Files (x86)\Foxit Software\Foxit PDF Reader\FoxitPDFReader.exe
Faulting module path: C:\Program Files (x86)\Foxit Software\Foxit PDF Reader\FoxitPDFReader.exe
Report Id: 61a9fbff-7c65-11ec-82b1-000c2935d28c
Faulting package full name: 
Faulting package-relative application ID: "
Error	1/23/2022 11:58:51 PM	Application Error	1000	(100)	"Faulting application name: FoxitPDFReader.exe, version: 11.1.0.52543, time stamp: 0x6151f24e
Faulting module name: FoxitPDFReader.exe, version: 11.1.0.52543, time stamp: 0x6151f24e
Exception code: 0xc0000005
Fault offset: 0x025c2852
Faulting process id: 0x7d0
Faulting application start time: 0x01d810721b7a4a9d
Faulting application path: C:\Program Files (x86)\Foxit Software\Foxit PDF Reader\FoxitPDFReader.exe
Faulting module path: C:\Program Files (x86)\Foxit Software\Foxit PDF Reader\FoxitPDFReader.exe
Report Id: 5b0f980c-7c65-11ec-82b1-000c2935d28c
Faulting package full name: 
Faulting package-relative application ID: "
Error	1/23/2022 11:58:44 PM	Application Error	1000	(100)	"Faulting application name: FoxitPDFReader.exe, version: 11.1.0.52543, time stamp: 0x6151f24e
Faulting module name: FoxitPDFReader.exe, version: 11.1.0.52543, time stamp: 0x6151f24e
Exception code: 0xc0000005
Fault offset: 0x025c2852
Faulting process id: 0x278
Faulting application start time: 0x01d8107217a40138
Faulting application path: C:\Program Files (x86)\Foxit Software\Foxit PDF Reader\FoxitPDFReader.exe
Faulting module path: C:\Program Files (x86)\Foxit Software\Foxit PDF Reader\FoxitPDFReader.exe
Report Id: 573bb1e5-7c65-11ec-82b1-000c2935d28c
Faulting package full name: 
Faulting package-relative application ID: "
Error	1/23/2022 11:58:38 PM	Application Error	1000	(100)	"Faulting application name: FoxitPDFReader.exe, version: 11.1.0.52543, time stamp: 0x6151f24e
Faulting module name: FoxitPDFReader.exe, version: 11.1.0.52543, time stamp: 0x6151f24e
Exception code: 0xc0000005
Fault offset: 0x025c2852
Faulting process id: 0x2b8
Faulting application start time: 0x01d8107213cdb84d
Faulting application path: C:\Program Files (x86)\Foxit Software\Foxit PDF Reader\FoxitPDFReader.exe
Faulting module path: C:\Program Files (x86)\Foxit Software\Foxit PDF Reader\FoxitPDFReader.exe
Report Id: 536568a7-7c65-11ec-82b1-000c2935d28c
Faulting package full name: 
Faulting package-relative application ID: "
Error	1/23/2022 11:58:32 PM	Application Error	1000	(100)	"Faulting application name: FoxitPDFReader.exe, version: 11.1.0.52543, time stamp: 0x6151f24e
Faulting module name: FoxitPDFReader.exe, version: 11.1.0.52543, time stamp: 0x6151f24e
Exception code: 0xc0000005
Fault offset: 0x025c2852
Faulting process id: 0x444
Faulting application start time: 0x01d810720d67c8f0
Faulting application path: C:\Program Files (x86)\Foxit Software\Foxit PDF Reader\FoxitPDFReader.exe
Faulting module path: C:\Program Files (x86)\Foxit Software\Foxit PDF Reader\FoxitPDFReader.exe
Report Id: 4f9d6dec-7c65-11ec-82b1-000c2935d28c
Faulting package full name: 
Faulting package-relative application ID: "
Error	1/23/2022 11:58:21 PM	Application Error	1000	(100)	"Faulting application name: FoxitPDFReader.exe, version: 11.1.0.52543, time stamp: 0x6151f24e
Faulting module name: FoxitPDFReader.exe, version: 11.1.0.52543, time stamp: 0x6151f24e
Exception code: 0xc0000005
Fault offset: 0x025c2852
Faulting process id: 0x9ac
Faulting application start time: 0x01d8107203698d2e
Faulting application path: C:\Program Files (x86)\Foxit Software\Foxit PDF Reader\FoxitPDFReader.exe
Faulting module path: C:\Program Files (x86)\Foxit Software\Foxit PDF Reader\FoxitPDFReader.exe
Report Id: 491d443f-7c65-11ec-82b1-000c2935d28c
Faulting package full name: 
Faulting package-relative application ID: "
Error	1/23/2022 11:58:04 PM	Application Error	1000	(100)	"Faulting application name: FoxitPDFReader.exe, version: 11.1.0.52543, time stamp: 0x6151f24e
Faulting module name: FoxitPDFReader.exe, version: 11.1.0.52543, time stamp: 0x6151f24e
Exception code: 0xc0000005
Fault offset: 0x025c2852
Faulting process id: 0x88c
Faulting application start time: 0x01d81071f4a9000d
Faulting application path: C:\Program Files (x86)\Foxit Software\Foxit PDF Reader\FoxitPDFReader.exe
Faulting module path: C:\Program Files (x86)\Foxit Software\Foxit PDF Reader\FoxitPDFReader.exe
Report Id: 3f23cd94-7c65-11ec-82b1-000c2935d28c
Faulting package full name: 
Faulting package-relative application ID: "
Error	1/23/2022 11:57:39 PM	Application Error	1000	(100)	"Faulting application name: FoxitPDFReader.exe, version: 11.1.0.52543, time stamp: 0x6151f24e
Faulting module name: FoxitPDFReader.exe, version: 11.1.0.52543, time stamp: 0x6151f24e
Exception code: 0xc0000005
Fault offset: 0x025c2852
Faulting process id: 0xbd0
Faulting application start time: 0x01d81071ee5d4ac1
Faulting application path: C:\Program Files (x86)\Foxit Software\Foxit PDF Reader\FoxitPDFReader.exe
Faulting module path: C:\Program Files (x86)\Foxit Software\Foxit PDF Reader\FoxitPDFReader.exe
Report Id: 307b1800-7c65-11ec-82b1-000c2935d28c
Faulting package full name: 
Faulting package-relative application ID: "
Error	1/23/2022 11:57:29 PM	Application Error	1000	(100)	"Faulting application name: FoxitPDFReader.exe, version: 11.1.0.52543, time stamp: 0x6151f24e
Faulting module name: FoxitPDFReader.exe, version: 11.1.0.52543, time stamp: 0x6151f24e
Exception code: 0xc0000005
Fault offset: 0x025c2852
Faulting process id: 0xb44
Faulting application start time: 0x01d81071e923c348
Faulting application path: C:\Program Files (x86)\Foxit Software\Foxit PDF Reader\FoxitPDFReader.exe
Faulting module path: C:\Program Files (x86)\Foxit Software\Foxit PDF Reader\FoxitPDFReader.exe
Report Id: 2a283aff-7c65-11ec-82b1-000c2935d28c
Faulting package full name: 
Faulting package-relative application ID: "
Error	1/23/2022 11:57:20 PM	Application Error	1000	(100)	"Faulting application name: FoxitPDFReader.exe, version: 11.1.0.52543, time stamp: 0x6151f24e
Faulting module name: FoxitPDFReader.exe, version: 11.1.0.52543, time stamp: 0x6151f24e
Exception code: 0xc0000005
Fault offset: 0x025c2852
Faulting process id: 0xdb0
Faulting application start time: 0x01d81071e25c12e7
Faulting application path: C:\Program Files (x86)\Foxit Software\Foxit PDF Reader\FoxitPDFReader.exe
Faulting module path: C:\Program Files (x86)\Foxit Software\Foxit PDF Reader\FoxitPDFReader.exe
Report Id: 24e52a38-7c65-11ec-82b1-000c2935d28c
Faulting package full name: 
Faulting package-relative application ID: "
Error	1/23/2022 11:57:09 PM	Application Error	1000	(100)	"Faulting application name: FoxitPDFReader.exe, version: 11.1.0.52543, time stamp: 0x6151f24e
Faulting module name: FoxitPDFReader.exe, version: 11.1.0.52543, time stamp: 0x6151f24e
Exception code: 0xc0000005
Fault offset: 0x025c2852
Faulting process id: 0xde8
Faulting application start time: 0x01d81071dbd724e1
Faulting application path: C:\Program Files (x86)\Foxit Software\Foxit PDF Reader\FoxitPDFReader.exe
Faulting module path: C:\Program Files (x86)\Foxit Software\Foxit PDF Reader\FoxitPDFReader.exe
Report Id: 1e1b17e5-7c65-11ec-82b1-000c2935d28c
Faulting package full name: 
Faulting package-relative application ID: "
Error	1/23/2022 11:56:58 PM	Application Error	1000	(100)	"Faulting application name: FoxitPDFReader.exe, version: 11.1.0.52543, time stamp: 0x6151f24e
Faulting module name: FoxitPDFReader.exe, version: 11.1.0.52543, time stamp: 0x6151f24e
Exception code: 0xc0000005
Fault offset: 0x025c2852
Faulting process id: 0xc80
Faulting application start time: 0x01d81071d813eec8
Faulting application path: C:\Program Files (x86)\Foxit Software\Foxit PDF Reader\FoxitPDFReader.exe
Faulting module path: C:\Program Files (x86)\Foxit Software\Foxit PDF Reader\FoxitPDFReader.exe
Report Id: 17a6da63-7c65-11ec-82b1-000c2935d28c
Faulting package full name: 
Faulting package-relative application ID: "
Error	1/23/2022 11:56:51 PM	Application Error	1000	(100)	"Faulting application name: FoxitPDFReader.exe, version: 11.1.0.52543, time stamp: 0x6151f24e
Faulting module name: FoxitPDFReader.exe, version: 11.1.0.52543, time stamp: 0x6151f24e
Exception code: 0xc0000005
Fault offset: 0x025c2852
Faulting process id: 0xc58
Faulting application start time: 0x01d81071d2d34006
Faulting application path: C:\Program Files (x86)\Foxit Software\Foxit PDF Reader\FoxitPDFReader.exe
Faulting module path: C:\Program Files (x86)\Foxit Software\Foxit PDF Reader\FoxitPDFReader.exe
Report Id: 13d7b81f-7c65-11ec-82b1-000c2935d28c
Faulting package full name: 
Faulting package-relative application ID: "
Error	1/23/2022 11:56:43 PM	Application Error	1000	(100)	"Faulting application name: FoxitPDFReader.exe, version: 11.1.0.52543, time stamp: 0x6151f24e
Faulting module name: FoxitPDFReader.exe, version: 11.1.0.52543, time stamp: 0x6151f24e
Exception code: 0xc0000005
Fault offset: 0x025c2852
Faulting process id: 0x7ac
Faulting application start time: 0x01d81071c993c0dd
Faulting application path: C:\Program Files (x86)\Foxit Software\Foxit PDF Reader\FoxitPDFReader.exe
Faulting module path: C:\Program Files (x86)\Foxit Software\Foxit PDF Reader\FoxitPDFReader.exe
Report Id: 0e996c1d-7c65-11ec-82b1-000c2935d28c
Faulting package full name: 
Faulting package-relative application ID: "
Error	1/23/2022 11:56:27 PM	Application Error	1000	(100)	"Faulting application name: FoxitPDFReader.exe, version: 11.1.0.52543, time stamp: 0x6151f24e
Faulting module name: FoxitPDFReader.exe, version: 11.1.0.52543, time stamp: 0x6151f24e
Exception code: 0xc0000005
Fault offset: 0x025c2852
Faulting process id: 0x574
Faulting application start time: 0x01d81071c5c49f4e
Faulting application path: C:\Program Files (x86)\Foxit Software\Foxit PDF Reader\FoxitPDFReader.exe
Faulting module path: C:\Program Files (x86)\Foxit Software\Foxit PDF Reader\FoxitPDFReader.exe
Report Id: 055c4f55-7c65-11ec-82b1-000c2935d28c
Faulting package full name: 
Faulting package-relative application ID: "
Error	1/23/2022 11:56:21 PM	Application Error	1000	(100)	"Faulting application name: FoxitPDFReader.exe, version: 11.1.0.52543, time stamp: 0x6151f24e
Faulting module name: FoxitPDFReader.exe, version: 11.1.0.52543, time stamp: 0x6151f24e
Exception code: 0xc0000005
Fault offset: 0x025c2852
Faulting process id: 0xd64
Faulting application start time: 0x01d81071c0923f14
Faulting application path: C:\Program Files (x86)\Foxit Software\Foxit PDF Reader\FoxitPDFReader.exe
Faulting module path: C:\Program Files (x86)\Foxit Software\Foxit PDF Reader\FoxitPDFReader.exe
Report Id: 017c7cff-7c65-11ec-82b1-000c2935d28c
Faulting package full name: 
Faulting package-relative application ID: "
Error	1/23/2022 11:56:12 PM	Application Error	1000	(100)	"Faulting application name: FoxitPDFReader.exe, version: 11.1.0.52543, time stamp: 0x6151f24e
Faulting module name: FoxitPDFReader.exe, version: 11.1.0.52543, time stamp: 0x6151f24e
Exception code: 0xc0000005
Fault offset: 0x025c2852
Faulting process id: 0x520
Faulting application start time: 0x01d81071b917be36
Faulting application path: C:\Program Files (x86)\Foxit Software\Foxit PDF Reader\FoxitPDFReader.exe
Faulting module path: C:\Program Files (x86)\Foxit Software\Foxit PDF Reader\FoxitPDFReader.exe
Report Id: fc691b42-7c64-11ec-82b1-000c2935d28c
Faulting package full name: 
Faulting package-relative application ID: "
Error	1/23/2022 11:55:59 PM	Application Error	1000	(100)	"Faulting application name: FoxitPDFReader.exe, version: 11.1.0.52543, time stamp: 0x6151f24e
Faulting module name: FoxitPDFReader.exe, version: 11.1.0.52543, time stamp: 0x6151f24e
Exception code: 0xc0000005
Fault offset: 0x025c2852
Faulting process id: 0xea0
Faulting application start time: 0x01d81071b554882c
Faulting application path: C:\Program Files (x86)\Foxit Software\Foxit PDF Reader\FoxitPDFReader.exe
Faulting module path: C:\Program Files (x86)\Foxit Software\Foxit PDF Reader\FoxitPDFReader.exe
Report Id: f4ec386d-7c64-11ec-82b1-000c2935d28c
Faulting package full name: 
Faulting package-relative application ID: "
Error	1/23/2022 11:55:53 PM	Application Error	1000	(100)	"Faulting application name: FoxitPDFReader.exe, version: 11.1.0.52543, time stamp: 0x6151f24e
Faulting module name: FoxitPDFReader.exe, version: 11.1.0.52543, time stamp: 0x6151f24e
Exception code: 0xc0000005
Fault offset: 0x025c2852
Faulting process id: 0x530
Faulting application start time: 0x01d81071aba75cb5
Faulting application path: C:\Program Files (x86)\Foxit Software\Foxit PDF Reader\FoxitPDFReader.exe
Faulting module path: C:\Program Files (x86)\Foxit Software\Foxit PDF Reader\FoxitPDFReader.exe
Report Id: f10c6652-7c64-11ec-82b1-000c2935d28c
Faulting package full name: 
Faulting package-relative application ID: "
Error	1/23/2022 11:55:37 PM	Application Error	1000	(100)	"Faulting application name: FoxitPDFReader.exe, version: 11.1.0.52543, time stamp: 0x6151f24e
Faulting module name: FoxitPDFReader.exe, version: 11.1.0.52543, time stamp: 0x6151f24e
Exception code: 0xc0000005
Fault offset: 0x025c2852
Faulting process id: 0x12c
Faulting application start time: 0x01d81071a11ed979
Faulting application path: C:\Program Files (x86)\Foxit Software\Foxit PDF Reader\FoxitPDFReader.exe
Faulting module path: C:\Program Files (x86)\Foxit Software\Foxit PDF Reader\FoxitPDFReader.exe
Report Id: e75f3b07-7c64-11ec-82b1-000c2935d28c
Faulting package full name: 
Faulting package-relative application ID: "
Error	1/23/2022 11:55:19 PM	Application Error	1000	(100)	"Faulting application name: FoxitPDFReader.exe, version: 11.1.0.52543, time stamp: 0x6151f24e
Faulting module name: FoxitPDFReader.exe, version: 11.1.0.52543, time stamp: 0x6151f24e
Exception code: 0xc0000005
Fault offset: 0x025c2852
Faulting process id: 0x3dc
Faulting application start time: 0x01d810719d4890a7
Faulting application path: C:\Program Files (x86)\Foxit Software\Foxit PDF Reader\FoxitPDFReader.exe
Faulting module path: C:\Program Files (x86)\Foxit Software\Foxit PDF Reader\FoxitPDFReader.exe
Report Id: dce04078-7c64-11ec-82b1-000c2935d28c
Faulting package full name: 
Faulting package-relative application ID: "
Error	1/23/2022 11:55:13 PM	Application Error	1000	(100)	"Faulting application name: FoxitPDFReader.exe, version: 11.1.0.52543, time stamp: 0x6151f24e
Faulting module name: FoxitPDFReader.exe, version: 11.1.0.52543, time stamp: 0x6151f24e
Exception code: 0xc0000005
Fault offset: 0x01617d68
Faulting process id: 0x3ac
Faulting application start time: 0x01d8107199770c1f
Faulting application path: C:\Program Files (x86)\Foxit Software\Foxit PDF Reader\FoxitPDFReader.exe
Faulting module path: C:\Program Files (x86)\Foxit Software\Foxit PDF Reader\FoxitPDFReader.exe
Report Id: d909f79c-7c64-11ec-82b1-000c2935d28c
Faulting package full name: 
Faulting package-relative application ID: "
Error	1/23/2022 11:55:06 PM	Application Error	1000	(100)	"Faulting application name: FoxitPDFReader.exe, version: 11.1.0.52543, time stamp: 0x6151f24e
Faulting module name: FoxitPDFReader.exe, version: 11.1.0.52543, time stamp: 0x6151f24e
Exception code: 0xc0000005
Fault offset: 0x025c2852
Faulting process id: 0x768
Faulting application start time: 0x01d8107193111c9b
Faulting application path: C:\Program Files (x86)\Foxit Software\Foxit PDF Reader\FoxitPDFReader.exe
Faulting module path: C:\Program Files (x86)\Foxit Software\Foxit PDF Reader\FoxitPDFReader.exe
Report Id: d546c19b-7c64-11ec-82b1-000c2935d28c
Faulting package full name: 
Faulting package-relative application ID: "
Error	1/23/2022 11:54:55 PM	Application Error	1000	(100)	"Faulting application name: FoxitPDFReader.exe, version: 11.1.0.52543, time stamp: 0x6151f24e
Faulting module name: FoxitPDFReader.exe, version: 11.1.0.52543, time stamp: 0x6151f24e
Exception code: 0xc0000005
Fault offset: 0x025c2852
Faulting process id: 0xf60
Faulting application start time: 0x01d810718a48d27a
Faulting application path: C:\Program Files (x86)\Foxit Software\Foxit PDF Reader\FoxitPDFReader.exe
Faulting module path: C:\Program Files (x86)\Foxit Software\Foxit PDF Reader\FoxitPDFReader.exe
Report Id: ced0211a-7c64-11ec-82b1-000c2935d28c
Faulting package full name: 
Faulting package-relative application ID: "
Error	1/23/2022 11:54:41 PM	Application Error	1000	(100)	"Faulting application name: FoxitPDFReader.exe, version: 11.1.0.52543, time stamp: 0x6151f24e
Faulting module name: FoxitPDFReader.exe, version: 11.1.0.52543, time stamp: 0x6151f24e
Exception code: 0xc0000005
Fault offset: 0x025c2852
Faulting process id: 0xd00
Faulting application start time: 0x01d810717e98ab21
Faulting application path: C:\Program Files (x86)\Foxit Software\Foxit PDF Reader\FoxitPDFReader.exe
Faulting module path: C:\Program Files (x86)\Foxit Software\Foxit PDF Reader\FoxitPDFReader.exe
Report Id: c607d787-7c64-11ec-82b1-000c2935d28c
Faulting package full name: 
Faulting package-relative application ID: "
Error	1/23/2022 11:54:21 PM	Application Error	1000	(100)	"Faulting application name: FoxitPDFReader.exe, version: 11.1.0.52543, time stamp: 0x6151f24e
Faulting module name: FoxitPDFReader.exe, version: 11.1.0.52543, time stamp: 0x6151f24e
Exception code: 0xc0000005
Fault offset: 0x025c2852
Faulting process id: 0x8dc
Faulting application start time: 0x01d810717ac7269e
Faulting application path: C:\Program Files (x86)\Foxit Software\Foxit PDF Reader\FoxitPDFReader.exe
Faulting module path: C:\Program Files (x86)\Foxit Software\Foxit PDF Reader\FoxitPDFReader.exe
Report Id: ba5c749b-7c64-11ec-82b1-000c2935d28c
Faulting package full name: 
Faulting package-relative application ID: "
Error	1/23/2022 11:54:15 PM	Application Error	1000	(100)	"Faulting application name: FoxitPDFReader.exe, version: 11.1.0.52543, time stamp: 0x6151f24e
Faulting module name: FoxitPDFReader.exe, version: 11.1.0.52543, time stamp: 0x6151f24e
Exception code: 0xc0000005
Fault offset: 0x025c2852
Faulting process id: 0x590
Faulting application start time: 0x01d8107174069db7
Faulting application path: C:\Program Files (x86)\Foxit Software\Foxit PDF Reader\FoxitPDFReader.exe
Faulting module path: C:\Program Files (x86)\Foxit Software\Foxit PDF Reader\FoxitPDFReader.exe
Report Id: b67f04ce-7c64-11ec-82b1-000c2935d28c
Faulting package full name: 
Faulting package-relative application ID: "
Error	1/23/2022 11:54:03 PM	Application Error	1000	(100)	"Faulting application name: FoxitPDFReader.exe, version: 11.1.0.52543, time stamp: 0x6151f24e
Faulting module name: FoxitPDFReader.exe, version: 11.1.0.52543, time stamp: 0x6151f24e
Exception code: 0xc0000005
Fault offset: 0x025c2852
Faulting process id: 0x87c
Faulting application start time: 0x01d81071703c4099
Faulting application path: C:\Program Files (x86)\Foxit Software\Foxit PDF Reader\FoxitPDFReader.exe
Faulting module path: C:\Program Files (x86)\Foxit Software\Foxit PDF Reader\FoxitPDFReader.exe
Report Id: afd18eb3-7c64-11ec-82b1-000c2935d28c
Faulting package full name: 
Faulting package-relative application ID: "
Error	1/23/2022 11:53:57 PM	Application Error	1000	(100)	"Faulting application name: FoxitPDFReader.exe, version: 11.1.0.52543, time stamp: 0x6151f24e
Faulting module name: FoxitPDFReader.exe, version: 11.1.0.52543, time stamp: 0x6151f24e
Exception code: 0xc0000005
Fault offset: 0x025c2852
Faulting process id: 0xea0
Faulting application start time: 0x01d810716b326852
Faulting application path: C:\Program Files (x86)\Foxit Software\Foxit PDF Reader\FoxitPDFReader.exe
Faulting module path: C:\Program Files (x86)\Foxit Software\Foxit PDF Reader\FoxitPDFReader.exe
Report Id: abfda826-7c64-11ec-82b1-000c2935d28c
Faulting package full name: 
Faulting package-relative application ID: "
Error	1/23/2022 11:53:49 PM	Application Error	1000	(100)	"Faulting application name: FoxitPDFReader.exe, version: 11.1.0.52543, time stamp: 0x6151f24e
Faulting module name: FoxitPDFReader.exe, version: 11.1.0.52543, time stamp: 0x6151f24e
Exception code: 0xc0000005
Fault offset: 0x025c2852
Faulting process id: 0xe94
Faulting application start time: 0x01d810716759bcf6
Faulting application path: C:\Program Files (x86)\Foxit Software\Foxit PDF Reader\FoxitPDFReader.exe
Faulting module path: C:\Program Files (x86)\Foxit Software\Foxit PDF Reader\FoxitPDFReader.exe
Report Id: a6f16d41-7c64-11ec-82b1-000c2935d28c
Faulting package full name: 
Faulting package-relative application ID: "
Error	1/23/2022 11:53:42 PM	Application Error	1000	(100)	"Faulting application name: FoxitPDFReader.exe, version: 11.1.0.52543, time stamp: 0x6151f24e
Faulting module name: FoxitPDFReader.exe, version: 11.1.0.52543, time stamp: 0x6151f24e
Exception code: 0xc0000005
Fault offset: 0x025c2852
Faulting process id: 0xad8
Faulting application start time: 0x01d8107163837407
Faulting application path: C:\Program Files (x86)\Foxit Software\Foxit PDF Reader\FoxitPDFReader.exe
Faulting module path: C:\Program Files (x86)\Foxit Software\Foxit PDF Reader\FoxitPDFReader.exe
Report Id: a31d8750-7c64-11ec-82b1-000c2935d28c
Faulting package full name: 
Faulting package-relative application ID: "
Error	1/23/2022 11:53:36 PM	Application Error	1000	(100)	"Faulting application name: FoxitPDFReader.exe, version: 11.1.0.52543, time stamp: 0x6151f24e
Faulting module name: FoxitPDFReader.exe, version: 11.1.0.52543, time stamp: 0x6151f24e
Exception code: 0xc0000005
Fault offset: 0x025c2852
Faulting process id: 0xc38
Faulting application start time: 0x01d810715faac8cd
Faulting application path: C:\Program Files (x86)\Foxit Software\Foxit PDF Reader\FoxitPDFReader.exe
Faulting module path: C:\Program Files (x86)\Foxit Software\Foxit PDF Reader\FoxitPDFReader.exe
Report Id: 9f44dbba-7c64-11ec-82b1-000c2935d28c
Faulting package full name: 
Faulting package-relative application ID: "
Error	1/23/2022 11:53:29 PM	Application Error	1000	(100)	"Faulting application name: FoxitPDFReader.exe, version: 11.1.0.52543, time stamp: 0x6151f24e
Faulting module name: FoxitPDFReader.exe, version: 11.1.0.52543, time stamp: 0x6151f24e
Exception code: 0xc0000005
Fault offset: 0x025c2852
Faulting process id: 0x468
Faulting application start time: 0x01d810715bd48044
Faulting application path: C:\Program Files (x86)\Foxit Software\Foxit PDF Reader\FoxitPDFReader.exe
Faulting module path: C:\Program Files (x86)\Foxit Software\Foxit PDF Reader\FoxitPDFReader.exe
Report Id: 9b69cde9-7c64-11ec-82b1-000c2935d28c
Faulting package full name: 
Faulting package-relative application ID: "
Error	1/23/2022 11:53:23 PM	Application Error	1000	(100)	"Faulting application name: FoxitPDFReader.exe, version: 11.1.0.52543, time stamp: 0x6151f24e
Faulting module name: FoxitPDFReader.exe, version: 11.1.0.52543, time stamp: 0x6151f24e
Exception code: 0xc0000005
Fault offset: 0x025c2852
Faulting process id: 0x3ac
Faulting application start time: 0x01d81071555b7d9c
Faulting application path: C:\Program Files (x86)\Foxit Software\Foxit PDF Reader\FoxitPDFReader.exe
Faulting module path: C:\Program Files (x86)\Foxit Software\Foxit PDF Reader\FoxitPDFReader.exe
Report Id: 97938508-7c64-11ec-82b1-000c2935d28c
Faulting package full name: 
Faulting package-relative application ID: "
Error	1/23/2022 11:53:12 PM	Application Error	1000	(100)	"Faulting application name: FoxitPDFReader.exe, version: 11.1.0.52543, time stamp: 0x6151f24e
Faulting module name: FoxitPDFReader.exe, version: 11.1.0.52543, time stamp: 0x6151f24e
Exception code: 0xc0000005
Fault offset: 0x025c2852
Faulting process id: 0x2b0
Faulting application start time: 0x01d810714dea86a8
Faulting application path: C:\Program Files (x86)\Foxit Software\Foxit PDF Reader\FoxitPDFReader.exe
Faulting module path: C:\Program Files (x86)\Foxit Software\Foxit PDF Reader\FoxitPDFReader.exe
Report Id: 911ce4d0-7c64-11ec-82b1-000c2935d28c
Faulting package full name: 
Faulting package-relative application ID: "
Error	1/23/2022 11:53:00 PM	Application Error	1000	(100)	"Faulting application name: FoxitPDFReader.exe, version: 11.1.0.52543, time stamp: 0x6151f24e
Faulting module name: FoxitPDFReader.exe, version: 11.1.0.52543, time stamp: 0x6151f24e
Exception code: 0xc0000005
Fault offset: 0x025c2852
Faulting process id: 0x504
Faulting application start time: 0x01d810714a29b28f
Faulting application path: C:\Program Files (x86)\Foxit Software\Foxit PDF Reader\FoxitPDFReader.exe
Faulting module path: C:\Program Files (x86)\Foxit Software\Foxit PDF Reader\FoxitPDFReader.exe
Report Id: 89bf00c2-7c64-11ec-82b1-000c2935d28c
Faulting package full name: 
Faulting package-relative application ID: "
Error	1/23/2022 11:52:53 PM	Application Error	1000	(100)	"Faulting application name: FoxitPDFReader.exe, version: 11.1.0.52543, time stamp: 0x6151f24e
Faulting module name: FoxitPDFReader.exe, version: 11.1.0.52543, time stamp: 0x6151f24e
Exception code: 0xc0000005
Fault offset: 0x025c2852
Faulting process id: 0xee4
Faulting application start time: 0x01d8107143836366
Faulting application path: C:\Program Files (x86)\Foxit Software\Foxit PDF Reader\FoxitPDFReader.exe
Faulting module path: C:\Program Files (x86)\Foxit Software\Foxit PDF Reader\FoxitPDFReader.exe
Report Id: 85e8b793-7c64-11ec-82b1-000c2935d28c
Faulting package full name: 
Faulting package-relative application ID: "
Error	1/23/2022 11:52:42 PM	Application Error	1000	(100)	"Faulting application name: FoxitPDFReader.exe, version: 11.1.0.52543, time stamp: 0x6151f24e
Faulting module name: FoxitPDFReader.exe, version: 11.1.0.52543, time stamp: 0x6151f24e
Exception code: 0xc0000005
Fault offset: 0x025c2852
Faulting process id: 0xd9c
Faulting application start time: 0x01d810713e8f0205
Faulting application path: C:\Program Files (x86)\Foxit Software\Foxit PDF Reader\FoxitPDFReader.exe
Faulting module path: C:\Program Files (x86)\Foxit Software\Foxit PDF Reader\FoxitPDFReader.exe
Report Id: 7f5318c0-7c64-11ec-82b1-000c2935d28c
Faulting package full name: 
Faulting package-relative application ID: "
Error	1/23/2022 11:52:34 PM	Application Error	1000	(100)	"Faulting application name: FoxitPDFReader.exe, version: 11.1.0.52543, time stamp: 0x6151f24e
Faulting module name: FoxitPDFReader.exe, version: 11.1.0.52543, time stamp: 0x6151f24e
Exception code: 0xc0000005
Fault offset: 0x025c2852
Faulting process id: 0xf04
Faulting application start time: 0x01d810713abfde58
Faulting application path: C:\Program Files (x86)\Foxit Software\Foxit PDF Reader\FoxitPDFReader.exe
Faulting module path: C:\Program Files (x86)\Foxit Software\Foxit PDF Reader\FoxitPDFReader.exe
Report Id: 7a52c9fc-7c64-11ec-82b1-000c2935d28c
Faulting package full name: 
Faulting package-relative application ID: "
Error	1/23/2022 11:52:27 PM	Application Error	1000	(100)	"Faulting application name: FoxitPDFReader.exe, version: 11.1.0.52543, time stamp: 0x6151f24e
Faulting module name: FoxitPDFReader.exe, version: 11.1.0.52543, time stamp: 0x6151f24e
Exception code: 0xc0000005
Fault offset: 0x025c2852
Faulting process id: 0x590
Faulting application start time: 0x01d8107136ee5aeb
Faulting application path: C:\Program Files (x86)\Foxit Software\Foxit PDF Reader\FoxitPDFReader.exe
Faulting module path: C:\Program Files (x86)\Foxit Software\Foxit PDF Reader\FoxitPDFReader.exe
Report Id: 768145db-7c64-11ec-82b1-000c2935d28c
Faulting package full name: 
Faulting package-relative application ID: "
Error	1/23/2022 11:52:21 PM	Application Error	1000	(100)	"Faulting application name: FoxitPDFReader.exe, version: 11.1.0.52543, time stamp: 0x6151f24e
Faulting module name: FoxitPDFReader.exe, version: 11.1.0.52543, time stamp: 0x6151f24e
Exception code: 0xc0000005
Fault offset: 0x025c2852
Faulting process id: 0xf94
Faulting application start time: 0x01d810712f194056
Faulting application path: C:\Program Files (x86)\Foxit Software\Foxit PDF Reader\FoxitPDFReader.exe
Faulting module path: C:\Program Files (x86)\Foxit Software\Foxit PDF Reader\FoxitPDFReader.exe
Report Id: 72a89a84-7c64-11ec-82b1-000c2935d28c
Faulting package full name: 
Faulting package-relative application ID: "
Error	1/23/2022 11:52:08 PM	Application Error	1000	(100)	"Faulting application name: FoxitPDFReader.exe, version: 11.1.0.52543, time stamp: 0x6151f24e
Faulting module name: FoxitPDFReader.exe, version: 11.1.0.52543, time stamp: 0x6151f24e
Exception code: 0xc0000005
Fault offset: 0x025c2852
Faulting process id: 0xac0
Faulting application start time: 0x01d810712864a333
Faulting application path: C:\Program Files (x86)\Foxit Software\Foxit PDF Reader\FoxitPDFReader.exe
Faulting module path: C:\Program Files (x86)\Foxit Software\Foxit PDF Reader\FoxitPDFReader.exe
Report Id: 6ac9f76a-7c64-11ec-82b1-000c2935d28c
Faulting package full name: 
Faulting package-relative application ID: "
Error	1/23/2022 11:51:56 PM	Application Error	1000	(100)	"Faulting application name: FoxitPDFReader.exe, version: 11.1.0.52543, time stamp: 0x6151f24e
Faulting module name: FoxitPDFReader.exe, version: 11.1.0.52543, time stamp: 0x6151f24e
Exception code: 0xc0000005
Fault offset: 0x025c2852
Faulting process id: 0xfe8
Faulting application start time: 0x01d810712484d0dd
Faulting application path: C:\Program Files (x86)\Foxit Software\Foxit PDF Reader\FoxitPDFReader.exe
Faulting module path: C:\Program Files (x86)\Foxit Software\Foxit PDF Reader\FoxitPDFReader.exe
Report Id: 641ee368-7c64-11ec-82b1-000c2935d28c
Faulting package full name: 
Faulting package-relative application ID: "
Error	1/23/2022 11:51:50 PM	Application Error	1000	(100)	"Faulting application name: FoxitPDFReader.exe, version: 11.1.0.52543, time stamp: 0x6151f24e
Faulting module name: FoxitPDFReader.exe, version: 11.1.0.52543, time stamp: 0x6151f24e
Exception code: 0xc0000005
Fault offset: 0x025c2852
Faulting process id: 0xcac
Faulting application start time: 0x01d810711f7af8d4
Faulting application path: C:\Program Files (x86)\Foxit Software\Foxit PDF Reader\FoxitPDFReader.exe
Faulting module path: C:\Program Files (x86)\Foxit Software\Foxit PDF Reader\FoxitPDFReader.exe
Report Id: 6043d5d6-7c64-11ec-82b1-000c2935d28c
Faulting package full name: 
Faulting package-relative application ID: "
Error	1/23/2022 11:51:42 PM	Application Error	1000	(100)	"Faulting application name: FoxitPDFReader.exe, version: 11.1.0.52543, time stamp: 0x6151f24e
Faulting module name: FoxitPDFReader.exe, version: 11.1.0.52543, time stamp: 0x6151f24e
Exception code: 0xc0000005
Fault offset: 0x025c2852
Faulting process id: 0x990
Faulting application start time: 0x01d8107115b857e5
Faulting application path: C:\Program Files (x86)\Foxit Software\Foxit PDF Reader\FoxitPDFReader.exe
Faulting module path: C:\Program Files (x86)\Foxit Software\Foxit PDF Reader\FoxitPDFReader.exe
Report Id: 5b4f72c7-7c64-11ec-82b1-000c2935d28c
Faulting package full name: 
Faulting package-relative application ID: "
Error	1/23/2022 11:51:25 PM	Application Error	1000	(100)	"Faulting application name: FoxitPDFReader.exe, version: 11.1.0.52543, time stamp: 0x6151f24e
Faulting module name: FoxitPDFReader.exe, version: 11.1.0.52543, time stamp: 0x6151f24e
Exception code: 0xc0000005
Fault offset: 0x025c2852
Faulting process id: 0x968
Faulting application start time: 0x01d810710b4ed280
Faulting application path: C:\Program Files (x86)\Foxit Software\Foxit PDF Reader\FoxitPDFReader.exe
Faulting module path: C:\Program Files (x86)\Foxit Software\Foxit PDF Reader\FoxitPDFReader.exe
Report Id: 51775cd5-7c64-11ec-82b1-000c2935d28c
Faulting package full name: 
Faulting package-relative application ID: "
Error	1/23/2022 11:51:08 PM	Application Error	1000	(100)	"Faulting application name: FoxitPDFReader.exe, version: 11.1.0.52543, time stamp: 0x6151f24e
Faulting module name: FoxitPDFReader.exe, version: 11.1.0.52543, time stamp: 0x6151f24e
Exception code: 0xc0000005
Fault offset: 0x025c2852
Faulting process id: 0xe08
Faulting application start time: 0x01d81071024164c3
Faulting application path: C:\Program Files (x86)\Foxit Software\Foxit PDF Reader\FoxitPDFReader.exe
Faulting module path: C:\Program Files (x86)\Foxit Software\Foxit PDF Reader\FoxitPDFReader.exe
Report Id: 471e8855-7c64-11ec-82b1-000c2935d28c
Faulting package full name: 
Faulting package-relative application ID: "
Error	1/23/2022 11:50:53 PM	Application Error	1000	(100)	"Faulting application name: FoxitPDFReader.exe, version: 11.1.0.52543, time stamp: 0x6151f24e
Faulting module name: FoxitPDFReader.exe, version: 11.1.0.52543, time stamp: 0x6151f24e
Exception code: 0xc0000005
Fault offset: 0x025c2852
Faulting process id: 0x9cc
Faulting application start time: 0x01d81070f2926caa
Faulting application path: C:\Program Files (x86)\Foxit Software\Foxit PDF Reader\FoxitPDFReader.exe
Faulting module path: C:\Program Files (x86)\Foxit Software\Foxit PDF Reader\FoxitPDFReader.exe
Report Id: 3dfe075f-7c64-11ec-82b1-000c2935d28c
Faulting package full name: 
Faulting package-relative application ID: "
Error	1/23/2022 11:50:26 PM	Application Error	1000	(100)	"Faulting application name: FoxitPDFReader.exe, version: 11.1.0.52543, time stamp: 0x6151f24e
Faulting module name: FoxitPDFReader.exe, version: 11.1.0.52543, time stamp: 0x6151f24e
Exception code: 0xc0000005
Fault offset: 0x025c2852
Faulting process id: 0xb78
Faulting application start time: 0x01d81070ebfa6b67
Faulting application path: C:\Program Files (x86)\Foxit Software\Foxit PDF Reader\FoxitPDFReader.exe
Faulting module path: C:\Program Files (x86)\Foxit Software\Foxit PDF Reader\FoxitPDFReader.exe
Report Id: 2e4cac8c-7c64-11ec-82b1-000c2935d28c
Faulting package full name: 
Faulting package-relative application ID: "
Error	1/23/2022 11:50:15 PM	Application Error	1000	(100)	"Faulting application name: FoxitPDFReader.exe, version: 11.1.0.52543, time stamp: 0x6151f24e
Faulting module name: FoxitPDFReader.exe, version: 11.1.0.52543, time stamp: 0x6151f24e
Exception code: 0xc0000005
Fault offset: 0x025c2852
Faulting process id: 0xd78
Faulting application start time: 0x01d81070e310c0fa
Faulting application path: C:\Program Files (x86)\Foxit Software\Foxit PDF Reader\FoxitPDFReader.exe
Faulting module path: C:\Program Files (x86)\Foxit Software\Foxit PDF Reader\FoxitPDFReader.exe
Report Id: 27d3aa31-7c64-11ec-82b1-000c2935d28c
Faulting package full name: 
Faulting package-relative application ID: "
Error	1/23/2022 11:50:00 PM	Application Error	1000	(100)	"Faulting application name: FoxitPDFReader.exe, version: 11.1.0.52543, time stamp: 0x6151f24e
Faulting module name: FoxitPDFReader.exe, version: 11.1.0.52543, time stamp: 0x6151f24e
Exception code: 0xc0000005
Fault offset: 0x025c2852
Faulting process id: 0xd6c
Faulting application start time: 0x01d81070d2d2bb48
Faulting application path: C:\Program Files (x86)\Foxit Software\Foxit PDF Reader\FoxitPDFReader.exe
Faulting module path: C:\Program Files (x86)\Foxit Software\Foxit PDF Reader\FoxitPDFReader.exe
Report Id: 1ec3daa0-7c64-11ec-82b1-000c2935d28c
Faulting package full name: 
Faulting package-relative application ID: "
Error	1/23/2022 11:49:33 PM	Application Error	1000	(100)	"Faulting application name: FoxitPDFReader.exe, version: 11.1.0.52543, time stamp: 0x6151f24e
Faulting module name: FoxitPDFReader.exe, version: 11.1.0.52543, time stamp: 0x6151f24e
Exception code: 0xc0000005
Fault offset: 0x025c2852
Faulting process id: 0xefc
Faulting application start time: 0x01d81070cac206f2
Faulting application path: C:\Program Files (x86)\Foxit Software\Foxit PDF Reader\FoxitPDFReader.exe
Faulting module path: C:\Program Files (x86)\Foxit Software\Foxit PDF Reader\FoxitPDFReader.exe
Report Id: 0e9dac4f-7c64-11ec-82b1-000c2935d28c
Faulting package full name: 
Faulting package-relative application ID: "
Error	1/23/2022 11:49:19 PM	Application Error	1000	(100)	"Faulting application name: FoxitPDFReader.exe, version: 11.1.0.52543, time stamp: 0x6151f24e
Faulting module name: FoxitPDFReader.exe, version: 11.1.0.52543, time stamp: 0x6151f24e
Exception code: 0xc0000005
Fault offset: 0x025c2852
Faulting process id: 0xe84
Faulting application start time: 0x01d81070c6e23493
Faulting application path: C:\Program Files (x86)\Foxit Software\Foxit PDF Reader\FoxitPDFReader.exe
Faulting module path: C:\Program Files (x86)\Foxit Software\Foxit PDF Reader\FoxitPDFReader.exe
Report Id: 06836e05-7c64-11ec-82b1-000c2935d28c
Faulting package full name: 
Faulting package-relative application ID: "
Error	1/23/2022 11:49:13 PM	Application Error	1000	(100)	"Faulting application name: FoxitPDFReader.exe, version: 11.1.0.52543, time stamp: 0x6151f24e
Faulting module name: FoxitPDFReader.exe, version: 11.1.0.52543, time stamp: 0x6151f24e
Exception code: 0xc0000005
Fault offset: 0x025c2852
Faulting process id: 0xd80
Faulting application start time: 0x01d81070c309895e
Faulting application path: C:\Program Files (x86)\Foxit Software\Foxit PDF Reader\FoxitPDFReader.exe
Faulting module path: C:\Program Files (x86)\Foxit Software\Foxit PDF Reader\FoxitPDFReader.exe
Report Id: 029ed6dc-7c64-11ec-82b1-000c2935d28c
Faulting package full name: 
Faulting package-relative application ID: "
Error	1/23/2022 11:49:06 PM	Application Error	1000	(100)	"Faulting application name: FoxitPDFReader.exe, version: 11.1.0.52543, time stamp: 0x6151f24e
Faulting module name: FoxitPDFReader.exe, version: 11.1.0.52543, time stamp: 0x6151f24e
Exception code: 0xc0000005
Fault offset: 0x025c2852
Faulting process id: 0x63c
Faulting application start time: 0x01d81070b9edcd76
Faulting application path: C:\Program Files (x86)\Foxit Software\Foxit PDF Reader\FoxitPDFReader.exe
Faulting module path: C:\Program Files (x86)\Foxit Software\Foxit PDF Reader\FoxitPDFReader.exe
Report Id: fecaf067-7c63-11ec-82b1-000c2935d28c
Faulting package full name: 
Faulting package-relative application ID: "
Error	1/23/2022 11:48:51 PM	Application Error	1000	(100)	"Faulting application name: FoxitPDFReader.exe, version: 11.1.0.52543, time stamp: 0x6151f24e
Faulting module name: FoxitPDFReader.exe, version: 11.1.0.52543, time stamp: 0x6151f24e
Exception code: 0xc0000005
Fault offset: 0x025c2852
Faulting process id: 0xc8c
Faulting application start time: 0x01d81070b23a1484
Faulting application path: C:\Program Files (x86)\Foxit Software\Foxit PDF Reader\FoxitPDFReader.exe
Faulting module path: C:\Program Files (x86)\Foxit Software\Foxit PDF Reader\FoxitPDFReader.exe
Report Id: f5acd213-7c63-11ec-82b1-000c2935d28c
Faulting package full name: 
Faulting package-relative application ID: "
Error	1/23/2022 11:48:38 PM	Application Error	1000	(100)	"Faulting application name: FoxitPDFReader.exe, version: 11.1.0.52543, time stamp: 0x6151f24e
Faulting module name: FoxitPDFReader.exe, version: 11.1.0.52543, time stamp: 0x6151f24e
Exception code: 0xc0000005
Fault offset: 0x025c2852
Faulting process id: 0xb30
Faulting application start time: 0x01d81070aaf66ae8
Faulting application path: C:\Program Files (x86)\Foxit Software\Foxit PDF Reader\FoxitPDFReader.exe
Faulting module path: C:\Program Files (x86)\Foxit Software\Foxit PDF Reader\FoxitPDFReader.exe
Report Id: edf9193e-7c63-11ec-82b1-000c2935d28c
Faulting package full name: 
Faulting package-relative application ID: "
Error	1/23/2022 11:48:26 PM	Application Error	1000	(100)	"Faulting application name: FoxitPDFReader.exe, version: 11.1.0.52543, time stamp: 0x6151f24e
Faulting module name: FoxitPDFReader.exe, version: 11.1.0.52543, time stamp: 0x6151f24e
Exception code: 0xc0000005
Fault offset: 0x025c2852
Faulting process id: 0xa10
Faulting application start time: 0x01d81070a72e6efe
Faulting application path: C:\Program Files (x86)\Foxit Software\Foxit PDF Reader\FoxitPDFReader.exe
Faulting module path: C:\Program Files (x86)\Foxit Software\Foxit PDF Reader\FoxitPDFReader.exe
Report Id: e6c881d8-7c63-11ec-82b1-000c2935d28c
Faulting package full name: 
Faulting package-relative application ID: "
Error	1/23/2022 11:48:20 PM	Application Error	1000	(100)	"Faulting application name: FoxitPDFReader.exe, version: 11.1.0.52543, time stamp: 0x6151f24e
Faulting module name: FoxitPDFReader.exe, version: 11.1.0.52543, time stamp: 0x6151f24e
Exception code: 0xc0000005
Fault offset: 0x025c2852
Faulting process id: 0xa5c
Faulting application start time: 0x01d810709b345ea7
Faulting application path: C:\Program Files (x86)\Foxit Software\Foxit PDF Reader\FoxitPDFReader.exe
Faulting module path: C:\Program Files (x86)\Foxit Software\Foxit PDF Reader\FoxitPDFReader.exe
Report Id: e2f2389a-7c63-11ec-82b1-000c2935d28c
Faulting package full name: 
Faulting package-relative application ID: "
Error	1/23/2022 11:48:00 PM	Application Error	1000	(100)	"Faulting application name: FoxitPDFReader.exe, version: 11.1.0.52543, time stamp: 0x6151f24e
Faulting module name: FoxitPDFReader.exe, version: 11.1.0.52543, time stamp: 0x6151f24e
Exception code: 0xc0000005
Fault offset: 0x025c2852
Faulting process id: 0x52c
Faulting application start time: 0x01d810709762da73
Faulting application path: C:\Program Files (x86)\Foxit Software\Foxit PDF Reader\FoxitPDFReader.exe
Faulting module path: C:\Program Files (x86)\Foxit Software\Foxit PDF Reader\FoxitPDFReader.exe
Report Id: d6f82896-7c63-11ec-82b1-000c2935d28c
Faulting package full name: 
Faulting package-relative application ID: "
Error	1/23/2022 11:47:53 PM	Application Error	1000	(100)	"Faulting application name: FoxitPDFReader.exe, version: 11.1.0.52543, time stamp: 0x6151f24e
Faulting module name: FoxitPDFReader.exe, version: 11.1.0.52543, time stamp: 0x6151f24e
Exception code: 0xc0000005
Fault offset: 0x025c2852
Faulting process id: 0xce8
Faulting application start time: 0x01d81070939d41ee
Faulting application path: C:\Program Files (x86)\Foxit Software\Foxit PDF Reader\FoxitPDFReader.exe
Faulting module path: C:\Program Files (x86)\Foxit Software\Foxit PDF Reader\FoxitPDFReader.exe
Report Id: d3302dd2-7c63-11ec-82b1-000c2935d28c
Faulting package full name: 
Faulting package-relative application ID: "
Error	1/23/2022 11:47:47 PM	Application Error	1000	(100)	"Faulting application name: FoxitPDFReader.exe, version: 11.1.0.52543, time stamp: 0x6151f24e
Faulting module name: FoxitPDFReader.exe, version: 11.1.0.52543, time stamp: 0x6151f24e
Exception code: 0xc0000005
Fault offset: 0x025c2852
Faulting process id: 0xb84
Faulting application start time: 0x01d810708a69aee5
Faulting application path: C:\Program Files (x86)\Foxit Software\Foxit PDF Reader\FoxitPDFReader.exe
Faulting module path: C:\Program Files (x86)\Foxit Software\Foxit PDF Reader\FoxitPDFReader.exe
Report Id: cf5c4705-7c63-11ec-82b1-000c2935d28c
Faulting package full name: 
Faulting package-relative application ID: "
Error	1/23/2022 11:47:31 PM	Application Error	1000	(100)	"Faulting application name: FoxitPDFReader.exe, version: 11.1.0.52543, time stamp: 0x6151f24e
Faulting module name: FoxitPDFReader.exe, version: 11.1.0.52543, time stamp: 0x6151f24e
Exception code: 0xc0000005
Fault offset: 0x025c2852
Faulting process id: 0xc24
Faulting application start time: 0x01d810707fa32d71
Faulting application path: C:\Program Files (x86)\Foxit Software\Foxit PDF Reader\FoxitPDFReader.exe
Faulting module path: C:\Program Files (x86)\Foxit Software\Foxit PDF Reader\FoxitPDFReader.exe
Report Id: c62b1685-7c63-11ec-82b1-000c2935d28c
Faulting package full name: 
Faulting package-relative application ID: "
Error	1/23/2022 11:47:13 PM	Application Error	1000	(100)	"Faulting application name: FoxitPDFReader.exe, version: 11.1.0.52543, time stamp: 0x6151f24e
Faulting module name: FoxitPDFReader.exe, version: 11.1.0.52543, time stamp: 0x6151f24e
Exception code: 0xc0000005
Fault offset: 0x025c2852
Faulting process id: 0xc10
Faulting application start time: 0x01d810707bc81fe0
Faulting application path: C:\Program Files (x86)\Foxit Software\Foxit PDF Reader\FoxitPDFReader.exe
Faulting module path: C:\Program Files (x86)\Foxit Software\Foxit PDF Reader\FoxitPDFReader.exe
Report Id: bb6494e5-7c63-11ec-82b1-000c2935d28c
Faulting package full name: 
Faulting package-relative application ID: "
Error	1/23/2022 11:47:07 PM	Application Error	1000	(100)	"Faulting application name: FoxitPDFReader.exe, version: 11.1.0.52543, time stamp: 0x6151f24e
Faulting module name: FoxitPDFReader.exe, version: 11.1.0.52543, time stamp: 0x6151f24e
Exception code: 0xc0000005
Fault offset: 0x025c2852
Faulting process id: 0xf54
Faulting application start time: 0x01d8107077eaafce
Faulting application path: C:\Program Files (x86)\Foxit Software\Foxit PDF Reader\FoxitPDFReader.exe
Faulting module path: C:\Program Files (x86)\Foxit Software\Foxit PDF Reader\FoxitPDFReader.exe
Report Id: b77ffdd5-7c63-11ec-82b1-000c2935d28c
Faulting package full name: 
Faulting package-relative application ID: "
Error	1/23/2022 11:47:00 PM	Application Error	1000	(100)	"Faulting application name: FoxitPDFReader.exe, version: 11.1.0.52543, time stamp: 0x6151f24e
Faulting module name: FoxitPDFReader.exe, version: 11.1.0.52543, time stamp: 0x6151f24e
Exception code: 0xc0000005
Fault offset: 0x025c2852
Faulting process id: 0xe68
Faulting application start time: 0x01d81070628fbf74
Faulting application path: C:\Program Files (x86)\Foxit Software\Foxit PDF Reader\FoxitPDFReader.exe
Faulting module path: C:\Program Files (x86)\Foxit Software\Foxit PDF Reader\FoxitPDFReader.exe
Report Id: b3a28de6-7c63-11ec-82b1-000c2935d28c
Faulting package full name: 
Faulting package-relative application ID: "
Error	1/23/2022 11:46:25 PM	Application Error	1000	(100)	"Faulting application name: FoxitPDFReader.exe, version: 11.1.0.52543, time stamp: 0x6151f24e
Faulting module name: FoxitPDFReader.exe, version: 11.1.0.52543, time stamp: 0x6151f24e
Exception code: 0xc0000005
Fault offset: 0x025c2852
Faulting process id: 0x88
Faulting application start time: 0x01d810705eb976b0
Faulting application path: C:\Program Files (x86)\Foxit Software\Foxit PDF Reader\FoxitPDFReader.exe
Faulting module path: C:\Program Files (x86)\Foxit Software\Foxit PDF Reader\FoxitPDFReader.exe
Report Id: 9e4c6370-7c63-11ec-82b1-000c2935d28c
Faulting package full name: 
Faulting package-relative application ID: "
Error	1/23/2022 11:46:18 PM	Application Error	1000	(100)	"Faulting application name: FoxitPDFReader.exe, version: 11.1.0.52543, time stamp: 0x6151f24e
Faulting module name: FoxitPDFReader.exe, version: 11.1.0.52543, time stamp: 0x6151f24e
Exception code: 0xc0000005
Fault offset: 0x025c2852
Faulting process id: 0xdf0
Faulting application start time: 0x01d8107057487f3d
Faulting application path: C:\Program Files (x86)\Foxit Software\Foxit PDF Reader\FoxitPDFReader.exe
Faulting module path: C:\Program Files (x86)\Foxit Software\Foxit PDF Reader\FoxitPDFReader.exe
Report Id: 9a7addc7-7c63-11ec-82b1-000c2935d28c
Faulting package full name: 
Faulting package-relative application ID: "
Error	1/23/2022 11:46:06 PM	Application Error	1000	(100)	"Faulting application name: FoxitPDFReader.exe, version: 11.1.0.52543, time stamp: 0x6151f24e
Faulting module name: FoxitPDFReader.exe, version: 11.1.0.52543, time stamp: 0x6151f24e
Exception code: 0xc0000005
Fault offset: 0x025c2852
Faulting process id: 0xf58
Faulting application start time: 0x01d810704f81b3a0
Faulting application path: C:\Program Files (x86)\Foxit Software\Foxit PDF Reader\FoxitPDFReader.exe
Faulting module path: C:\Program Files (x86)\Foxit Software\Foxit PDF Reader\FoxitPDFReader.exe
Report Id: 93005d5a-7c63-11ec-82b1-000c2935d28c
Faulting package full name: 
Faulting package-relative application ID: "
Error	1/23/2022 11:45:53 PM	Application Error	1000	(100)	"Faulting application name: FoxitPDFReader.exe, version: 11.1.0.52543, time stamp: 0x6151f24e
Faulting module name: FoxitPDFReader.exe, version: 11.1.0.52543, time stamp: 0x6151f24e
Exception code: 0xc0000005
Fault offset: 0x025c2852
Faulting process id: 0xedc
Faulting application start time: 0x01d810704bbe7dd6
Faulting application path: C:\Program Files (x86)\Foxit Software\Foxit PDF Reader\FoxitPDFReader.exe
Faulting module path: C:\Program Files (x86)\Foxit Software\Foxit PDF Reader\FoxitPDFReader.exe
Report Id: 8b562e09-7c63-11ec-82b1-000c2935d28c
Faulting package full name: 
Faulting package-relative application ID: "
Error	1/23/2022 11:45:46 PM	Application Error	1000	(100)	"Faulting application name: FoxitPDFReader.exe, version: 11.1.0.52543, time stamp: 0x6151f24e
Faulting module name: FoxitPDFReader.exe, version: 11.1.0.52543, time stamp: 0x6151f24e
Exception code: 0xc0000005
Fault offset: 0x025c2852
Faulting process id: 0x394
Faulting application start time: 0x01d8107045588e74
Faulting application path: C:\Program Files (x86)\Foxit Software\Foxit PDF Reader\FoxitPDFReader.exe
Faulting module path: C:\Program Files (x86)\Foxit Software\Foxit PDF Reader\FoxitPDFReader.exe
Report Id: 87955a88-7c63-11ec-82b1-000c2935d28c
Faulting package full name: 
Faulting package-relative application ID: "
